[25/05/20 22:09:30] [utils.py:   82]: PyTorch Version: torch=2.5.0+cu124, cuda=12.4, cudnn=90100
[25/05/20 22:09:30] [utils.py:   83]: BN:
  EPS: 1e-05
  MOM: 0.1
CKPT_DIR: ./ckpt
CORRUPTION:
  DATASET: cifar100
  IMG_SIZE: 224
  NUM_CHANNEL: 3
  NUM_CLASSES: 100
  NUM_EX: 10000
  SEVERITY: [5, 4, 3, 2, 1]
  TYPE: ['jpeg_compression']
CUDNN:
  BENCHMARK: True
DATA_DIR: /scratch-shared/tea2/cifar100
DESC: 
EARLY_STOP_BEGIN: 70
EARLY_STOP_PATIENCE: 30
EATA:
  D_MARGIN: 0.05
  E_MARGIN: 2.763102111592855
  FISHER_ALPHA: 2000.0
  FISHER_SIZE: 2000
  USE_FISHER: False
EBM:
  BUFFER_SIZE: 10000
  REINIT_FREQ: 0.05
  SGLD_LR: 0.1
  SGLD_STD: 0.01
  STEPS: 20
  UNCOND: uncond
LOG_DEST: energy_ln_adam-1-0.0001-200_uncond-20-0.1-0.01-10000-0.05_250520-220930.txt
LOG_TIME: 250520-220930
MODEL:
  ADAPTATION: energy
  ADA_PARAM: ['ln']
  ARCH: VIT_16
  EPISODIC: False
OPTIM:
  BATCH_SIZE: 200
  BETA: 0.9
  CLIP_NORM: False
  DAMPENING: 0.0
  LAMBDA_CLS: 1.0
  LAMBDA_ENERGY: 1.0
  LR: 0.0001
  METHOD: Adam
  MOMENTUM: 0.9
  NESTEROV: True
  N_EPOCHS: 200
  SCHEDULER_GAMMA: 0.2
  SCHEDULER_MILESTONES: [60, 120, 160]
  STEPS: 1
  TEST_BATCH_SIZE: 128
  WD: 0.0
OPTIM_ENERGY:
  BATCH_SIZE: 128
  BETA: 0.9
  CLIP_NORM: False
  DAMPENING: 0.0
  LR: 0.001
  METHOD: Adam
  MOMENTUM: 0.9
  NESTEROV: True
  STEPS: 1
  WD: 0.0
PL:
  ALPHA: 0.1
  THRESHOLD: 0.9
RNG_SEED: 91
SAR:
  MARGIN_E0: 2.763102111592855
SAVE_DIR: ./save/cifar100/vit_16
SHOT:
  CLF_COEFF: 0.1
  THRESHOLD: 0.9
TEST:
  
Some weights of the model checkpoint at google/vit-base-patch16-224-in21k were not used when initializing ViTForImageClassification: ['pooler.dense.weight', 'pooler.dense.bias']
- This IS expected if you are initializing ViTForImageClassification from the checkpoint of a model trained on another task or with another architecture (e.g. initializing a BertForSequenceClassification model from a BertForPreTraining model).
- This IS NOT expected if you are initializing ViTForImageClassification from the checkpoint of a model that you expect to be exactly identical (initializing a BertForSequenceClassification model from a BertForSequenceClassification model).
Some weights of ViTForImageClassification were not initialized from the model checkpoint at google/vit-base-patch16-224-in21k and are newly initialized: ['classifier.bias', 'classifier.weight']
You should probably TRAIN this model on a down-stream task to be able to use it for predictions and inference.
/gpfs/home5/jhutter/dl2/main.py:50: FutureWarning: You are using `torch.load` with `weights_only=False` (the current default value), which uses the default pickle module implicitly. It is possible to construct malicious pickle data which will execute arbitrary code during unpickling (See https://github.com/pytorch/pytorch/blob/main/SECURITY.md#untrusted-models for more details). In a future release, the default value for `weights_only` will be flipped to `True`. This limits the functions that could be executed during unpickling. Arbitrary objects will no longer be allowed to be loaded via this mode unless they are explicitly allowlisted by the user via `torch.serialization.add_safe_globals`. We recommend you start setting `weights_only=True` for any use case where you don't have full control of the loaded file. Please open an issue on GitHub for any issues related to this experimental feature.
  ckpt = torch.load(os.path.join(cfg.CKPT_DIR ,'{}/{}.pth'.format(cfg.CORRUPTION.DATASET, cfg.MODEL.ARCH)))
[25/05/20 22:09:32] [main.py:   72]: test-time adaptation: ENERGY
[25/05/20 22:09:32] [param.py:   64]: adapting weights of layer-normalization layer
[25/05/20 22:09:43] [setada.py:  138]: model for adaptation: VisionTransformer(
  (vit): ViTForImageClassification(
    (vit): ViTModel(
      (embeddings): ViTEmbeddings(
        (patch_embeddings): ViTPatchEmbeddings(
          (projection): Conv2d(3, 768, kernel_size=(16, 16), stride=(16, 16))
        )
        (dropout): Dropout(p=0.0, inplace=False)
      )
      (encoder): ViTEncoder(
        (layer): ModuleList(
          (0-11): 12 x ViTLayer(
            (attention): ViTAttention(
              (attention): ViTSelfAttention(
                (query): Linear(in_features=768, out_features=768, bias=True)
                (key): Linear(in_features=768, out_features=768, bias=True)
                (value): Linear(in_features=768, out_features=768, bias=True)
                (dropout): Dropout(p=0.0, inplace=False)
              )
              (output): ViTSelfOutput(
                (dense): Linear(in_features=768, out_features=768, bias=True)
                (dropout): Dropout(p=0.0, inplace=False)
              )
            )
            (intermediate): ViTIntermediate(
              (dense): Linear(in_features=768, out_features=3072, bias=True)
              (intermediate_act_fn): GELUActivation()
            )
            (output): ViTOutput(
              (dense): Linear(in_features=3072, out_features=768, bias=True)
              (dropout): Dropout(p=0.0, inplace=False)
            )
            (layernorm_before): LayerNorm((768,), eps=1e-12, elementwise_affine=True)
            (layernorm_after): LayerNorm((768,), eps=1e-12, elementwise_affine=True)
          )
        )
      )
      (layernorm): LayerNorm((768,), eps=1e-12, elementwise_affine=True)
    )
    (classifier): Linear(in_features=768, out_features=100, bias=True)
  )
)
[25/05/20 22:09:43] [setada.py:  139]: params for adaptation: ['vit.vit.encoder.layer.0.layernorm_before.weight', 'vit.vit.encoder.layer.0.layernorm_before.bias', 'vit.vit.encoder.layer.0.layernorm_after.weight', 'vit.vit.encoder.layer.0.layernorm_after.bias', 'vit.vit.encoder.layer.1.layernorm_before.weight', 'vit.vit.encoder.layer.1.layernorm_before.bias', 'vit.vit.encoder.layer.1.layernorm_after.weight', 'vit.vit.encoder.layer.1.layernorm_after.bias', 'vit.vit.encoder.layer.2.layernorm_before.weight', 'vit.vit.encoder.layer.2.layernorm_before.bias', 'vit.vit.encoder.layer.2.layernorm_after.weight', 'vit.vit.encoder.layer.2.layernorm_after.bias', 'vit.vit.encoder.layer.3.layernorm_before.weight', 'vit.vit.encoder.layer.3.layernorm_before.bias', 'vit.vit.encoder.layer.3.layernorm_after.weight', 'vit.vit.encoder.layer.3.layernorm_after.bias', 'vit.vit.encoder.layer.4.layernorm_before.weight', 'vit.vit.encoder.layer.4.layernorm_before.bias', 'vit.vit.encoder.layer.4.layernorm_after.weight', 'vit.vit.encoder.layer.4.layernorm_after.bias', 'vit.vit.encoder.layer.5.layernorm_before.weight', 'vit.vit.encoder.layer.5.layernorm_before.bias', 'vit.vit.encoder.layer.5.layernorm_after.weight', 'vit.vit.encoder.layer.5.layernorm_after.bias', 'vit.vit.encoder.layer.6.layernorm_before.weight', 'vit.vit.encoder.layer.6.layernorm_before.bias', 'vit.vit.encoder.layer.6.layernorm_after.weight', 'vit.vit.encoder.layer.6.layernorm_after.bias', 'vit.vit.encoder.layer.7.layernorm_before.weight', 'vit.vit.encoder.layer.7.layernorm_before.bias', 'vit.vit.encoder.layer.7.layernorm_after.weight', 'vit.vit.encoder.layer.7.layernorm_after.bias', 'vit.vit.encoder.layer.8.layernorm_before.weight', 'vit.vit.encoder.layer.8.layernorm_before.bias', 'vit.vit.encoder.layer.8.layernorm_after.weight', 'vit.vit.encoder.layer.8.layernorm_after.bias', 'vit.vit.encoder.layer.9.layernorm_before.weight', 'vit.vit.encoder.layer.9.layernorm_before.bias', 'vit.vit.encoder.layer.9.layernorm_after.weight', 'vit.vit.encoder.layer.9.layernorm_after.bias', 'vit.vit.encoder.layer.10.layernorm_before.weight', 'vit.vit.encoder.layer.10.layernorm_before.bias', 'vit.vit.encoder.layer.10.layernorm_after.weight', 'vit.vit.encoder.layer.10.layernorm_after.bias', 'vit.vit.encoder.layer.11.layernorm_before.weight', 'vit.vit.encoder.layer.11.layernorm_before.bias', 'vit.vit.encoder.layer.11.layernorm_after.weight', 'vit.vit.encoder.layer.11.layernorm_after.bias', 'vit.vit.layernorm.weight', 'vit.vit.layernorm.bias']
[25/05/20 22:09:43] [setada.py:  140]: optimizer for adaptation: Adam (
Parameter Group 0
    amsgrad: False
    betas: (0.9, 0.999)
    capturable: False
    differentiable: False
    eps: 1e-08
    foreach: None
    fused: None
    lr: 0.0001
    maximize: False
    weight_decay: 0.0
)
[25/05/20 22:09:43] [eval.py:   72]: resetting model
/home/jhutter/.local/lib/python3.11/site-packages/torch/_dynamo/eval_frame.py:632: UserWarning: torch.utils.checkpoint: the use_reentrant parameter should be passed explicitly. In version 2.5 we will raise an exception if use_reentrant is not passed. use_reentrant=False is recommended, but if you need to preserve the current default behavior, you can pass use_reentrant=True. Refer to docs for more details on the differences between the two variants.
  return fn(*args, **kwargs)
[25/05/20 22:29:06] [eval.py:   80]: acc % [jpeg_compression5]: 65.44%
[25/05/20 22:29:06] [eval.py:   72]: resetting model
[25/05/20 22:48:28] [eval.py:   80]: acc % [jpeg_compression4]: 70.52%
[25/05/20 22:48:28] [eval.py:   72]: resetting model
[25/05/20 23:07:48] [eval.py:   80]: acc % [jpeg_compression3]: 73.71%
[25/05/20 23:07:48] [eval.py:   72]: resetting model
[25/05/20 23:27:11] [eval.py:   80]: acc % [jpeg_compression2]: 76.53%
[25/05/20 23:27:11] [eval.py:   72]: resetting model
[25/05/20 23:46:32] [eval.py:   80]: acc % [jpeg_compression1]: 82.41%
[25/05/20 23:46:32] [eval.py:   86]: 
                       1       2       3       4       5      avg
jpeg_compression  0.6544  0.7052  0.7371  0.7653  0.8241  0.73722
average           0.6544  0.7052  0.7371  0.7653  0.8241  0.73722
[25/05/20 23:46:32] [eval.py:  127]: resetting model
/home/jhutter/.local/lib/python3.11/site-packages/torch/_dynamo/eval_frame.py:632: UserWarning: torch.utils.checkpoint: the use_reentrant parameter should be passed explicitly. In version 2.5 we will raise an exception if use_reentrant is not passed. use_reentrant=False is recommended, but if you need to preserve the current default behavior, you can pass use_reentrant=True. Refer to docs for more details on the differences between the two variants.
  return fn(*args, **kwargs)
[25/05/21 00:06:01] [eval.py:  139]: Test set Accuracy: 0.9139
torch.Size([10000, 3, 224, 224]) 10000
torch.Size([10000, 3, 224, 224]) 10000
torch.Size([10000, 3, 224, 224]) 10000
torch.Size([10000, 3, 224, 224]) 10000
torch.Size([10000, 3, 224, 224]) 10000
Files already downloaded and verified
torch.Size([10000, 3, 224, 224]) 10000
