[25/05/04 21:40:34] [utils.py:   78]: PyTorch Version: torch=2.5.0+cu124, cuda=12.4, cudnn=90100
[25/05/04 21:40:34] [utils.py:   79]: BN:
  EPS: 1e-05
  MOM: 0.1
CKPT_DIR: ./ckpt
CORRUPTION:
  DATASET: tin200
  IMG_SIZE: 64
  NUM_CHANNEL: 3
  NUM_CLASSES: 200
  NUM_EX: 10000
  SEVERITY: [5, 4, 3, 2, 1]
  TYPE: ['gaussian_noise', 'shot_noise', 'impulse_noise', 'defocus_blur', 'glass_blur', 'motion_blur', 'zoom_blur', 'snow', 'frost', 'fog', 'brightness', 'contrast', 'elastic_transform', 'pixelate', 'jpeg_compression']
CUDNN:
  BENCHMARK: True
DATA_DIR: /scratch-shared/tea/tin200
DESC: 
EATA:
  D_MARGIN: 0.05
  E_MARGIN: 2.763102111592855
  FISHER_ALPHA: 2000.0
  FISHER_SIZE: 2000
  USE_FISHER: False
EBM:
  BUFFER_SIZE: 10000
  REINIT_FREQ: 0.05
  SGLD_LR: 1.0
  SGLD_STD: 0.01
  STEPS: 20
  UNCOND: uncond
LOG_DEST: shot_bn_adam-1-0.001-200_250504-214034.txt
LOG_TIME: 250504-214034
MODEL:
  ADAPTATION: shot
  ADA_PARAM: ['bn']
  ARCH: WRN2810_BN
  EPISODIC: False
OPTIM:
  BATCH_SIZE: 200
  BETA: 0.9
  DAMPENING: 0.0
  LR: 0.001
  METHOD: Adam
  MOMENTUM: 0.9
  NESTEROV: True
  STEPS: 1
  TRAIN_STEPS: 2500000
  WARMUP_STEPS: 0
  WD: 0.0
PL:
  ALPHA: 0.1
  THRESHOLD: 0.9
RNG_SEED: 36
SAR:
  MARGIN_E0: 2.763102111592855
SAVE_DIR: ./save/tin200/bn-wrn-28-10
SHOT:
  CLF_COEFF: 0.3
  THRESHOLD: 0.9
TEST:
  
/gpfs/home5/scur2578/tea/main.py:35: FutureWarning: You are using `torch.load` with `weights_only=False` (the current default value), which uses the default pickle module implicitly. It is possible to construct malicious pickle data which will execute arbitrary code during unpickling (See https://github.com/pytorch/pytorch/blob/main/SECURITY.md#untrusted-models for more details). In a future release, the default value for `weights_only` will be flipped to `True`. This limits the functions that could be executed during unpickling. Arbitrary objects will no longer be allowed to be loaded via this mode unless they are explicitly allowlisted by the user via `torch.serialization.add_safe_globals`. We recommend you start setting `weights_only=True` for any use case where you don't have full control of the loaded file. Please open an issue on GitHub for any issues related to this experimental feature.
  ckpt = torch.load(os.path.join(cfg.CKPT_DIR ,'{}/{}.pth'.format(cfg.CORRUPTION.DATASET, cfg.MODEL.ARCH)))
[25/05/04 21:40:35] [main.py:   94]: test-time adaptation: SHOT
[25/05/04 21:40:35] [param.py:   18]: adapting weights of batch-normalization layer
[25/05/04 21:40:35] [setada.py:  173]: model for adaptation: WideResNet(
  (conv1): Conv2d(3, 16, kernel_size=(3, 3), stride=(1, 1), padding=(1, 1), bias=False)
  (block1): NetworkBlock(
    (layer): Sequential(
      (0): BasicBlock(
        (bn1): BatchNorm2d(16, eps=1e-05, momentum=0.1, affine=True, track_running_stats=False)
        (relu1): ReLU(inplace=True)
        (conv1): Conv2d(16, 160, kernel_size=(3, 3), stride=(1, 1), padding=(1, 1), bias=False)
        (bn2): BatchNorm2d(160, eps=1e-05, momentum=0.1, affine=True, track_running_stats=False)
        (relu2): ReLU(inplace=True)
        (conv2): Conv2d(160, 160, kernel_size=(3, 3), stride=(1, 1), padding=(1, 1), bias=False)
        (convShortcut): Conv2d(16, 160, kernel_size=(1, 1), stride=(1, 1), bias=False)
      )
      (1): BasicBlock(
        (bn1): BatchNorm2d(160, eps=1e-05, momentum=0.1, affine=True, track_running_stats=False)
        (relu1): ReLU(inplace=True)
        (conv1): Conv2d(160, 160, kernel_size=(3, 3), stride=(1, 1), padding=(1, 1), bias=False)
        (bn2): BatchNorm2d(160, eps=1e-05, momentum=0.1, affine=True, track_running_stats=False)
        (relu2): ReLU(inplace=True)
        (conv2): Conv2d(160, 160, kernel_size=(3, 3), stride=(1, 1), padding=(1, 1), bias=False)
      )
      (2): BasicBlock(
        (bn1): BatchNorm2d(160, eps=1e-05, momentum=0.1, affine=True, track_running_stats=False)
        (relu1): ReLU(inplace=True)
        (conv1): Conv2d(160, 160, kernel_size=(3, 3), stride=(1, 1), padding=(1, 1), bias=False)
        (bn2): BatchNorm2d(160, eps=1e-05, momentum=0.1, affine=True, track_running_stats=False)
        (relu2): ReLU(inplace=True)
        (conv2): Conv2d(160, 160, kernel_size=(3, 3), stride=(1, 1), padding=(1, 1), bias=False)
      )
      (3): BasicBlock(
        (bn1): BatchNorm2d(160, eps=1e-05, momentum=0.1, affine=True, track_running_stats=False)
        (relu1): ReLU(inplace=True)
        (conv1): Conv2d(160, 160, kernel_size=(3, 3), stride=(1, 1), padding=(1, 1), bias=False)
        (bn2): BatchNorm2d(160, eps=1e-05, momentum=0.1, affine=True, track_running_stats=False)
        (relu2): ReLU(inplace=True)
        (conv2): Conv2d(160, 160, kernel_size=(3, 3), stride=(1, 1), padding=(1, 1), bias=False)
      )
    )
  )
  (block2): NetworkBlock(
    (layer): Sequential(
      (0): BasicBlock(
        (bn1): BatchNorm2d(160, eps=1e-05, momentum=0.1, affine=True, track_running_stats=False)
        (relu1): ReLU(inplace=True)
        (conv1): Conv2d(160, 320, kernel_size=(3, 3), stride=(2, 2), padding=(1, 1), bias=False)
        (bn2): BatchNorm2d(320, eps=1e-05, momentum=0.1, affine=True, track_running_stats=False)
        (relu2): ReLU(inplace=True)
        (conv2): Conv2d(320, 320, kernel_size=(3, 3), stride=(1, 1), padding=(1, 1), bias=False)
        (convShortcut): Conv2d(160, 320, kernel_size=(1, 1), stride=(2, 2), bias=False)
      )
      (1): BasicBlock(
        (bn1): BatchNorm2d(320, eps=1e-05, momentum=0.1, affine=True, track_running_stats=False)
        (relu1): ReLU(inplace=True)
        (conv1): Conv2d(320, 320, kernel_size=(3, 3), stride=(1, 1), padding=(1, 1), bias=False)
        (bn2): BatchNorm2d(320, eps=1e-05, momentum=0.1, affine=True, track_running_stats=False)
        (relu2): ReLU(inplace=True)
        (conv2): Conv2d(320, 320, kernel_size=(3, 3), stride=(1, 1), padding=(1, 1), bias=False)
      )
      (2): BasicBlock(
        (bn1): BatchNorm2d(320, eps=1e-05, momentum=0.1, affine=True, track_running_stats=False)
        (relu1): ReLU(inplace=True)
        (conv1): Conv2d(320, 320, kernel_size=(3, 3), stride=(1, 1), padding=(1, 1), bias=False)
        (bn2): BatchNorm2d(320, eps=1e-05, momentum=0.1, affine=True, track_running_stats=False)
        (relu2): ReLU(inplace=True)
        (conv2): Conv2d(320, 320, kernel_size=(3, 3), stride=(1, 1), padding=(1, 1), bias=False)
      )
      (3): BasicBlock(
        (bn1): BatchNorm2d(320, eps=1e-05, momentum=0.1, affine=True, track_running_stats=False)
        (relu1): ReLU(inplace=True)
        (conv1): Conv2d(320, 320, kernel_size=(3, 3), stride=(1, 1), padding=(1, 1), bias=False)
        (bn2): BatchNorm2d(320, eps=1e-05, momentum=0.1, affine=True, track_running_stats=False)
        (relu2): ReLU(inplace=True)
        (conv2): Conv2d(320, 320, kernel_size=(3, 3), stride=(1, 1), padding=(1, 1), bias=False)
      )
    )
  )
  (block3): NetworkBlock(
    (layer): Sequential(
      (0): BasicBlock(
        (bn1): BatchNorm2d(320, eps=1e-05, momentum=0.1, affine=True, track_running_stats=False)
        (relu1): ReLU(inplace=True)
        (conv1): Conv2d(320, 640, kernel_size=(3, 3), stride=(2, 2), padding=(1, 1), bias=False)
        (bn2): BatchNorm2d(640, eps=1e-05, momentum=0.1, affine=True, track_running_stats=False)
        (relu2): ReLU(inplace=True)
        (conv2): Conv2d(640, 640, kernel_size=(3, 3), stride=(1, 1), padding=(1, 1), bias=False)
        (convShortcut): Conv2d(320, 640, kernel_size=(1, 1), stride=(2, 2), bias=False)
      )
      (1): BasicBlock(
        (bn1): BatchNorm2d(640, eps=1e-05, momentum=0.1, affine=True, track_running_stats=False)
        (relu1): ReLU(inplace=True)
        (conv1): Conv2d(640, 640, kernel_size=(3, 3), stride=(1, 1), padding=(1, 1), bias=False)
        (bn2): BatchNorm2d(640, eps=1e-05, momentum=0.1, affine=True, track_running_stats=False)
        (relu2): ReLU(inplace=True)
        (conv2): Conv2d(640, 640, kernel_size=(3, 3), stride=(1, 1), padding=(1, 1), bias=False)
      )
      (2): BasicBlock(
        (bn1): BatchNorm2d(640, eps=1e-05, momentum=0.1, affine=True, track_running_stats=False)
        (relu1): ReLU(inplace=True)
        (conv1): Conv2d(640, 640, kernel_size=(3, 3), stride=(1, 1), padding=(1, 1), bias=False)
        (bn2): BatchNorm2d(640, eps=1e-05, momentum=0.1, affine=True, track_running_stats=False)
        (relu2): ReLU(inplace=True)
        (conv2): Conv2d(640, 640, kernel_size=(3, 3), stride=(1, 1), padding=(1, 1), bias=False)
      )
      (3): BasicBlock(
        (bn1): BatchNorm2d(640, eps=1e-05, momentum=0.1, affine=True, track_running_stats=False)
        (relu1): ReLU(inplace=True)
        (conv1): Conv2d(640, 640, kernel_size=(3, 3), stride=(1, 1), padding=(1, 1), bias=False)
        (bn2): BatchNorm2d(640, eps=1e-05, momentum=0.1, affine=True, track_running_stats=False)
        (relu2): ReLU(inplace=True)
        (conv2): Conv2d(640, 640, kernel_size=(3, 3), stride=(1, 1), padding=(1, 1), bias=False)
      )
    )
  )
  (bn1): BatchNorm2d(640, eps=1e-05, momentum=0.1, affine=True, track_running_stats=False)
  (relu): ReLU(inplace=True)
  (fc): Linear(in_features=640, out_features=200, bias=True)
)
[25/05/04 21:40:35] [setada.py:  174]: params for adaptation: ['block1.layer.0.bn1.weight', 'block1.layer.0.bn1.bias', 'block1.layer.0.bn2.weight', 'block1.layer.0.bn2.bias', 'block1.layer.1.bn1.weight', 'block1.layer.1.bn1.bias', 'block1.layer.1.bn2.weight', 'block1.layer.1.bn2.bias', 'block1.layer.2.bn1.weight', 'block1.layer.2.bn1.bias', 'block1.layer.2.bn2.weight', 'block1.layer.2.bn2.bias', 'block1.layer.3.bn1.weight', 'block1.layer.3.bn1.bias', 'block1.layer.3.bn2.weight', 'block1.layer.3.bn2.bias', 'block2.layer.0.bn1.weight', 'block2.layer.0.bn1.bias', 'block2.layer.0.bn2.weight', 'block2.layer.0.bn2.bias', 'block2.layer.1.bn1.weight', 'block2.layer.1.bn1.bias', 'block2.layer.1.bn2.weight', 'block2.layer.1.bn2.bias', 'block2.layer.2.bn1.weight', 'block2.layer.2.bn1.bias', 'block2.layer.2.bn2.weight', 'block2.layer.2.bn2.bias', 'block2.layer.3.bn1.weight', 'block2.layer.3.bn1.bias', 'block2.layer.3.bn2.weight', 'block2.layer.3.bn2.bias', 'block3.layer.0.bn1.weight', 'block3.layer.0.bn1.bias', 'block3.layer.0.bn2.weight', 'block3.layer.0.bn2.bias', 'block3.layer.1.bn1.weight', 'block3.layer.1.bn1.bias', 'block3.layer.1.bn2.weight', 'block3.layer.1.bn2.bias', 'block3.layer.2.bn1.weight', 'block3.layer.2.bn1.bias', 'block3.layer.2.bn2.weight', 'block3.layer.2.bn2.bias', 'block3.layer.3.bn1.weight', 'block3.layer.3.bn1.bias', 'block3.layer.3.bn2.weight', 'block3.layer.3.bn2.bias', 'bn1.weight', 'bn1.bias']
[25/05/04 21:40:35] [setada.py:  175]: optimizer for adaptation: Adam (
Parameter Group 0
    amsgrad: False
    betas: (0.9, 0.999)
    capturable: False
    differentiable: False
    eps: 1e-08
    foreach: None
    fused: None
    lr: 0.001
    maximize: False
    weight_decay: 0.0
)
[25/05/04 21:40:35] [eval.py:   71]: resetting model
Building model...
[25/05/04 21:40:43] [eval.py:   79]: acc % [gaussian_noise5]: 21.19%
[25/05/04 21:40:43] [eval.py:   71]: resetting model
torch.Size([10000, 3, 32, 32]) 10000
[25/05/04 21:40:50] [eval.py:   79]: acc % [gaussian_noise4]: 24.37%
[25/05/04 21:40:50] [eval.py:   71]: resetting model
torch.Size([10000, 3, 32, 32]) 10000
[25/05/04 21:40:58] [eval.py:   79]: acc % [gaussian_noise3]: 27.72%
[25/05/04 21:40:58] [eval.py:   71]: resetting model
torch.Size([10000, 3, 32, 32]) 10000
[25/05/04 21:41:06] [eval.py:   79]: acc % [gaussian_noise2]: 32.45%
[25/05/04 21:41:06] [eval.py:   71]: resetting model
torch.Size([10000, 3, 32, 32]) 10000
[25/05/04 21:41:13] [eval.py:   79]: acc % [gaussian_noise1]: 36.28%
[25/05/04 21:41:13] [eval.py:   71]: resetting model
torch.Size([10000, 3, 32, 32]) 10000
[25/05/04 21:41:19] [eval.py:   79]: acc % [shot_noise5]: 23.08%
[25/05/04 21:41:19] [eval.py:   71]: resetting model
torch.Size([10000, 3, 32, 32]) 10000
[25/05/04 21:41:26] [eval.py:   79]: acc % [shot_noise4]: 27.05%
[25/05/04 21:41:26] [eval.py:   71]: resetting model
torch.Size([10000, 3, 32, 32]) 10000
[25/05/04 21:41:32] [eval.py:   79]: acc % [shot_noise3]: 30.45%
[25/05/04 21:41:32] [eval.py:   71]: resetting model
torch.Size([10000, 3, 32, 32]) 10000
[25/05/04 21:41:38] [eval.py:   79]: acc % [shot_noise2]: 33.06%
[25/05/04 21:41:38] [eval.py:   71]: resetting model
torch.Size([10000, 3, 32, 32]) 10000
[25/05/04 21:41:45] [eval.py:   79]: acc % [shot_noise1]: 35.65%
[25/05/04 21:41:45] [eval.py:   71]: resetting model
torch.Size([10000, 3, 32, 32]) 10000
[25/05/04 21:41:51] [eval.py:   79]: acc % [impulse_noise5]: 16.84%
[25/05/04 21:41:51] [eval.py:   71]: resetting model
torch.Size([10000, 3, 32, 32]) 10000
[25/05/04 21:41:57] [eval.py:   79]: acc % [impulse_noise4]: 22.93%
[25/05/04 21:41:57] [eval.py:   71]: resetting model
torch.Size([10000, 3, 32, 32]) 10000
[25/05/04 21:42:03] [eval.py:   79]: acc % [impulse_noise3]: 27.54%
[25/05/04 21:42:03] [eval.py:   71]: resetting model
torch.Size([10000, 3, 32, 32]) 10000
[25/05/04 21:42:09] [eval.py:   79]: acc % [impulse_noise2]: 33.54%
[25/05/04 21:42:09] [eval.py:   71]: resetting model
torch.Size([10000, 3, 32, 32]) 10000
[25/05/04 21:42:14] [eval.py:   79]: acc % [impulse_noise1]: 35.32%
[25/05/04 21:42:14] [eval.py:   71]: resetting model
torch.Size([10000, 3, 32, 32]) 10000
[25/05/04 21:42:21] [eval.py:   79]: acc % [defocus_blur5]: 25.82%
[25/05/04 21:42:21] [eval.py:   71]: resetting model
torch.Size([10000, 3, 32, 32]) 10000
[25/05/04 21:42:27] [eval.py:   79]: acc % [defocus_blur4]: 29.33%
[25/05/04 21:42:27] [eval.py:   71]: resetting model
torch.Size([10000, 3, 32, 32]) 10000
[25/05/04 21:42:34] [eval.py:   79]: acc % [defocus_blur3]: 35.44%
[25/05/04 21:42:34] [eval.py:   71]: resetting model
torch.Size([10000, 3, 32, 32]) 10000
[25/05/04 21:42:41] [eval.py:   79]: acc % [defocus_blur2]: 36.67%
[25/05/04 21:42:41] [eval.py:   71]: resetting model
torch.Size([10000, 3, 32, 32]) 10000
[25/05/04 21:42:48] [eval.py:   79]: acc % [defocus_blur1]: 36.75%
[25/05/04 21:42:48] [eval.py:   71]: resetting model
torch.Size([10000, 3, 32, 32]) 10000
[25/05/04 21:42:56] [eval.py:   79]: acc % [glass_blur5]: 19.99%
[25/05/04 21:42:56] [eval.py:   71]: resetting model
torch.Size([10000, 3, 32, 32]) 10000
[25/05/04 21:43:03] [eval.py:   79]: acc % [glass_blur4]: 26.15%
[25/05/04 21:43:03] [eval.py:   71]: resetting model
torch.Size([10000, 3, 32, 32]) 10000
[25/05/04 21:43:10] [eval.py:   79]: acc % [glass_blur3]: 32.56%
[25/05/04 21:43:10] [eval.py:   71]: resetting model
torch.Size([10000, 3, 32, 32]) 10000
[25/05/04 21:43:17] [eval.py:   79]: acc % [glass_blur2]: 34.21%
[25/05/04 21:43:17] [eval.py:   71]: resetting model
torch.Size([10000, 3, 32, 32]) 10000
[25/05/04 21:43:23] [eval.py:   79]: acc % [glass_blur1]: 36.49%
[25/05/04 21:43:23] [eval.py:   71]: resetting model
torch.Size([10000, 3, 32, 32]) 10000
[25/05/04 21:43:31] [eval.py:   79]: acc % [motion_blur5]: 31.44%
[25/05/04 21:43:31] [eval.py:   71]: resetting model
torch.Size([10000, 3, 32, 32]) 10000
[25/05/04 21:43:38] [eval.py:   79]: acc % [motion_blur4]: 33.03%
[25/05/04 21:43:38] [eval.py:   71]: resetting model
torch.Size([10000, 3, 32, 32]) 10000
[25/05/04 21:43:45] [eval.py:   79]: acc % [motion_blur3]: 34.15%
[25/05/04 21:43:45] [eval.py:   71]: resetting model
torch.Size([10000, 3, 32, 32]) 10000
[25/05/04 21:43:54] [eval.py:   79]: acc % [motion_blur2]: 35.59%
[25/05/04 21:43:54] [eval.py:   71]: resetting model
torch.Size([10000, 3, 32, 32]) 10000
[25/05/04 21:44:04] [eval.py:   79]: acc % [motion_blur1]: 37.14%
[25/05/04 21:44:04] [eval.py:   71]: resetting model
torch.Size([10000, 3, 32, 32]) 10000
[25/05/04 21:44:11] [eval.py:   79]: acc % [zoom_blur5]: 30.93%
[25/05/04 21:44:11] [eval.py:   71]: resetting model
torch.Size([10000, 3, 32, 32]) 10000
[25/05/04 21:44:20] [eval.py:   79]: acc % [zoom_blur4]: 32.75%
[25/05/04 21:44:20] [eval.py:   71]: resetting model
torch.Size([10000, 3, 32, 32]) 10000
[25/05/04 21:44:29] [eval.py:   79]: acc % [zoom_blur3]: 34.12%
[25/05/04 21:44:29] [eval.py:   71]: resetting model
torch.Size([10000, 3, 32, 32]) 10000
[25/05/04 21:44:38] [eval.py:   79]: acc % [zoom_blur2]: 35.31%
[25/05/04 21:44:38] [eval.py:   71]: resetting model
torch.Size([10000, 3, 32, 32]) 10000
[25/05/04 21:44:47] [eval.py:   79]: acc % [zoom_blur1]: 36.12%
[25/05/04 21:44:47] [eval.py:   71]: resetting model
torch.Size([10000, 3, 32, 32]) 10000
[25/05/04 21:44:54] [eval.py:   79]: acc % [snow5]: 24.15%
[25/05/04 21:44:54] [eval.py:   71]: resetting model
torch.Size([10000, 3, 32, 32]) 10000
[25/05/04 21:45:01] [eval.py:   79]: acc % [snow4]: 22.54%
[25/05/04 21:45:01] [eval.py:   71]: resetting model
torch.Size([10000, 3, 32, 32]) 10000
[25/05/04 21:45:08] [eval.py:   79]: acc % [snow3]: 27.97%
[25/05/04 21:45:08] [eval.py:   71]: resetting model
torch.Size([10000, 3, 32, 32]) 10000
[25/05/04 21:45:15] [eval.py:   79]: acc % [snow2]: 32.44%
[25/05/04 21:45:15] [eval.py:   71]: resetting model
torch.Size([10000, 3, 32, 32]) 10000
[25/05/04 21:45:24] [eval.py:   79]: acc % [snow1]: 34.74%
[25/05/04 21:45:24] [eval.py:   71]: resetting model
torch.Size([10000, 3, 32, 32]) 10000
[25/05/04 21:45:32] [eval.py:   79]: acc % [frost5]: 26.03%
[25/05/04 21:45:32] [eval.py:   71]: resetting model
torch.Size([10000, 3, 32, 32]) 10000
[25/05/04 21:45:40] [eval.py:   79]: acc % [frost4]: 28.44%
[25/05/04 21:45:40] [eval.py:   71]: resetting model
torch.Size([10000, 3, 32, 32]) 10000
[25/05/04 21:45:49] [eval.py:   79]: acc % [frost3]: 30.16%
[25/05/04 21:45:49] [eval.py:   71]: resetting model
torch.Size([10000, 3, 32, 32]) 10000
[25/05/04 21:45:57] [eval.py:   79]: acc % [frost2]: 31.39%
[25/05/04 21:45:57] [eval.py:   71]: resetting model
torch.Size([10000, 3, 32, 32]) 10000
[25/05/04 21:46:04] [eval.py:   79]: acc % [frost1]: 33.85%
[25/05/04 21:46:04] [eval.py:   71]: resetting model
torch.Size([10000, 3, 32, 32]) 10000
[25/05/04 21:46:10] [eval.py:   79]: acc % [fog5]: 17.65%
[25/05/04 21:46:10] [eval.py:   71]: resetting model
torch.Size([10000, 3, 32, 32]) 10000
[25/05/04 21:46:17] [eval.py:   79]: acc % [fog4]: 23.20%
[25/05/04 21:46:17] [eval.py:   71]: resetting model
torch.Size([10000, 3, 32, 32]) 10000
[25/05/04 21:46:24] [eval.py:   79]: acc % [fog3]: 29.25%
[25/05/04 21:46:24] [eval.py:   71]: resetting model
torch.Size([10000, 3, 32, 32]) 10000
[25/05/04 21:46:31] [eval.py:   79]: acc % [fog2]: 32.86%
[25/05/04 21:46:31] [eval.py:   71]: resetting model
torch.Size([10000, 3, 32, 32]) 10000
[25/05/04 21:46:38] [eval.py:   79]: acc % [fog1]: 35.55%
[25/05/04 21:46:38] [eval.py:   71]: resetting model
torch.Size([10000, 3, 32, 32]) 10000
[25/05/04 21:46:44] [eval.py:   79]: acc % [brightness5]: 26.81%
[25/05/04 21:46:44] [eval.py:   71]: resetting model
torch.Size([10000, 3, 32, 32]) 10000
[25/05/04 21:46:51] [eval.py:   79]: acc % [brightness4]: 30.27%
[25/05/04 21:46:51] [eval.py:   71]: resetting model
torch.Size([10000, 3, 32, 32]) 10000
[25/05/04 21:46:58] [eval.py:   79]: acc % [brightness3]: 33.20%
[25/05/04 21:46:58] [eval.py:   71]: resetting model
torch.Size([10000, 3, 32, 32]) 10000
[25/05/04 21:47:04] [eval.py:   79]: acc % [brightness2]: 35.28%
[25/05/04 21:47:04] [eval.py:   71]: resetting model
torch.Size([10000, 3, 32, 32]) 10000
[25/05/04 21:47:10] [eval.py:   79]: acc % [brightness1]: 37.06%
[25/05/04 21:47:10] [eval.py:   71]: resetting model
torch.Size([10000, 3, 32, 32]) 10000
[25/05/04 21:47:17] [eval.py:   79]: acc % [contrast5]: 2.39%
[25/05/04 21:47:18] [eval.py:   71]: resetting model
torch.Size([10000, 3, 32, 32]) 10000
[25/05/04 21:47:24] [eval.py:   79]: acc % [contrast4]: 7.86%
[25/05/04 21:47:24] [eval.py:   71]: resetting model
torch.Size([10000, 3, 32, 32]) 10000
[25/05/04 21:47:31] [eval.py:   79]: acc % [contrast3]: 18.30%
[25/05/04 21:47:31] [eval.py:   71]: resetting model
torch.Size([10000, 3, 32, 32]) 10000
[25/05/04 21:47:38] [eval.py:   79]: acc % [contrast2]: 24.56%
[25/05/04 21:47:38] [eval.py:   71]: resetting model
torch.Size([10000, 3, 32, 32]) 10000
[25/05/04 21:47:45] [eval.py:   79]: acc % [contrast1]: 28.69%
[25/05/04 21:47:45] [eval.py:   71]: resetting model
torch.Size([10000, 3, 32, 32]) 10000
[25/05/04 21:47:52] [eval.py:   79]: acc % [elastic_transform5]: 32.27%
[25/05/04 21:47:52] [eval.py:   71]: resetting model
torch.Size([10000, 3, 32, 32]) 10000
[25/05/04 21:47:59] [eval.py:   79]: acc % [elastic_transform4]: 34.63%
[25/05/04 21:47:59] [eval.py:   71]: resetting model
torch.Size([10000, 3, 32, 32]) 10000
[25/05/04 21:48:05] [eval.py:   79]: acc % [elastic_transform3]: 35.48%
[25/05/04 21:48:05] [eval.py:   71]: resetting model
torch.Size([10000, 3, 32, 32]) 10000
[25/05/04 21:48:12] [eval.py:   79]: acc % [elastic_transform2]: 35.48%
[25/05/04 21:48:12] [eval.py:   71]: resetting model
torch.Size([10000, 3, 32, 32]) 10000
[25/05/04 21:48:18] [eval.py:   79]: acc % [elastic_transform1]: 34.90%
[25/05/04 21:48:18] [eval.py:   71]: resetting model
torch.Size([10000, 3, 32, 32]) 10000
[25/05/04 21:48:25] [eval.py:   79]: acc % [pixelate5]: 37.31%
[25/05/04 21:48:25] [eval.py:   71]: resetting model
torch.Size([10000, 3, 32, 32]) 10000
[25/05/04 21:48:31] [eval.py:   79]: acc % [pixelate4]: 36.45%
[25/05/04 21:48:31] [eval.py:   71]: resetting model
torch.Size([10000, 3, 32, 32]) 10000
[25/05/04 21:48:37] [eval.py:   79]: acc % [pixelate3]: 36.60%
[25/05/04 21:48:37] [eval.py:   71]: resetting model
torch.Size([10000, 3, 32, 32]) 10000
[25/05/04 21:48:42] [eval.py:   79]: acc % [pixelate2]: 37.29%
[25/05/04 21:48:42] [eval.py:   71]: resetting model
torch.Size([10000, 3, 32, 32]) 10000
[25/05/04 21:48:48] [eval.py:   79]: acc % [pixelate1]: 37.28%
[25/05/04 21:48:48] [eval.py:   71]: resetting model
torch.Size([10000, 3, 32, 32]) 10000
[25/05/04 21:48:54] [eval.py:   79]: acc % [jpeg_compression5]: 33.20%
[25/05/04 21:48:54] [eval.py:   71]: resetting model
torch.Size([10000, 3, 32, 32]) 10000
[25/05/04 21:48:59] [eval.py:   79]: acc % [jpeg_compression4]: 35.33%
[25/05/04 21:48:59] [eval.py:   71]: resetting model
torch.Size([10000, 3, 32, 32]) 10000
[25/05/04 21:49:05] [eval.py:   79]: acc % [jpeg_compression3]: 36.13%
[25/05/04 21:49:05] [eval.py:   71]: resetting model
torch.Size([10000, 3, 32, 32]) 10000
[25/05/04 21:49:11] [eval.py:   79]: acc % [jpeg_compression2]: 35.94%
[25/05/04 21:49:11] [eval.py:   71]: resetting model
torch.Size([10000, 3, 32, 32]) 10000
[25/05/04 21:49:16] [eval.py:   79]: acc % [jpeg_compression1]: 36.70%
[25/05/04 21:49:17] [eval.py:   85]: 
                          1        2         3        4         5       avg
gaussian_noise     0.211900  0.24370  0.277200  0.32450  0.362800  0.284020
shot_noise         0.230800  0.27050  0.304500  0.33060  0.356500  0.298580
impulse_noise      0.168400  0.22930  0.275400  0.33540  0.353200  0.272340
defocus_blur       0.258200  0.29330  0.354400  0.36670  0.367500  0.328020
glass_blur         0.199900  0.26150  0.325600  0.34210  0.364900  0.298800
motion_blur        0.314400  0.33030  0.341500  0.35590  0.371400  0.342700
zoom_blur          0.309300  0.32750  0.341200  0.35310  0.361200  0.338460
snow               0.241500  0.22540  0.279700  0.32440  0.347400  0.283680
frost              0.260300  0.28440  0.301600  0.31390  0.338500  0.299740
fog                0.176500  0.23200  0.292500  0.32860  0.355500  0.277020
brightness         0.268100  0.30270  0.332000  0.35280  0.370600  0.325240
contrast           0.023900  0.07860  0.183000  0.24560  0.286900  0.163600
elastic_transform  0.322700  0.34630  0.354800  0.35480  0.349000  0.345520
pixelate           0.373100  0.36450  0.366000  0.37290  0.372800  0.369860
jpeg_compression   0.332000  0.35330  0.361300  0.35940  0.367000  0.354600
average            0.246067  0.27622  0.312713  0.33738  0.355013  0.305479
[25/05/04 21:49:17] [eval.py:  126]: resetting model
torch.Size([10000, 3, 32, 32]) 10000
[25/05/04 21:49:18] [eval.py:   47]: Test Batch Process: 1/50
[25/05/04 21:49:18] [eval.py:   47]: Test Batch Process: 2/50
[25/05/04 21:49:18] [eval.py:   47]: Test Batch Process: 3/50
[25/05/04 21:49:18] [eval.py:   47]: Test Batch Process: 4/50
[25/05/04 21:49:18] [eval.py:   47]: Test Batch Process: 5/50
[25/05/04 21:49:18] [eval.py:   47]: Test Batch Process: 6/50
[25/05/04 21:49:18] [eval.py:   47]: Test Batch Process: 7/50
[25/05/04 21:49:18] [eval.py:   47]: Test Batch Process: 8/50
[25/05/04 21:49:19] [eval.py:   47]: Test Batch Process: 9/50
[25/05/04 21:49:19] [eval.py:   47]: Test Batch Process: 10/50
[25/05/04 21:49:19] [eval.py:   47]: Test Batch Process: 11/50
[25/05/04 21:49:19] [eval.py:   47]: Test Batch Process: 12/50
[25/05/04 21:49:19] [eval.py:   47]: Test Batch Process: 13/50
[25/05/04 21:49:19] [eval.py:   47]: Test Batch Process: 14/50
[25/05/04 21:49:19] [eval.py:   47]: Test Batch Process: 15/50
[25/05/04 21:49:19] [eval.py:   47]: Test Batch Process: 16/50
[25/05/04 21:49:19] [eval.py:   47]: Test Batch Process: 17/50
[25/05/04 21:49:19] [eval.py:   47]: Test Batch Process: 18/50
[25/05/04 21:49:19] [eval.py:   47]: Test Batch Process: 19/50
[25/05/04 21:49:19] [eval.py:   47]: Test Batch Process: 20/50
[25/05/04 21:49:19] [eval.py:   47]: Test Batch Process: 21/50
[25/05/04 21:49:20] [eval.py:   47]: Test Batch Process: 22/50
[25/05/04 21:49:20] [eval.py:   47]: Test Batch Process: 23/50
[25/05/04 21:49:20] [eval.py:   47]: Test Batch Process: 24/50
[25/05/04 21:49:20] [eval.py:   47]: Test Batch Process: 25/50
[25/05/04 21:49:20] [eval.py:   47]: Test Batch Process: 26/50
[25/05/04 21:49:20] [eval.py:   47]: Test Batch Process: 27/50
[25/05/04 21:49:20] [eval.py:   47]: Test Batch Process: 28/50
[25/05/04 21:49:20] [eval.py:   47]: Test Batch Process: 29/50
[25/05/04 21:49:20] [eval.py:   47]: Test Batch Process: 30/50
[25/05/04 21:49:20] [eval.py:   47]: Test Batch Process: 31/50
[25/05/04 21:49:20] [eval.py:   47]: Test Batch Process: 32/50
[25/05/04 21:49:20] [eval.py:   47]: Test Batch Process: 33/50
[25/05/04 21:49:21] [eval.py:   47]: Test Batch Process: 34/50
[25/05/04 21:49:21] [eval.py:   47]: Test Batch Process: 35/50
[25/05/04 21:49:21] [eval.py:   47]: Test Batch Process: 36/50
[25/05/04 21:49:21] [eval.py:   47]: Test Batch Process: 37/50
[25/05/04 21:49:21] [eval.py:   47]: Test Batch Process: 38/50
[25/05/04 21:49:21] [eval.py:   47]: Test Batch Process: 39/50
[25/05/04 21:49:21] [eval.py:   47]: Test Batch Process: 40/50
[25/05/04 21:49:21] [eval.py:   47]: Test Batch Process: 41/50
[25/05/04 21:49:21] [eval.py:   47]: Test Batch Process: 42/50
[25/05/04 21:49:21] [eval.py:   47]: Test Batch Process: 43/50
[25/05/04 21:49:21] [eval.py:   47]: Test Batch Process: 44/50
[25/05/04 21:49:21] [eval.py:   47]: Test Batch Process: 45/50
[25/05/04 21:49:21] [eval.py:   47]: Test Batch Process: 46/50
[25/05/04 21:49:22] [eval.py:   47]: Test Batch Process: 47/50
[25/05/04 21:49:22] [eval.py:   47]: Test Batch Process: 48/50
[25/05/04 21:49:22] [eval.py:   47]: Test Batch Process: 49/50
[25/05/04 21:49:22] [eval.py:   47]: Test Batch Process: 50/50
[25/05/04 21:49:22] [eval.py:  145]: Test set Accuracy: 0.53
