[25/05/04 21:39:41] [utils.py:   78]: PyTorch Version: torch=2.5.0+cu124, cuda=12.4, cudnn=90100
[25/05/04 21:39:41] [utils.py:   79]: BN:
  EPS: 1e-05
  MOM: 0.1
CKPT_DIR: ./ckpt
CORRUPTION:
  DATASET: tin200
  IMG_SIZE: 64
  NUM_CHANNEL: 3
  NUM_CLASSES: 200
  NUM_EX: 10000
  SEVERITY: [5, 4, 3, 2, 1]
  TYPE: ['gaussian_noise', 'shot_noise', 'impulse_noise', 'defocus_blur', 'glass_blur', 'motion_blur', 'zoom_blur', 'snow', 'frost', 'fog', 'brightness', 'contrast', 'elastic_transform', 'pixelate', 'jpeg_compression']
CUDNN:
  BENCHMARK: True
DATA_DIR: /scratch-shared/tea/tin200
DESC: 
EATA:
  D_MARGIN: 0.05
  E_MARGIN: 2.763102111592855
  FISHER_ALPHA: 2000.0
  FISHER_SIZE: 2000
  USE_FISHER: False
EBM:
  BUFFER_SIZE: 10000
  REINIT_FREQ: 0.05
  SGLD_LR: 1.0
  SGLD_STD: 0.01
  STEPS: 20
  UNCOND: uncond
LOG_DEST: eta_bn_adam-1-0.001-200_250504-213941.txt
LOG_TIME: 250504-213941
MODEL:
  ADAPTATION: eata
  ADA_PARAM: ['bn']
  ARCH: WRN2810_BN
  EPISODIC: False
OPTIM:
  BATCH_SIZE: 200
  BETA: 0.9
  DAMPENING: 0.0
  LR: 0.001
  METHOD: Adam
  MOMENTUM: 0.9
  NESTEROV: True
  STEPS: 1
  TRAIN_STEPS: 2500000
  WARMUP_STEPS: 0
  WD: 0.0
PL:
  ALPHA: 0.1
  THRESHOLD: 0.9
RNG_SEED: 511
SAR:
  MARGIN_E0: 2.763102111592855
SAVE_DIR: ./save/tin200/bn-wrn-28-10
SHOT:
  CLF_COEFF: 0.1
  THRESHOLD: 0.9
TEST:
  
/gpfs/home5/scur2578/tea/main.py:35: FutureWarning: You are using `torch.load` with `weights_only=False` (the current default value), which uses the default pickle module implicitly. It is possible to construct malicious pickle data which will execute arbitrary code during unpickling (See https://github.com/pytorch/pytorch/blob/main/SECURITY.md#untrusted-models for more details). In a future release, the default value for `weights_only` will be flipped to `True`. This limits the functions that could be executed during unpickling. Arbitrary objects will no longer be allowed to be loaded via this mode unless they are explicitly allowlisted by the user via `torch.serialization.add_safe_globals`. We recommend you start setting `weights_only=True` for any use case where you don't have full control of the loaded file. Please open an issue on GitHub for any issues related to this experimental feature.
  ckpt = torch.load(os.path.join(cfg.CKPT_DIR ,'{}/{}.pth'.format(cfg.CORRUPTION.DATASET, cfg.MODEL.ARCH)))
[25/05/04 21:39:42] [main.py:   85]: test-time adaptation: EATA
[25/05/04 21:39:42] [param.py:   18]: adapting weights of batch-normalization layer
[25/05/04 21:39:42] [setada.py:  110]: model for adaptation: WideResNet(
  (conv1): Conv2d(3, 16, kernel_size=(3, 3), stride=(1, 1), padding=(1, 1), bias=False)
  (block1): NetworkBlock(
    (layer): Sequential(
      (0): BasicBlock(
        (bn1): BatchNorm2d(16, eps=1e-05, momentum=0.1, affine=True, track_running_stats=False)
        (relu1): ReLU(inplace=True)
        (conv1): Conv2d(16, 160, kernel_size=(3, 3), stride=(1, 1), padding=(1, 1), bias=False)
        (bn2): BatchNorm2d(160, eps=1e-05, momentum=0.1, affine=True, track_running_stats=False)
        (relu2): ReLU(inplace=True)
        (conv2): Conv2d(160, 160, kernel_size=(3, 3), stride=(1, 1), padding=(1, 1), bias=False)
        (convShortcut): Conv2d(16, 160, kernel_size=(1, 1), stride=(1, 1), bias=False)
      )
      (1): BasicBlock(
        (bn1): BatchNorm2d(160, eps=1e-05, momentum=0.1, affine=True, track_running_stats=False)
        (relu1): ReLU(inplace=True)
        (conv1): Conv2d(160, 160, kernel_size=(3, 3), stride=(1, 1), padding=(1, 1), bias=False)
        (bn2): BatchNorm2d(160, eps=1e-05, momentum=0.1, affine=True, track_running_stats=False)
        (relu2): ReLU(inplace=True)
        (conv2): Conv2d(160, 160, kernel_size=(3, 3), stride=(1, 1), padding=(1, 1), bias=False)
      )
      (2): BasicBlock(
        (bn1): BatchNorm2d(160, eps=1e-05, momentum=0.1, affine=True, track_running_stats=False)
        (relu1): ReLU(inplace=True)
        (conv1): Conv2d(160, 160, kernel_size=(3, 3), stride=(1, 1), padding=(1, 1), bias=False)
        (bn2): BatchNorm2d(160, eps=1e-05, momentum=0.1, affine=True, track_running_stats=False)
        (relu2): ReLU(inplace=True)
        (conv2): Conv2d(160, 160, kernel_size=(3, 3), stride=(1, 1), padding=(1, 1), bias=False)
      )
      (3): BasicBlock(
        (bn1): BatchNorm2d(160, eps=1e-05, momentum=0.1, affine=True, track_running_stats=False)
        (relu1): ReLU(inplace=True)
        (conv1): Conv2d(160, 160, kernel_size=(3, 3), stride=(1, 1), padding=(1, 1), bias=False)
        (bn2): BatchNorm2d(160, eps=1e-05, momentum=0.1, affine=True, track_running_stats=False)
        (relu2): ReLU(inplace=True)
        (conv2): Conv2d(160, 160, kernel_size=(3, 3), stride=(1, 1), padding=(1, 1), bias=False)
      )
    )
  )
  (block2): NetworkBlock(
    (layer): Sequential(
      (0): BasicBlock(
        (bn1): BatchNorm2d(160, eps=1e-05, momentum=0.1, affine=True, track_running_stats=False)
        (relu1): ReLU(inplace=True)
        (conv1): Conv2d(160, 320, kernel_size=(3, 3), stride=(2, 2), padding=(1, 1), bias=False)
        (bn2): BatchNorm2d(320, eps=1e-05, momentum=0.1, affine=True, track_running_stats=False)
        (relu2): ReLU(inplace=True)
        (conv2): Conv2d(320, 320, kernel_size=(3, 3), stride=(1, 1), padding=(1, 1), bias=False)
        (convShortcut): Conv2d(160, 320, kernel_size=(1, 1), stride=(2, 2), bias=False)
      )
      (1): BasicBlock(
        (bn1): BatchNorm2d(320, eps=1e-05, momentum=0.1, affine=True, track_running_stats=False)
        (relu1): ReLU(inplace=True)
        (conv1): Conv2d(320, 320, kernel_size=(3, 3), stride=(1, 1), padding=(1, 1), bias=False)
        (bn2): BatchNorm2d(320, eps=1e-05, momentum=0.1, affine=True, track_running_stats=False)
        (relu2): ReLU(inplace=True)
        (conv2): Conv2d(320, 320, kernel_size=(3, 3), stride=(1, 1), padding=(1, 1), bias=False)
      )
      (2): BasicBlock(
        (bn1): BatchNorm2d(320, eps=1e-05, momentum=0.1, affine=True, track_running_stats=False)
        (relu1): ReLU(inplace=True)
        (conv1): Conv2d(320, 320, kernel_size=(3, 3), stride=(1, 1), padding=(1, 1), bias=False)
        (bn2): BatchNorm2d(320, eps=1e-05, momentum=0.1, affine=True, track_running_stats=False)
        (relu2): ReLU(inplace=True)
        (conv2): Conv2d(320, 320, kernel_size=(3, 3), stride=(1, 1), padding=(1, 1), bias=False)
      )
      (3): BasicBlock(
        (bn1): BatchNorm2d(320, eps=1e-05, momentum=0.1, affine=True, track_running_stats=False)
        (relu1): ReLU(inplace=True)
        (conv1): Conv2d(320, 320, kernel_size=(3, 3), stride=(1, 1), padding=(1, 1), bias=False)
        (bn2): BatchNorm2d(320, eps=1e-05, momentum=0.1, affine=True, track_running_stats=False)
        (relu2): ReLU(inplace=True)
        (conv2): Conv2d(320, 320, kernel_size=(3, 3), stride=(1, 1), padding=(1, 1), bias=False)
      )
    )
  )
  (block3): NetworkBlock(
    (layer): Sequential(
      (0): BasicBlock(
        (bn1): BatchNorm2d(320, eps=1e-05, momentum=0.1, affine=True, track_running_stats=False)
        (relu1): ReLU(inplace=True)
        (conv1): Conv2d(320, 640, kernel_size=(3, 3), stride=(2, 2), padding=(1, 1), bias=False)
        (bn2): BatchNorm2d(640, eps=1e-05, momentum=0.1, affine=True, track_running_stats=False)
        (relu2): ReLU(inplace=True)
        (conv2): Conv2d(640, 640, kernel_size=(3, 3), stride=(1, 1), padding=(1, 1), bias=False)
        (convShortcut): Conv2d(320, 640, kernel_size=(1, 1), stride=(2, 2), bias=False)
      )
      (1): BasicBlock(
        (bn1): BatchNorm2d(640, eps=1e-05, momentum=0.1, affine=True, track_running_stats=False)
        (relu1): ReLU(inplace=True)
        (conv1): Conv2d(640, 640, kernel_size=(3, 3), stride=(1, 1), padding=(1, 1), bias=False)
        (bn2): BatchNorm2d(640, eps=1e-05, momentum=0.1, affine=True, track_running_stats=False)
        (relu2): ReLU(inplace=True)
        (conv2): Conv2d(640, 640, kernel_size=(3, 3), stride=(1, 1), padding=(1, 1), bias=False)
      )
      (2): BasicBlock(
        (bn1): BatchNorm2d(640, eps=1e-05, momentum=0.1, affine=True, track_running_stats=False)
        (relu1): ReLU(inplace=True)
        (conv1): Conv2d(640, 640, kernel_size=(3, 3), stride=(1, 1), padding=(1, 1), bias=False)
        (bn2): BatchNorm2d(640, eps=1e-05, momentum=0.1, affine=True, track_running_stats=False)
        (relu2): ReLU(inplace=True)
        (conv2): Conv2d(640, 640, kernel_size=(3, 3), stride=(1, 1), padding=(1, 1), bias=False)
      )
      (3): BasicBlock(
        (bn1): BatchNorm2d(640, eps=1e-05, momentum=0.1, affine=True, track_running_stats=False)
        (relu1): ReLU(inplace=True)
        (conv1): Conv2d(640, 640, kernel_size=(3, 3), stride=(1, 1), padding=(1, 1), bias=False)
        (bn2): BatchNorm2d(640, eps=1e-05, momentum=0.1, affine=True, track_running_stats=False)
        (relu2): ReLU(inplace=True)
        (conv2): Conv2d(640, 640, kernel_size=(3, 3), stride=(1, 1), padding=(1, 1), bias=False)
      )
    )
  )
  (bn1): BatchNorm2d(640, eps=1e-05, momentum=0.1, affine=True, track_running_stats=False)
  (relu): ReLU(inplace=True)
  (fc): Linear(in_features=640, out_features=200, bias=True)
)
[25/05/04 21:39:42] [setada.py:  111]: params for adaptation: ['block1.layer.0.bn1.weight', 'block1.layer.0.bn1.bias', 'block1.layer.0.bn2.weight', 'block1.layer.0.bn2.bias', 'block1.layer.1.bn1.weight', 'block1.layer.1.bn1.bias', 'block1.layer.1.bn2.weight', 'block1.layer.1.bn2.bias', 'block1.layer.2.bn1.weight', 'block1.layer.2.bn1.bias', 'block1.layer.2.bn2.weight', 'block1.layer.2.bn2.bias', 'block1.layer.3.bn1.weight', 'block1.layer.3.bn1.bias', 'block1.layer.3.bn2.weight', 'block1.layer.3.bn2.bias', 'block2.layer.0.bn1.weight', 'block2.layer.0.bn1.bias', 'block2.layer.0.bn2.weight', 'block2.layer.0.bn2.bias', 'block2.layer.1.bn1.weight', 'block2.layer.1.bn1.bias', 'block2.layer.1.bn2.weight', 'block2.layer.1.bn2.bias', 'block2.layer.2.bn1.weight', 'block2.layer.2.bn1.bias', 'block2.layer.2.bn2.weight', 'block2.layer.2.bn2.bias', 'block2.layer.3.bn1.weight', 'block2.layer.3.bn1.bias', 'block2.layer.3.bn2.weight', 'block2.layer.3.bn2.bias', 'block3.layer.0.bn1.weight', 'block3.layer.0.bn1.bias', 'block3.layer.0.bn2.weight', 'block3.layer.0.bn2.bias', 'block3.layer.1.bn1.weight', 'block3.layer.1.bn1.bias', 'block3.layer.1.bn2.weight', 'block3.layer.1.bn2.bias', 'block3.layer.2.bn1.weight', 'block3.layer.2.bn1.bias', 'block3.layer.2.bn2.weight', 'block3.layer.2.bn2.bias', 'block3.layer.3.bn1.weight', 'block3.layer.3.bn1.bias', 'block3.layer.3.bn2.weight', 'block3.layer.3.bn2.bias', 'bn1.weight', 'bn1.bias']
[25/05/04 21:39:42] [setada.py:  112]: optimizer for adaptation: Adam (
Parameter Group 0
    amsgrad: False
    betas: (0.9, 0.999)
    capturable: False
    differentiable: False
    eps: 1e-08
    foreach: None
    fused: None
    lr: 0.001
    maximize: False
    weight_decay: 0.0
)
[25/05/04 21:39:42] [eval.py:   71]: resetting model
Building model...
fishers None
[25/05/04 21:39:49] [eval.py:   79]: acc % [gaussian_noise5]: 20.10%
[25/05/04 21:39:49] [eval.py:   71]: resetting model
torch.Size([10000, 3, 32, 32]) 10000
[25/05/04 21:39:55] [eval.py:   79]: acc % [gaussian_noise4]: 23.36%
[25/05/04 21:39:55] [eval.py:   71]: resetting model
torch.Size([10000, 3, 32, 32]) 10000
[25/05/04 21:40:01] [eval.py:   79]: acc % [gaussian_noise3]: 26.66%
[25/05/04 21:40:01] [eval.py:   71]: resetting model
torch.Size([10000, 3, 32, 32]) 10000
[25/05/04 21:40:07] [eval.py:   79]: acc % [gaussian_noise2]: 31.31%
[25/05/04 21:40:07] [eval.py:   71]: resetting model
torch.Size([10000, 3, 32, 32]) 10000
[25/05/04 21:40:13] [eval.py:   79]: acc % [gaussian_noise1]: 35.77%
[25/05/04 21:40:13] [eval.py:   71]: resetting model
torch.Size([10000, 3, 32, 32]) 10000
[25/05/04 21:40:19] [eval.py:   79]: acc % [shot_noise5]: 21.67%
[25/05/04 21:40:19] [eval.py:   71]: resetting model
torch.Size([10000, 3, 32, 32]) 10000
[25/05/04 21:40:24] [eval.py:   79]: acc % [shot_noise4]: 26.66%
[25/05/04 21:40:24] [eval.py:   71]: resetting model
torch.Size([10000, 3, 32, 32]) 10000
[25/05/04 21:40:30] [eval.py:   79]: acc % [shot_noise3]: 29.60%
[25/05/04 21:40:30] [eval.py:   71]: resetting model
torch.Size([10000, 3, 32, 32]) 10000
[25/05/04 21:40:36] [eval.py:   79]: acc % [shot_noise2]: 33.21%
[25/05/04 21:40:36] [eval.py:   71]: resetting model
torch.Size([10000, 3, 32, 32]) 10000
[25/05/04 21:40:42] [eval.py:   79]: acc % [shot_noise1]: 35.51%
[25/05/04 21:40:42] [eval.py:   71]: resetting model
torch.Size([10000, 3, 32, 32]) 10000
[25/05/04 21:40:48] [eval.py:   79]: acc % [impulse_noise5]: 15.91%
[25/05/04 21:40:48] [eval.py:   71]: resetting model
torch.Size([10000, 3, 32, 32]) 10000
[25/05/04 21:40:54] [eval.py:   79]: acc % [impulse_noise4]: 22.34%
[25/05/04 21:40:54] [eval.py:   71]: resetting model
torch.Size([10000, 3, 32, 32]) 10000
[25/05/04 21:41:00] [eval.py:   79]: acc % [impulse_noise3]: 26.87%
[25/05/04 21:41:00] [eval.py:   71]: resetting model
torch.Size([10000, 3, 32, 32]) 10000
[25/05/04 21:41:05] [eval.py:   79]: acc % [impulse_noise2]: 32.24%
[25/05/04 21:41:05] [eval.py:   71]: resetting model
torch.Size([10000, 3, 32, 32]) 10000
[25/05/04 21:41:11] [eval.py:   79]: acc % [impulse_noise1]: 34.48%
[25/05/04 21:41:11] [eval.py:   71]: resetting model
torch.Size([10000, 3, 32, 32]) 10000
[25/05/04 21:41:17] [eval.py:   79]: acc % [defocus_blur5]: 25.15%
[25/05/04 21:41:17] [eval.py:   71]: resetting model
torch.Size([10000, 3, 32, 32]) 10000
[25/05/04 21:41:23] [eval.py:   79]: acc % [defocus_blur4]: 28.85%
[25/05/04 21:41:23] [eval.py:   71]: resetting model
torch.Size([10000, 3, 32, 32]) 10000
[25/05/04 21:41:29] [eval.py:   79]: acc % [defocus_blur3]: 34.60%
[25/05/04 21:41:29] [eval.py:   71]: resetting model
torch.Size([10000, 3, 32, 32]) 10000
[25/05/04 21:41:34] [eval.py:   79]: acc % [defocus_blur2]: 35.97%
[25/05/04 21:41:35] [eval.py:   71]: resetting model
torch.Size([10000, 3, 32, 32]) 10000
[25/05/04 21:41:40] [eval.py:   79]: acc % [defocus_blur1]: 36.13%
[25/05/04 21:41:40] [eval.py:   71]: resetting model
torch.Size([10000, 3, 32, 32]) 10000
[25/05/04 21:41:46] [eval.py:   79]: acc % [glass_blur5]: 18.40%
[25/05/04 21:41:46] [eval.py:   71]: resetting model
torch.Size([10000, 3, 32, 32]) 10000
[25/05/04 21:41:52] [eval.py:   79]: acc % [glass_blur4]: 25.09%
[25/05/04 21:41:52] [eval.py:   71]: resetting model
torch.Size([10000, 3, 32, 32]) 10000
[25/05/04 21:41:57] [eval.py:   79]: acc % [glass_blur3]: 31.83%
[25/05/04 21:41:57] [eval.py:   71]: resetting model
torch.Size([10000, 3, 32, 32]) 10000
[25/05/04 21:42:03] [eval.py:   79]: acc % [glass_blur2]: 34.34%
[25/05/04 21:42:03] [eval.py:   71]: resetting model
torch.Size([10000, 3, 32, 32]) 10000
[25/05/04 21:42:09] [eval.py:   79]: acc % [glass_blur1]: 35.53%
[25/05/04 21:42:09] [eval.py:   71]: resetting model
torch.Size([10000, 3, 32, 32]) 10000
[25/05/04 21:42:14] [eval.py:   79]: acc % [motion_blur5]: 30.83%
[25/05/04 21:42:14] [eval.py:   71]: resetting model
torch.Size([10000, 3, 32, 32]) 10000
[25/05/04 21:42:20] [eval.py:   79]: acc % [motion_blur4]: 32.70%
[25/05/04 21:42:20] [eval.py:   71]: resetting model
torch.Size([10000, 3, 32, 32]) 10000
[25/05/04 21:42:25] [eval.py:   79]: acc % [motion_blur3]: 33.74%
[25/05/04 21:42:25] [eval.py:   71]: resetting model
torch.Size([10000, 3, 32, 32]) 10000
[25/05/04 21:42:31] [eval.py:   79]: acc % [motion_blur2]: 35.18%
[25/05/04 21:42:31] [eval.py:   71]: resetting model
torch.Size([10000, 3, 32, 32]) 10000
[25/05/04 21:42:37] [eval.py:   79]: acc % [motion_blur1]: 35.78%
[25/05/04 21:42:37] [eval.py:   71]: resetting model
torch.Size([10000, 3, 32, 32]) 10000
[25/05/04 21:42:42] [eval.py:   79]: acc % [zoom_blur5]: 30.37%
[25/05/04 21:42:42] [eval.py:   71]: resetting model
torch.Size([10000, 3, 32, 32]) 10000
[25/05/04 21:42:48] [eval.py:   79]: acc % [zoom_blur4]: 32.19%
[25/05/04 21:42:48] [eval.py:   71]: resetting model
torch.Size([10000, 3, 32, 32]) 10000
[25/05/04 21:42:53] [eval.py:   79]: acc % [zoom_blur3]: 34.10%
[25/05/04 21:42:53] [eval.py:   71]: resetting model
torch.Size([10000, 3, 32, 32]) 10000
[25/05/04 21:42:59] [eval.py:   79]: acc % [zoom_blur2]: 34.59%
[25/05/04 21:42:59] [eval.py:   71]: resetting model
torch.Size([10000, 3, 32, 32]) 10000
[25/05/04 21:43:05] [eval.py:   79]: acc % [zoom_blur1]: 35.49%
[25/05/04 21:43:05] [eval.py:   71]: resetting model
torch.Size([10000, 3, 32, 32]) 10000
[25/05/04 21:43:10] [eval.py:   79]: acc % [snow5]: 22.73%
[25/05/04 21:43:10] [eval.py:   71]: resetting model
torch.Size([10000, 3, 32, 32]) 10000
[25/05/04 21:43:16] [eval.py:   79]: acc % [snow4]: 22.15%
[25/05/04 21:43:16] [eval.py:   71]: resetting model
torch.Size([10000, 3, 32, 32]) 10000
[25/05/04 21:43:22] [eval.py:   79]: acc % [snow3]: 27.18%
[25/05/04 21:43:22] [eval.py:   71]: resetting model
torch.Size([10000, 3, 32, 32]) 10000
[25/05/04 21:43:27] [eval.py:   79]: acc % [snow2]: 31.81%
[25/05/04 21:43:27] [eval.py:   71]: resetting model
torch.Size([10000, 3, 32, 32]) 10000
[25/05/04 21:43:33] [eval.py:   79]: acc % [snow1]: 34.28%
[25/05/04 21:43:33] [eval.py:   71]: resetting model
torch.Size([10000, 3, 32, 32]) 10000
[25/05/04 21:43:38] [eval.py:   79]: acc % [frost5]: 24.98%
[25/05/04 21:43:38] [eval.py:   71]: resetting model
torch.Size([10000, 3, 32, 32]) 10000
[25/05/04 21:43:44] [eval.py:   79]: acc % [frost4]: 27.01%
[25/05/04 21:43:44] [eval.py:   71]: resetting model
torch.Size([10000, 3, 32, 32]) 10000
[25/05/04 21:43:50] [eval.py:   79]: acc % [frost3]: 29.38%
[25/05/04 21:43:50] [eval.py:   71]: resetting model
torch.Size([10000, 3, 32, 32]) 10000
[25/05/04 21:43:55] [eval.py:   79]: acc % [frost2]: 30.36%
[25/05/04 21:43:55] [eval.py:   71]: resetting model
torch.Size([10000, 3, 32, 32]) 10000
[25/05/04 21:44:01] [eval.py:   79]: acc % [frost1]: 33.00%
[25/05/04 21:44:01] [eval.py:   71]: resetting model
torch.Size([10000, 3, 32, 32]) 10000
[25/05/04 21:44:07] [eval.py:   79]: acc % [fog5]: 16.04%
[25/05/04 21:44:07] [eval.py:   71]: resetting model
torch.Size([10000, 3, 32, 32]) 10000
[25/05/04 21:44:12] [eval.py:   79]: acc % [fog4]: 21.88%
[25/05/04 21:44:12] [eval.py:   71]: resetting model
torch.Size([10000, 3, 32, 32]) 10000
[25/05/04 21:44:18] [eval.py:   79]: acc % [fog3]: 27.81%
[25/05/04 21:44:18] [eval.py:   71]: resetting model
torch.Size([10000, 3, 32, 32]) 10000
[25/05/04 21:44:23] [eval.py:   79]: acc % [fog2]: 31.86%
[25/05/04 21:44:23] [eval.py:   71]: resetting model
torch.Size([10000, 3, 32, 32]) 10000
[25/05/04 21:44:29] [eval.py:   79]: acc % [fog1]: 35.26%
[25/05/04 21:44:29] [eval.py:   71]: resetting model
torch.Size([10000, 3, 32, 32]) 10000
[25/05/04 21:44:35] [eval.py:   79]: acc % [brightness5]: 25.56%
[25/05/04 21:44:35] [eval.py:   71]: resetting model
torch.Size([10000, 3, 32, 32]) 10000
[25/05/04 21:44:44] [eval.py:   79]: acc % [brightness4]: 28.80%
[25/05/04 21:44:44] [eval.py:   71]: resetting model
torch.Size([10000, 3, 32, 32]) 10000
[25/05/04 21:44:49] [eval.py:   79]: acc % [brightness3]: 32.70%
[25/05/04 21:44:49] [eval.py:   71]: resetting model
torch.Size([10000, 3, 32, 32]) 10000
[25/05/04 21:44:55] [eval.py:   79]: acc % [brightness2]: 34.50%
[25/05/04 21:44:55] [eval.py:   71]: resetting model
torch.Size([10000, 3, 32, 32]) 10000
[25/05/04 21:45:01] [eval.py:   79]: acc % [brightness1]: 36.14%
[25/05/04 21:45:01] [eval.py:   71]: resetting model
torch.Size([10000, 3, 32, 32]) 10000
[25/05/04 21:45:06] [eval.py:   79]: acc % [contrast5]: 2.41%
[25/05/04 21:45:06] [eval.py:   71]: resetting model
torch.Size([10000, 3, 32, 32]) 10000
[25/05/04 21:45:12] [eval.py:   79]: acc % [contrast4]: 7.32%
[25/05/04 21:45:12] [eval.py:   71]: resetting model
torch.Size([10000, 3, 32, 32]) 10000
[25/05/04 21:45:17] [eval.py:   79]: acc % [contrast3]: 17.67%
[25/05/04 21:45:17] [eval.py:   71]: resetting model
torch.Size([10000, 3, 32, 32]) 10000
[25/05/04 21:45:23] [eval.py:   79]: acc % [contrast2]: 23.71%
[25/05/04 21:45:23] [eval.py:   71]: resetting model
torch.Size([10000, 3, 32, 32]) 10000
[25/05/04 21:45:29] [eval.py:   79]: acc % [contrast1]: 28.02%
[25/05/04 21:45:29] [eval.py:   71]: resetting model
torch.Size([10000, 3, 32, 32]) 10000
[25/05/04 21:45:34] [eval.py:   79]: acc % [elastic_transform5]: 31.29%
[25/05/04 21:45:34] [eval.py:   71]: resetting model
torch.Size([10000, 3, 32, 32]) 10000
[25/05/04 21:45:40] [eval.py:   79]: acc % [elastic_transform4]: 34.05%
[25/05/04 21:45:40] [eval.py:   71]: resetting model
torch.Size([10000, 3, 32, 32]) 10000
[25/05/04 21:45:46] [eval.py:   79]: acc % [elastic_transform3]: 34.44%
[25/05/04 21:45:46] [eval.py:   71]: resetting model
torch.Size([10000, 3, 32, 32]) 10000
[25/05/04 21:45:52] [eval.py:   79]: acc % [elastic_transform2]: 34.97%
[25/05/04 21:45:52] [eval.py:   71]: resetting model
torch.Size([10000, 3, 32, 32]) 10000
[25/05/04 21:45:58] [eval.py:   79]: acc % [elastic_transform1]: 34.62%
[25/05/04 21:45:58] [eval.py:   71]: resetting model
torch.Size([10000, 3, 32, 32]) 10000
[25/05/04 21:46:03] [eval.py:   79]: acc % [pixelate5]: 36.68%
[25/05/04 21:46:03] [eval.py:   71]: resetting model
torch.Size([10000, 3, 32, 32]) 10000
[25/05/04 21:46:09] [eval.py:   79]: acc % [pixelate4]: 35.70%
[25/05/04 21:46:09] [eval.py:   71]: resetting model
torch.Size([10000, 3, 32, 32]) 10000
[25/05/04 21:46:15] [eval.py:   79]: acc % [pixelate3]: 36.28%
[25/05/04 21:46:15] [eval.py:   71]: resetting model
torch.Size([10000, 3, 32, 32]) 10000
[25/05/04 21:46:20] [eval.py:   79]: acc % [pixelate2]: 36.39%
[25/05/04 21:46:20] [eval.py:   71]: resetting model
torch.Size([10000, 3, 32, 32]) 10000
[25/05/04 21:46:26] [eval.py:   79]: acc % [pixelate1]: 36.60%
[25/05/04 21:46:26] [eval.py:   71]: resetting model
torch.Size([10000, 3, 32, 32]) 10000
[25/05/04 21:46:31] [eval.py:   79]: acc % [jpeg_compression5]: 32.81%
[25/05/04 21:46:31] [eval.py:   71]: resetting model
torch.Size([10000, 3, 32, 32]) 10000
[25/05/04 21:46:37] [eval.py:   79]: acc % [jpeg_compression4]: 34.97%
[25/05/04 21:46:37] [eval.py:   71]: resetting model
torch.Size([10000, 3, 32, 32]) 10000
[25/05/04 21:46:43] [eval.py:   79]: acc % [jpeg_compression3]: 35.40%
[25/05/04 21:46:43] [eval.py:   71]: resetting model
torch.Size([10000, 3, 32, 32]) 10000
[25/05/04 21:46:48] [eval.py:   79]: acc % [jpeg_compression2]: 36.03%
[25/05/04 21:46:48] [eval.py:   71]: resetting model
torch.Size([10000, 3, 32, 32]) 10000
[25/05/04 21:46:54] [eval.py:   79]: acc % [jpeg_compression1]: 35.60%
[25/05/04 21:46:54] [eval.py:   85]: 
                         1         2         3        4        5       avg
gaussian_noise     0.20100  0.233600  0.266600  0.31310  0.35770  0.274400
shot_noise         0.21670  0.266600  0.296000  0.33210  0.35510  0.293300
impulse_noise      0.15910  0.223400  0.268700  0.32240  0.34480  0.263680
defocus_blur       0.25150  0.288500  0.346000  0.35970  0.36130  0.321400
glass_blur         0.18400  0.250900  0.318300  0.34340  0.35530  0.290380
motion_blur        0.30830  0.327000  0.337400  0.35180  0.35780  0.336460
zoom_blur          0.30370  0.321900  0.341000  0.34590  0.35490  0.333480
snow               0.22730  0.221500  0.271800  0.31810  0.34280  0.276300
frost              0.24980  0.270100  0.293800  0.30360  0.33000  0.289460
fog                0.16040  0.218800  0.278100  0.31860  0.35260  0.265700
brightness         0.25560  0.288000  0.327000  0.34500  0.36140  0.315400
contrast           0.02410  0.073200  0.176700  0.23710  0.28020  0.158260
elastic_transform  0.31290  0.340500  0.344400  0.34970  0.34620  0.338740
pixelate           0.36680  0.357000  0.362800  0.36390  0.36600  0.363300
jpeg_compression   0.32810  0.349700  0.354000  0.36030  0.35600  0.349620
average            0.23662  0.268713  0.305507  0.33098  0.34814  0.297992
[25/05/04 21:46:54] [eval.py:  126]: resetting model
torch.Size([10000, 3, 32, 32]) 10000
[25/05/04 21:46:55] [eval.py:   47]: Test Batch Process: 1/50
[25/05/04 21:46:55] [eval.py:   47]: Test Batch Process: 2/50
[25/05/04 21:46:55] [eval.py:   47]: Test Batch Process: 3/50
[25/05/04 21:46:55] [eval.py:   47]: Test Batch Process: 4/50
[25/05/04 21:46:55] [eval.py:   47]: Test Batch Process: 5/50
[25/05/04 21:46:55] [eval.py:   47]: Test Batch Process: 6/50
[25/05/04 21:46:55] [eval.py:   47]: Test Batch Process: 7/50
[25/05/04 21:46:55] [eval.py:   47]: Test Batch Process: 8/50
[25/05/04 21:46:55] [eval.py:   47]: Test Batch Process: 9/50
[25/05/04 21:46:55] [eval.py:   47]: Test Batch Process: 10/50
[25/05/04 21:46:55] [eval.py:   47]: Test Batch Process: 11/50
[25/05/04 21:46:56] [eval.py:   47]: Test Batch Process: 12/50
[25/05/04 21:46:56] [eval.py:   47]: Test Batch Process: 13/50
[25/05/04 21:46:56] [eval.py:   47]: Test Batch Process: 14/50
[25/05/04 21:46:56] [eval.py:   47]: Test Batch Process: 15/50
[25/05/04 21:46:56] [eval.py:   47]: Test Batch Process: 16/50
[25/05/04 21:46:56] [eval.py:   47]: Test Batch Process: 17/50
[25/05/04 21:46:56] [eval.py:   47]: Test Batch Process: 18/50
[25/05/04 21:46:56] [eval.py:   47]: Test Batch Process: 19/50
[25/05/04 21:46:56] [eval.py:   47]: Test Batch Process: 20/50
[25/05/04 21:46:56] [eval.py:   47]: Test Batch Process: 21/50
[25/05/04 21:46:56] [eval.py:   47]: Test Batch Process: 22/50
[25/05/04 21:46:56] [eval.py:   47]: Test Batch Process: 23/50
[25/05/04 21:46:57] [eval.py:   47]: Test Batch Process: 24/50
[25/05/04 21:46:57] [eval.py:   47]: Test Batch Process: 25/50
[25/05/04 21:46:57] [eval.py:   47]: Test Batch Process: 26/50
[25/05/04 21:46:57] [eval.py:   47]: Test Batch Process: 27/50
[25/05/04 21:46:57] [eval.py:   47]: Test Batch Process: 28/50
[25/05/04 21:46:57] [eval.py:   47]: Test Batch Process: 29/50
[25/05/04 21:46:57] [eval.py:   47]: Test Batch Process: 30/50
[25/05/04 21:46:57] [eval.py:   47]: Test Batch Process: 31/50
[25/05/04 21:46:57] [eval.py:   47]: Test Batch Process: 32/50
[25/05/04 21:46:57] [eval.py:   47]: Test Batch Process: 33/50
[25/05/04 21:46:57] [eval.py:   47]: Test Batch Process: 34/50
[25/05/04 21:46:57] [eval.py:   47]: Test Batch Process: 35/50
[25/05/04 21:46:57] [eval.py:   47]: Test Batch Process: 36/50
[25/05/04 21:46:58] [eval.py:   47]: Test Batch Process: 37/50
[25/05/04 21:46:58] [eval.py:   47]: Test Batch Process: 38/50
[25/05/04 21:46:58] [eval.py:   47]: Test Batch Process: 39/50
[25/05/04 21:46:58] [eval.py:   47]: Test Batch Process: 40/50
[25/05/04 21:46:58] [eval.py:   47]: Test Batch Process: 41/50
[25/05/04 21:46:58] [eval.py:   47]: Test Batch Process: 42/50
[25/05/04 21:46:58] [eval.py:   47]: Test Batch Process: 43/50
[25/05/04 21:46:58] [eval.py:   47]: Test Batch Process: 44/50
[25/05/04 21:46:58] [eval.py:   47]: Test Batch Process: 45/50
[25/05/04 21:46:58] [eval.py:   47]: Test Batch Process: 46/50
[25/05/04 21:46:58] [eval.py:   47]: Test Batch Process: 47/50
[25/05/04 21:46:58] [eval.py:   47]: Test Batch Process: 48/50
[25/05/04 21:46:58] [eval.py:   47]: Test Batch Process: 49/50
[25/05/04 21:46:58] [eval.py:   47]: Test Batch Process: 50/50
[25/05/04 21:46:59] [eval.py:  145]: Test set Accuracy: 0.53
