[25/05/04 21:40:34] [utils.py:   78]: PyTorch Version: torch=2.5.0+cu124, cuda=12.4, cudnn=90100
[25/05/04 21:40:34] [utils.py:   79]: BN:
  EPS: 1e-05
  MOM: 0.1
CKPT_DIR: ./ckpt
CORRUPTION:
  DATASET: tin200
  IMG_SIZE: 64
  NUM_CHANNEL: 3
  NUM_CLASSES: 200
  NUM_EX: 10000
  SEVERITY: [5, 4, 3, 2, 1]
  TYPE: ['gaussian_noise', 'shot_noise', 'impulse_noise', 'defocus_blur', 'glass_blur', 'motion_blur', 'zoom_blur', 'snow', 'frost', 'fog', 'brightness', 'contrast', 'elastic_transform', 'pixelate', 'jpeg_compression']
CUDNN:
  BENCHMARK: True
DATA_DIR: /scratch-shared/tea/tin200
DESC: 
EATA:
  D_MARGIN: 0.05
  E_MARGIN: 2.763102111592855
  FISHER_ALPHA: 2000.0
  FISHER_SIZE: 2000
  USE_FISHER: False
EBM:
  BUFFER_SIZE: 10000
  REINIT_FREQ: 0.05
  SGLD_LR: 1.0
  SGLD_STD: 0.01
  STEPS: 20
  UNCOND: uncond
LOG_DEST: sar_bn_adam-1-0.01-200_250504-214034.txt
LOG_TIME: 250504-214034
MODEL:
  ADAPTATION: sar
  ADA_PARAM: ['bn']
  ARCH: WRN2810_BN
  EPISODIC: False
OPTIM:
  BATCH_SIZE: 200
  BETA: 0.9
  DAMPENING: 0.0
  LR: 0.01
  METHOD: Adam
  MOMENTUM: 0.9
  NESTEROV: True
  STEPS: 1
  TRAIN_STEPS: 2500000
  WARMUP_STEPS: 0
  WD: 0.0
PL:
  ALPHA: 0.1
  THRESHOLD: 0.9
RNG_SEED: 91
SAR:
  MARGIN_E0: 2.763102111592855
SAVE_DIR: ./save/tin200/bn-wrn-28-10
SHOT:
  CLF_COEFF: 0.1
  THRESHOLD: 0.9
TEST:
  
/gpfs/home5/scur2578/tea/main.py:35: FutureWarning: You are using `torch.load` with `weights_only=False` (the current default value), which uses the default pickle module implicitly. It is possible to construct malicious pickle data which will execute arbitrary code during unpickling (See https://github.com/pytorch/pytorch/blob/main/SECURITY.md#untrusted-models for more details). In a future release, the default value for `weights_only` will be flipped to `True`. This limits the functions that could be executed during unpickling. Arbitrary objects will no longer be allowed to be loaded via this mode unless they are explicitly allowlisted by the user via `torch.serialization.add_safe_globals`. We recommend you start setting `weights_only=True` for any use case where you don't have full control of the loaded file. Please open an issue on GitHub for any issues related to this experimental feature.
  ckpt = torch.load(os.path.join(cfg.CKPT_DIR ,'{}/{}.pth'.format(cfg.CORRUPTION.DATASET, cfg.MODEL.ARCH)))
[25/05/04 21:40:35] [main.py:   91]: test-time adaptation: SAR
[25/05/04 21:40:35] [sar.py:  151]: adapting weights for SAR
[25/05/04 21:40:35] [setada.py:  155]: model for adaptation: WideResNet(
  (conv1): Conv2d(3, 16, kernel_size=(3, 3), stride=(1, 1), padding=(1, 1), bias=False)
  (block1): NetworkBlock(
    (layer): Sequential(
      (0): BasicBlock(
        (bn1): BatchNorm2d(16, eps=1e-05, momentum=0.1, affine=True, track_running_stats=False)
        (relu1): ReLU(inplace=True)
        (conv1): Conv2d(16, 160, kernel_size=(3, 3), stride=(1, 1), padding=(1, 1), bias=False)
        (bn2): BatchNorm2d(160, eps=1e-05, momentum=0.1, affine=True, track_running_stats=False)
        (relu2): ReLU(inplace=True)
        (conv2): Conv2d(160, 160, kernel_size=(3, 3), stride=(1, 1), padding=(1, 1), bias=False)
        (convShortcut): Conv2d(16, 160, kernel_size=(1, 1), stride=(1, 1), bias=False)
      )
      (1): BasicBlock(
        (bn1): BatchNorm2d(160, eps=1e-05, momentum=0.1, affine=True, track_running_stats=False)
        (relu1): ReLU(inplace=True)
        (conv1): Conv2d(160, 160, kernel_size=(3, 3), stride=(1, 1), padding=(1, 1), bias=False)
        (bn2): BatchNorm2d(160, eps=1e-05, momentum=0.1, affine=True, track_running_stats=False)
        (relu2): ReLU(inplace=True)
        (conv2): Conv2d(160, 160, kernel_size=(3, 3), stride=(1, 1), padding=(1, 1), bias=False)
      )
      (2): BasicBlock(
        (bn1): BatchNorm2d(160, eps=1e-05, momentum=0.1, affine=True, track_running_stats=False)
        (relu1): ReLU(inplace=True)
        (conv1): Conv2d(160, 160, kernel_size=(3, 3), stride=(1, 1), padding=(1, 1), bias=False)
        (bn2): BatchNorm2d(160, eps=1e-05, momentum=0.1, affine=True, track_running_stats=False)
        (relu2): ReLU(inplace=True)
        (conv2): Conv2d(160, 160, kernel_size=(3, 3), stride=(1, 1), padding=(1, 1), bias=False)
      )
      (3): BasicBlock(
        (bn1): BatchNorm2d(160, eps=1e-05, momentum=0.1, affine=True, track_running_stats=False)
        (relu1): ReLU(inplace=True)
        (conv1): Conv2d(160, 160, kernel_size=(3, 3), stride=(1, 1), padding=(1, 1), bias=False)
        (bn2): BatchNorm2d(160, eps=1e-05, momentum=0.1, affine=True, track_running_stats=False)
        (relu2): ReLU(inplace=True)
        (conv2): Conv2d(160, 160, kernel_size=(3, 3), stride=(1, 1), padding=(1, 1), bias=False)
      )
    )
  )
  (block2): NetworkBlock(
    (layer): Sequential(
      (0): BasicBlock(
        (bn1): BatchNorm2d(160, eps=1e-05, momentum=0.1, affine=True, track_running_stats=False)
        (relu1): ReLU(inplace=True)
        (conv1): Conv2d(160, 320, kernel_size=(3, 3), stride=(2, 2), padding=(1, 1), bias=False)
        (bn2): BatchNorm2d(320, eps=1e-05, momentum=0.1, affine=True, track_running_stats=False)
        (relu2): ReLU(inplace=True)
        (conv2): Conv2d(320, 320, kernel_size=(3, 3), stride=(1, 1), padding=(1, 1), bias=False)
        (convShortcut): Conv2d(160, 320, kernel_size=(1, 1), stride=(2, 2), bias=False)
      )
      (1): BasicBlock(
        (bn1): BatchNorm2d(320, eps=1e-05, momentum=0.1, affine=True, track_running_stats=False)
        (relu1): ReLU(inplace=True)
        (conv1): Conv2d(320, 320, kernel_size=(3, 3), stride=(1, 1), padding=(1, 1), bias=False)
        (bn2): BatchNorm2d(320, eps=1e-05, momentum=0.1, affine=True, track_running_stats=False)
        (relu2): ReLU(inplace=True)
        (conv2): Conv2d(320, 320, kernel_size=(3, 3), stride=(1, 1), padding=(1, 1), bias=False)
      )
      (2): BasicBlock(
        (bn1): BatchNorm2d(320, eps=1e-05, momentum=0.1, affine=True, track_running_stats=False)
        (relu1): ReLU(inplace=True)
        (conv1): Conv2d(320, 320, kernel_size=(3, 3), stride=(1, 1), padding=(1, 1), bias=False)
        (bn2): BatchNorm2d(320, eps=1e-05, momentum=0.1, affine=True, track_running_stats=False)
        (relu2): ReLU(inplace=True)
        (conv2): Conv2d(320, 320, kernel_size=(3, 3), stride=(1, 1), padding=(1, 1), bias=False)
      )
      (3): BasicBlock(
        (bn1): BatchNorm2d(320, eps=1e-05, momentum=0.1, affine=True, track_running_stats=False)
        (relu1): ReLU(inplace=True)
        (conv1): Conv2d(320, 320, kernel_size=(3, 3), stride=(1, 1), padding=(1, 1), bias=False)
        (bn2): BatchNorm2d(320, eps=1e-05, momentum=0.1, affine=True, track_running_stats=False)
        (relu2): ReLU(inplace=True)
        (conv2): Conv2d(320, 320, kernel_size=(3, 3), stride=(1, 1), padding=(1, 1), bias=False)
      )
    )
  )
  (block3): NetworkBlock(
    (layer): Sequential(
      (0): BasicBlock(
        (bn1): BatchNorm2d(320, eps=1e-05, momentum=0.1, affine=True, track_running_stats=False)
        (relu1): ReLU(inplace=True)
        (conv1): Conv2d(320, 640, kernel_size=(3, 3), stride=(2, 2), padding=(1, 1), bias=False)
        (bn2): BatchNorm2d(640, eps=1e-05, momentum=0.1, affine=True, track_running_stats=False)
        (relu2): ReLU(inplace=True)
        (conv2): Conv2d(640, 640, kernel_size=(3, 3), stride=(1, 1), padding=(1, 1), bias=False)
        (convShortcut): Conv2d(320, 640, kernel_size=(1, 1), stride=(2, 2), bias=False)
      )
      (1): BasicBlock(
        (bn1): BatchNorm2d(640, eps=1e-05, momentum=0.1, affine=True, track_running_stats=False)
        (relu1): ReLU(inplace=True)
        (conv1): Conv2d(640, 640, kernel_size=(3, 3), stride=(1, 1), padding=(1, 1), bias=False)
        (bn2): BatchNorm2d(640, eps=1e-05, momentum=0.1, affine=True, track_running_stats=False)
        (relu2): ReLU(inplace=True)
        (conv2): Conv2d(640, 640, kernel_size=(3, 3), stride=(1, 1), padding=(1, 1), bias=False)
      )
      (2): BasicBlock(
        (bn1): BatchNorm2d(640, eps=1e-05, momentum=0.1, affine=True, track_running_stats=False)
        (relu1): ReLU(inplace=True)
        (conv1): Conv2d(640, 640, kernel_size=(3, 3), stride=(1, 1), padding=(1, 1), bias=False)
        (bn2): BatchNorm2d(640, eps=1e-05, momentum=0.1, affine=True, track_running_stats=False)
        (relu2): ReLU(inplace=True)
        (conv2): Conv2d(640, 640, kernel_size=(3, 3), stride=(1, 1), padding=(1, 1), bias=False)
      )
      (3): BasicBlock(
        (bn1): BatchNorm2d(640, eps=1e-05, momentum=0.1, affine=True, track_running_stats=False)
        (relu1): ReLU(inplace=True)
        (conv1): Conv2d(640, 640, kernel_size=(3, 3), stride=(1, 1), padding=(1, 1), bias=False)
        (bn2): BatchNorm2d(640, eps=1e-05, momentum=0.1, affine=True, track_running_stats=False)
        (relu2): ReLU(inplace=True)
        (conv2): Conv2d(640, 640, kernel_size=(3, 3), stride=(1, 1), padding=(1, 1), bias=False)
      )
    )
  )
  (bn1): BatchNorm2d(640, eps=1e-05, momentum=0.1, affine=True, track_running_stats=False)
  (relu): ReLU(inplace=True)
  (fc): Linear(in_features=640, out_features=200, bias=True)
)
[25/05/04 21:40:35] [setada.py:  156]: params for adaptation: ['block1.layer.0.bn1.weight', 'block1.layer.0.bn1.bias', 'block1.layer.0.bn2.weight', 'block1.layer.0.bn2.bias', 'block1.layer.1.bn1.weight', 'block1.layer.1.bn1.bias', 'block1.layer.1.bn2.weight', 'block1.layer.1.bn2.bias', 'block1.layer.2.bn1.weight', 'block1.layer.2.bn1.bias', 'block1.layer.2.bn2.weight', 'block1.layer.2.bn2.bias', 'block1.layer.3.bn1.weight', 'block1.layer.3.bn1.bias', 'block1.layer.3.bn2.weight', 'block1.layer.3.bn2.bias', 'block2.layer.0.bn1.weight', 'block2.layer.0.bn1.bias', 'block2.layer.0.bn2.weight', 'block2.layer.0.bn2.bias', 'block2.layer.1.bn1.weight', 'block2.layer.1.bn1.bias', 'block2.layer.1.bn2.weight', 'block2.layer.1.bn2.bias', 'block2.layer.2.bn1.weight', 'block2.layer.2.bn1.bias', 'block2.layer.2.bn2.weight', 'block2.layer.2.bn2.bias', 'block2.layer.3.bn1.weight', 'block2.layer.3.bn1.bias', 'block2.layer.3.bn2.weight', 'block2.layer.3.bn2.bias', 'block3.layer.0.bn1.weight', 'block3.layer.0.bn1.bias', 'block3.layer.0.bn2.weight', 'block3.layer.0.bn2.bias', 'block3.layer.1.bn1.weight', 'block3.layer.1.bn1.bias', 'block3.layer.1.bn2.weight', 'block3.layer.1.bn2.bias', 'block3.layer.2.bn1.weight', 'block3.layer.2.bn1.bias', 'block3.layer.2.bn2.weight', 'block3.layer.2.bn2.bias', 'block3.layer.3.bn1.weight', 'block3.layer.3.bn1.bias', 'block3.layer.3.bn2.weight', 'block3.layer.3.bn2.bias', 'bn1.weight', 'bn1.bias']
[25/05/04 21:40:35] [setada.py:  157]: optimizer for adaptation: SAM (
Parameter Group 0
    adaptive: False
    dampening: 0
    differentiable: False
    foreach: None
    fused: None
    lr: 0.01
    maximize: False
    momentum: 0.9
    nesterov: False
    rho: 0.05
    weight_decay: 0
)
[25/05/04 21:40:35] [eval.py:   71]: resetting model
Building model...
[25/05/04 21:40:47] [eval.py:   79]: acc % [gaussian_noise5]: 21.13%
[25/05/04 21:40:47] [eval.py:   71]: resetting model
torch.Size([10000, 3, 32, 32]) 10000
[25/05/04 21:40:57] [eval.py:   79]: acc % [gaussian_noise4]: 24.61%
[25/05/04 21:40:57] [eval.py:   71]: resetting model
torch.Size([10000, 3, 32, 32]) 10000
[25/05/04 21:41:06] [eval.py:   79]: acc % [gaussian_noise3]: 28.00%
[25/05/04 21:41:06] [eval.py:   71]: resetting model
torch.Size([10000, 3, 32, 32]) 10000
[25/05/04 21:41:15] [eval.py:   79]: acc % [gaussian_noise2]: 32.49%
[25/05/04 21:41:15] [eval.py:   71]: resetting model
torch.Size([10000, 3, 32, 32]) 10000
[25/05/04 21:41:25] [eval.py:   79]: acc % [gaussian_noise1]: 36.60%
[25/05/04 21:41:25] [eval.py:   71]: resetting model
torch.Size([10000, 3, 32, 32]) 10000
[25/05/04 21:41:34] [eval.py:   79]: acc % [shot_noise5]: 23.45%
[25/05/04 21:41:34] [eval.py:   71]: resetting model
torch.Size([10000, 3, 32, 32]) 10000
[25/05/04 21:41:44] [eval.py:   79]: acc % [shot_noise4]: 27.87%
[25/05/04 21:41:44] [eval.py:   71]: resetting model
torch.Size([10000, 3, 32, 32]) 10000
[25/05/04 21:41:53] [eval.py:   79]: acc % [shot_noise3]: 31.01%
[25/05/04 21:41:53] [eval.py:   71]: resetting model
torch.Size([10000, 3, 32, 32]) 10000
[25/05/04 21:42:03] [eval.py:   79]: acc % [shot_noise2]: 33.75%
[25/05/04 21:42:03] [eval.py:   71]: resetting model
torch.Size([10000, 3, 32, 32]) 10000
[25/05/04 21:42:12] [eval.py:   79]: acc % [shot_noise1]: 35.62%
[25/05/04 21:42:12] [eval.py:   71]: resetting model
torch.Size([10000, 3, 32, 32]) 10000
[25/05/04 21:42:22] [eval.py:   79]: acc % [impulse_noise5]: 17.01%
[25/05/04 21:42:22] [eval.py:   71]: resetting model
torch.Size([10000, 3, 32, 32]) 10000
[25/05/04 21:42:31] [eval.py:   79]: acc % [impulse_noise4]: 22.76%
[25/05/04 21:42:31] [eval.py:   71]: resetting model
torch.Size([10000, 3, 32, 32]) 10000
[25/05/04 21:42:41] [eval.py:   79]: acc % [impulse_noise3]: 28.15%
[25/05/04 21:42:41] [eval.py:   71]: resetting model
torch.Size([10000, 3, 32, 32]) 10000
[25/05/04 21:42:50] [eval.py:   79]: acc % [impulse_noise2]: 33.35%
[25/05/04 21:42:50] [eval.py:   71]: resetting model
torch.Size([10000, 3, 32, 32]) 10000
[25/05/04 21:43:00] [eval.py:   79]: acc % [impulse_noise1]: 35.23%
[25/05/04 21:43:00] [eval.py:   71]: resetting model
torch.Size([10000, 3, 32, 32]) 10000
[25/05/04 21:43:10] [eval.py:   79]: acc % [defocus_blur5]: 26.54%
[25/05/04 21:43:10] [eval.py:   71]: resetting model
torch.Size([10000, 3, 32, 32]) 10000
[25/05/04 21:43:19] [eval.py:   79]: acc % [defocus_blur4]: 29.77%
[25/05/04 21:43:19] [eval.py:   71]: resetting model
torch.Size([10000, 3, 32, 32]) 10000
[25/05/04 21:43:29] [eval.py:   79]: acc % [defocus_blur3]: 35.20%
[25/05/04 21:43:29] [eval.py:   71]: resetting model
torch.Size([10000, 3, 32, 32]) 10000
[25/05/04 21:43:39] [eval.py:   79]: acc % [defocus_blur2]: 36.68%
[25/05/04 21:43:39] [eval.py:   71]: resetting model
torch.Size([10000, 3, 32, 32]) 10000
[25/05/04 21:43:51] [eval.py:   79]: acc % [defocus_blur1]: 36.55%
[25/05/04 21:43:51] [eval.py:   71]: resetting model
torch.Size([10000, 3, 32, 32]) 10000
[25/05/04 21:44:05] [eval.py:   79]: acc % [glass_blur5]: 20.07%
[25/05/04 21:44:05] [eval.py:   71]: resetting model
torch.Size([10000, 3, 32, 32]) 10000
[25/05/04 21:44:19] [eval.py:   79]: acc % [glass_blur4]: 26.35%
[25/05/04 21:44:19] [eval.py:   71]: resetting model
torch.Size([10000, 3, 32, 32]) 10000
[25/05/04 21:44:39] [eval.py:   79]: acc % [glass_blur3]: 32.05%
[25/05/04 21:44:39] [eval.py:   71]: resetting model
torch.Size([10000, 3, 32, 32]) 10000
[25/05/04 21:44:55] [eval.py:   79]: acc % [glass_blur2]: 34.77%
[25/05/04 21:44:55] [eval.py:   71]: resetting model
torch.Size([10000, 3, 32, 32]) 10000
[25/05/04 21:45:09] [eval.py:   79]: acc % [glass_blur1]: 36.12%
[25/05/04 21:45:09] [eval.py:   71]: resetting model
torch.Size([10000, 3, 32, 32]) 10000
[25/05/04 21:45:23] [eval.py:   79]: acc % [motion_blur5]: 31.69%
[25/05/04 21:45:23] [eval.py:   71]: resetting model
torch.Size([10000, 3, 32, 32]) 10000
[25/05/04 21:45:37] [eval.py:   79]: acc % [motion_blur4]: 33.20%
[25/05/04 21:45:37] [eval.py:   71]: resetting model
torch.Size([10000, 3, 32, 32]) 10000
[25/05/04 21:45:52] [eval.py:   79]: acc % [motion_blur3]: 34.73%
[25/05/04 21:45:52] [eval.py:   71]: resetting model
torch.Size([10000, 3, 32, 32]) 10000
[25/05/04 21:46:05] [eval.py:   79]: acc % [motion_blur2]: 35.95%
[25/05/04 21:46:05] [eval.py:   71]: resetting model
torch.Size([10000, 3, 32, 32]) 10000
[25/05/04 21:46:21] [eval.py:   79]: acc % [motion_blur1]: 36.81%
[25/05/04 21:46:21] [eval.py:   71]: resetting model
torch.Size([10000, 3, 32, 32]) 10000
[25/05/04 21:46:34] [eval.py:   79]: acc % [zoom_blur5]: 31.09%
[25/05/04 21:46:34] [eval.py:   71]: resetting model
torch.Size([10000, 3, 32, 32]) 10000
[25/05/04 21:46:46] [eval.py:   79]: acc % [zoom_blur4]: 33.30%
[25/05/04 21:46:46] [eval.py:   71]: resetting model
torch.Size([10000, 3, 32, 32]) 10000
[25/05/04 21:46:58] [eval.py:   79]: acc % [zoom_blur3]: 34.60%
[25/05/04 21:46:58] [eval.py:   71]: resetting model
torch.Size([10000, 3, 32, 32]) 10000
[25/05/04 21:47:10] [eval.py:   79]: acc % [zoom_blur2]: 35.90%
[25/05/04 21:47:10] [eval.py:   71]: resetting model
torch.Size([10000, 3, 32, 32]) 10000
[25/05/04 21:47:23] [eval.py:   79]: acc % [zoom_blur1]: 36.39%
[25/05/04 21:47:23] [eval.py:   71]: resetting model
torch.Size([10000, 3, 32, 32]) 10000
[25/05/04 21:47:35] [eval.py:   79]: acc % [snow5]: 24.40%
[25/05/04 21:47:35] [eval.py:   71]: resetting model
torch.Size([10000, 3, 32, 32]) 10000
[25/05/04 21:47:48] [eval.py:   79]: acc % [snow4]: 22.99%
[25/05/04 21:47:48] [eval.py:   71]: resetting model
torch.Size([10000, 3, 32, 32]) 10000
[25/05/04 21:48:00] [eval.py:   79]: acc % [snow3]: 28.95%
[25/05/04 21:48:00] [eval.py:   71]: resetting model
torch.Size([10000, 3, 32, 32]) 10000
[25/05/04 21:48:11] [eval.py:   79]: acc % [snow2]: 32.48%
[25/05/04 21:48:11] [eval.py:   71]: resetting model
torch.Size([10000, 3, 32, 32]) 10000
[25/05/04 21:48:24] [eval.py:   79]: acc % [snow1]: 35.15%
[25/05/04 21:48:24] [eval.py:   71]: resetting model
torch.Size([10000, 3, 32, 32]) 10000
[25/05/04 21:48:36] [eval.py:   79]: acc % [frost5]: 26.76%
[25/05/04 21:48:36] [eval.py:   71]: resetting model
torch.Size([10000, 3, 32, 32]) 10000
[25/05/04 21:48:48] [eval.py:   79]: acc % [frost4]: 28.74%
[25/05/04 21:48:48] [eval.py:   71]: resetting model
torch.Size([10000, 3, 32, 32]) 10000
[25/05/04 21:49:02] [eval.py:   79]: acc % [frost3]: 30.42%
[25/05/04 21:49:02] [eval.py:   71]: resetting model
torch.Size([10000, 3, 32, 32]) 10000
[25/05/04 21:49:17] [eval.py:   79]: acc % [frost2]: 31.89%
[25/05/04 21:49:17] [eval.py:   71]: resetting model
torch.Size([10000, 3, 32, 32]) 10000
[25/05/04 21:49:31] [eval.py:   79]: acc % [frost1]: 34.46%
[25/05/04 21:49:31] [eval.py:   71]: resetting model
torch.Size([10000, 3, 32, 32]) 10000
[25/05/04 21:49:42] [eval.py:   79]: acc % [fog5]: 19.14%
[25/05/04 21:49:42] [eval.py:   71]: resetting model
torch.Size([10000, 3, 32, 32]) 10000
[25/05/04 21:49:53] [eval.py:   79]: acc % [fog4]: 24.77%
[25/05/04 21:49:53] [eval.py:   71]: resetting model
torch.Size([10000, 3, 32, 32]) 10000
[25/05/04 21:50:05] [eval.py:   79]: acc % [fog3]: 30.26%
[25/05/04 21:50:05] [eval.py:   71]: resetting model
torch.Size([10000, 3, 32, 32]) 10000
[25/05/04 21:50:17] [eval.py:   79]: acc % [fog2]: 33.61%
[25/05/04 21:50:17] [eval.py:   71]: resetting model
torch.Size([10000, 3, 32, 32]) 10000
[25/05/04 21:50:29] [eval.py:   79]: acc % [fog1]: 36.09%
[25/05/04 21:50:29] [eval.py:   71]: resetting model
torch.Size([10000, 3, 32, 32]) 10000
[25/05/04 21:50:39] [eval.py:   79]: acc % [brightness5]: 26.35%
[25/05/04 21:50:39] [eval.py:   71]: resetting model
torch.Size([10000, 3, 32, 32]) 10000
[25/05/04 21:50:49] [eval.py:   79]: acc % [brightness4]: 30.50%
[25/05/04 21:50:49] [eval.py:   71]: resetting model
torch.Size([10000, 3, 32, 32]) 10000
[25/05/04 21:50:58] [eval.py:   79]: acc % [brightness3]: 33.45%
[25/05/04 21:50:58] [eval.py:   71]: resetting model
torch.Size([10000, 3, 32, 32]) 10000
[25/05/04 21:51:08] [eval.py:   79]: acc % [brightness2]: 35.94%
[25/05/04 21:51:08] [eval.py:   71]: resetting model
torch.Size([10000, 3, 32, 32]) 10000
[25/05/04 21:51:17] [eval.py:   79]: acc % [brightness1]: 37.40%
[25/05/04 21:51:17] [eval.py:   71]: resetting model
torch.Size([10000, 3, 32, 32]) 10000
[25/05/04 21:51:26] [eval.py:   79]: acc % [contrast5]: 2.21%
[25/05/04 21:51:26] [eval.py:   71]: resetting model
torch.Size([10000, 3, 32, 32]) 10000
[25/05/04 21:51:36] [eval.py:   79]: acc % [contrast4]: 6.25%
[25/05/04 21:51:36] [eval.py:   71]: resetting model
torch.Size([10000, 3, 32, 32]) 10000
[25/05/04 21:51:45] [eval.py:   79]: acc % [contrast3]: 17.03%
[25/05/04 21:51:45] [eval.py:   71]: resetting model
torch.Size([10000, 3, 32, 32]) 10000
[25/05/04 21:51:55] [eval.py:   79]: acc % [contrast2]: 24.12%
[25/05/04 21:51:55] [eval.py:   71]: resetting model
torch.Size([10000, 3, 32, 32]) 10000
[25/05/04 21:52:04] [eval.py:   79]: acc % [contrast1]: 28.62%
[25/05/04 21:52:04] [eval.py:   71]: resetting model
torch.Size([10000, 3, 32, 32]) 10000
[25/05/04 21:52:14] [eval.py:   79]: acc % [elastic_transform5]: 32.01%
[25/05/04 21:52:14] [eval.py:   71]: resetting model
torch.Size([10000, 3, 32, 32]) 10000
[25/05/04 21:52:23] [eval.py:   79]: acc % [elastic_transform4]: 34.40%
[25/05/04 21:52:23] [eval.py:   71]: resetting model
torch.Size([10000, 3, 32, 32]) 10000
[25/05/04 21:52:34] [eval.py:   79]: acc % [elastic_transform3]: 35.33%
[25/05/04 21:52:34] [eval.py:   71]: resetting model
torch.Size([10000, 3, 32, 32]) 10000
[25/05/04 21:52:45] [eval.py:   79]: acc % [elastic_transform2]: 35.61%
[25/05/04 21:52:45] [eval.py:   71]: resetting model
torch.Size([10000, 3, 32, 32]) 10000
[25/05/04 21:52:55] [eval.py:   79]: acc % [elastic_transform1]: 35.16%
[25/05/04 21:52:55] [eval.py:   71]: resetting model
torch.Size([10000, 3, 32, 32]) 10000
[25/05/04 21:53:05] [eval.py:   79]: acc % [pixelate5]: 37.24%
[25/05/04 21:53:05] [eval.py:   71]: resetting model
torch.Size([10000, 3, 32, 32]) 10000
[25/05/04 21:53:15] [eval.py:   79]: acc % [pixelate4]: 36.28%
[25/05/04 21:53:15] [eval.py:   71]: resetting model
torch.Size([10000, 3, 32, 32]) 10000
[25/05/04 21:53:24] [eval.py:   79]: acc % [pixelate3]: 36.71%
[25/05/04 21:53:24] [eval.py:   71]: resetting model
torch.Size([10000, 3, 32, 32]) 10000
[25/05/04 21:53:34] [eval.py:   79]: acc % [pixelate2]: 37.06%
[25/05/04 21:53:34] [eval.py:   71]: resetting model
torch.Size([10000, 3, 32, 32]) 10000
[25/05/04 21:53:43] [eval.py:   79]: acc % [pixelate1]: 37.74%
[25/05/04 21:53:43] [eval.py:   71]: resetting model
torch.Size([10000, 3, 32, 32]) 10000
[25/05/04 21:53:52] [eval.py:   79]: acc % [jpeg_compression5]: 32.84%
[25/05/04 21:53:52] [eval.py:   71]: resetting model
torch.Size([10000, 3, 32, 32]) 10000
[25/05/04 21:54:02] [eval.py:   79]: acc % [jpeg_compression4]: 35.01%
[25/05/04 21:54:02] [eval.py:   71]: resetting model
torch.Size([10000, 3, 32, 32]) 10000
[25/05/04 21:54:11] [eval.py:   79]: acc % [jpeg_compression3]: 35.94%
[25/05/04 21:54:11] [eval.py:   71]: resetting model
torch.Size([10000, 3, 32, 32]) 10000
[25/05/04 21:54:21] [eval.py:   79]: acc % [jpeg_compression2]: 35.76%
[25/05/04 21:54:21] [eval.py:   71]: resetting model
torch.Size([10000, 3, 32, 32]) 10000
[25/05/04 21:54:30] [eval.py:   79]: acc % [jpeg_compression1]: 36.35%
[25/05/04 21:54:30] [eval.py:   85]: 
                          1         2         3         4         5       avg
gaussian_noise     0.211300  0.246100  0.280000  0.324900  0.366000  0.285660
shot_noise         0.234500  0.278700  0.310100  0.337500  0.356200  0.303400
impulse_noise      0.170100  0.227600  0.281500  0.333500  0.352300  0.273000
defocus_blur       0.265400  0.297700  0.352000  0.366800  0.365500  0.329480
glass_blur         0.200700  0.263500  0.320500  0.347700  0.361200  0.298720
motion_blur        0.316900  0.332000  0.347300  0.359500  0.368100  0.344760
zoom_blur          0.310900  0.333000  0.346000  0.359000  0.363900  0.342560
snow               0.244000  0.229900  0.289500  0.324800  0.351500  0.287940
frost              0.267600  0.287400  0.304200  0.318900  0.344600  0.304540
fog                0.191400  0.247700  0.302600  0.336100  0.360900  0.287740
brightness         0.263500  0.305000  0.334500  0.359400  0.374000  0.327280
contrast           0.022100  0.062500  0.170300  0.241200  0.286200  0.156460
elastic_transform  0.320100  0.344000  0.353300  0.356100  0.351600  0.345020
pixelate           0.372400  0.362800  0.367100  0.370600  0.377400  0.370060
jpeg_compression   0.328400  0.350100  0.359400  0.357600  0.363500  0.351800
average            0.247953  0.277867  0.314553  0.339573  0.356193  0.307228
[25/05/04 21:54:30] [eval.py:  126]: resetting model
torch.Size([10000, 3, 32, 32]) 10000
[25/05/04 21:54:32] [eval.py:   47]: Test Batch Process: 1/50
[25/05/04 21:54:33] [eval.py:   47]: Test Batch Process: 2/50
[25/05/04 21:54:33] [eval.py:   47]: Test Batch Process: 3/50
[25/05/04 21:54:33] [eval.py:   47]: Test Batch Process: 4/50
[25/05/04 21:54:33] [eval.py:   47]: Test Batch Process: 5/50
[25/05/04 21:54:33] [eval.py:   47]: Test Batch Process: 6/50
[25/05/04 21:54:33] [eval.py:   47]: Test Batch Process: 7/50
[25/05/04 21:54:34] [eval.py:   47]: Test Batch Process: 8/50
[25/05/04 21:54:34] [eval.py:   47]: Test Batch Process: 9/50
[25/05/04 21:54:34] [eval.py:   47]: Test Batch Process: 10/50
[25/05/04 21:54:34] [eval.py:   47]: Test Batch Process: 11/50
[25/05/04 21:54:34] [eval.py:   47]: Test Batch Process: 12/50
[25/05/04 21:54:34] [eval.py:   47]: Test Batch Process: 13/50
[25/05/04 21:54:34] [eval.py:   47]: Test Batch Process: 14/50
[25/05/04 21:54:35] [eval.py:   47]: Test Batch Process: 15/50
[25/05/04 21:54:35] [eval.py:   47]: Test Batch Process: 16/50
[25/05/04 21:54:35] [eval.py:   47]: Test Batch Process: 17/50
[25/05/04 21:54:35] [eval.py:   47]: Test Batch Process: 18/50
[25/05/04 21:54:35] [eval.py:   47]: Test Batch Process: 19/50
[25/05/04 21:54:35] [eval.py:   47]: Test Batch Process: 20/50
[25/05/04 21:54:36] [eval.py:   47]: Test Batch Process: 21/50
[25/05/04 21:54:36] [eval.py:   47]: Test Batch Process: 22/50
[25/05/04 21:54:36] [eval.py:   47]: Test Batch Process: 23/50
[25/05/04 21:54:36] [eval.py:   47]: Test Batch Process: 24/50
[25/05/04 21:54:36] [eval.py:   47]: Test Batch Process: 25/50
[25/05/04 21:54:36] [eval.py:   47]: Test Batch Process: 26/50
[25/05/04 21:54:36] [eval.py:   47]: Test Batch Process: 27/50
[25/05/04 21:54:37] [eval.py:   47]: Test Batch Process: 28/50
[25/05/04 21:54:37] [eval.py:   47]: Test Batch Process: 29/50
[25/05/04 21:54:37] [eval.py:   47]: Test Batch Process: 30/50
[25/05/04 21:54:37] [eval.py:   47]: Test Batch Process: 31/50
[25/05/04 21:54:37] [eval.py:   47]: Test Batch Process: 32/50
[25/05/04 21:54:37] [eval.py:   47]: Test Batch Process: 33/50
[25/05/04 21:54:37] [eval.py:   47]: Test Batch Process: 34/50
[25/05/04 21:54:38] [eval.py:   47]: Test Batch Process: 35/50
[25/05/04 21:54:38] [eval.py:   47]: Test Batch Process: 36/50
[25/05/04 21:54:38] [eval.py:   47]: Test Batch Process: 37/50
[25/05/04 21:54:38] [eval.py:   47]: Test Batch Process: 38/50
[25/05/04 21:54:38] [eval.py:   47]: Test Batch Process: 39/50
[25/05/04 21:54:38] [eval.py:   47]: Test Batch Process: 40/50
[25/05/04 21:54:39] [eval.py:   47]: Test Batch Process: 41/50
[25/05/04 21:54:39] [eval.py:   47]: Test Batch Process: 42/50
[25/05/04 21:54:39] [eval.py:   47]: Test Batch Process: 43/50
[25/05/04 21:54:39] [eval.py:   47]: Test Batch Process: 44/50
[25/05/04 21:54:39] [eval.py:   47]: Test Batch Process: 45/50
[25/05/04 21:54:39] [eval.py:   47]: Test Batch Process: 46/50
[25/05/04 21:54:39] [eval.py:   47]: Test Batch Process: 47/50
[25/05/04 21:54:40] [eval.py:   47]: Test Batch Process: 48/50
[25/05/04 21:54:40] [eval.py:   47]: Test Batch Process: 49/50
[25/05/04 21:54:40] [eval.py:   47]: Test Batch Process: 50/50
[25/05/04 21:54:40] [eval.py:  145]: Test set Accuracy: 0.57
