[25/05/04 21:39:42] [utils.py:   78]: PyTorch Version: torch=2.5.0+cu124, cuda=12.4, cudnn=90100
[25/05/04 21:39:42] [utils.py:   79]: BN:
  EPS: 1e-05
  MOM: 0.1
CKPT_DIR: ./ckpt
CORRUPTION:
  DATASET: tin200
  IMG_SIZE: 32
  NUM_CHANNEL: 3
  NUM_CLASSES: 200
  NUM_EX: 10000
  SEVERITY: [5, 4, 3, 2, 1]
  TYPE: ['gaussian_noise', 'shot_noise', 'impulse_noise', 'defocus_blur', 'glass_blur', 'motion_blur', 'zoom_blur', 'snow', 'frost', 'fog', 'brightness', 'contrast', 'elastic_transform', 'pixelate', 'jpeg_compression']
CUDNN:
  BENCHMARK: True
DATA_DIR: /scratch-shared/tea/tin200
DESC: 
EATA:
  D_MARGIN: 0.05
  E_MARGIN: 2.763102111592855
  FISHER_ALPHA: 2000.0
  FISHER_SIZE: 2000
  USE_FISHER: False
EBM:
  BUFFER_SIZE: 10000
  REINIT_FREQ: 0.05
  SGLD_LR: 1.0
  SGLD_STD: 0.01
  STEPS: 20
  UNCOND: uncond
LOG_DEST: norm_bn_adam-1-0.001-200_250504-213942.txt
LOG_TIME: 250504-213942
MODEL:
  ADAPTATION: norm
  ADA_PARAM: ['bn']
  ARCH: WRN2810_BN
  EPISODIC: False
OPTIM:
  BATCH_SIZE: 200
  BETA: 0.9
  DAMPENING: 0.0
  LR: 0.001
  METHOD: Adam
  MOMENTUM: 0.9
  NESTEROV: True
  STEPS: 1
  TRAIN_STEPS: 2500000
  WARMUP_STEPS: 0
  WD: 0.0
PL:
  ALPHA: 0.1
  THRESHOLD: 0.9
RNG_SEED: 91
SAR:
  MARGIN_E0: 2.763102111592855
SAVE_DIR: ./save/tin200/bn-wrn-28-10
SHOT:
  CLF_COEFF: 0.1
  THRESHOLD: 0.9
TEST:
  
/gpfs/home5/scur2578/tea/main.py:35: FutureWarning: You are using `torch.load` with `weights_only=False` (the current default value), which uses the default pickle module implicitly. It is possible to construct malicious pickle data which will execute arbitrary code during unpickling (See https://github.com/pytorch/pytorch/blob/main/SECURITY.md#untrusted-models for more details). In a future release, the default value for `weights_only` will be flipped to `True`. This limits the functions that could be executed during unpickling. Arbitrary objects will no longer be allowed to be loaded via this mode unless they are explicitly allowlisted by the user via `torch.serialization.add_safe_globals`. We recommend you start setting `weights_only=True` for any use case where you don't have full control of the loaded file. Please open an issue on GitHub for any issues related to this experimental feature.
  ckpt = torch.load(os.path.join(cfg.CKPT_DIR ,'{}/{}.pth'.format(cfg.CORRUPTION.DATASET, cfg.MODEL.ARCH)))
[25/05/04 21:39:43] [main.py:   76]: test-time adaptation: NORM
[25/05/04 21:39:43] [setada.py:   29]: model for adaptation: WideResNet(
  (conv1): Conv2d(3, 16, kernel_size=(3, 3), stride=(1, 1), padding=(1, 1), bias=False)
  (block1): NetworkBlock(
    (layer): Sequential(
      (0): BasicBlock(
        (bn1): BatchNorm2d(16, eps=1e-05, momentum=0.1, affine=True, track_running_stats=True)
        (relu1): ReLU(inplace=True)
        (conv1): Conv2d(16, 160, kernel_size=(3, 3), stride=(1, 1), padding=(1, 1), bias=False)
        (bn2): BatchNorm2d(160, eps=1e-05, momentum=0.1, affine=True, track_running_stats=True)
        (relu2): ReLU(inplace=True)
        (conv2): Conv2d(160, 160, kernel_size=(3, 3), stride=(1, 1), padding=(1, 1), bias=False)
        (convShortcut): Conv2d(16, 160, kernel_size=(1, 1), stride=(1, 1), bias=False)
      )
      (1): BasicBlock(
        (bn1): BatchNorm2d(160, eps=1e-05, momentum=0.1, affine=True, track_running_stats=True)
        (relu1): ReLU(inplace=True)
        (conv1): Conv2d(160, 160, kernel_size=(3, 3), stride=(1, 1), padding=(1, 1), bias=False)
        (bn2): BatchNorm2d(160, eps=1e-05, momentum=0.1, affine=True, track_running_stats=True)
        (relu2): ReLU(inplace=True)
        (conv2): Conv2d(160, 160, kernel_size=(3, 3), stride=(1, 1), padding=(1, 1), bias=False)
      )
      (2): BasicBlock(
        (bn1): BatchNorm2d(160, eps=1e-05, momentum=0.1, affine=True, track_running_stats=True)
        (relu1): ReLU(inplace=True)
        (conv1): Conv2d(160, 160, kernel_size=(3, 3), stride=(1, 1), padding=(1, 1), bias=False)
        (bn2): BatchNorm2d(160, eps=1e-05, momentum=0.1, affine=True, track_running_stats=True)
        (relu2): ReLU(inplace=True)
        (conv2): Conv2d(160, 160, kernel_size=(3, 3), stride=(1, 1), padding=(1, 1), bias=False)
      )
      (3): BasicBlock(
        (bn1): BatchNorm2d(160, eps=1e-05, momentum=0.1, affine=True, track_running_stats=True)
        (relu1): ReLU(inplace=True)
        (conv1): Conv2d(160, 160, kernel_size=(3, 3), stride=(1, 1), padding=(1, 1), bias=False)
        (bn2): BatchNorm2d(160, eps=1e-05, momentum=0.1, affine=True, track_running_stats=True)
        (relu2): ReLU(inplace=True)
        (conv2): Conv2d(160, 160, kernel_size=(3, 3), stride=(1, 1), padding=(1, 1), bias=False)
      )
    )
  )
  (block2): NetworkBlock(
    (layer): Sequential(
      (0): BasicBlock(
        (bn1): BatchNorm2d(160, eps=1e-05, momentum=0.1, affine=True, track_running_stats=True)
        (relu1): ReLU(inplace=True)
        (conv1): Conv2d(160, 320, kernel_size=(3, 3), stride=(2, 2), padding=(1, 1), bias=False)
        (bn2): BatchNorm2d(320, eps=1e-05, momentum=0.1, affine=True, track_running_stats=True)
        (relu2): ReLU(inplace=True)
        (conv2): Conv2d(320, 320, kernel_size=(3, 3), stride=(1, 1), padding=(1, 1), bias=False)
        (convShortcut): Conv2d(160, 320, kernel_size=(1, 1), stride=(2, 2), bias=False)
      )
      (1): BasicBlock(
        (bn1): BatchNorm2d(320, eps=1e-05, momentum=0.1, affine=True, track_running_stats=True)
        (relu1): ReLU(inplace=True)
        (conv1): Conv2d(320, 320, kernel_size=(3, 3), stride=(1, 1), padding=(1, 1), bias=False)
        (bn2): BatchNorm2d(320, eps=1e-05, momentum=0.1, affine=True, track_running_stats=True)
        (relu2): ReLU(inplace=True)
        (conv2): Conv2d(320, 320, kernel_size=(3, 3), stride=(1, 1), padding=(1, 1), bias=False)
      )
      (2): BasicBlock(
        (bn1): BatchNorm2d(320, eps=1e-05, momentum=0.1, affine=True, track_running_stats=True)
        (relu1): ReLU(inplace=True)
        (conv1): Conv2d(320, 320, kernel_size=(3, 3), stride=(1, 1), padding=(1, 1), bias=False)
        (bn2): BatchNorm2d(320, eps=1e-05, momentum=0.1, affine=True, track_running_stats=True)
        (relu2): ReLU(inplace=True)
        (conv2): Conv2d(320, 320, kernel_size=(3, 3), stride=(1, 1), padding=(1, 1), bias=False)
      )
      (3): BasicBlock(
        (bn1): BatchNorm2d(320, eps=1e-05, momentum=0.1, affine=True, track_running_stats=True)
        (relu1): ReLU(inplace=True)
        (conv1): Conv2d(320, 320, kernel_size=(3, 3), stride=(1, 1), padding=(1, 1), bias=False)
        (bn2): BatchNorm2d(320, eps=1e-05, momentum=0.1, affine=True, track_running_stats=True)
        (relu2): ReLU(inplace=True)
        (conv2): Conv2d(320, 320, kernel_size=(3, 3), stride=(1, 1), padding=(1, 1), bias=False)
      )
    )
  )
  (block3): NetworkBlock(
    (layer): Sequential(
      (0): BasicBlock(
        (bn1): BatchNorm2d(320, eps=1e-05, momentum=0.1, affine=True, track_running_stats=True)
        (relu1): ReLU(inplace=True)
        (conv1): Conv2d(320, 640, kernel_size=(3, 3), stride=(2, 2), padding=(1, 1), bias=False)
        (bn2): BatchNorm2d(640, eps=1e-05, momentum=0.1, affine=True, track_running_stats=True)
        (relu2): ReLU(inplace=True)
        (conv2): Conv2d(640, 640, kernel_size=(3, 3), stride=(1, 1), padding=(1, 1), bias=False)
        (convShortcut): Conv2d(320, 640, kernel_size=(1, 1), stride=(2, 2), bias=False)
      )
      (1): BasicBlock(
        (bn1): BatchNorm2d(640, eps=1e-05, momentum=0.1, affine=True, track_running_stats=True)
        (relu1): ReLU(inplace=True)
        (conv1): Conv2d(640, 640, kernel_size=(3, 3), stride=(1, 1), padding=(1, 1), bias=False)
        (bn2): BatchNorm2d(640, eps=1e-05, momentum=0.1, affine=True, track_running_stats=True)
        (relu2): ReLU(inplace=True)
        (conv2): Conv2d(640, 640, kernel_size=(3, 3), stride=(1, 1), padding=(1, 1), bias=False)
      )
      (2): BasicBlock(
        (bn1): BatchNorm2d(640, eps=1e-05, momentum=0.1, affine=True, track_running_stats=True)
        (relu1): ReLU(inplace=True)
        (conv1): Conv2d(640, 640, kernel_size=(3, 3), stride=(1, 1), padding=(1, 1), bias=False)
        (bn2): BatchNorm2d(640, eps=1e-05, momentum=0.1, affine=True, track_running_stats=True)
        (relu2): ReLU(inplace=True)
        (conv2): Conv2d(640, 640, kernel_size=(3, 3), stride=(1, 1), padding=(1, 1), bias=False)
      )
      (3): BasicBlock(
        (bn1): BatchNorm2d(640, eps=1e-05, momentum=0.1, affine=True, track_running_stats=True)
        (relu1): ReLU(inplace=True)
        (conv1): Conv2d(640, 640, kernel_size=(3, 3), stride=(1, 1), padding=(1, 1), bias=False)
        (bn2): BatchNorm2d(640, eps=1e-05, momentum=0.1, affine=True, track_running_stats=True)
        (relu2): ReLU(inplace=True)
        (conv2): Conv2d(640, 640, kernel_size=(3, 3), stride=(1, 1), padding=(1, 1), bias=False)
      )
    )
  )
  (bn1): BatchNorm2d(640, eps=1e-05, momentum=0.1, affine=True, track_running_stats=True)
  (relu): ReLU(inplace=True)
  (fc): Linear(in_features=640, out_features=200, bias=True)
)
[25/05/04 21:39:43] [setada.py:   31]: stats for adaptation: ['block1.layer.0.bn1.running_mean', 'block1.layer.0.bn1.running_var', 'block1.layer.0.bn1.num_batches_tracked', 'block1.layer.0.bn2.running_mean', 'block1.layer.0.bn2.running_var', 'block1.layer.0.bn2.num_batches_tracked', 'block1.layer.1.bn1.running_mean', 'block1.layer.1.bn1.running_var', 'block1.layer.1.bn1.num_batches_tracked', 'block1.layer.1.bn2.running_mean', 'block1.layer.1.bn2.running_var', 'block1.layer.1.bn2.num_batches_tracked', 'block1.layer.2.bn1.running_mean', 'block1.layer.2.bn1.running_var', 'block1.layer.2.bn1.num_batches_tracked', 'block1.layer.2.bn2.running_mean', 'block1.layer.2.bn2.running_var', 'block1.layer.2.bn2.num_batches_tracked', 'block1.layer.3.bn1.running_mean', 'block1.layer.3.bn1.running_var', 'block1.layer.3.bn1.num_batches_tracked', 'block1.layer.3.bn2.running_mean', 'block1.layer.3.bn2.running_var', 'block1.layer.3.bn2.num_batches_tracked', 'block2.layer.0.bn1.running_mean', 'block2.layer.0.bn1.running_var', 'block2.layer.0.bn1.num_batches_tracked', 'block2.layer.0.bn2.running_mean', 'block2.layer.0.bn2.running_var', 'block2.layer.0.bn2.num_batches_tracked', 'block2.layer.1.bn1.running_mean', 'block2.layer.1.bn1.running_var', 'block2.layer.1.bn1.num_batches_tracked', 'block2.layer.1.bn2.running_mean', 'block2.layer.1.bn2.running_var', 'block2.layer.1.bn2.num_batches_tracked', 'block2.layer.2.bn1.running_mean', 'block2.layer.2.bn1.running_var', 'block2.layer.2.bn1.num_batches_tracked', 'block2.layer.2.bn2.running_mean', 'block2.layer.2.bn2.running_var', 'block2.layer.2.bn2.num_batches_tracked', 'block2.layer.3.bn1.running_mean', 'block2.layer.3.bn1.running_var', 'block2.layer.3.bn1.num_batches_tracked', 'block2.layer.3.bn2.running_mean', 'block2.layer.3.bn2.running_var', 'block2.layer.3.bn2.num_batches_tracked', 'block3.layer.0.bn1.running_mean', 'block3.layer.0.bn1.running_var', 'block3.layer.0.bn1.num_batches_tracked', 'block3.layer.0.bn2.running_mean', 'block3.layer.0.bn2.running_var', 'block3.layer.0.bn2.num_batches_tracked', 'block3.layer.1.bn1.running_mean', 'block3.layer.1.bn1.running_var', 'block3.layer.1.bn1.num_batches_tracked', 'block3.layer.1.bn2.running_mean', 'block3.layer.1.bn2.running_var', 'block3.layer.1.bn2.num_batches_tracked', 'block3.layer.2.bn1.running_mean', 'block3.layer.2.bn1.running_var', 'block3.layer.2.bn1.num_batches_tracked', 'block3.layer.2.bn2.running_mean', 'block3.layer.2.bn2.running_var', 'block3.layer.2.bn2.num_batches_tracked', 'block3.layer.3.bn1.running_mean', 'block3.layer.3.bn1.running_var', 'block3.layer.3.bn1.num_batches_tracked', 'block3.layer.3.bn2.running_mean', 'block3.layer.3.bn2.running_var', 'block3.layer.3.bn2.num_batches_tracked', 'bn1.running_mean', 'bn1.running_var', 'bn1.num_batches_tracked']
[25/05/04 21:39:43] [eval.py:   71]: resetting model
Building model...
[25/05/04 21:39:48] [eval.py:   79]: acc % [gaussian_noise5]: 19.60%
[25/05/04 21:39:48] [eval.py:   71]: resetting model
torch.Size([10000, 3, 32, 32]) 10000
[25/05/04 21:39:51] [eval.py:   79]: acc % [gaussian_noise4]: 22.23%
[25/05/04 21:39:51] [eval.py:   71]: resetting model
torch.Size([10000, 3, 32, 32]) 10000
[25/05/04 21:39:54] [eval.py:   79]: acc % [gaussian_noise3]: 25.70%
[25/05/04 21:39:54] [eval.py:   71]: resetting model
torch.Size([10000, 3, 32, 32]) 10000
[25/05/04 21:39:59] [eval.py:   79]: acc % [gaussian_noise2]: 30.71%
[25/05/04 21:39:59] [eval.py:   71]: resetting model
torch.Size([10000, 3, 32, 32]) 10000
[25/05/04 21:40:04] [eval.py:   79]: acc % [gaussian_noise1]: 34.94%
[25/05/04 21:40:04] [eval.py:   71]: resetting model
torch.Size([10000, 3, 32, 32]) 10000
[25/05/04 21:40:10] [eval.py:   79]: acc % [shot_noise5]: 20.62%
[25/05/04 21:40:11] [eval.py:   71]: resetting model
torch.Size([10000, 3, 32, 32]) 10000
[25/05/04 21:40:16] [eval.py:   79]: acc % [shot_noise4]: 25.66%
[25/05/04 21:40:16] [eval.py:   71]: resetting model
torch.Size([10000, 3, 32, 32]) 10000
[25/05/04 21:40:22] [eval.py:   79]: acc % [shot_noise3]: 28.84%
[25/05/04 21:40:22] [eval.py:   71]: resetting model
torch.Size([10000, 3, 32, 32]) 10000
[25/05/04 21:40:27] [eval.py:   79]: acc % [shot_noise2]: 32.34%
[25/05/04 21:40:27] [eval.py:   71]: resetting model
torch.Size([10000, 3, 32, 32]) 10000
[25/05/04 21:40:34] [eval.py:   79]: acc % [shot_noise1]: 34.67%
[25/05/04 21:40:34] [eval.py:   71]: resetting model
torch.Size([10000, 3, 32, 32]) 10000
[25/05/04 21:40:40] [eval.py:   79]: acc % [impulse_noise5]: 15.31%
[25/05/04 21:40:40] [eval.py:   71]: resetting model
torch.Size([10000, 3, 32, 32]) 10000
[25/05/04 21:40:46] [eval.py:   79]: acc % [impulse_noise4]: 21.32%
[25/05/04 21:40:46] [eval.py:   71]: resetting model
torch.Size([10000, 3, 32, 32]) 10000
[25/05/04 21:40:52] [eval.py:   79]: acc % [impulse_noise3]: 26.01%
[25/05/04 21:40:52] [eval.py:   71]: resetting model
torch.Size([10000, 3, 32, 32]) 10000
[25/05/04 21:40:57] [eval.py:   79]: acc % [impulse_noise2]: 31.66%
[25/05/04 21:40:57] [eval.py:   71]: resetting model
torch.Size([10000, 3, 32, 32]) 10000
[25/05/04 21:41:03] [eval.py:   79]: acc % [impulse_noise1]: 34.41%
[25/05/04 21:41:03] [eval.py:   71]: resetting model
torch.Size([10000, 3, 32, 32]) 10000
[25/05/04 21:41:09] [eval.py:   79]: acc % [defocus_blur5]: 24.21%
[25/05/04 21:41:09] [eval.py:   71]: resetting model
torch.Size([10000, 3, 32, 32]) 10000
[25/05/04 21:41:15] [eval.py:   79]: acc % [defocus_blur4]: 27.95%
[25/05/04 21:41:15] [eval.py:   71]: resetting model
torch.Size([10000, 3, 32, 32]) 10000
[25/05/04 21:41:20] [eval.py:   79]: acc % [defocus_blur3]: 33.74%
[25/05/04 21:41:20] [eval.py:   71]: resetting model
torch.Size([10000, 3, 32, 32]) 10000
[25/05/04 21:41:25] [eval.py:   79]: acc % [defocus_blur2]: 35.52%
[25/05/04 21:41:25] [eval.py:   71]: resetting model
torch.Size([10000, 3, 32, 32]) 10000
[25/05/04 21:41:31] [eval.py:   79]: acc % [defocus_blur1]: 35.73%
[25/05/04 21:41:31] [eval.py:   71]: resetting model
torch.Size([10000, 3, 32, 32]) 10000
[25/05/04 21:41:38] [eval.py:   79]: acc % [glass_blur5]: 18.31%
[25/05/04 21:41:38] [eval.py:   71]: resetting model
torch.Size([10000, 3, 32, 32]) 10000
[25/05/04 21:41:43] [eval.py:   79]: acc % [glass_blur4]: 24.79%
[25/05/04 21:41:43] [eval.py:   71]: resetting model
torch.Size([10000, 3, 32, 32]) 10000
[25/05/04 21:41:48] [eval.py:   79]: acc % [glass_blur3]: 30.95%
[25/05/04 21:41:48] [eval.py:   71]: resetting model
torch.Size([10000, 3, 32, 32]) 10000
[25/05/04 21:41:52] [eval.py:   79]: acc % [glass_blur2]: 33.82%
[25/05/04 21:41:52] [eval.py:   71]: resetting model
torch.Size([10000, 3, 32, 32]) 10000
[25/05/04 21:41:57] [eval.py:   79]: acc % [glass_blur1]: 35.00%
[25/05/04 21:41:57] [eval.py:   71]: resetting model
torch.Size([10000, 3, 32, 32]) 10000
[25/05/04 21:42:03] [eval.py:   79]: acc % [motion_blur5]: 30.48%
[25/05/04 21:42:03] [eval.py:   71]: resetting model
torch.Size([10000, 3, 32, 32]) 10000
[25/05/04 21:42:08] [eval.py:   79]: acc % [motion_blur4]: 32.20%
[25/05/04 21:42:08] [eval.py:   71]: resetting model
torch.Size([10000, 3, 32, 32]) 10000
[25/05/04 21:42:13] [eval.py:   79]: acc % [motion_blur3]: 33.39%
[25/05/04 21:42:13] [eval.py:   71]: resetting model
torch.Size([10000, 3, 32, 32]) 10000
[25/05/04 21:42:19] [eval.py:   79]: acc % [motion_blur2]: 34.90%
[25/05/04 21:42:19] [eval.py:   71]: resetting model
torch.Size([10000, 3, 32, 32]) 10000
[25/05/04 21:42:26] [eval.py:   79]: acc % [motion_blur1]: 35.34%
[25/05/04 21:42:26] [eval.py:   71]: resetting model
torch.Size([10000, 3, 32, 32]) 10000
[25/05/04 21:42:31] [eval.py:   79]: acc % [zoom_blur5]: 29.64%
[25/05/04 21:42:31] [eval.py:   71]: resetting model
torch.Size([10000, 3, 32, 32]) 10000
[25/05/04 21:42:36] [eval.py:   79]: acc % [zoom_blur4]: 31.25%
[25/05/04 21:42:36] [eval.py:   71]: resetting model
torch.Size([10000, 3, 32, 32]) 10000
[25/05/04 21:42:42] [eval.py:   79]: acc % [zoom_blur3]: 32.85%
[25/05/04 21:42:42] [eval.py:   71]: resetting model
torch.Size([10000, 3, 32, 32]) 10000
[25/05/04 21:42:47] [eval.py:   79]: acc % [zoom_blur2]: 34.34%
[25/05/04 21:42:47] [eval.py:   71]: resetting model
torch.Size([10000, 3, 32, 32]) 10000
[25/05/04 21:42:53] [eval.py:   79]: acc % [zoom_blur1]: 35.18%
[25/05/04 21:42:53] [eval.py:   71]: resetting model
torch.Size([10000, 3, 32, 32]) 10000
[25/05/04 21:42:58] [eval.py:   79]: acc % [snow5]: 22.16%
[25/05/04 21:42:58] [eval.py:   71]: resetting model
torch.Size([10000, 3, 32, 32]) 10000
[25/05/04 21:43:03] [eval.py:   79]: acc % [snow4]: 20.64%
[25/05/04 21:43:03] [eval.py:   71]: resetting model
torch.Size([10000, 3, 32, 32]) 10000
[25/05/04 21:43:08] [eval.py:   79]: acc % [snow3]: 26.96%
[25/05/04 21:43:08] [eval.py:   71]: resetting model
torch.Size([10000, 3, 32, 32]) 10000
[25/05/04 21:43:14] [eval.py:   79]: acc % [snow2]: 30.94%
[25/05/04 21:43:14] [eval.py:   71]: resetting model
torch.Size([10000, 3, 32, 32]) 10000
[25/05/04 21:43:19] [eval.py:   79]: acc % [snow1]: 33.61%
[25/05/04 21:43:19] [eval.py:   71]: resetting model
torch.Size([10000, 3, 32, 32]) 10000
[25/05/04 21:43:24] [eval.py:   79]: acc % [frost5]: 24.90%
[25/05/04 21:43:24] [eval.py:   71]: resetting model
torch.Size([10000, 3, 32, 32]) 10000
[25/05/04 21:43:30] [eval.py:   79]: acc % [frost4]: 26.94%
[25/05/04 21:43:30] [eval.py:   71]: resetting model
torch.Size([10000, 3, 32, 32]) 10000
[25/05/04 21:43:35] [eval.py:   79]: acc % [frost3]: 28.92%
[25/05/04 21:43:35] [eval.py:   71]: resetting model
torch.Size([10000, 3, 32, 32]) 10000
[25/05/04 21:43:41] [eval.py:   79]: acc % [frost2]: 30.20%
[25/05/04 21:43:41] [eval.py:   71]: resetting model
torch.Size([10000, 3, 32, 32]) 10000
[25/05/04 21:43:49] [eval.py:   79]: acc % [frost1]: 32.82%
[25/05/04 21:43:49] [eval.py:   71]: resetting model
torch.Size([10000, 3, 32, 32]) 10000
[25/05/04 21:43:55] [eval.py:   79]: acc % [fog5]: 15.23%
[25/05/04 21:43:55] [eval.py:   71]: resetting model
torch.Size([10000, 3, 32, 32]) 10000
[25/05/04 21:44:01] [eval.py:   79]: acc % [fog4]: 21.03%
[25/05/04 21:44:01] [eval.py:   71]: resetting model
torch.Size([10000, 3, 32, 32]) 10000
[25/05/04 21:44:07] [eval.py:   79]: acc % [fog3]: 27.30%
[25/05/04 21:44:07] [eval.py:   71]: resetting model
torch.Size([10000, 3, 32, 32]) 10000
[25/05/04 21:44:16] [eval.py:   79]: acc % [fog2]: 31.18%
[25/05/04 21:44:16] [eval.py:   71]: resetting model
torch.Size([10000, 3, 32, 32]) 10000
[25/05/04 21:44:26] [eval.py:   79]: acc % [fog1]: 34.71%
[25/05/04 21:44:26] [eval.py:   71]: resetting model
torch.Size([10000, 3, 32, 32]) 10000
[25/05/04 21:44:33] [eval.py:   79]: acc % [brightness5]: 24.65%
[25/05/04 21:44:33] [eval.py:   71]: resetting model
torch.Size([10000, 3, 32, 32]) 10000
[25/05/04 21:44:42] [eval.py:   79]: acc % [brightness4]: 28.15%
[25/05/04 21:44:42] [eval.py:   71]: resetting model
torch.Size([10000, 3, 32, 32]) 10000
[25/05/04 21:44:47] [eval.py:   79]: acc % [brightness3]: 31.74%
[25/05/04 21:44:47] [eval.py:   71]: resetting model
torch.Size([10000, 3, 32, 32]) 10000
[25/05/04 21:44:51] [eval.py:   79]: acc % [brightness2]: 34.12%
[25/05/04 21:44:51] [eval.py:   71]: resetting model
torch.Size([10000, 3, 32, 32]) 10000
[25/05/04 21:44:56] [eval.py:   79]: acc % [brightness1]: 35.73%
[25/05/04 21:44:56] [eval.py:   71]: resetting model
torch.Size([10000, 3, 32, 32]) 10000
[25/05/04 21:45:02] [eval.py:   79]: acc % [contrast5]: 2.33%
[25/05/04 21:45:02] [eval.py:   71]: resetting model
torch.Size([10000, 3, 32, 32]) 10000
[25/05/04 21:45:07] [eval.py:   79]: acc % [contrast4]: 6.58%
[25/05/04 21:45:07] [eval.py:   71]: resetting model
torch.Size([10000, 3, 32, 32]) 10000
[25/05/04 21:45:13] [eval.py:   79]: acc % [contrast3]: 16.33%
[25/05/04 21:45:13] [eval.py:   71]: resetting model
torch.Size([10000, 3, 32, 32]) 10000
[25/05/04 21:45:18] [eval.py:   79]: acc % [contrast2]: 22.96%
[25/05/04 21:45:18] [eval.py:   71]: resetting model
torch.Size([10000, 3, 32, 32]) 10000
[25/05/04 21:45:24] [eval.py:   79]: acc % [contrast1]: 27.36%
[25/05/04 21:45:24] [eval.py:   71]: resetting model
torch.Size([10000, 3, 32, 32]) 10000
[25/05/04 21:45:30] [eval.py:   79]: acc % [elastic_transform5]: 30.83%
[25/05/04 21:45:30] [eval.py:   71]: resetting model
torch.Size([10000, 3, 32, 32]) 10000
[25/05/04 21:45:37] [eval.py:   79]: acc % [elastic_transform4]: 33.63%
[25/05/04 21:45:37] [eval.py:   71]: resetting model
torch.Size([10000, 3, 32, 32]) 10000
[25/05/04 21:45:44] [eval.py:   79]: acc % [elastic_transform3]: 34.28%
[25/05/04 21:45:44] [eval.py:   71]: resetting model
torch.Size([10000, 3, 32, 32]) 10000
[25/05/04 21:45:50] [eval.py:   79]: acc % [elastic_transform2]: 34.43%
[25/05/04 21:45:50] [eval.py:   71]: resetting model
torch.Size([10000, 3, 32, 32]) 10000
[25/05/04 21:45:55] [eval.py:   79]: acc % [elastic_transform1]: 33.56%
[25/05/04 21:45:55] [eval.py:   71]: resetting model
torch.Size([10000, 3, 32, 32]) 10000
[25/05/04 21:46:00] [eval.py:   79]: acc % [pixelate5]: 36.03%
[25/05/04 21:46:00] [eval.py:   71]: resetting model
torch.Size([10000, 3, 32, 32]) 10000
[25/05/04 21:46:06] [eval.py:   79]: acc % [pixelate4]: 35.09%
[25/05/04 21:46:06] [eval.py:   71]: resetting model
torch.Size([10000, 3, 32, 32]) 10000
[25/05/04 21:46:10] [eval.py:   79]: acc % [pixelate3]: 35.69%
[25/05/04 21:46:10] [eval.py:   71]: resetting model
torch.Size([10000, 3, 32, 32]) 10000
[25/05/04 21:46:15] [eval.py:   79]: acc % [pixelate2]: 36.01%
[25/05/04 21:46:15] [eval.py:   71]: resetting model
torch.Size([10000, 3, 32, 32]) 10000
[25/05/04 21:46:20] [eval.py:   79]: acc % [pixelate1]: 36.76%
[25/05/04 21:46:20] [eval.py:   71]: resetting model
torch.Size([10000, 3, 32, 32]) 10000
[25/05/04 21:46:24] [eval.py:   79]: acc % [jpeg_compression5]: 32.18%
[25/05/04 21:46:24] [eval.py:   71]: resetting model
torch.Size([10000, 3, 32, 32]) 10000
[25/05/04 21:46:29] [eval.py:   79]: acc % [jpeg_compression4]: 34.30%
[25/05/04 21:46:29] [eval.py:   71]: resetting model
torch.Size([10000, 3, 32, 32]) 10000
[25/05/04 21:46:33] [eval.py:   79]: acc % [jpeg_compression3]: 34.89%
[25/05/04 21:46:33] [eval.py:   71]: resetting model
torch.Size([10000, 3, 32, 32]) 10000
[25/05/04 21:46:38] [eval.py:   79]: acc % [jpeg_compression2]: 35.36%
[25/05/04 21:46:38] [eval.py:   71]: resetting model
torch.Size([10000, 3, 32, 32]) 10000
[25/05/04 21:46:42] [eval.py:   79]: acc % [jpeg_compression1]: 35.40%
[25/05/04 21:46:42] [eval.py:   85]: 
                          1         2         3        4        5       avg
gaussian_noise     0.196000  0.222300  0.257000  0.30710  0.34940  0.266360
shot_noise         0.206200  0.256600  0.288400  0.32340  0.34670  0.284260
impulse_noise      0.153100  0.213200  0.260100  0.31660  0.34410  0.257420
defocus_blur       0.242100  0.279500  0.337400  0.35520  0.35730  0.314300
glass_blur         0.183100  0.247900  0.309500  0.33820  0.35000  0.285740
motion_blur        0.304800  0.322000  0.333900  0.34900  0.35340  0.332620
zoom_blur          0.296400  0.312500  0.328500  0.34340  0.35180  0.326520
snow               0.221600  0.206400  0.269600  0.30940  0.33610  0.268620
frost              0.249000  0.269400  0.289200  0.30200  0.32820  0.287560
fog                0.152300  0.210300  0.273000  0.31180  0.34710  0.258900
brightness         0.246500  0.281500  0.317400  0.34120  0.35730  0.308780
contrast           0.023300  0.065800  0.163300  0.22960  0.27360  0.151120
elastic_transform  0.308300  0.336300  0.342800  0.34430  0.33560  0.333460
pixelate           0.360300  0.350900  0.356900  0.36010  0.36760  0.359160
jpeg_compression   0.321800  0.343000  0.348900  0.35360  0.35400  0.344260
average            0.230987  0.261173  0.298393  0.32566  0.34348  0.291939
[25/05/04 21:46:42] [eval.py:  126]: resetting model
torch.Size([10000, 3, 32, 32]) 10000
[25/05/04 21:46:47] [eval.py:   47]: Test Batch Process: 1/50
[25/05/04 21:46:47] [eval.py:   47]: Test Batch Process: 2/50
[25/05/04 21:46:48] [eval.py:   47]: Test Batch Process: 3/50
[25/05/04 21:46:48] [eval.py:   47]: Test Batch Process: 4/50
[25/05/04 21:46:48] [eval.py:   47]: Test Batch Process: 5/50
[25/05/04 21:46:48] [eval.py:   47]: Test Batch Process: 6/50
[25/05/04 21:46:48] [eval.py:   47]: Test Batch Process: 7/50
[25/05/04 21:46:48] [eval.py:   47]: Test Batch Process: 8/50
[25/05/04 21:46:48] [eval.py:   47]: Test Batch Process: 9/50
[25/05/04 21:46:48] [eval.py:   47]: Test Batch Process: 10/50
[25/05/04 21:46:48] [eval.py:   47]: Test Batch Process: 11/50
[25/05/04 21:46:48] [eval.py:   47]: Test Batch Process: 12/50
[25/05/04 21:46:48] [eval.py:   47]: Test Batch Process: 13/50
[25/05/04 21:46:48] [eval.py:   47]: Test Batch Process: 14/50
[25/05/04 21:46:48] [eval.py:   47]: Test Batch Process: 15/50
[25/05/04 21:46:48] [eval.py:   47]: Test Batch Process: 16/50
[25/05/04 21:46:48] [eval.py:   47]: Test Batch Process: 17/50
[25/05/04 21:46:48] [eval.py:   47]: Test Batch Process: 18/50
[25/05/04 21:46:48] [eval.py:   47]: Test Batch Process: 19/50
[25/05/04 21:46:49] [eval.py:   47]: Test Batch Process: 20/50
[25/05/04 21:46:49] [eval.py:   47]: Test Batch Process: 21/50
[25/05/04 21:46:49] [eval.py:   47]: Test Batch Process: 22/50
[25/05/04 21:46:49] [eval.py:   47]: Test Batch Process: 23/50
[25/05/04 21:46:49] [eval.py:   47]: Test Batch Process: 24/50
[25/05/04 21:46:49] [eval.py:   47]: Test Batch Process: 25/50
[25/05/04 21:46:49] [eval.py:   47]: Test Batch Process: 26/50
[25/05/04 21:46:49] [eval.py:   47]: Test Batch Process: 27/50
[25/05/04 21:46:49] [eval.py:   47]: Test Batch Process: 28/50
[25/05/04 21:46:49] [eval.py:   47]: Test Batch Process: 29/50
[25/05/04 21:46:49] [eval.py:   47]: Test Batch Process: 30/50
[25/05/04 21:46:49] [eval.py:   47]: Test Batch Process: 31/50
[25/05/04 21:46:49] [eval.py:   47]: Test Batch Process: 32/50
[25/05/04 21:46:49] [eval.py:   47]: Test Batch Process: 33/50
[25/05/04 21:46:49] [eval.py:   47]: Test Batch Process: 34/50
[25/05/04 21:46:49] [eval.py:   47]: Test Batch Process: 35/50
[25/05/04 21:46:49] [eval.py:   47]: Test Batch Process: 36/50
[25/05/04 21:46:49] [eval.py:   47]: Test Batch Process: 37/50
[25/05/04 21:46:49] [eval.py:   47]: Test Batch Process: 38/50
[25/05/04 21:46:49] [eval.py:   47]: Test Batch Process: 39/50
[25/05/04 21:46:49] [eval.py:   47]: Test Batch Process: 40/50
[25/05/04 21:46:49] [eval.py:   47]: Test Batch Process: 41/50
[25/05/04 21:46:49] [eval.py:   47]: Test Batch Process: 42/50
[25/05/04 21:46:49] [eval.py:   47]: Test Batch Process: 43/50
[25/05/04 21:46:49] [eval.py:   47]: Test Batch Process: 44/50
[25/05/04 21:46:49] [eval.py:   47]: Test Batch Process: 45/50
[25/05/04 21:46:49] [eval.py:   47]: Test Batch Process: 46/50
[25/05/04 21:46:49] [eval.py:   47]: Test Batch Process: 47/50
[25/05/04 21:46:50] [eval.py:   47]: Test Batch Process: 48/50
[25/05/04 21:46:50] [eval.py:   47]: Test Batch Process: 49/50
[25/05/04 21:46:50] [eval.py:   47]: Test Batch Process: 50/50
[25/05/04 21:46:50] [eval.py:  145]: Test set Accuracy: 0.55
