[25/05/04 21:39:41] [utils.py:   78]: PyTorch Version: torch=2.5.0+cu124, cuda=12.4, cudnn=90100
[25/05/04 21:39:41] [utils.py:   79]: BN:
  EPS: 1e-05
  MOM: 0.1
CKPT_DIR: ./ckpt
CORRUPTION:
  DATASET: tin200
  IMG_SIZE: 64
  NUM_CHANNEL: 3
  NUM_CLASSES: 200
  NUM_EX: 10000
  SEVERITY: [5, 4, 3, 2, 1]
  TYPE: ['gaussian_noise', 'shot_noise', 'impulse_noise', 'defocus_blur', 'glass_blur', 'motion_blur', 'zoom_blur', 'snow', 'frost', 'fog', 'brightness', 'contrast', 'elastic_transform', 'pixelate', 'jpeg_compression']
CUDNN:
  BENCHMARK: True
DATA_DIR: /scratch-shared/tea/tin200
DESC: 
EATA:
  D_MARGIN: 0.05
  E_MARGIN: 2.763102111592855
  FISHER_ALPHA: 2000.0
  FISHER_SIZE: 2000
  USE_FISHER: False
EBM:
  BUFFER_SIZE: 10000
  REINIT_FREQ: 0.05
  SGLD_LR: 1.0
  SGLD_STD: 0.01
  STEPS: 20
  UNCOND: uncond
LOG_DEST: tent_bn_adam-1-0.001-200_250504-213941.txt
LOG_TIME: 250504-213941
MODEL:
  ADAPTATION: tent
  ADA_PARAM: ['bn']
  ARCH: WRN2810_BN
  EPISODIC: False
OPTIM:
  BATCH_SIZE: 200
  BETA: 0.9
  DAMPENING: 0.0
  LR: 0.001
  METHOD: Adam
  MOMENTUM: 0.9
  NESTEROV: True
  STEPS: 1
  TRAIN_STEPS: 2500000
  WARMUP_STEPS: 0
  WD: 0.0
PL:
  ALPHA: 0.1
  THRESHOLD: 0.9
RNG_SEED: 91
SAR:
  MARGIN_E0: 2.763102111592855
SAVE_DIR: ./save/tin200/bn-wrn-28-10
SHOT:
  CLF_COEFF: 0.1
  THRESHOLD: 0.9
TEST:
  
/gpfs/home5/scur2578/tea/main.py:35: FutureWarning: You are using `torch.load` with `weights_only=False` (the current default value), which uses the default pickle module implicitly. It is possible to construct malicious pickle data which will execute arbitrary code during unpickling (See https://github.com/pytorch/pytorch/blob/main/SECURITY.md#untrusted-models for more details). In a future release, the default value for `weights_only` will be flipped to `True`. This limits the functions that could be executed during unpickling. Arbitrary objects will no longer be allowed to be loaded via this mode unless they are explicitly allowlisted by the user via `torch.serialization.add_safe_globals`. We recommend you start setting `weights_only=True` for any use case where you don't have full control of the loaded file. Please open an issue on GitHub for any issues related to this experimental feature.
  ckpt = torch.load(os.path.join(cfg.CKPT_DIR ,'{}/{}.pth'.format(cfg.CORRUPTION.DATASET, cfg.MODEL.ARCH)))
[25/05/04 21:39:43] [main.py:   79]: test-time adaptation: TENT
[25/05/04 21:39:43] [param.py:   18]: adapting weights of batch-normalization layer
[25/05/04 21:39:43] [setada.py:   49]: model for adaptation: WideResNet(
  (conv1): Conv2d(3, 16, kernel_size=(3, 3), stride=(1, 1), padding=(1, 1), bias=False)
  (block1): NetworkBlock(
    (layer): Sequential(
      (0): BasicBlock(
        (bn1): BatchNorm2d(16, eps=1e-05, momentum=0.1, affine=True, track_running_stats=False)
        (relu1): ReLU(inplace=True)
        (conv1): Conv2d(16, 160, kernel_size=(3, 3), stride=(1, 1), padding=(1, 1), bias=False)
        (bn2): BatchNorm2d(160, eps=1e-05, momentum=0.1, affine=True, track_running_stats=False)
        (relu2): ReLU(inplace=True)
        (conv2): Conv2d(160, 160, kernel_size=(3, 3), stride=(1, 1), padding=(1, 1), bias=False)
        (convShortcut): Conv2d(16, 160, kernel_size=(1, 1), stride=(1, 1), bias=False)
      )
      (1): BasicBlock(
        (bn1): BatchNorm2d(160, eps=1e-05, momentum=0.1, affine=True, track_running_stats=False)
        (relu1): ReLU(inplace=True)
        (conv1): Conv2d(160, 160, kernel_size=(3, 3), stride=(1, 1), padding=(1, 1), bias=False)
        (bn2): BatchNorm2d(160, eps=1e-05, momentum=0.1, affine=True, track_running_stats=False)
        (relu2): ReLU(inplace=True)
        (conv2): Conv2d(160, 160, kernel_size=(3, 3), stride=(1, 1), padding=(1, 1), bias=False)
      )
      (2): BasicBlock(
        (bn1): BatchNorm2d(160, eps=1e-05, momentum=0.1, affine=True, track_running_stats=False)
        (relu1): ReLU(inplace=True)
        (conv1): Conv2d(160, 160, kernel_size=(3, 3), stride=(1, 1), padding=(1, 1), bias=False)
        (bn2): BatchNorm2d(160, eps=1e-05, momentum=0.1, affine=True, track_running_stats=False)
        (relu2): ReLU(inplace=True)
        (conv2): Conv2d(160, 160, kernel_size=(3, 3), stride=(1, 1), padding=(1, 1), bias=False)
      )
      (3): BasicBlock(
        (bn1): BatchNorm2d(160, eps=1e-05, momentum=0.1, affine=True, track_running_stats=False)
        (relu1): ReLU(inplace=True)
        (conv1): Conv2d(160, 160, kernel_size=(3, 3), stride=(1, 1), padding=(1, 1), bias=False)
        (bn2): BatchNorm2d(160, eps=1e-05, momentum=0.1, affine=True, track_running_stats=False)
        (relu2): ReLU(inplace=True)
        (conv2): Conv2d(160, 160, kernel_size=(3, 3), stride=(1, 1), padding=(1, 1), bias=False)
      )
    )
  )
  (block2): NetworkBlock(
    (layer): Sequential(
      (0): BasicBlock(
        (bn1): BatchNorm2d(160, eps=1e-05, momentum=0.1, affine=True, track_running_stats=False)
        (relu1): ReLU(inplace=True)
        (conv1): Conv2d(160, 320, kernel_size=(3, 3), stride=(2, 2), padding=(1, 1), bias=False)
        (bn2): BatchNorm2d(320, eps=1e-05, momentum=0.1, affine=True, track_running_stats=False)
        (relu2): ReLU(inplace=True)
        (conv2): Conv2d(320, 320, kernel_size=(3, 3), stride=(1, 1), padding=(1, 1), bias=False)
        (convShortcut): Conv2d(160, 320, kernel_size=(1, 1), stride=(2, 2), bias=False)
      )
      (1): BasicBlock(
        (bn1): BatchNorm2d(320, eps=1e-05, momentum=0.1, affine=True, track_running_stats=False)
        (relu1): ReLU(inplace=True)
        (conv1): Conv2d(320, 320, kernel_size=(3, 3), stride=(1, 1), padding=(1, 1), bias=False)
        (bn2): BatchNorm2d(320, eps=1e-05, momentum=0.1, affine=True, track_running_stats=False)
        (relu2): ReLU(inplace=True)
        (conv2): Conv2d(320, 320, kernel_size=(3, 3), stride=(1, 1), padding=(1, 1), bias=False)
      )
      (2): BasicBlock(
        (bn1): BatchNorm2d(320, eps=1e-05, momentum=0.1, affine=True, track_running_stats=False)
        (relu1): ReLU(inplace=True)
        (conv1): Conv2d(320, 320, kernel_size=(3, 3), stride=(1, 1), padding=(1, 1), bias=False)
        (bn2): BatchNorm2d(320, eps=1e-05, momentum=0.1, affine=True, track_running_stats=False)
        (relu2): ReLU(inplace=True)
        (conv2): Conv2d(320, 320, kernel_size=(3, 3), stride=(1, 1), padding=(1, 1), bias=False)
      )
      (3): BasicBlock(
        (bn1): BatchNorm2d(320, eps=1e-05, momentum=0.1, affine=True, track_running_stats=False)
        (relu1): ReLU(inplace=True)
        (conv1): Conv2d(320, 320, kernel_size=(3, 3), stride=(1, 1), padding=(1, 1), bias=False)
        (bn2): BatchNorm2d(320, eps=1e-05, momentum=0.1, affine=True, track_running_stats=False)
        (relu2): ReLU(inplace=True)
        (conv2): Conv2d(320, 320, kernel_size=(3, 3), stride=(1, 1), padding=(1, 1), bias=False)
      )
    )
  )
  (block3): NetworkBlock(
    (layer): Sequential(
      (0): BasicBlock(
        (bn1): BatchNorm2d(320, eps=1e-05, momentum=0.1, affine=True, track_running_stats=False)
        (relu1): ReLU(inplace=True)
        (conv1): Conv2d(320, 640, kernel_size=(3, 3), stride=(2, 2), padding=(1, 1), bias=False)
        (bn2): BatchNorm2d(640, eps=1e-05, momentum=0.1, affine=True, track_running_stats=False)
        (relu2): ReLU(inplace=True)
        (conv2): Conv2d(640, 640, kernel_size=(3, 3), stride=(1, 1), padding=(1, 1), bias=False)
        (convShortcut): Conv2d(320, 640, kernel_size=(1, 1), stride=(2, 2), bias=False)
      )
      (1): BasicBlock(
        (bn1): BatchNorm2d(640, eps=1e-05, momentum=0.1, affine=True, track_running_stats=False)
        (relu1): ReLU(inplace=True)
        (conv1): Conv2d(640, 640, kernel_size=(3, 3), stride=(1, 1), padding=(1, 1), bias=False)
        (bn2): BatchNorm2d(640, eps=1e-05, momentum=0.1, affine=True, track_running_stats=False)
        (relu2): ReLU(inplace=True)
        (conv2): Conv2d(640, 640, kernel_size=(3, 3), stride=(1, 1), padding=(1, 1), bias=False)
      )
      (2): BasicBlock(
        (bn1): BatchNorm2d(640, eps=1e-05, momentum=0.1, affine=True, track_running_stats=False)
        (relu1): ReLU(inplace=True)
        (conv1): Conv2d(640, 640, kernel_size=(3, 3), stride=(1, 1), padding=(1, 1), bias=False)
        (bn2): BatchNorm2d(640, eps=1e-05, momentum=0.1, affine=True, track_running_stats=False)
        (relu2): ReLU(inplace=True)
        (conv2): Conv2d(640, 640, kernel_size=(3, 3), stride=(1, 1), padding=(1, 1), bias=False)
      )
      (3): BasicBlock(
        (bn1): BatchNorm2d(640, eps=1e-05, momentum=0.1, affine=True, track_running_stats=False)
        (relu1): ReLU(inplace=True)
        (conv1): Conv2d(640, 640, kernel_size=(3, 3), stride=(1, 1), padding=(1, 1), bias=False)
        (bn2): BatchNorm2d(640, eps=1e-05, momentum=0.1, affine=True, track_running_stats=False)
        (relu2): ReLU(inplace=True)
        (conv2): Conv2d(640, 640, kernel_size=(3, 3), stride=(1, 1), padding=(1, 1), bias=False)
      )
    )
  )
  (bn1): BatchNorm2d(640, eps=1e-05, momentum=0.1, affine=True, track_running_stats=False)
  (relu): ReLU(inplace=True)
  (fc): Linear(in_features=640, out_features=200, bias=True)
)
[25/05/04 21:39:43] [setada.py:   50]: params for adaptation: ['block1.layer.0.bn1.weight', 'block1.layer.0.bn1.bias', 'block1.layer.0.bn2.weight', 'block1.layer.0.bn2.bias', 'block1.layer.1.bn1.weight', 'block1.layer.1.bn1.bias', 'block1.layer.1.bn2.weight', 'block1.layer.1.bn2.bias', 'block1.layer.2.bn1.weight', 'block1.layer.2.bn1.bias', 'block1.layer.2.bn2.weight', 'block1.layer.2.bn2.bias', 'block1.layer.3.bn1.weight', 'block1.layer.3.bn1.bias', 'block1.layer.3.bn2.weight', 'block1.layer.3.bn2.bias', 'block2.layer.0.bn1.weight', 'block2.layer.0.bn1.bias', 'block2.layer.0.bn2.weight', 'block2.layer.0.bn2.bias', 'block2.layer.1.bn1.weight', 'block2.layer.1.bn1.bias', 'block2.layer.1.bn2.weight', 'block2.layer.1.bn2.bias', 'block2.layer.2.bn1.weight', 'block2.layer.2.bn1.bias', 'block2.layer.2.bn2.weight', 'block2.layer.2.bn2.bias', 'block2.layer.3.bn1.weight', 'block2.layer.3.bn1.bias', 'block2.layer.3.bn2.weight', 'block2.layer.3.bn2.bias', 'block3.layer.0.bn1.weight', 'block3.layer.0.bn1.bias', 'block3.layer.0.bn2.weight', 'block3.layer.0.bn2.bias', 'block3.layer.1.bn1.weight', 'block3.layer.1.bn1.bias', 'block3.layer.1.bn2.weight', 'block3.layer.1.bn2.bias', 'block3.layer.2.bn1.weight', 'block3.layer.2.bn1.bias', 'block3.layer.2.bn2.weight', 'block3.layer.2.bn2.bias', 'block3.layer.3.bn1.weight', 'block3.layer.3.bn1.bias', 'block3.layer.3.bn2.weight', 'block3.layer.3.bn2.bias', 'bn1.weight', 'bn1.bias']
[25/05/04 21:39:43] [setada.py:   51]: optimizer for adaptation: Adam (
Parameter Group 0
    amsgrad: False
    betas: (0.9, 0.999)
    capturable: False
    differentiable: False
    eps: 1e-08
    foreach: None
    fused: None
    lr: 0.001
    maximize: False
    weight_decay: 0.0
)
[25/05/04 21:39:43] [eval.py:   71]: resetting model
Building model...
[25/05/04 21:39:49] [eval.py:   79]: acc % [gaussian_noise5]: 21.19%
[25/05/04 21:39:49] [eval.py:   71]: resetting model
torch.Size([10000, 3, 32, 32]) 10000
[25/05/04 21:39:55] [eval.py:   79]: acc % [gaussian_noise4]: 24.48%
[25/05/04 21:39:55] [eval.py:   71]: resetting model
torch.Size([10000, 3, 32, 32]) 10000
[25/05/04 21:40:00] [eval.py:   79]: acc % [gaussian_noise3]: 27.79%
[25/05/04 21:40:00] [eval.py:   71]: resetting model
torch.Size([10000, 3, 32, 32]) 10000
[25/05/04 21:40:06] [eval.py:   79]: acc % [gaussian_noise2]: 32.09%
[25/05/04 21:40:06] [eval.py:   71]: resetting model
torch.Size([10000, 3, 32, 32]) 10000
[25/05/04 21:40:11] [eval.py:   79]: acc % [gaussian_noise1]: 35.91%
[25/05/04 21:40:11] [eval.py:   71]: resetting model
torch.Size([10000, 3, 32, 32]) 10000
[25/05/04 21:40:17] [eval.py:   79]: acc % [shot_noise5]: 22.50%
[25/05/04 21:40:17] [eval.py:   71]: resetting model
torch.Size([10000, 3, 32, 32]) 10000
[25/05/04 21:40:22] [eval.py:   79]: acc % [shot_noise4]: 27.32%
[25/05/04 21:40:22] [eval.py:   71]: resetting model
torch.Size([10000, 3, 32, 32]) 10000
[25/05/04 21:40:27] [eval.py:   79]: acc % [shot_noise3]: 30.32%
[25/05/04 21:40:27] [eval.py:   71]: resetting model
torch.Size([10000, 3, 32, 32]) 10000
[25/05/04 21:40:33] [eval.py:   79]: acc % [shot_noise2]: 33.46%
[25/05/04 21:40:33] [eval.py:   71]: resetting model
torch.Size([10000, 3, 32, 32]) 10000
[25/05/04 21:40:38] [eval.py:   79]: acc % [shot_noise1]: 35.50%
[25/05/04 21:40:38] [eval.py:   71]: resetting model
torch.Size([10000, 3, 32, 32]) 10000
[25/05/04 21:40:44] [eval.py:   79]: acc % [impulse_noise5]: 16.26%
[25/05/04 21:40:44] [eval.py:   71]: resetting model
torch.Size([10000, 3, 32, 32]) 10000
[25/05/04 21:40:49] [eval.py:   79]: acc % [impulse_noise4]: 22.64%
[25/05/04 21:40:49] [eval.py:   71]: resetting model
torch.Size([10000, 3, 32, 32]) 10000
[25/05/04 21:40:54] [eval.py:   79]: acc % [impulse_noise3]: 27.68%
[25/05/04 21:40:54] [eval.py:   71]: resetting model
torch.Size([10000, 3, 32, 32]) 10000
[25/05/04 21:41:00] [eval.py:   79]: acc % [impulse_noise2]: 33.03%
[25/05/04 21:41:00] [eval.py:   71]: resetting model
torch.Size([10000, 3, 32, 32]) 10000
[25/05/04 21:41:05] [eval.py:   79]: acc % [impulse_noise1]: 34.78%
[25/05/04 21:41:05] [eval.py:   71]: resetting model
torch.Size([10000, 3, 32, 32]) 10000
[25/05/04 21:41:11] [eval.py:   79]: acc % [defocus_blur5]: 25.72%
[25/05/04 21:41:11] [eval.py:   71]: resetting model
torch.Size([10000, 3, 32, 32]) 10000
[25/05/04 21:41:17] [eval.py:   79]: acc % [defocus_blur4]: 29.22%
[25/05/04 21:41:17] [eval.py:   71]: resetting model
torch.Size([10000, 3, 32, 32]) 10000
[25/05/04 21:41:22] [eval.py:   79]: acc % [defocus_blur3]: 35.01%
[25/05/04 21:41:22] [eval.py:   71]: resetting model
torch.Size([10000, 3, 32, 32]) 10000
[25/05/04 21:41:28] [eval.py:   79]: acc % [defocus_blur2]: 36.42%
[25/05/04 21:41:28] [eval.py:   71]: resetting model
torch.Size([10000, 3, 32, 32]) 10000
[25/05/04 21:41:33] [eval.py:   79]: acc % [defocus_blur1]: 36.73%
[25/05/04 21:41:33] [eval.py:   71]: resetting model
torch.Size([10000, 3, 32, 32]) 10000
[25/05/04 21:41:41] [eval.py:   79]: acc % [glass_blur5]: 19.94%
[25/05/04 21:41:41] [eval.py:   71]: resetting model
torch.Size([10000, 3, 32, 32]) 10000
[25/05/04 21:41:46] [eval.py:   79]: acc % [glass_blur4]: 25.93%
[25/05/04 21:41:46] [eval.py:   71]: resetting model
torch.Size([10000, 3, 32, 32]) 10000
[25/05/04 21:41:51] [eval.py:   79]: acc % [glass_blur3]: 32.11%
[25/05/04 21:41:51] [eval.py:   71]: resetting model
torch.Size([10000, 3, 32, 32]) 10000
[25/05/04 21:41:57] [eval.py:   79]: acc % [glass_blur2]: 34.58%
[25/05/04 21:41:57] [eval.py:   71]: resetting model
torch.Size([10000, 3, 32, 32]) 10000
[25/05/04 21:42:02] [eval.py:   79]: acc % [glass_blur1]: 36.11%
[25/05/04 21:42:02] [eval.py:   71]: resetting model
torch.Size([10000, 3, 32, 32]) 10000
[25/05/04 21:42:07] [eval.py:   79]: acc % [motion_blur5]: 31.14%
[25/05/04 21:42:07] [eval.py:   71]: resetting model
torch.Size([10000, 3, 32, 32]) 10000
[25/05/04 21:42:13] [eval.py:   79]: acc % [motion_blur4]: 32.99%
[25/05/04 21:42:13] [eval.py:   71]: resetting model
torch.Size([10000, 3, 32, 32]) 10000
[25/05/04 21:42:18] [eval.py:   79]: acc % [motion_blur3]: 34.07%
[25/05/04 21:42:18] [eval.py:   71]: resetting model
torch.Size([10000, 3, 32, 32]) 10000
[25/05/04 21:42:23] [eval.py:   79]: acc % [motion_blur2]: 35.54%
[25/05/04 21:42:23] [eval.py:   71]: resetting model
torch.Size([10000, 3, 32, 32]) 10000
[25/05/04 21:42:29] [eval.py:   79]: acc % [motion_blur1]: 36.37%
[25/05/04 21:42:29] [eval.py:   71]: resetting model
torch.Size([10000, 3, 32, 32]) 10000
[25/05/04 21:42:34] [eval.py:   79]: acc % [zoom_blur5]: 30.94%
[25/05/04 21:42:34] [eval.py:   71]: resetting model
torch.Size([10000, 3, 32, 32]) 10000
[25/05/04 21:42:40] [eval.py:   79]: acc % [zoom_blur4]: 32.49%
[25/05/04 21:42:40] [eval.py:   71]: resetting model
torch.Size([10000, 3, 32, 32]) 10000
[25/05/04 21:42:45] [eval.py:   79]: acc % [zoom_blur3]: 34.33%
[25/05/04 21:42:45] [eval.py:   71]: resetting model
torch.Size([10000, 3, 32, 32]) 10000
[25/05/04 21:42:50] [eval.py:   79]: acc % [zoom_blur2]: 35.36%
[25/05/04 21:42:50] [eval.py:   71]: resetting model
torch.Size([10000, 3, 32, 32]) 10000
[25/05/04 21:42:56] [eval.py:   79]: acc % [zoom_blur1]: 36.28%
[25/05/04 21:42:56] [eval.py:   71]: resetting model
torch.Size([10000, 3, 32, 32]) 10000
[25/05/04 21:43:01] [eval.py:   79]: acc % [snow5]: 23.67%
[25/05/04 21:43:01] [eval.py:   71]: resetting model
torch.Size([10000, 3, 32, 32]) 10000
[25/05/04 21:43:06] [eval.py:   79]: acc % [snow4]: 22.22%
[25/05/04 21:43:06] [eval.py:   71]: resetting model
torch.Size([10000, 3, 32, 32]) 10000
[25/05/04 21:43:12] [eval.py:   79]: acc % [snow3]: 28.31%
[25/05/04 21:43:12] [eval.py:   71]: resetting model
torch.Size([10000, 3, 32, 32]) 10000
[25/05/04 21:43:17] [eval.py:   79]: acc % [snow2]: 32.18%
[25/05/04 21:43:17] [eval.py:   71]: resetting model
torch.Size([10000, 3, 32, 32]) 10000
[25/05/04 21:43:23] [eval.py:   79]: acc % [snow1]: 34.55%
[25/05/04 21:43:23] [eval.py:   71]: resetting model
torch.Size([10000, 3, 32, 32]) 10000
[25/05/04 21:43:28] [eval.py:   79]: acc % [frost5]: 25.70%
[25/05/04 21:43:28] [eval.py:   71]: resetting model
torch.Size([10000, 3, 32, 32]) 10000
[25/05/04 21:43:33] [eval.py:   79]: acc % [frost4]: 28.00%
[25/05/04 21:43:33] [eval.py:   71]: resetting model
torch.Size([10000, 3, 32, 32]) 10000
[25/05/04 21:43:39] [eval.py:   79]: acc % [frost3]: 30.07%
[25/05/04 21:43:39] [eval.py:   71]: resetting model
torch.Size([10000, 3, 32, 32]) 10000
[25/05/04 21:43:44] [eval.py:   79]: acc % [frost2]: 31.54%
[25/05/04 21:43:44] [eval.py:   71]: resetting model
torch.Size([10000, 3, 32, 32]) 10000
[25/05/04 21:43:51] [eval.py:   79]: acc % [frost1]: 33.81%
[25/05/04 21:43:51] [eval.py:   71]: resetting model
torch.Size([10000, 3, 32, 32]) 10000
[25/05/04 21:43:57] [eval.py:   79]: acc % [fog5]: 17.35%
[25/05/04 21:43:57] [eval.py:   71]: resetting model
torch.Size([10000, 3, 32, 32]) 10000
[25/05/04 21:44:03] [eval.py:   79]: acc % [fog4]: 22.85%
[25/05/04 21:44:03] [eval.py:   71]: resetting model
torch.Size([10000, 3, 32, 32]) 10000
[25/05/04 21:44:09] [eval.py:   79]: acc % [fog3]: 29.33%
[25/05/04 21:44:09] [eval.py:   71]: resetting model
torch.Size([10000, 3, 32, 32]) 10000
[25/05/04 21:44:18] [eval.py:   79]: acc % [fog2]: 32.81%
[25/05/04 21:44:18] [eval.py:   71]: resetting model
torch.Size([10000, 3, 32, 32]) 10000
[25/05/04 21:44:28] [eval.py:   79]: acc % [fog1]: 35.70%
[25/05/04 21:44:28] [eval.py:   71]: resetting model
torch.Size([10000, 3, 32, 32]) 10000
[25/05/04 21:44:35] [eval.py:   79]: acc % [brightness5]: 25.41%
[25/05/04 21:44:35] [eval.py:   71]: resetting model
torch.Size([10000, 3, 32, 32]) 10000
[25/05/04 21:44:44] [eval.py:   79]: acc % [brightness4]: 29.91%
[25/05/04 21:44:44] [eval.py:   71]: resetting model
torch.Size([10000, 3, 32, 32]) 10000
[25/05/04 21:44:49] [eval.py:   79]: acc % [brightness3]: 33.26%
[25/05/04 21:44:49] [eval.py:   71]: resetting model
torch.Size([10000, 3, 32, 32]) 10000
[25/05/04 21:44:55] [eval.py:   79]: acc % [brightness2]: 35.21%
[25/05/04 21:44:55] [eval.py:   71]: resetting model
torch.Size([10000, 3, 32, 32]) 10000
[25/05/04 21:45:00] [eval.py:   79]: acc % [brightness1]: 36.48%
[25/05/04 21:45:00] [eval.py:   71]: resetting model
torch.Size([10000, 3, 32, 32]) 10000
[25/05/04 21:45:05] [eval.py:   79]: acc % [contrast5]: 2.66%
[25/05/04 21:45:05] [eval.py:   71]: resetting model
torch.Size([10000, 3, 32, 32]) 10000
[25/05/04 21:45:11] [eval.py:   79]: acc % [contrast4]: 7.50%
[25/05/04 21:45:11] [eval.py:   71]: resetting model
torch.Size([10000, 3, 32, 32]) 10000
[25/05/04 21:45:16] [eval.py:   79]: acc % [contrast3]: 17.65%
[25/05/04 21:45:16] [eval.py:   71]: resetting model
torch.Size([10000, 3, 32, 32]) 10000
[25/05/04 21:45:21] [eval.py:   79]: acc % [contrast2]: 23.91%
[25/05/04 21:45:21] [eval.py:   71]: resetting model
torch.Size([10000, 3, 32, 32]) 10000
[25/05/04 21:45:27] [eval.py:   79]: acc % [contrast1]: 28.35%
[25/05/04 21:45:27] [eval.py:   71]: resetting model
torch.Size([10000, 3, 32, 32]) 10000
[25/05/04 21:45:32] [eval.py:   79]: acc % [elastic_transform5]: 31.89%
[25/05/04 21:45:32] [eval.py:   71]: resetting model
torch.Size([10000, 3, 32, 32]) 10000
[25/05/04 21:45:39] [eval.py:   79]: acc % [elastic_transform4]: 34.62%
[25/05/04 21:45:39] [eval.py:   71]: resetting model
torch.Size([10000, 3, 32, 32]) 10000
[25/05/04 21:45:46] [eval.py:   79]: acc % [elastic_transform3]: 34.98%
[25/05/04 21:45:46] [eval.py:   71]: resetting model
torch.Size([10000, 3, 32, 32]) 10000
[25/05/04 21:45:52] [eval.py:   79]: acc % [elastic_transform2]: 35.10%
[25/05/04 21:45:52] [eval.py:   71]: resetting model
torch.Size([10000, 3, 32, 32]) 10000
[25/05/04 21:45:57] [eval.py:   79]: acc % [elastic_transform1]: 34.68%
[25/05/04 21:45:57] [eval.py:   71]: resetting model
torch.Size([10000, 3, 32, 32]) 10000
[25/05/04 21:46:03] [eval.py:   79]: acc % [pixelate5]: 36.82%
[25/05/04 21:46:03] [eval.py:   71]: resetting model
torch.Size([10000, 3, 32, 32]) 10000
[25/05/04 21:46:08] [eval.py:   79]: acc % [pixelate4]: 36.25%
[25/05/04 21:46:08] [eval.py:   71]: resetting model
torch.Size([10000, 3, 32, 32]) 10000
[25/05/04 21:46:14] [eval.py:   79]: acc % [pixelate3]: 36.59%
[25/05/04 21:46:14] [eval.py:   71]: resetting model
torch.Size([10000, 3, 32, 32]) 10000
[25/05/04 21:46:19] [eval.py:   79]: acc % [pixelate2]: 37.10%
[25/05/04 21:46:19] [eval.py:   71]: resetting model
torch.Size([10000, 3, 32, 32]) 10000
[25/05/04 21:46:24] [eval.py:   79]: acc % [pixelate1]: 37.12%
[25/05/04 21:46:24] [eval.py:   71]: resetting model
torch.Size([10000, 3, 32, 32]) 10000
[25/05/04 21:46:30] [eval.py:   79]: acc % [jpeg_compression5]: 33.01%
[25/05/04 21:46:30] [eval.py:   71]: resetting model
torch.Size([10000, 3, 32, 32]) 10000
[25/05/04 21:46:35] [eval.py:   79]: acc % [jpeg_compression4]: 34.89%
[25/05/04 21:46:35] [eval.py:   71]: resetting model
torch.Size([10000, 3, 32, 32]) 10000
[25/05/04 21:46:41] [eval.py:   79]: acc % [jpeg_compression3]: 35.52%
[25/05/04 21:46:41] [eval.py:   71]: resetting model
torch.Size([10000, 3, 32, 32]) 10000
[25/05/04 21:46:46] [eval.py:   79]: acc % [jpeg_compression2]: 35.76%
[25/05/04 21:46:46] [eval.py:   71]: resetting model
torch.Size([10000, 3, 32, 32]) 10000
[25/05/04 21:46:51] [eval.py:   79]: acc % [jpeg_compression1]: 36.19%
[25/05/04 21:46:51] [eval.py:   85]: 
                        1         2         3        4         5       avg
gaussian_noise     0.2119  0.244800  0.277900  0.32090  0.359100  0.282920
shot_noise         0.2250  0.273200  0.303200  0.33460  0.355000  0.298200
impulse_noise      0.1626  0.226400  0.276800  0.33030  0.347800  0.268780
defocus_blur       0.2572  0.292200  0.350100  0.36420  0.367300  0.326200
glass_blur         0.1994  0.259300  0.321100  0.34580  0.361100  0.297340
motion_blur        0.3114  0.329900  0.340700  0.35540  0.363700  0.340220
zoom_blur          0.3094  0.324900  0.343300  0.35360  0.362800  0.338800
snow               0.2367  0.222200  0.283100  0.32180  0.345500  0.281860
frost              0.2570  0.280000  0.300700  0.31540  0.338100  0.298240
fog                0.1735  0.228500  0.293300  0.32810  0.357000  0.276080
brightness         0.2541  0.299100  0.332600  0.35210  0.364800  0.320540
contrast           0.0266  0.075000  0.176500  0.23910  0.283500  0.160140
elastic_transform  0.3189  0.346200  0.349800  0.35100  0.346800  0.342540
pixelate           0.3682  0.362500  0.365900  0.37100  0.371200  0.367760
jpeg_compression   0.3301  0.348900  0.355200  0.35760  0.361900  0.350740
average            0.2428  0.274207  0.311347  0.33606  0.352373  0.303357
[25/05/04 21:46:51] [eval.py:  126]: resetting model
torch.Size([10000, 3, 32, 32]) 10000
[25/05/04 21:46:52] [eval.py:   47]: Test Batch Process: 1/50
[25/05/04 21:46:52] [eval.py:   47]: Test Batch Process: 2/50
[25/05/04 21:46:52] [eval.py:   47]: Test Batch Process: 3/50
[25/05/04 21:46:52] [eval.py:   47]: Test Batch Process: 4/50
[25/05/04 21:46:52] [eval.py:   47]: Test Batch Process: 5/50
[25/05/04 21:46:53] [eval.py:   47]: Test Batch Process: 6/50
[25/05/04 21:46:53] [eval.py:   47]: Test Batch Process: 7/50
[25/05/04 21:46:53] [eval.py:   47]: Test Batch Process: 8/50
[25/05/04 21:46:53] [eval.py:   47]: Test Batch Process: 9/50
[25/05/04 21:46:53] [eval.py:   47]: Test Batch Process: 10/50
[25/05/04 21:46:53] [eval.py:   47]: Test Batch Process: 11/50
[25/05/04 21:46:53] [eval.py:   47]: Test Batch Process: 12/50
[25/05/04 21:46:53] [eval.py:   47]: Test Batch Process: 13/50
[25/05/04 21:46:53] [eval.py:   47]: Test Batch Process: 14/50
[25/05/04 21:46:53] [eval.py:   47]: Test Batch Process: 15/50
[25/05/04 21:46:53] [eval.py:   47]: Test Batch Process: 16/50
[25/05/04 21:46:53] [eval.py:   47]: Test Batch Process: 17/50
[25/05/04 21:46:53] [eval.py:   47]: Test Batch Process: 18/50
[25/05/04 21:46:53] [eval.py:   47]: Test Batch Process: 19/50
[25/05/04 21:46:54] [eval.py:   47]: Test Batch Process: 20/50
[25/05/04 21:46:54] [eval.py:   47]: Test Batch Process: 21/50
[25/05/04 21:46:54] [eval.py:   47]: Test Batch Process: 22/50
[25/05/04 21:46:54] [eval.py:   47]: Test Batch Process: 23/50
[25/05/04 21:46:54] [eval.py:   47]: Test Batch Process: 24/50
[25/05/04 21:46:54] [eval.py:   47]: Test Batch Process: 25/50
[25/05/04 21:46:54] [eval.py:   47]: Test Batch Process: 26/50
[25/05/04 21:46:54] [eval.py:   47]: Test Batch Process: 27/50
[25/05/04 21:46:54] [eval.py:   47]: Test Batch Process: 28/50
[25/05/04 21:46:54] [eval.py:   47]: Test Batch Process: 29/50
[25/05/04 21:46:54] [eval.py:   47]: Test Batch Process: 30/50
[25/05/04 21:46:54] [eval.py:   47]: Test Batch Process: 31/50
[25/05/04 21:46:54] [eval.py:   47]: Test Batch Process: 32/50
[25/05/04 21:46:55] [eval.py:   47]: Test Batch Process: 33/50
[25/05/04 21:46:55] [eval.py:   47]: Test Batch Process: 34/50
[25/05/04 21:46:55] [eval.py:   47]: Test Batch Process: 35/50
[25/05/04 21:46:55] [eval.py:   47]: Test Batch Process: 36/50
[25/05/04 21:46:55] [eval.py:   47]: Test Batch Process: 37/50
[25/05/04 21:46:55] [eval.py:   47]: Test Batch Process: 38/50
[25/05/04 21:46:55] [eval.py:   47]: Test Batch Process: 39/50
[25/05/04 21:46:55] [eval.py:   47]: Test Batch Process: 40/50
[25/05/04 21:46:55] [eval.py:   47]: Test Batch Process: 41/50
[25/05/04 21:46:55] [eval.py:   47]: Test Batch Process: 42/50
[25/05/04 21:46:55] [eval.py:   47]: Test Batch Process: 43/50
[25/05/04 21:46:55] [eval.py:   47]: Test Batch Process: 44/50
[25/05/04 21:46:55] [eval.py:   47]: Test Batch Process: 45/50
[25/05/04 21:46:55] [eval.py:   47]: Test Batch Process: 46/50
[25/05/04 21:46:56] [eval.py:   47]: Test Batch Process: 47/50
[25/05/04 21:46:56] [eval.py:   47]: Test Batch Process: 48/50
[25/05/04 21:46:56] [eval.py:   47]: Test Batch Process: 49/50
[25/05/04 21:46:56] [eval.py:   47]: Test Batch Process: 50/50
[25/05/04 21:46:56] [eval.py:  145]: Test set Accuracy: 0.55
