[25/05/04 21:39:38] [utils.py:   78]: PyTorch Version: torch=2.5.0+cu124, cuda=12.4, cudnn=90100
[25/05/04 21:39:38] [utils.py:   79]: BN:
  EPS: 1e-05
  MOM: 0.1
CKPT_DIR: ./ckpt
CORRUPTION:
  DATASET: tin200
  IMG_SIZE: 64
  NUM_CHANNEL: 3
  NUM_CLASSES: 200
  NUM_EX: 10000
  SEVERITY: [5, 4, 3, 2, 1]
  TYPE: ['gaussian_noise', 'shot_noise', 'impulse_noise', 'defocus_blur', 'glass_blur', 'motion_blur', 'zoom_blur', 'snow', 'frost', 'fog', 'brightness', 'contrast', 'elastic_transform', 'pixelate', 'jpeg_compression']
CUDNN:
  BENCHMARK: True
DATA_DIR: /scratch-shared/tea/tin200
DESC: 
EATA:
  D_MARGIN: 0.05
  E_MARGIN: 2.763102111592855
  FISHER_ALPHA: 2000.0
  FISHER_SIZE: 2000
  USE_FISHER: False
EBM:
  BUFFER_SIZE: 10000
  REINIT_FREQ: 0.05
  SGLD_LR: 1.0
  SGLD_STD: 0.01
  STEPS: 20
  UNCOND: uncond
LOG_DEST: tent_bn_adam-1-0.001-200_250504-213938.txt
LOG_TIME: 250504-213938
MODEL:
  ADAPTATION: tent
  ADA_PARAM: ['bn']
  ARCH: WRN2810_BN
  EPISODIC: False
OPTIM:
  BATCH_SIZE: 200
  BETA: 0.9
  DAMPENING: 0.0
  LR: 0.001
  METHOD: Adam
  MOMENTUM: 0.9
  NESTEROV: True
  STEPS: 1
  TRAIN_STEPS: 2500000
  WARMUP_STEPS: 0
  WD: 0.0
PL:
  ALPHA: 0.1
  THRESHOLD: 0.9
RNG_SEED: 36
SAR:
  MARGIN_E0: 2.763102111592855
SAVE_DIR: ./save/tin200/bn-wrn-28-10
SHOT:
  CLF_COEFF: 0.1
  THRESHOLD: 0.9
TEST:
  
/gpfs/home5/scur2578/tea/main.py:35: FutureWarning: You are using `torch.load` with `weights_only=False` (the current default value), which uses the default pickle module implicitly. It is possible to construct malicious pickle data which will execute arbitrary code during unpickling (See https://github.com/pytorch/pytorch/blob/main/SECURITY.md#untrusted-models for more details). In a future release, the default value for `weights_only` will be flipped to `True`. This limits the functions that could be executed during unpickling. Arbitrary objects will no longer be allowed to be loaded via this mode unless they are explicitly allowlisted by the user via `torch.serialization.add_safe_globals`. We recommend you start setting `weights_only=True` for any use case where you don't have full control of the loaded file. Please open an issue on GitHub for any issues related to this experimental feature.
  ckpt = torch.load(os.path.join(cfg.CKPT_DIR ,'{}/{}.pth'.format(cfg.CORRUPTION.DATASET, cfg.MODEL.ARCH)))
[25/05/04 21:39:39] [main.py:   79]: test-time adaptation: TENT
[25/05/04 21:39:39] [param.py:   18]: adapting weights of batch-normalization layer
[25/05/04 21:39:39] [setada.py:   49]: model for adaptation: WideResNet(
  (conv1): Conv2d(3, 16, kernel_size=(3, 3), stride=(1, 1), padding=(1, 1), bias=False)
  (block1): NetworkBlock(
    (layer): Sequential(
      (0): BasicBlock(
        (bn1): BatchNorm2d(16, eps=1e-05, momentum=0.1, affine=True, track_running_stats=False)
        (relu1): ReLU(inplace=True)
        (conv1): Conv2d(16, 160, kernel_size=(3, 3), stride=(1, 1), padding=(1, 1), bias=False)
        (bn2): BatchNorm2d(160, eps=1e-05, momentum=0.1, affine=True, track_running_stats=False)
        (relu2): ReLU(inplace=True)
        (conv2): Conv2d(160, 160, kernel_size=(3, 3), stride=(1, 1), padding=(1, 1), bias=False)
        (convShortcut): Conv2d(16, 160, kernel_size=(1, 1), stride=(1, 1), bias=False)
      )
      (1): BasicBlock(
        (bn1): BatchNorm2d(160, eps=1e-05, momentum=0.1, affine=True, track_running_stats=False)
        (relu1): ReLU(inplace=True)
        (conv1): Conv2d(160, 160, kernel_size=(3, 3), stride=(1, 1), padding=(1, 1), bias=False)
        (bn2): BatchNorm2d(160, eps=1e-05, momentum=0.1, affine=True, track_running_stats=False)
        (relu2): ReLU(inplace=True)
        (conv2): Conv2d(160, 160, kernel_size=(3, 3), stride=(1, 1), padding=(1, 1), bias=False)
      )
      (2): BasicBlock(
        (bn1): BatchNorm2d(160, eps=1e-05, momentum=0.1, affine=True, track_running_stats=False)
        (relu1): ReLU(inplace=True)
        (conv1): Conv2d(160, 160, kernel_size=(3, 3), stride=(1, 1), padding=(1, 1), bias=False)
        (bn2): BatchNorm2d(160, eps=1e-05, momentum=0.1, affine=True, track_running_stats=False)
        (relu2): ReLU(inplace=True)
        (conv2): Conv2d(160, 160, kernel_size=(3, 3), stride=(1, 1), padding=(1, 1), bias=False)
      )
      (3): BasicBlock(
        (bn1): BatchNorm2d(160, eps=1e-05, momentum=0.1, affine=True, track_running_stats=False)
        (relu1): ReLU(inplace=True)
        (conv1): Conv2d(160, 160, kernel_size=(3, 3), stride=(1, 1), padding=(1, 1), bias=False)
        (bn2): BatchNorm2d(160, eps=1e-05, momentum=0.1, affine=True, track_running_stats=False)
        (relu2): ReLU(inplace=True)
        (conv2): Conv2d(160, 160, kernel_size=(3, 3), stride=(1, 1), padding=(1, 1), bias=False)
      )
    )
  )
  (block2): NetworkBlock(
    (layer): Sequential(
      (0): BasicBlock(
        (bn1): BatchNorm2d(160, eps=1e-05, momentum=0.1, affine=True, track_running_stats=False)
        (relu1): ReLU(inplace=True)
        (conv1): Conv2d(160, 320, kernel_size=(3, 3), stride=(2, 2), padding=(1, 1), bias=False)
        (bn2): BatchNorm2d(320, eps=1e-05, momentum=0.1, affine=True, track_running_stats=False)
        (relu2): ReLU(inplace=True)
        (conv2): Conv2d(320, 320, kernel_size=(3, 3), stride=(1, 1), padding=(1, 1), bias=False)
        (convShortcut): Conv2d(160, 320, kernel_size=(1, 1), stride=(2, 2), bias=False)
      )
      (1): BasicBlock(
        (bn1): BatchNorm2d(320, eps=1e-05, momentum=0.1, affine=True, track_running_stats=False)
        (relu1): ReLU(inplace=True)
        (conv1): Conv2d(320, 320, kernel_size=(3, 3), stride=(1, 1), padding=(1, 1), bias=False)
        (bn2): BatchNorm2d(320, eps=1e-05, momentum=0.1, affine=True, track_running_stats=False)
        (relu2): ReLU(inplace=True)
        (conv2): Conv2d(320, 320, kernel_size=(3, 3), stride=(1, 1), padding=(1, 1), bias=False)
      )
      (2): BasicBlock(
        (bn1): BatchNorm2d(320, eps=1e-05, momentum=0.1, affine=True, track_running_stats=False)
        (relu1): ReLU(inplace=True)
        (conv1): Conv2d(320, 320, kernel_size=(3, 3), stride=(1, 1), padding=(1, 1), bias=False)
        (bn2): BatchNorm2d(320, eps=1e-05, momentum=0.1, affine=True, track_running_stats=False)
        (relu2): ReLU(inplace=True)
        (conv2): Conv2d(320, 320, kernel_size=(3, 3), stride=(1, 1), padding=(1, 1), bias=False)
      )
      (3): BasicBlock(
        (bn1): BatchNorm2d(320, eps=1e-05, momentum=0.1, affine=True, track_running_stats=False)
        (relu1): ReLU(inplace=True)
        (conv1): Conv2d(320, 320, kernel_size=(3, 3), stride=(1, 1), padding=(1, 1), bias=False)
        (bn2): BatchNorm2d(320, eps=1e-05, momentum=0.1, affine=True, track_running_stats=False)
        (relu2): ReLU(inplace=True)
        (conv2): Conv2d(320, 320, kernel_size=(3, 3), stride=(1, 1), padding=(1, 1), bias=False)
      )
    )
  )
  (block3): NetworkBlock(
    (layer): Sequential(
      (0): BasicBlock(
        (bn1): BatchNorm2d(320, eps=1e-05, momentum=0.1, affine=True, track_running_stats=False)
        (relu1): ReLU(inplace=True)
        (conv1): Conv2d(320, 640, kernel_size=(3, 3), stride=(2, 2), padding=(1, 1), bias=False)
        (bn2): BatchNorm2d(640, eps=1e-05, momentum=0.1, affine=True, track_running_stats=False)
        (relu2): ReLU(inplace=True)
        (conv2): Conv2d(640, 640, kernel_size=(3, 3), stride=(1, 1), padding=(1, 1), bias=False)
        (convShortcut): Conv2d(320, 640, kernel_size=(1, 1), stride=(2, 2), bias=False)
      )
      (1): BasicBlock(
        (bn1): BatchNorm2d(640, eps=1e-05, momentum=0.1, affine=True, track_running_stats=False)
        (relu1): ReLU(inplace=True)
        (conv1): Conv2d(640, 640, kernel_size=(3, 3), stride=(1, 1), padding=(1, 1), bias=False)
        (bn2): BatchNorm2d(640, eps=1e-05, momentum=0.1, affine=True, track_running_stats=False)
        (relu2): ReLU(inplace=True)
        (conv2): Conv2d(640, 640, kernel_size=(3, 3), stride=(1, 1), padding=(1, 1), bias=False)
      )
      (2): BasicBlock(
        (bn1): BatchNorm2d(640, eps=1e-05, momentum=0.1, affine=True, track_running_stats=False)
        (relu1): ReLU(inplace=True)
        (conv1): Conv2d(640, 640, kernel_size=(3, 3), stride=(1, 1), padding=(1, 1), bias=False)
        (bn2): BatchNorm2d(640, eps=1e-05, momentum=0.1, affine=True, track_running_stats=False)
        (relu2): ReLU(inplace=True)
        (conv2): Conv2d(640, 640, kernel_size=(3, 3), stride=(1, 1), padding=(1, 1), bias=False)
      )
      (3): BasicBlock(
        (bn1): BatchNorm2d(640, eps=1e-05, momentum=0.1, affine=True, track_running_stats=False)
        (relu1): ReLU(inplace=True)
        (conv1): Conv2d(640, 640, kernel_size=(3, 3), stride=(1, 1), padding=(1, 1), bias=False)
        (bn2): BatchNorm2d(640, eps=1e-05, momentum=0.1, affine=True, track_running_stats=False)
        (relu2): ReLU(inplace=True)
        (conv2): Conv2d(640, 640, kernel_size=(3, 3), stride=(1, 1), padding=(1, 1), bias=False)
      )
    )
  )
  (bn1): BatchNorm2d(640, eps=1e-05, momentum=0.1, affine=True, track_running_stats=False)
  (relu): ReLU(inplace=True)
  (fc): Linear(in_features=640, out_features=200, bias=True)
)
[25/05/04 21:39:39] [setada.py:   50]: params for adaptation: ['block1.layer.0.bn1.weight', 'block1.layer.0.bn1.bias', 'block1.layer.0.bn2.weight', 'block1.layer.0.bn2.bias', 'block1.layer.1.bn1.weight', 'block1.layer.1.bn1.bias', 'block1.layer.1.bn2.weight', 'block1.layer.1.bn2.bias', 'block1.layer.2.bn1.weight', 'block1.layer.2.bn1.bias', 'block1.layer.2.bn2.weight', 'block1.layer.2.bn2.bias', 'block1.layer.3.bn1.weight', 'block1.layer.3.bn1.bias', 'block1.layer.3.bn2.weight', 'block1.layer.3.bn2.bias', 'block2.layer.0.bn1.weight', 'block2.layer.0.bn1.bias', 'block2.layer.0.bn2.weight', 'block2.layer.0.bn2.bias', 'block2.layer.1.bn1.weight', 'block2.layer.1.bn1.bias', 'block2.layer.1.bn2.weight', 'block2.layer.1.bn2.bias', 'block2.layer.2.bn1.weight', 'block2.layer.2.bn1.bias', 'block2.layer.2.bn2.weight', 'block2.layer.2.bn2.bias', 'block2.layer.3.bn1.weight', 'block2.layer.3.bn1.bias', 'block2.layer.3.bn2.weight', 'block2.layer.3.bn2.bias', 'block3.layer.0.bn1.weight', 'block3.layer.0.bn1.bias', 'block3.layer.0.bn2.weight', 'block3.layer.0.bn2.bias', 'block3.layer.1.bn1.weight', 'block3.layer.1.bn1.bias', 'block3.layer.1.bn2.weight', 'block3.layer.1.bn2.bias', 'block3.layer.2.bn1.weight', 'block3.layer.2.bn1.bias', 'block3.layer.2.bn2.weight', 'block3.layer.2.bn2.bias', 'block3.layer.3.bn1.weight', 'block3.layer.3.bn1.bias', 'block3.layer.3.bn2.weight', 'block3.layer.3.bn2.bias', 'bn1.weight', 'bn1.bias']
[25/05/04 21:39:39] [setada.py:   51]: optimizer for adaptation: Adam (
Parameter Group 0
    amsgrad: False
    betas: (0.9, 0.999)
    capturable: False
    differentiable: False
    eps: 1e-08
    foreach: None
    fused: None
    lr: 0.001
    maximize: False
    weight_decay: 0.0
)
[25/05/04 21:39:39] [eval.py:   71]: resetting model
Building model...
[25/05/04 21:39:45] [eval.py:   79]: acc % [gaussian_noise5]: 20.87%
[25/05/04 21:39:45] [eval.py:   71]: resetting model
torch.Size([10000, 3, 32, 32]) 10000
[25/05/04 21:39:50] [eval.py:   79]: acc % [gaussian_noise4]: 24.06%
[25/05/04 21:39:50] [eval.py:   71]: resetting model
torch.Size([10000, 3, 32, 32]) 10000
[25/05/04 21:39:56] [eval.py:   79]: acc % [gaussian_noise3]: 27.48%
[25/05/04 21:39:56] [eval.py:   71]: resetting model
torch.Size([10000, 3, 32, 32]) 10000
[25/05/04 21:40:01] [eval.py:   79]: acc % [gaussian_noise2]: 32.10%
[25/05/04 21:40:01] [eval.py:   71]: resetting model
torch.Size([10000, 3, 32, 32]) 10000
[25/05/04 21:40:06] [eval.py:   79]: acc % [gaussian_noise1]: 36.16%
[25/05/04 21:40:06] [eval.py:   71]: resetting model
torch.Size([10000, 3, 32, 32]) 10000
[25/05/04 21:40:12] [eval.py:   79]: acc % [shot_noise5]: 22.84%
[25/05/04 21:40:12] [eval.py:   71]: resetting model
torch.Size([10000, 3, 32, 32]) 10000
[25/05/04 21:40:18] [eval.py:   79]: acc % [shot_noise4]: 26.80%
[25/05/04 21:40:18] [eval.py:   71]: resetting model
torch.Size([10000, 3, 32, 32]) 10000
[25/05/04 21:40:24] [eval.py:   79]: acc % [shot_noise3]: 30.23%
[25/05/04 21:40:24] [eval.py:   71]: resetting model
torch.Size([10000, 3, 32, 32]) 10000
[25/05/04 21:40:29] [eval.py:   79]: acc % [shot_noise2]: 33.07%
[25/05/04 21:40:29] [eval.py:   71]: resetting model
torch.Size([10000, 3, 32, 32]) 10000
[25/05/04 21:40:36] [eval.py:   79]: acc % [shot_noise1]: 35.47%
[25/05/04 21:40:36] [eval.py:   71]: resetting model
torch.Size([10000, 3, 32, 32]) 10000
[25/05/04 21:40:42] [eval.py:   79]: acc % [impulse_noise5]: 16.39%
[25/05/04 21:40:42] [eval.py:   71]: resetting model
torch.Size([10000, 3, 32, 32]) 10000
[25/05/04 21:40:48] [eval.py:   79]: acc % [impulse_noise4]: 22.70%
[25/05/04 21:40:48] [eval.py:   71]: resetting model
torch.Size([10000, 3, 32, 32]) 10000
[25/05/04 21:40:54] [eval.py:   79]: acc % [impulse_noise3]: 27.37%
[25/05/04 21:40:54] [eval.py:   71]: resetting model
torch.Size([10000, 3, 32, 32]) 10000
[25/05/04 21:40:59] [eval.py:   79]: acc % [impulse_noise2]: 33.38%
[25/05/04 21:40:59] [eval.py:   71]: resetting model
torch.Size([10000, 3, 32, 32]) 10000
[25/05/04 21:41:05] [eval.py:   79]: acc % [impulse_noise1]: 35.19%
[25/05/04 21:41:05] [eval.py:   71]: resetting model
torch.Size([10000, 3, 32, 32]) 10000
[25/05/04 21:41:11] [eval.py:   79]: acc % [defocus_blur5]: 25.73%
[25/05/04 21:41:11] [eval.py:   71]: resetting model
torch.Size([10000, 3, 32, 32]) 10000
[25/05/04 21:41:17] [eval.py:   79]: acc % [defocus_blur4]: 29.23%
[25/05/04 21:41:17] [eval.py:   71]: resetting model
torch.Size([10000, 3, 32, 32]) 10000
[25/05/04 21:41:22] [eval.py:   79]: acc % [defocus_blur3]: 35.23%
[25/05/04 21:41:22] [eval.py:   71]: resetting model
torch.Size([10000, 3, 32, 32]) 10000
[25/05/04 21:41:27] [eval.py:   79]: acc % [defocus_blur2]: 36.45%
[25/05/04 21:41:27] [eval.py:   71]: resetting model
torch.Size([10000, 3, 32, 32]) 10000
[25/05/04 21:41:33] [eval.py:   79]: acc % [defocus_blur1]: 36.65%
[25/05/04 21:41:33] [eval.py:   71]: resetting model
torch.Size([10000, 3, 32, 32]) 10000
[25/05/04 21:41:40] [eval.py:   79]: acc % [glass_blur5]: 19.79%
[25/05/04 21:41:40] [eval.py:   71]: resetting model
torch.Size([10000, 3, 32, 32]) 10000
[25/05/04 21:41:46] [eval.py:   79]: acc % [glass_blur4]: 25.72%
[25/05/04 21:41:46] [eval.py:   71]: resetting model
torch.Size([10000, 3, 32, 32]) 10000
[25/05/04 21:41:50] [eval.py:   79]: acc % [glass_blur3]: 32.30%
[25/05/04 21:41:50] [eval.py:   71]: resetting model
torch.Size([10000, 3, 32, 32]) 10000
[25/05/04 21:41:55] [eval.py:   79]: acc % [glass_blur2]: 34.18%
[25/05/04 21:41:55] [eval.py:   71]: resetting model
torch.Size([10000, 3, 32, 32]) 10000
[25/05/04 21:42:00] [eval.py:   79]: acc % [glass_blur1]: 36.26%
[25/05/04 21:42:00] [eval.py:   71]: resetting model
torch.Size([10000, 3, 32, 32]) 10000
[25/05/04 21:42:05] [eval.py:   79]: acc % [motion_blur5]: 31.35%
[25/05/04 21:42:05] [eval.py:   71]: resetting model
torch.Size([10000, 3, 32, 32]) 10000
[25/05/04 21:42:10] [eval.py:   79]: acc % [motion_blur4]: 32.82%
[25/05/04 21:42:10] [eval.py:   71]: resetting model
torch.Size([10000, 3, 32, 32]) 10000
[25/05/04 21:42:16] [eval.py:   79]: acc % [motion_blur3]: 34.12%
[25/05/04 21:42:16] [eval.py:   71]: resetting model
torch.Size([10000, 3, 32, 32]) 10000
[25/05/04 21:42:21] [eval.py:   79]: acc % [motion_blur2]: 35.49%
[25/05/04 21:42:21] [eval.py:   71]: resetting model
torch.Size([10000, 3, 32, 32]) 10000
[25/05/04 21:42:28] [eval.py:   79]: acc % [motion_blur1]: 36.97%
[25/05/04 21:42:28] [eval.py:   71]: resetting model
torch.Size([10000, 3, 32, 32]) 10000
[25/05/04 21:42:33] [eval.py:   79]: acc % [zoom_blur5]: 30.86%
[25/05/04 21:42:33] [eval.py:   71]: resetting model
torch.Size([10000, 3, 32, 32]) 10000
[25/05/04 21:42:38] [eval.py:   79]: acc % [zoom_blur4]: 32.53%
[25/05/04 21:42:38] [eval.py:   71]: resetting model
torch.Size([10000, 3, 32, 32]) 10000
[25/05/04 21:42:44] [eval.py:   79]: acc % [zoom_blur3]: 34.01%
[25/05/04 21:42:44] [eval.py:   71]: resetting model
torch.Size([10000, 3, 32, 32]) 10000
[25/05/04 21:42:49] [eval.py:   79]: acc % [zoom_blur2]: 34.83%
[25/05/04 21:42:49] [eval.py:   71]: resetting model
torch.Size([10000, 3, 32, 32]) 10000
[25/05/04 21:42:55] [eval.py:   79]: acc % [zoom_blur1]: 36.06%
[25/05/04 21:42:55] [eval.py:   71]: resetting model
torch.Size([10000, 3, 32, 32]) 10000
[25/05/04 21:43:00] [eval.py:   79]: acc % [snow5]: 24.01%
[25/05/04 21:43:00] [eval.py:   71]: resetting model
torch.Size([10000, 3, 32, 32]) 10000
[25/05/04 21:43:05] [eval.py:   79]: acc % [snow4]: 22.13%
[25/05/04 21:43:05] [eval.py:   71]: resetting model
torch.Size([10000, 3, 32, 32]) 10000
[25/05/04 21:43:11] [eval.py:   79]: acc % [snow3]: 27.80%
[25/05/04 21:43:11] [eval.py:   71]: resetting model
torch.Size([10000, 3, 32, 32]) 10000
[25/05/04 21:43:16] [eval.py:   79]: acc % [snow2]: 32.16%
[25/05/04 21:43:16] [eval.py:   71]: resetting model
torch.Size([10000, 3, 32, 32]) 10000
[25/05/04 21:43:21] [eval.py:   79]: acc % [snow1]: 34.59%
[25/05/04 21:43:21] [eval.py:   71]: resetting model
torch.Size([10000, 3, 32, 32]) 10000
[25/05/04 21:43:26] [eval.py:   79]: acc % [frost5]: 25.68%
[25/05/04 21:43:26] [eval.py:   71]: resetting model
torch.Size([10000, 3, 32, 32]) 10000
[25/05/04 21:43:32] [eval.py:   79]: acc % [frost4]: 28.18%
[25/05/04 21:43:32] [eval.py:   71]: resetting model
torch.Size([10000, 3, 32, 32]) 10000
[25/05/04 21:43:37] [eval.py:   79]: acc % [frost3]: 29.82%
[25/05/04 21:43:37] [eval.py:   71]: resetting model
torch.Size([10000, 3, 32, 32]) 10000
[25/05/04 21:43:42] [eval.py:   79]: acc % [frost2]: 31.40%
[25/05/04 21:43:42] [eval.py:   71]: resetting model
torch.Size([10000, 3, 32, 32]) 10000
[25/05/04 21:43:51] [eval.py:   79]: acc % [frost1]: 33.66%
[25/05/04 21:43:51] [eval.py:   71]: resetting model
torch.Size([10000, 3, 32, 32]) 10000
[25/05/04 21:43:57] [eval.py:   79]: acc % [fog5]: 17.26%
[25/05/04 21:43:57] [eval.py:   71]: resetting model
torch.Size([10000, 3, 32, 32]) 10000
[25/05/04 21:44:03] [eval.py:   79]: acc % [fog4]: 23.01%
[25/05/04 21:44:03] [eval.py:   71]: resetting model
torch.Size([10000, 3, 32, 32]) 10000
[25/05/04 21:44:09] [eval.py:   79]: acc % [fog3]: 29.24%
[25/05/04 21:44:09] [eval.py:   71]: resetting model
torch.Size([10000, 3, 32, 32]) 10000
[25/05/04 21:44:18] [eval.py:   79]: acc % [fog2]: 32.71%
[25/05/04 21:44:18] [eval.py:   71]: resetting model
torch.Size([10000, 3, 32, 32]) 10000
[25/05/04 21:44:28] [eval.py:   79]: acc % [fog1]: 35.33%
[25/05/04 21:44:28] [eval.py:   71]: resetting model
torch.Size([10000, 3, 32, 32]) 10000
[25/05/04 21:44:35] [eval.py:   79]: acc % [brightness5]: 26.25%
[25/05/04 21:44:35] [eval.py:   71]: resetting model
torch.Size([10000, 3, 32, 32]) 10000
[25/05/04 21:44:44] [eval.py:   79]: acc % [brightness4]: 29.94%
[25/05/04 21:44:44] [eval.py:   71]: resetting model
torch.Size([10000, 3, 32, 32]) 10000
[25/05/04 21:44:49] [eval.py:   79]: acc % [brightness3]: 32.80%
[25/05/04 21:44:49] [eval.py:   71]: resetting model
torch.Size([10000, 3, 32, 32]) 10000
[25/05/04 21:44:54] [eval.py:   79]: acc % [brightness2]: 35.07%
[25/05/04 21:44:54] [eval.py:   71]: resetting model
torch.Size([10000, 3, 32, 32]) 10000
[25/05/04 21:44:59] [eval.py:   79]: acc % [brightness1]: 37.01%
[25/05/04 21:44:59] [eval.py:   71]: resetting model
torch.Size([10000, 3, 32, 32]) 10000
[25/05/04 21:45:04] [eval.py:   79]: acc % [contrast5]: 2.40%
[25/05/04 21:45:04] [eval.py:   71]: resetting model
torch.Size([10000, 3, 32, 32]) 10000
[25/05/04 21:45:09] [eval.py:   79]: acc % [contrast4]: 7.48%
[25/05/04 21:45:09] [eval.py:   71]: resetting model
torch.Size([10000, 3, 32, 32]) 10000
[25/05/04 21:45:15] [eval.py:   79]: acc % [contrast3]: 18.02%
[25/05/04 21:45:15] [eval.py:   71]: resetting model
torch.Size([10000, 3, 32, 32]) 10000
[25/05/04 21:45:20] [eval.py:   79]: acc % [contrast2]: 24.40%
[25/05/04 21:45:20] [eval.py:   71]: resetting model
torch.Size([10000, 3, 32, 32]) 10000
[25/05/04 21:45:26] [eval.py:   79]: acc % [contrast1]: 28.47%
[25/05/04 21:45:26] [eval.py:   71]: resetting model
torch.Size([10000, 3, 32, 32]) 10000
[25/05/04 21:45:32] [eval.py:   79]: acc % [elastic_transform5]: 32.02%
[25/05/04 21:45:32] [eval.py:   71]: resetting model
torch.Size([10000, 3, 32, 32]) 10000
[25/05/04 21:45:39] [eval.py:   79]: acc % [elastic_transform4]: 34.46%
[25/05/04 21:45:39] [eval.py:   71]: resetting model
torch.Size([10000, 3, 32, 32]) 10000
[25/05/04 21:45:46] [eval.py:   79]: acc % [elastic_transform3]: 34.98%
[25/05/04 21:45:46] [eval.py:   71]: resetting model
torch.Size([10000, 3, 32, 32]) 10000
[25/05/04 21:45:52] [eval.py:   79]: acc % [elastic_transform2]: 35.17%
[25/05/04 21:45:52] [eval.py:   71]: resetting model
torch.Size([10000, 3, 32, 32]) 10000
[25/05/04 21:45:57] [eval.py:   79]: acc % [elastic_transform1]: 34.77%
[25/05/04 21:45:57] [eval.py:   71]: resetting model
torch.Size([10000, 3, 32, 32]) 10000
[25/05/04 21:46:02] [eval.py:   79]: acc % [pixelate5]: 36.90%
[25/05/04 21:46:02] [eval.py:   71]: resetting model
torch.Size([10000, 3, 32, 32]) 10000
[25/05/04 21:46:08] [eval.py:   79]: acc % [pixelate4]: 36.46%
[25/05/04 21:46:08] [eval.py:   71]: resetting model
torch.Size([10000, 3, 32, 32]) 10000
[25/05/04 21:46:13] [eval.py:   79]: acc % [pixelate3]: 36.63%
[25/05/04 21:46:13] [eval.py:   71]: resetting model
torch.Size([10000, 3, 32, 32]) 10000
[25/05/04 21:46:18] [eval.py:   79]: acc % [pixelate2]: 37.05%
[25/05/04 21:46:18] [eval.py:   71]: resetting model
torch.Size([10000, 3, 32, 32]) 10000
[25/05/04 21:46:23] [eval.py:   79]: acc % [pixelate1]: 37.20%
[25/05/04 21:46:23] [eval.py:   71]: resetting model
torch.Size([10000, 3, 32, 32]) 10000
[25/05/04 21:46:28] [eval.py:   79]: acc % [jpeg_compression5]: 33.04%
[25/05/04 21:46:28] [eval.py:   71]: resetting model
torch.Size([10000, 3, 32, 32]) 10000
[25/05/04 21:46:33] [eval.py:   79]: acc % [jpeg_compression4]: 35.34%
[25/05/04 21:46:33] [eval.py:   71]: resetting model
torch.Size([10000, 3, 32, 32]) 10000
[25/05/04 21:46:38] [eval.py:   79]: acc % [jpeg_compression3]: 36.20%
[25/05/04 21:46:38] [eval.py:   71]: resetting model
torch.Size([10000, 3, 32, 32]) 10000
[25/05/04 21:46:43] [eval.py:   79]: acc % [jpeg_compression2]: 36.02%
[25/05/04 21:46:43] [eval.py:   71]: resetting model
torch.Size([10000, 3, 32, 32]) 10000
[25/05/04 21:46:48] [eval.py:   79]: acc % [jpeg_compression1]: 36.51%
[25/05/04 21:46:48] [eval.py:   85]: 
                          1         2        3         4         5       avg
gaussian_noise     0.208700  0.240600  0.27480  0.321000  0.361600  0.281340
shot_noise         0.228400  0.268000  0.30230  0.330700  0.354700  0.296820
impulse_noise      0.163900  0.227000  0.27370  0.333800  0.351900  0.270060
defocus_blur       0.257300  0.292300  0.35230  0.364500  0.366500  0.326580
glass_blur         0.197900  0.257200  0.32300  0.341800  0.362600  0.296500
motion_blur        0.313500  0.328200  0.34120  0.354900  0.369700  0.341500
zoom_blur          0.308600  0.325300  0.34010  0.348300  0.360600  0.336580
snow               0.240100  0.221300  0.27800  0.321600  0.345900  0.281380
frost              0.256800  0.281800  0.29820  0.314000  0.336600  0.297480
fog                0.172600  0.230100  0.29240  0.327100  0.353300  0.275100
brightness         0.262500  0.299400  0.32800  0.350700  0.370100  0.322140
contrast           0.024000  0.074800  0.18020  0.244000  0.284700  0.161540
elastic_transform  0.320200  0.344600  0.34980  0.351700  0.347700  0.342800
pixelate           0.369000  0.364600  0.36630  0.370500  0.372000  0.368480
jpeg_compression   0.330400  0.353400  0.36200  0.360200  0.365100  0.354220
average            0.243593  0.273907  0.31082  0.335653  0.353533  0.303501
[25/05/04 21:46:48] [eval.py:  126]: resetting model
torch.Size([10000, 3, 32, 32]) 10000
[25/05/04 21:46:48] [eval.py:   47]: Test Batch Process: 1/50
[25/05/04 21:46:48] [eval.py:   47]: Test Batch Process: 2/50
[25/05/04 21:46:48] [eval.py:   47]: Test Batch Process: 3/50
[25/05/04 21:46:48] [eval.py:   47]: Test Batch Process: 4/50
[25/05/04 21:46:49] [eval.py:   47]: Test Batch Process: 5/50
[25/05/04 21:46:49] [eval.py:   47]: Test Batch Process: 6/50
[25/05/04 21:46:49] [eval.py:   47]: Test Batch Process: 7/50
[25/05/04 21:46:49] [eval.py:   47]: Test Batch Process: 8/50
[25/05/04 21:46:49] [eval.py:   47]: Test Batch Process: 9/50
[25/05/04 21:46:49] [eval.py:   47]: Test Batch Process: 10/50
[25/05/04 21:46:49] [eval.py:   47]: Test Batch Process: 11/50
[25/05/04 21:46:49] [eval.py:   47]: Test Batch Process: 12/50
[25/05/04 21:46:49] [eval.py:   47]: Test Batch Process: 13/50
[25/05/04 21:46:49] [eval.py:   47]: Test Batch Process: 14/50
[25/05/04 21:46:49] [eval.py:   47]: Test Batch Process: 15/50
[25/05/04 21:46:49] [eval.py:   47]: Test Batch Process: 16/50
[25/05/04 21:46:49] [eval.py:   47]: Test Batch Process: 17/50
[25/05/04 21:46:49] [eval.py:   47]: Test Batch Process: 18/50
[25/05/04 21:46:50] [eval.py:   47]: Test Batch Process: 19/50
[25/05/04 21:46:50] [eval.py:   47]: Test Batch Process: 20/50
[25/05/04 21:46:50] [eval.py:   47]: Test Batch Process: 21/50
[25/05/04 21:46:50] [eval.py:   47]: Test Batch Process: 22/50
[25/05/04 21:46:50] [eval.py:   47]: Test Batch Process: 23/50
[25/05/04 21:46:50] [eval.py:   47]: Test Batch Process: 24/50
[25/05/04 21:46:50] [eval.py:   47]: Test Batch Process: 25/50
[25/05/04 21:46:50] [eval.py:   47]: Test Batch Process: 26/50
[25/05/04 21:46:50] [eval.py:   47]: Test Batch Process: 27/50
[25/05/04 21:46:50] [eval.py:   47]: Test Batch Process: 28/50
[25/05/04 21:46:50] [eval.py:   47]: Test Batch Process: 29/50
[25/05/04 21:46:50] [eval.py:   47]: Test Batch Process: 30/50
[25/05/04 21:46:50] [eval.py:   47]: Test Batch Process: 31/50
[25/05/04 21:46:51] [eval.py:   47]: Test Batch Process: 32/50
[25/05/04 21:46:51] [eval.py:   47]: Test Batch Process: 33/50
[25/05/04 21:46:51] [eval.py:   47]: Test Batch Process: 34/50
[25/05/04 21:46:51] [eval.py:   47]: Test Batch Process: 35/50
[25/05/04 21:46:51] [eval.py:   47]: Test Batch Process: 36/50
[25/05/04 21:46:51] [eval.py:   47]: Test Batch Process: 37/50
[25/05/04 21:46:51] [eval.py:   47]: Test Batch Process: 38/50
[25/05/04 21:46:51] [eval.py:   47]: Test Batch Process: 39/50
[25/05/04 21:46:51] [eval.py:   47]: Test Batch Process: 40/50
[25/05/04 21:46:51] [eval.py:   47]: Test Batch Process: 41/50
[25/05/04 21:46:51] [eval.py:   47]: Test Batch Process: 42/50
[25/05/04 21:46:51] [eval.py:   47]: Test Batch Process: 43/50
[25/05/04 21:46:51] [eval.py:   47]: Test Batch Process: 44/50
[25/05/04 21:46:51] [eval.py:   47]: Test Batch Process: 45/50
[25/05/04 21:46:52] [eval.py:   47]: Test Batch Process: 46/50
[25/05/04 21:46:52] [eval.py:   47]: Test Batch Process: 47/50
[25/05/04 21:46:52] [eval.py:   47]: Test Batch Process: 48/50
[25/05/04 21:46:52] [eval.py:   47]: Test Batch Process: 49/50
[25/05/04 21:46:52] [eval.py:   47]: Test Batch Process: 50/50
[25/05/04 21:46:52] [eval.py:  145]: Test set Accuracy: 0.55
