[25/05/04 21:40:42] [utils.py:   78]: PyTorch Version: torch=2.5.0+cu124, cuda=12.4, cudnn=90100
[25/05/04 21:40:42] [utils.py:   79]: BN:
  EPS: 1e-05
  MOM: 0.1
CKPT_DIR: ./ckpt
CORRUPTION:
  DATASET: tin200
  IMG_SIZE: 64
  NUM_CHANNEL: 3
  NUM_CLASSES: 200
  NUM_EX: 10000
  SEVERITY: [5, 4, 3, 2, 1]
  TYPE: ['gaussian_noise', 'shot_noise', 'impulse_noise', 'defocus_blur', 'glass_blur', 'motion_blur', 'zoom_blur', 'snow', 'frost', 'fog', 'brightness', 'contrast', 'elastic_transform', 'pixelate', 'jpeg_compression']
CUDNN:
  BENCHMARK: True
DATA_DIR: /scratch-shared/tea/tin200
DESC: 
EATA:
  D_MARGIN: 0.05
  E_MARGIN: 2.763102111592855
  FISHER_ALPHA: 2000.0
  FISHER_SIZE: 2000
  USE_FISHER: False
EBM:
  BUFFER_SIZE: 10000
  REINIT_FREQ: 0.05
  SGLD_LR: 1.0
  SGLD_STD: 0.01
  STEPS: 20
  UNCOND: uncond
LOG_DEST: pl_bn_sgd-1-0.0001-200_250504-214042.txt
LOG_TIME: 250504-214042
MODEL:
  ADAPTATION: pl
  ADA_PARAM: ['bn']
  ARCH: WRN2810_BN
  EPISODIC: False
OPTIM:
  BATCH_SIZE: 200
  BETA: 0.9
  DAMPENING: 0.0
  LR: 0.0001
  METHOD: SGD
  MOMENTUM: 0.9
  NESTEROV: True
  STEPS: 1
  TRAIN_STEPS: 2500000
  WARMUP_STEPS: 0
  WD: 0.0
PL:
  ALPHA: 0.1
  THRESHOLD: 0.9
RNG_SEED: 1
SAR:
  MARGIN_E0: 2.763102111592855
SAVE_DIR: ./save/tin200/bn-wrn-28-10
SHOT:
  CLF_COEFF: 0.1
  THRESHOLD: 0.9
TEST:
  
/gpfs/home5/scur2578/tea/main.py:35: FutureWarning: You are using `torch.load` with `weights_only=False` (the current default value), which uses the default pickle module implicitly. It is possible to construct malicious pickle data which will execute arbitrary code during unpickling (See https://github.com/pytorch/pytorch/blob/main/SECURITY.md#untrusted-models for more details). In a future release, the default value for `weights_only` will be flipped to `True`. This limits the functions that could be executed during unpickling. Arbitrary objects will no longer be allowed to be loaded via this mode unless they are explicitly allowlisted by the user via `torch.serialization.add_safe_globals`. We recommend you start setting `weights_only=True` for any use case where you don't have full control of the loaded file. Please open an issue on GitHub for any issues related to this experimental feature.
  ckpt = torch.load(os.path.join(cfg.CKPT_DIR ,'{}/{}.pth'.format(cfg.CORRUPTION.DATASET, cfg.MODEL.ARCH)))
[25/05/04 21:40:44] [main.py:   97]: test-time adaptation: PL
[25/05/04 21:40:44] [setada.py:  187]: model for adaptation: WideResNet(
  (conv1): Conv2d(3, 16, kernel_size=(3, 3), stride=(1, 1), padding=(1, 1), bias=False)
  (block1): NetworkBlock(
    (layer): Sequential(
      (0): BasicBlock(
        (bn1): BatchNorm2d(16, eps=1e-05, momentum=0.1, affine=True, track_running_stats=True)
        (relu1): ReLU(inplace=True)
        (conv1): Conv2d(16, 160, kernel_size=(3, 3), stride=(1, 1), padding=(1, 1), bias=False)
        (bn2): BatchNorm2d(160, eps=1e-05, momentum=0.1, affine=True, track_running_stats=True)
        (relu2): ReLU(inplace=True)
        (conv2): Conv2d(160, 160, kernel_size=(3, 3), stride=(1, 1), padding=(1, 1), bias=False)
        (convShortcut): Conv2d(16, 160, kernel_size=(1, 1), stride=(1, 1), bias=False)
      )
      (1): BasicBlock(
        (bn1): BatchNorm2d(160, eps=1e-05, momentum=0.1, affine=True, track_running_stats=True)
        (relu1): ReLU(inplace=True)
        (conv1): Conv2d(160, 160, kernel_size=(3, 3), stride=(1, 1), padding=(1, 1), bias=False)
        (bn2): BatchNorm2d(160, eps=1e-05, momentum=0.1, affine=True, track_running_stats=True)
        (relu2): ReLU(inplace=True)
        (conv2): Conv2d(160, 160, kernel_size=(3, 3), stride=(1, 1), padding=(1, 1), bias=False)
      )
      (2): BasicBlock(
        (bn1): BatchNorm2d(160, eps=1e-05, momentum=0.1, affine=True, track_running_stats=True)
        (relu1): ReLU(inplace=True)
        (conv1): Conv2d(160, 160, kernel_size=(3, 3), stride=(1, 1), padding=(1, 1), bias=False)
        (bn2): BatchNorm2d(160, eps=1e-05, momentum=0.1, affine=True, track_running_stats=True)
        (relu2): ReLU(inplace=True)
        (conv2): Conv2d(160, 160, kernel_size=(3, 3), stride=(1, 1), padding=(1, 1), bias=False)
      )
      (3): BasicBlock(
        (bn1): BatchNorm2d(160, eps=1e-05, momentum=0.1, affine=True, track_running_stats=True)
        (relu1): ReLU(inplace=True)
        (conv1): Conv2d(160, 160, kernel_size=(3, 3), stride=(1, 1), padding=(1, 1), bias=False)
        (bn2): BatchNorm2d(160, eps=1e-05, momentum=0.1, affine=True, track_running_stats=True)
        (relu2): ReLU(inplace=True)
        (conv2): Conv2d(160, 160, kernel_size=(3, 3), stride=(1, 1), padding=(1, 1), bias=False)
      )
    )
  )
  (block2): NetworkBlock(
    (layer): Sequential(
      (0): BasicBlock(
        (bn1): BatchNorm2d(160, eps=1e-05, momentum=0.1, affine=True, track_running_stats=True)
        (relu1): ReLU(inplace=True)
        (conv1): Conv2d(160, 320, kernel_size=(3, 3), stride=(2, 2), padding=(1, 1), bias=False)
        (bn2): BatchNorm2d(320, eps=1e-05, momentum=0.1, affine=True, track_running_stats=True)
        (relu2): ReLU(inplace=True)
        (conv2): Conv2d(320, 320, kernel_size=(3, 3), stride=(1, 1), padding=(1, 1), bias=False)
        (convShortcut): Conv2d(160, 320, kernel_size=(1, 1), stride=(2, 2), bias=False)
      )
      (1): BasicBlock(
        (bn1): BatchNorm2d(320, eps=1e-05, momentum=0.1, affine=True, track_running_stats=True)
        (relu1): ReLU(inplace=True)
        (conv1): Conv2d(320, 320, kernel_size=(3, 3), stride=(1, 1), padding=(1, 1), bias=False)
        (bn2): BatchNorm2d(320, eps=1e-05, momentum=0.1, affine=True, track_running_stats=True)
        (relu2): ReLU(inplace=True)
        (conv2): Conv2d(320, 320, kernel_size=(3, 3), stride=(1, 1), padding=(1, 1), bias=False)
      )
      (2): BasicBlock(
        (bn1): BatchNorm2d(320, eps=1e-05, momentum=0.1, affine=True, track_running_stats=True)
        (relu1): ReLU(inplace=True)
        (conv1): Conv2d(320, 320, kernel_size=(3, 3), stride=(1, 1), padding=(1, 1), bias=False)
        (bn2): BatchNorm2d(320, eps=1e-05, momentum=0.1, affine=True, track_running_stats=True)
        (relu2): ReLU(inplace=True)
        (conv2): Conv2d(320, 320, kernel_size=(3, 3), stride=(1, 1), padding=(1, 1), bias=False)
      )
      (3): BasicBlock(
        (bn1): BatchNorm2d(320, eps=1e-05, momentum=0.1, affine=True, track_running_stats=True)
        (relu1): ReLU(inplace=True)
        (conv1): Conv2d(320, 320, kernel_size=(3, 3), stride=(1, 1), padding=(1, 1), bias=False)
        (bn2): BatchNorm2d(320, eps=1e-05, momentum=0.1, affine=True, track_running_stats=True)
        (relu2): ReLU(inplace=True)
        (conv2): Conv2d(320, 320, kernel_size=(3, 3), stride=(1, 1), padding=(1, 1), bias=False)
      )
    )
  )
  (block3): NetworkBlock(
    (layer): Sequential(
      (0): BasicBlock(
        (bn1): BatchNorm2d(320, eps=1e-05, momentum=0.1, affine=True, track_running_stats=True)
        (relu1): ReLU(inplace=True)
        (conv1): Conv2d(320, 640, kernel_size=(3, 3), stride=(2, 2), padding=(1, 1), bias=False)
        (bn2): BatchNorm2d(640, eps=1e-05, momentum=0.1, affine=True, track_running_stats=True)
        (relu2): ReLU(inplace=True)
        (conv2): Conv2d(640, 640, kernel_size=(3, 3), stride=(1, 1), padding=(1, 1), bias=False)
        (convShortcut): Conv2d(320, 640, kernel_size=(1, 1), stride=(2, 2), bias=False)
      )
      (1): BasicBlock(
        (bn1): BatchNorm2d(640, eps=1e-05, momentum=0.1, affine=True, track_running_stats=True)
        (relu1): ReLU(inplace=True)
        (conv1): Conv2d(640, 640, kernel_size=(3, 3), stride=(1, 1), padding=(1, 1), bias=False)
        (bn2): BatchNorm2d(640, eps=1e-05, momentum=0.1, affine=True, track_running_stats=True)
        (relu2): ReLU(inplace=True)
        (conv2): Conv2d(640, 640, kernel_size=(3, 3), stride=(1, 1), padding=(1, 1), bias=False)
      )
      (2): BasicBlock(
        (bn1): BatchNorm2d(640, eps=1e-05, momentum=0.1, affine=True, track_running_stats=True)
        (relu1): ReLU(inplace=True)
        (conv1): Conv2d(640, 640, kernel_size=(3, 3), stride=(1, 1), padding=(1, 1), bias=False)
        (bn2): BatchNorm2d(640, eps=1e-05, momentum=0.1, affine=True, track_running_stats=True)
        (relu2): ReLU(inplace=True)
        (conv2): Conv2d(640, 640, kernel_size=(3, 3), stride=(1, 1), padding=(1, 1), bias=False)
      )
      (3): BasicBlock(
        (bn1): BatchNorm2d(640, eps=1e-05, momentum=0.1, affine=True, track_running_stats=True)
        (relu1): ReLU(inplace=True)
        (conv1): Conv2d(640, 640, kernel_size=(3, 3), stride=(1, 1), padding=(1, 1), bias=False)
        (bn2): BatchNorm2d(640, eps=1e-05, momentum=0.1, affine=True, track_running_stats=True)
        (relu2): ReLU(inplace=True)
        (conv2): Conv2d(640, 640, kernel_size=(3, 3), stride=(1, 1), padding=(1, 1), bias=False)
      )
    )
  )
  (bn1): BatchNorm2d(640, eps=1e-05, momentum=0.1, affine=True, track_running_stats=True)
  (relu): ReLU(inplace=True)
  (fc): Linear(in_features=640, out_features=200, bias=True)
)
[25/05/04 21:40:44] [eval.py:   71]: resetting model
Building model...
[25/05/04 21:40:53] [eval.py:   79]: acc % [gaussian_noise5]: 0.75%
[25/05/04 21:40:53] [eval.py:   71]: resetting model
torch.Size([10000, 3, 32, 32]) 10000
[25/05/04 21:41:00] [eval.py:   79]: acc % [gaussian_noise4]: 0.77%
[25/05/04 21:41:00] [eval.py:   71]: resetting model
torch.Size([10000, 3, 32, 32]) 10000
[25/05/04 21:41:08] [eval.py:   79]: acc % [gaussian_noise3]: 1.13%
[25/05/04 21:41:08] [eval.py:   71]: resetting model
torch.Size([10000, 3, 32, 32]) 10000
[25/05/04 21:41:15] [eval.py:   79]: acc % [gaussian_noise2]: 1.88%
[25/05/04 21:41:15] [eval.py:   71]: resetting model
torch.Size([10000, 3, 32, 32]) 10000
[25/05/04 21:41:22] [eval.py:   79]: acc % [gaussian_noise1]: 1.77%
[25/05/04 21:41:22] [eval.py:   71]: resetting model
torch.Size([10000, 3, 32, 32]) 10000
[25/05/04 21:41:30] [eval.py:   79]: acc % [shot_noise5]: 0.84%
[25/05/04 21:41:30] [eval.py:   71]: resetting model
torch.Size([10000, 3, 32, 32]) 10000
[25/05/04 21:41:37] [eval.py:   79]: acc % [shot_noise4]: 1.12%
[25/05/04 21:41:37] [eval.py:   71]: resetting model
torch.Size([10000, 3, 32, 32]) 10000
[25/05/04 21:41:44] [eval.py:   79]: acc % [shot_noise3]: 1.80%
[25/05/04 21:41:44] [eval.py:   71]: resetting model
torch.Size([10000, 3, 32, 32]) 10000
[25/05/04 21:41:52] [eval.py:   79]: acc % [shot_noise2]: 2.33%
[25/05/04 21:41:52] [eval.py:   71]: resetting model
torch.Size([10000, 3, 32, 32]) 10000
[25/05/04 21:41:59] [eval.py:   79]: acc % [shot_noise1]: 3.01%
[25/05/04 21:41:59] [eval.py:   71]: resetting model
torch.Size([10000, 3, 32, 32]) 10000
[25/05/04 21:42:07] [eval.py:   79]: acc % [impulse_noise5]: 0.63%
[25/05/04 21:42:07] [eval.py:   71]: resetting model
torch.Size([10000, 3, 32, 32]) 10000
[25/05/04 21:42:14] [eval.py:   79]: acc % [impulse_noise4]: 0.84%
[25/05/04 21:42:14] [eval.py:   71]: resetting model
torch.Size([10000, 3, 32, 32]) 10000
[25/05/04 21:42:22] [eval.py:   79]: acc % [impulse_noise3]: 1.37%
[25/05/04 21:42:22] [eval.py:   71]: resetting model
torch.Size([10000, 3, 32, 32]) 10000
[25/05/04 21:42:29] [eval.py:   79]: acc % [impulse_noise2]: 2.14%
[25/05/04 21:42:29] [eval.py:   71]: resetting model
torch.Size([10000, 3, 32, 32]) 10000
[25/05/04 21:42:36] [eval.py:   79]: acc % [impulse_noise1]: 2.87%
[25/05/04 21:42:36] [eval.py:   71]: resetting model
torch.Size([10000, 3, 32, 32]) 10000
[25/05/04 21:42:44] [eval.py:   79]: acc % [defocus_blur5]: 0.78%
[25/05/04 21:42:44] [eval.py:   71]: resetting model
torch.Size([10000, 3, 32, 32]) 10000
[25/05/04 21:42:51] [eval.py:   79]: acc % [defocus_blur4]: 0.83%
[25/05/04 21:42:51] [eval.py:   71]: resetting model
torch.Size([10000, 3, 32, 32]) 10000
[25/05/04 21:42:58] [eval.py:   79]: acc % [defocus_blur3]: 1.30%
[25/05/04 21:42:58] [eval.py:   71]: resetting model
torch.Size([10000, 3, 32, 32]) 10000
[25/05/04 21:43:06] [eval.py:   79]: acc % [defocus_blur2]: 1.82%
[25/05/04 21:43:06] [eval.py:   71]: resetting model
torch.Size([10000, 3, 32, 32]) 10000
[25/05/04 21:43:13] [eval.py:   79]: acc % [defocus_blur1]: 2.47%
[25/05/04 21:43:13] [eval.py:   71]: resetting model
torch.Size([10000, 3, 32, 32]) 10000
[25/05/04 21:43:20] [eval.py:   79]: acc % [glass_blur5]: 0.76%
[25/05/04 21:43:20] [eval.py:   71]: resetting model
torch.Size([10000, 3, 32, 32]) 10000
[25/05/04 21:43:28] [eval.py:   79]: acc % [glass_blur4]: 0.74%
[25/05/04 21:43:28] [eval.py:   71]: resetting model
torch.Size([10000, 3, 32, 32]) 10000
[25/05/04 21:43:35] [eval.py:   79]: acc % [glass_blur3]: 1.14%
[25/05/04 21:43:35] [eval.py:   71]: resetting model
torch.Size([10000, 3, 32, 32]) 10000
[25/05/04 21:43:42] [eval.py:   79]: acc % [glass_blur2]: 2.20%
[25/05/04 21:43:42] [eval.py:   71]: resetting model
torch.Size([10000, 3, 32, 32]) 10000
[25/05/04 21:43:50] [eval.py:   79]: acc % [glass_blur1]: 2.69%
[25/05/04 21:43:50] [eval.py:   71]: resetting model
torch.Size([10000, 3, 32, 32]) 10000
[25/05/04 21:43:57] [eval.py:   79]: acc % [motion_blur5]: 0.88%
[25/05/04 21:43:57] [eval.py:   71]: resetting model
torch.Size([10000, 3, 32, 32]) 10000
[25/05/04 21:44:05] [eval.py:   79]: acc % [motion_blur4]: 1.20%
[25/05/04 21:44:05] [eval.py:   71]: resetting model
torch.Size([10000, 3, 32, 32]) 10000
[25/05/04 21:44:12] [eval.py:   79]: acc % [motion_blur3]: 1.49%
[25/05/04 21:44:12] [eval.py:   71]: resetting model
torch.Size([10000, 3, 32, 32]) 10000
[25/05/04 21:44:19] [eval.py:   79]: acc % [motion_blur2]: 2.48%
[25/05/04 21:44:19] [eval.py:   71]: resetting model
torch.Size([10000, 3, 32, 32]) 10000
[25/05/04 21:44:27] [eval.py:   79]: acc % [motion_blur1]: 1.79%
[25/05/04 21:44:27] [eval.py:   71]: resetting model
torch.Size([10000, 3, 32, 32]) 10000
[25/05/04 21:44:34] [eval.py:   79]: acc % [zoom_blur5]: 1.46%
[25/05/04 21:44:34] [eval.py:   71]: resetting model
torch.Size([10000, 3, 32, 32]) 10000
[25/05/04 21:44:42] [eval.py:   79]: acc % [zoom_blur4]: 1.74%
[25/05/04 21:44:42] [eval.py:   71]: resetting model
torch.Size([10000, 3, 32, 32]) 10000
[25/05/04 21:44:49] [eval.py:   79]: acc % [zoom_blur3]: 1.52%
[25/05/04 21:44:49] [eval.py:   71]: resetting model
torch.Size([10000, 3, 32, 32]) 10000
[25/05/04 21:44:56] [eval.py:   79]: acc % [zoom_blur2]: 1.84%
[25/05/04 21:44:56] [eval.py:   71]: resetting model
torch.Size([10000, 3, 32, 32]) 10000
[25/05/04 21:45:04] [eval.py:   79]: acc % [zoom_blur1]: 2.15%
[25/05/04 21:45:04] [eval.py:   71]: resetting model
torch.Size([10000, 3, 32, 32]) 10000
[25/05/04 21:45:11] [eval.py:   79]: acc % [snow5]: 1.06%
[25/05/04 21:45:11] [eval.py:   71]: resetting model
torch.Size([10000, 3, 32, 32]) 10000
[25/05/04 21:45:18] [eval.py:   79]: acc % [snow4]: 1.13%
[25/05/04 21:45:19] [eval.py:   71]: resetting model
torch.Size([10000, 3, 32, 32]) 10000
[25/05/04 21:45:26] [eval.py:   79]: acc % [snow3]: 1.06%
[25/05/04 21:45:26] [eval.py:   71]: resetting model
torch.Size([10000, 3, 32, 32]) 10000
[25/05/04 21:45:33] [eval.py:   79]: acc % [snow2]: 1.56%
[25/05/04 21:45:33] [eval.py:   71]: resetting model
torch.Size([10000, 3, 32, 32]) 10000
[25/05/04 21:45:41] [eval.py:   79]: acc % [snow1]: 2.01%
[25/05/04 21:45:41] [eval.py:   71]: resetting model
torch.Size([10000, 3, 32, 32]) 10000
[25/05/04 21:45:48] [eval.py:   79]: acc % [frost5]: 1.06%
[25/05/04 21:45:48] [eval.py:   71]: resetting model
torch.Size([10000, 3, 32, 32]) 10000
[25/05/04 21:45:56] [eval.py:   79]: acc % [frost4]: 1.13%
[25/05/04 21:45:56] [eval.py:   71]: resetting model
torch.Size([10000, 3, 32, 32]) 10000
[25/05/04 21:46:03] [eval.py:   79]: acc % [frost3]: 1.26%
[25/05/04 21:46:03] [eval.py:   71]: resetting model
torch.Size([10000, 3, 32, 32]) 10000
[25/05/04 21:46:10] [eval.py:   79]: acc % [frost2]: 1.37%
[25/05/04 21:46:10] [eval.py:   71]: resetting model
torch.Size([10000, 3, 32, 32]) 10000
[25/05/04 21:46:18] [eval.py:   79]: acc % [frost1]: 1.95%
[25/05/04 21:46:18] [eval.py:   71]: resetting model
torch.Size([10000, 3, 32, 32]) 10000
[25/05/04 21:46:25] [eval.py:   79]: acc % [fog5]: 0.63%
[25/05/04 21:46:25] [eval.py:   71]: resetting model
torch.Size([10000, 3, 32, 32]) 10000
[25/05/04 21:46:33] [eval.py:   79]: acc % [fog4]: 0.86%
[25/05/04 21:46:33] [eval.py:   71]: resetting model
torch.Size([10000, 3, 32, 32]) 10000
[25/05/04 21:46:40] [eval.py:   79]: acc % [fog3]: 1.20%
[25/05/04 21:46:40] [eval.py:   71]: resetting model
torch.Size([10000, 3, 32, 32]) 10000
[25/05/04 21:46:47] [eval.py:   79]: acc % [fog2]: 1.56%
[25/05/04 21:46:47] [eval.py:   71]: resetting model
torch.Size([10000, 3, 32, 32]) 10000
[25/05/04 21:46:55] [eval.py:   79]: acc % [fog1]: 2.06%
[25/05/04 21:46:55] [eval.py:   71]: resetting model
torch.Size([10000, 3, 32, 32]) 10000
[25/05/04 21:47:02] [eval.py:   79]: acc % [brightness5]: 0.92%
[25/05/04 21:47:02] [eval.py:   71]: resetting model
torch.Size([10000, 3, 32, 32]) 10000
[25/05/04 21:47:10] [eval.py:   79]: acc % [brightness4]: 0.83%
[25/05/04 21:47:10] [eval.py:   71]: resetting model
torch.Size([10000, 3, 32, 32]) 10000
[25/05/04 21:47:17] [eval.py:   79]: acc % [brightness3]: 2.24%
[25/05/04 21:47:17] [eval.py:   71]: resetting model
torch.Size([10000, 3, 32, 32]) 10000
[25/05/04 21:47:24] [eval.py:   79]: acc % [brightness2]: 1.83%
[25/05/04 21:47:24] [eval.py:   71]: resetting model
torch.Size([10000, 3, 32, 32]) 10000
[25/05/04 21:47:32] [eval.py:   79]: acc % [brightness1]: 2.97%
[25/05/04 21:47:32] [eval.py:   71]: resetting model
torch.Size([10000, 3, 32, 32]) 10000
[25/05/04 21:47:39] [eval.py:   79]: acc % [contrast5]: 0.56%
[25/05/04 21:47:39] [eval.py:   71]: resetting model
torch.Size([10000, 3, 32, 32]) 10000
[25/05/04 21:47:46] [eval.py:   79]: acc % [contrast4]: 0.52%
[25/05/04 21:47:46] [eval.py:   71]: resetting model
torch.Size([10000, 3, 32, 32]) 10000
[25/05/04 21:47:53] [eval.py:   79]: acc % [contrast3]: 0.59%
[25/05/04 21:47:53] [eval.py:   71]: resetting model
torch.Size([10000, 3, 32, 32]) 10000
[25/05/04 21:48:01] [eval.py:   79]: acc % [contrast2]: 0.65%
[25/05/04 21:48:01] [eval.py:   71]: resetting model
torch.Size([10000, 3, 32, 32]) 10000
[25/05/04 21:48:08] [eval.py:   79]: acc % [contrast1]: 1.48%
[25/05/04 21:48:08] [eval.py:   71]: resetting model
torch.Size([10000, 3, 32, 32]) 10000
[25/05/04 21:48:16] [eval.py:   79]: acc % [elastic_transform5]: 1.79%
[25/05/04 21:48:16] [eval.py:   71]: resetting model
torch.Size([10000, 3, 32, 32]) 10000
[25/05/04 21:48:23] [eval.py:   79]: acc % [elastic_transform4]: 2.28%
[25/05/04 21:48:23] [eval.py:   71]: resetting model
torch.Size([10000, 3, 32, 32]) 10000
[25/05/04 21:48:30] [eval.py:   79]: acc % [elastic_transform3]: 1.76%
[25/05/04 21:48:30] [eval.py:   71]: resetting model
torch.Size([10000, 3, 32, 32]) 10000
[25/05/04 21:48:38] [eval.py:   79]: acc % [elastic_transform2]: 1.96%
[25/05/04 21:48:38] [eval.py:   71]: resetting model
torch.Size([10000, 3, 32, 32]) 10000
[25/05/04 21:48:45] [eval.py:   79]: acc % [elastic_transform1]: 1.98%
[25/05/04 21:48:45] [eval.py:   71]: resetting model
torch.Size([10000, 3, 32, 32]) 10000
[25/05/04 21:48:52] [eval.py:   79]: acc % [pixelate5]: 2.10%
[25/05/04 21:48:52] [eval.py:   71]: resetting model
torch.Size([10000, 3, 32, 32]) 10000
[25/05/04 21:49:00] [eval.py:   79]: acc % [pixelate4]: 2.03%
[25/05/04 21:49:00] [eval.py:   71]: resetting model
torch.Size([10000, 3, 32, 32]) 10000
[25/05/04 21:49:07] [eval.py:   79]: acc % [pixelate3]: 1.83%
[25/05/04 21:49:07] [eval.py:   71]: resetting model
torch.Size([10000, 3, 32, 32]) 10000
[25/05/04 21:49:14] [eval.py:   79]: acc % [pixelate2]: 2.61%
[25/05/04 21:49:14] [eval.py:   71]: resetting model
torch.Size([10000, 3, 32, 32]) 10000
[25/05/04 21:49:22] [eval.py:   79]: acc % [pixelate1]: 2.59%
[25/05/04 21:49:22] [eval.py:   71]: resetting model
torch.Size([10000, 3, 32, 32]) 10000
[25/05/04 21:49:29] [eval.py:   79]: acc % [jpeg_compression5]: 2.57%
[25/05/04 21:49:29] [eval.py:   71]: resetting model
torch.Size([10000, 3, 32, 32]) 10000
[25/05/04 21:49:36] [eval.py:   79]: acc % [jpeg_compression4]: 2.21%
[25/05/04 21:49:36] [eval.py:   71]: resetting model
torch.Size([10000, 3, 32, 32]) 10000
[25/05/04 21:49:44] [eval.py:   79]: acc % [jpeg_compression3]: 2.78%
[25/05/04 21:49:44] [eval.py:   71]: resetting model
torch.Size([10000, 3, 32, 32]) 10000
[25/05/04 21:49:51] [eval.py:   79]: acc % [jpeg_compression2]: 3.09%
[25/05/04 21:49:51] [eval.py:   71]: resetting model
torch.Size([10000, 3, 32, 32]) 10000
[25/05/04 21:49:58] [eval.py:   79]: acc % [jpeg_compression1]: 2.18%
[25/05/04 21:49:58] [eval.py:   85]: 
                          1         2        3         4         5       avg
gaussian_noise     0.007500  0.007700  0.01130  0.018800  0.017700  0.012600
shot_noise         0.008400  0.011200  0.01800  0.023300  0.030100  0.018200
impulse_noise      0.006300  0.008400  0.01370  0.021400  0.028700  0.015700
defocus_blur       0.007800  0.008300  0.01300  0.018200  0.024700  0.014400
glass_blur         0.007600  0.007400  0.01140  0.022000  0.026900  0.015060
motion_blur        0.008800  0.012000  0.01490  0.024800  0.017900  0.015680
zoom_blur          0.014600  0.017400  0.01520  0.018400  0.021500  0.017420
snow               0.010600  0.011300  0.01060  0.015600  0.020100  0.013640
frost              0.010600  0.011300  0.01260  0.013700  0.019500  0.013540
fog                0.006300  0.008600  0.01200  0.015600  0.020600  0.012620
brightness         0.009200  0.008300  0.02240  0.018300  0.029700  0.017580
contrast           0.005600  0.005200  0.00590  0.006500  0.014800  0.007600
elastic_transform  0.017900  0.022800  0.01760  0.019600  0.019800  0.019540
pixelate           0.021000  0.020300  0.01830  0.026100  0.025900  0.022320
jpeg_compression   0.025700  0.022100  0.02780  0.030900  0.021800  0.025660
average            0.011193  0.012153  0.01498  0.019547  0.022647  0.016104
[25/05/04 21:49:58] [eval.py:  126]: resetting model
torch.Size([10000, 3, 32, 32]) 10000
[25/05/04 21:49:59] [eval.py:   47]: Test Batch Process: 1/50
[25/05/04 21:49:59] [eval.py:   47]: Test Batch Process: 2/50
[25/05/04 21:49:59] [eval.py:   47]: Test Batch Process: 3/50
[25/05/04 21:49:59] [eval.py:   47]: Test Batch Process: 4/50
[25/05/04 21:49:59] [eval.py:   47]: Test Batch Process: 5/50
[25/05/04 21:49:59] [eval.py:   47]: Test Batch Process: 6/50
[25/05/04 21:49:59] [eval.py:   47]: Test Batch Process: 7/50
[25/05/04 21:50:00] [eval.py:   47]: Test Batch Process: 8/50
[25/05/04 21:50:00] [eval.py:   47]: Test Batch Process: 9/50
[25/05/04 21:50:00] [eval.py:   47]: Test Batch Process: 10/50
[25/05/04 21:50:00] [eval.py:   47]: Test Batch Process: 11/50
[25/05/04 21:50:00] [eval.py:   47]: Test Batch Process: 12/50
[25/05/04 21:50:00] [eval.py:   47]: Test Batch Process: 13/50
[25/05/04 21:50:00] [eval.py:   47]: Test Batch Process: 14/50
[25/05/04 21:50:00] [eval.py:   47]: Test Batch Process: 15/50
[25/05/04 21:50:00] [eval.py:   47]: Test Batch Process: 16/50
[25/05/04 21:50:01] [eval.py:   47]: Test Batch Process: 17/50
[25/05/04 21:50:01] [eval.py:   47]: Test Batch Process: 18/50
[25/05/04 21:50:01] [eval.py:   47]: Test Batch Process: 19/50
[25/05/04 21:50:01] [eval.py:   47]: Test Batch Process: 20/50
[25/05/04 21:50:01] [eval.py:   47]: Test Batch Process: 21/50
[25/05/04 21:50:01] [eval.py:   47]: Test Batch Process: 22/50
[25/05/04 21:50:01] [eval.py:   47]: Test Batch Process: 23/50
[25/05/04 21:50:01] [eval.py:   47]: Test Batch Process: 24/50
[25/05/04 21:50:01] [eval.py:   47]: Test Batch Process: 25/50
[25/05/04 21:50:02] [eval.py:   47]: Test Batch Process: 26/50
[25/05/04 21:50:02] [eval.py:   47]: Test Batch Process: 27/50
[25/05/04 21:50:02] [eval.py:   47]: Test Batch Process: 28/50
[25/05/04 21:50:02] [eval.py:   47]: Test Batch Process: 29/50
[25/05/04 21:50:02] [eval.py:   47]: Test Batch Process: 30/50
[25/05/04 21:50:02] [eval.py:   47]: Test Batch Process: 31/50
[25/05/04 21:50:02] [eval.py:   47]: Test Batch Process: 32/50
[25/05/04 21:50:02] [eval.py:   47]: Test Batch Process: 33/50
[25/05/04 21:50:02] [eval.py:   47]: Test Batch Process: 34/50
[25/05/04 21:50:03] [eval.py:   47]: Test Batch Process: 35/50
[25/05/04 21:50:03] [eval.py:   47]: Test Batch Process: 36/50
[25/05/04 21:50:03] [eval.py:   47]: Test Batch Process: 37/50
[25/05/04 21:50:03] [eval.py:   47]: Test Batch Process: 38/50
[25/05/04 21:50:03] [eval.py:   47]: Test Batch Process: 39/50
[25/05/04 21:50:03] [eval.py:   47]: Test Batch Process: 40/50
[25/05/04 21:50:03] [eval.py:   47]: Test Batch Process: 41/50
[25/05/04 21:50:03] [eval.py:   47]: Test Batch Process: 42/50
[25/05/04 21:50:03] [eval.py:   47]: Test Batch Process: 43/50
[25/05/04 21:50:03] [eval.py:   47]: Test Batch Process: 44/50
[25/05/04 21:50:04] [eval.py:   47]: Test Batch Process: 45/50
[25/05/04 21:50:04] [eval.py:   47]: Test Batch Process: 46/50
[25/05/04 21:50:04] [eval.py:   47]: Test Batch Process: 47/50
[25/05/04 21:50:04] [eval.py:   47]: Test Batch Process: 48/50
[25/05/04 21:50:04] [eval.py:   47]: Test Batch Process: 49/50
[25/05/04 21:50:04] [eval.py:   47]: Test Batch Process: 50/50
[25/05/04 21:50:04] [eval.py:  145]: Test set Accuracy: 0.07
