[25/05/04 21:39:42] [utils.py:   78]: PyTorch Version: torch=2.5.0+cu124, cuda=12.4, cudnn=90100
[25/05/04 21:39:42] [utils.py:   79]: BN:
  EPS: 1e-05
  MOM: 0.1
CKPT_DIR: ./ckpt
CORRUPTION:
  DATASET: tin200
  IMG_SIZE: 64
  NUM_CHANNEL: 3
  NUM_CLASSES: 200
  NUM_EX: 10000
  SEVERITY: [5, 4, 3, 2, 1]
  TYPE: ['gaussian_noise', 'shot_noise', 'impulse_noise', 'defocus_blur', 'glass_blur', 'motion_blur', 'zoom_blur', 'snow', 'frost', 'fog', 'brightness', 'contrast', 'elastic_transform', 'pixelate', 'jpeg_compression']
CUDNN:
  BENCHMARK: True
DATA_DIR: /scratch-shared/tea/tin200
DESC: 
EATA:
  D_MARGIN: 0.05
  E_MARGIN: 2.763102111592855
  FISHER_ALPHA: 2000.0
  FISHER_SIZE: 2000
  USE_FISHER: False
EBM:
  BUFFER_SIZE: 10000
  REINIT_FREQ: 0.05
  SGLD_LR: 1.0
  SGLD_STD: 0.01
  STEPS: 20
  UNCOND: uncond
LOG_DEST: eta_bn_adam-1-0.001-200_250504-213941.txt
LOG_TIME: 250504-213941
MODEL:
  ADAPTATION: eata
  ADA_PARAM: ['bn']
  ARCH: WRN2810_BN
  EPISODIC: False
OPTIM:
  BATCH_SIZE: 200
  BETA: 0.9
  DAMPENING: 0.0
  LR: 0.001
  METHOD: Adam
  MOMENTUM: 0.9
  NESTEROV: True
  STEPS: 1
  TRAIN_STEPS: 2500000
  WARMUP_STEPS: 0
  WD: 0.0
PL:
  ALPHA: 0.1
  THRESHOLD: 0.9
RNG_SEED: 36
SAR:
  MARGIN_E0: 2.763102111592855
SAVE_DIR: ./save/tin200/bn-wrn-28-10
SHOT:
  CLF_COEFF: 0.1
  THRESHOLD: 0.9
TEST:
  
/gpfs/home5/scur2578/tea/main.py:35: FutureWarning: You are using `torch.load` with `weights_only=False` (the current default value), which uses the default pickle module implicitly. It is possible to construct malicious pickle data which will execute arbitrary code during unpickling (See https://github.com/pytorch/pytorch/blob/main/SECURITY.md#untrusted-models for more details). In a future release, the default value for `weights_only` will be flipped to `True`. This limits the functions that could be executed during unpickling. Arbitrary objects will no longer be allowed to be loaded via this mode unless they are explicitly allowlisted by the user via `torch.serialization.add_safe_globals`. We recommend you start setting `weights_only=True` for any use case where you don't have full control of the loaded file. Please open an issue on GitHub for any issues related to this experimental feature.
  ckpt = torch.load(os.path.join(cfg.CKPT_DIR ,'{}/{}.pth'.format(cfg.CORRUPTION.DATASET, cfg.MODEL.ARCH)))
[25/05/04 21:39:43] [main.py:   85]: test-time adaptation: EATA
[25/05/04 21:39:43] [param.py:   18]: adapting weights of batch-normalization layer
[25/05/04 21:39:43] [setada.py:  110]: model for adaptation: WideResNet(
  (conv1): Conv2d(3, 16, kernel_size=(3, 3), stride=(1, 1), padding=(1, 1), bias=False)
  (block1): NetworkBlock(
    (layer): Sequential(
      (0): BasicBlock(
        (bn1): BatchNorm2d(16, eps=1e-05, momentum=0.1, affine=True, track_running_stats=False)
        (relu1): ReLU(inplace=True)
        (conv1): Conv2d(16, 160, kernel_size=(3, 3), stride=(1, 1), padding=(1, 1), bias=False)
        (bn2): BatchNorm2d(160, eps=1e-05, momentum=0.1, affine=True, track_running_stats=False)
        (relu2): ReLU(inplace=True)
        (conv2): Conv2d(160, 160, kernel_size=(3, 3), stride=(1, 1), padding=(1, 1), bias=False)
        (convShortcut): Conv2d(16, 160, kernel_size=(1, 1), stride=(1, 1), bias=False)
      )
      (1): BasicBlock(
        (bn1): BatchNorm2d(160, eps=1e-05, momentum=0.1, affine=True, track_running_stats=False)
        (relu1): ReLU(inplace=True)
        (conv1): Conv2d(160, 160, kernel_size=(3, 3), stride=(1, 1), padding=(1, 1), bias=False)
        (bn2): BatchNorm2d(160, eps=1e-05, momentum=0.1, affine=True, track_running_stats=False)
        (relu2): ReLU(inplace=True)
        (conv2): Conv2d(160, 160, kernel_size=(3, 3), stride=(1, 1), padding=(1, 1), bias=False)
      )
      (2): BasicBlock(
        (bn1): BatchNorm2d(160, eps=1e-05, momentum=0.1, affine=True, track_running_stats=False)
        (relu1): ReLU(inplace=True)
        (conv1): Conv2d(160, 160, kernel_size=(3, 3), stride=(1, 1), padding=(1, 1), bias=False)
        (bn2): BatchNorm2d(160, eps=1e-05, momentum=0.1, affine=True, track_running_stats=False)
        (relu2): ReLU(inplace=True)
        (conv2): Conv2d(160, 160, kernel_size=(3, 3), stride=(1, 1), padding=(1, 1), bias=False)
      )
      (3): BasicBlock(
        (bn1): BatchNorm2d(160, eps=1e-05, momentum=0.1, affine=True, track_running_stats=False)
        (relu1): ReLU(inplace=True)
        (conv1): Conv2d(160, 160, kernel_size=(3, 3), stride=(1, 1), padding=(1, 1), bias=False)
        (bn2): BatchNorm2d(160, eps=1e-05, momentum=0.1, affine=True, track_running_stats=False)
        (relu2): ReLU(inplace=True)
        (conv2): Conv2d(160, 160, kernel_size=(3, 3), stride=(1, 1), padding=(1, 1), bias=False)
      )
    )
  )
  (block2): NetworkBlock(
    (layer): Sequential(
      (0): BasicBlock(
        (bn1): BatchNorm2d(160, eps=1e-05, momentum=0.1, affine=True, track_running_stats=False)
        (relu1): ReLU(inplace=True)
        (conv1): Conv2d(160, 320, kernel_size=(3, 3), stride=(2, 2), padding=(1, 1), bias=False)
        (bn2): BatchNorm2d(320, eps=1e-05, momentum=0.1, affine=True, track_running_stats=False)
        (relu2): ReLU(inplace=True)
        (conv2): Conv2d(320, 320, kernel_size=(3, 3), stride=(1, 1), padding=(1, 1), bias=False)
        (convShortcut): Conv2d(160, 320, kernel_size=(1, 1), stride=(2, 2), bias=False)
      )
      (1): BasicBlock(
        (bn1): BatchNorm2d(320, eps=1e-05, momentum=0.1, affine=True, track_running_stats=False)
        (relu1): ReLU(inplace=True)
        (conv1): Conv2d(320, 320, kernel_size=(3, 3), stride=(1, 1), padding=(1, 1), bias=False)
        (bn2): BatchNorm2d(320, eps=1e-05, momentum=0.1, affine=True, track_running_stats=False)
        (relu2): ReLU(inplace=True)
        (conv2): Conv2d(320, 320, kernel_size=(3, 3), stride=(1, 1), padding=(1, 1), bias=False)
      )
      (2): BasicBlock(
        (bn1): BatchNorm2d(320, eps=1e-05, momentum=0.1, affine=True, track_running_stats=False)
        (relu1): ReLU(inplace=True)
        (conv1): Conv2d(320, 320, kernel_size=(3, 3), stride=(1, 1), padding=(1, 1), bias=False)
        (bn2): BatchNorm2d(320, eps=1e-05, momentum=0.1, affine=True, track_running_stats=False)
        (relu2): ReLU(inplace=True)
        (conv2): Conv2d(320, 320, kernel_size=(3, 3), stride=(1, 1), padding=(1, 1), bias=False)
      )
      (3): BasicBlock(
        (bn1): BatchNorm2d(320, eps=1e-05, momentum=0.1, affine=True, track_running_stats=False)
        (relu1): ReLU(inplace=True)
        (conv1): Conv2d(320, 320, kernel_size=(3, 3), stride=(1, 1), padding=(1, 1), bias=False)
        (bn2): BatchNorm2d(320, eps=1e-05, momentum=0.1, affine=True, track_running_stats=False)
        (relu2): ReLU(inplace=True)
        (conv2): Conv2d(320, 320, kernel_size=(3, 3), stride=(1, 1), padding=(1, 1), bias=False)
      )
    )
  )
  (block3): NetworkBlock(
    (layer): Sequential(
      (0): BasicBlock(
        (bn1): BatchNorm2d(320, eps=1e-05, momentum=0.1, affine=True, track_running_stats=False)
        (relu1): ReLU(inplace=True)
        (conv1): Conv2d(320, 640, kernel_size=(3, 3), stride=(2, 2), padding=(1, 1), bias=False)
        (bn2): BatchNorm2d(640, eps=1e-05, momentum=0.1, affine=True, track_running_stats=False)
        (relu2): ReLU(inplace=True)
        (conv2): Conv2d(640, 640, kernel_size=(3, 3), stride=(1, 1), padding=(1, 1), bias=False)
        (convShortcut): Conv2d(320, 640, kernel_size=(1, 1), stride=(2, 2), bias=False)
      )
      (1): BasicBlock(
        (bn1): BatchNorm2d(640, eps=1e-05, momentum=0.1, affine=True, track_running_stats=False)
        (relu1): ReLU(inplace=True)
        (conv1): Conv2d(640, 640, kernel_size=(3, 3), stride=(1, 1), padding=(1, 1), bias=False)
        (bn2): BatchNorm2d(640, eps=1e-05, momentum=0.1, affine=True, track_running_stats=False)
        (relu2): ReLU(inplace=True)
        (conv2): Conv2d(640, 640, kernel_size=(3, 3), stride=(1, 1), padding=(1, 1), bias=False)
      )
      (2): BasicBlock(
        (bn1): BatchNorm2d(640, eps=1e-05, momentum=0.1, affine=True, track_running_stats=False)
        (relu1): ReLU(inplace=True)
        (conv1): Conv2d(640, 640, kernel_size=(3, 3), stride=(1, 1), padding=(1, 1), bias=False)
        (bn2): BatchNorm2d(640, eps=1e-05, momentum=0.1, affine=True, track_running_stats=False)
        (relu2): ReLU(inplace=True)
        (conv2): Conv2d(640, 640, kernel_size=(3, 3), stride=(1, 1), padding=(1, 1), bias=False)
      )
      (3): BasicBlock(
        (bn1): BatchNorm2d(640, eps=1e-05, momentum=0.1, affine=True, track_running_stats=False)
        (relu1): ReLU(inplace=True)
        (conv1): Conv2d(640, 640, kernel_size=(3, 3), stride=(1, 1), padding=(1, 1), bias=False)
        (bn2): BatchNorm2d(640, eps=1e-05, momentum=0.1, affine=True, track_running_stats=False)
        (relu2): ReLU(inplace=True)
        (conv2): Conv2d(640, 640, kernel_size=(3, 3), stride=(1, 1), padding=(1, 1), bias=False)
      )
    )
  )
  (bn1): BatchNorm2d(640, eps=1e-05, momentum=0.1, affine=True, track_running_stats=False)
  (relu): ReLU(inplace=True)
  (fc): Linear(in_features=640, out_features=200, bias=True)
)
[25/05/04 21:39:43] [setada.py:  111]: params for adaptation: ['block1.layer.0.bn1.weight', 'block1.layer.0.bn1.bias', 'block1.layer.0.bn2.weight', 'block1.layer.0.bn2.bias', 'block1.layer.1.bn1.weight', 'block1.layer.1.bn1.bias', 'block1.layer.1.bn2.weight', 'block1.layer.1.bn2.bias', 'block1.layer.2.bn1.weight', 'block1.layer.2.bn1.bias', 'block1.layer.2.bn2.weight', 'block1.layer.2.bn2.bias', 'block1.layer.3.bn1.weight', 'block1.layer.3.bn1.bias', 'block1.layer.3.bn2.weight', 'block1.layer.3.bn2.bias', 'block2.layer.0.bn1.weight', 'block2.layer.0.bn1.bias', 'block2.layer.0.bn2.weight', 'block2.layer.0.bn2.bias', 'block2.layer.1.bn1.weight', 'block2.layer.1.bn1.bias', 'block2.layer.1.bn2.weight', 'block2.layer.1.bn2.bias', 'block2.layer.2.bn1.weight', 'block2.layer.2.bn1.bias', 'block2.layer.2.bn2.weight', 'block2.layer.2.bn2.bias', 'block2.layer.3.bn1.weight', 'block2.layer.3.bn1.bias', 'block2.layer.3.bn2.weight', 'block2.layer.3.bn2.bias', 'block3.layer.0.bn1.weight', 'block3.layer.0.bn1.bias', 'block3.layer.0.bn2.weight', 'block3.layer.0.bn2.bias', 'block3.layer.1.bn1.weight', 'block3.layer.1.bn1.bias', 'block3.layer.1.bn2.weight', 'block3.layer.1.bn2.bias', 'block3.layer.2.bn1.weight', 'block3.layer.2.bn1.bias', 'block3.layer.2.bn2.weight', 'block3.layer.2.bn2.bias', 'block3.layer.3.bn1.weight', 'block3.layer.3.bn1.bias', 'block3.layer.3.bn2.weight', 'block3.layer.3.bn2.bias', 'bn1.weight', 'bn1.bias']
[25/05/04 21:39:43] [setada.py:  112]: optimizer for adaptation: Adam (
Parameter Group 0
    amsgrad: False
    betas: (0.9, 0.999)
    capturable: False
    differentiable: False
    eps: 1e-08
    foreach: None
    fused: None
    lr: 0.001
    maximize: False
    weight_decay: 0.0
)
[25/05/04 21:39:43] [eval.py:   71]: resetting model
Building model...
fishers None
[25/05/04 21:39:50] [eval.py:   79]: acc % [gaussian_noise5]: 20.27%
[25/05/04 21:39:50] [eval.py:   71]: resetting model
torch.Size([10000, 3, 32, 32]) 10000
[25/05/04 21:39:55] [eval.py:   79]: acc % [gaussian_noise4]: 23.24%
[25/05/04 21:39:55] [eval.py:   71]: resetting model
torch.Size([10000, 3, 32, 32]) 10000
[25/05/04 21:40:01] [eval.py:   79]: acc % [gaussian_noise3]: 26.79%
[25/05/04 21:40:01] [eval.py:   71]: resetting model
torch.Size([10000, 3, 32, 32]) 10000
[25/05/04 21:40:06] [eval.py:   79]: acc % [gaussian_noise2]: 31.47%
[25/05/04 21:40:06] [eval.py:   71]: resetting model
torch.Size([10000, 3, 32, 32]) 10000
[25/05/04 21:40:12] [eval.py:   79]: acc % [gaussian_noise1]: 35.64%
[25/05/04 21:40:12] [eval.py:   71]: resetting model
torch.Size([10000, 3, 32, 32]) 10000
[25/05/04 21:40:17] [eval.py:   79]: acc % [shot_noise5]: 21.44%
[25/05/04 21:40:17] [eval.py:   71]: resetting model
torch.Size([10000, 3, 32, 32]) 10000
[25/05/04 21:40:23] [eval.py:   79]: acc % [shot_noise4]: 26.36%
[25/05/04 21:40:23] [eval.py:   71]: resetting model
torch.Size([10000, 3, 32, 32]) 10000
[25/05/04 21:40:28] [eval.py:   79]: acc % [shot_noise3]: 29.95%
[25/05/04 21:40:28] [eval.py:   71]: resetting model
torch.Size([10000, 3, 32, 32]) 10000
[25/05/04 21:40:34] [eval.py:   79]: acc % [shot_noise2]: 32.24%
[25/05/04 21:40:34] [eval.py:   71]: resetting model
torch.Size([10000, 3, 32, 32]) 10000
[25/05/04 21:40:39] [eval.py:   79]: acc % [shot_noise1]: 35.01%
[25/05/04 21:40:39] [eval.py:   71]: resetting model
torch.Size([10000, 3, 32, 32]) 10000
[25/05/04 21:40:45] [eval.py:   79]: acc % [impulse_noise5]: 15.88%
[25/05/04 21:40:45] [eval.py:   71]: resetting model
torch.Size([10000, 3, 32, 32]) 10000
[25/05/04 21:40:50] [eval.py:   79]: acc % [impulse_noise4]: 22.09%
[25/05/04 21:40:50] [eval.py:   71]: resetting model
torch.Size([10000, 3, 32, 32]) 10000
[25/05/04 21:40:56] [eval.py:   79]: acc % [impulse_noise3]: 26.25%
[25/05/04 21:40:56] [eval.py:   71]: resetting model
torch.Size([10000, 3, 32, 32]) 10000
[25/05/04 21:41:01] [eval.py:   79]: acc % [impulse_noise2]: 32.90%
[25/05/04 21:41:01] [eval.py:   71]: resetting model
torch.Size([10000, 3, 32, 32]) 10000
[25/05/04 21:41:07] [eval.py:   79]: acc % [impulse_noise1]: 34.60%
[25/05/04 21:41:07] [eval.py:   71]: resetting model
torch.Size([10000, 3, 32, 32]) 10000
[25/05/04 21:41:12] [eval.py:   79]: acc % [defocus_blur5]: 24.65%
[25/05/04 21:41:12] [eval.py:   71]: resetting model
torch.Size([10000, 3, 32, 32]) 10000
[25/05/04 21:41:18] [eval.py:   79]: acc % [defocus_blur4]: 28.50%
[25/05/04 21:41:18] [eval.py:   71]: resetting model
torch.Size([10000, 3, 32, 32]) 10000
[25/05/04 21:41:23] [eval.py:   79]: acc % [defocus_blur3]: 34.47%
[25/05/04 21:41:23] [eval.py:   71]: resetting model
torch.Size([10000, 3, 32, 32]) 10000
[25/05/04 21:41:29] [eval.py:   79]: acc % [defocus_blur2]: 36.08%
[25/05/04 21:41:29] [eval.py:   71]: resetting model
torch.Size([10000, 3, 32, 32]) 10000
[25/05/04 21:41:34] [eval.py:   79]: acc % [defocus_blur1]: 36.17%
[25/05/04 21:41:34] [eval.py:   71]: resetting model
torch.Size([10000, 3, 32, 32]) 10000
[25/05/04 21:41:41] [eval.py:   79]: acc % [glass_blur5]: 18.84%
[25/05/04 21:41:41] [eval.py:   71]: resetting model
torch.Size([10000, 3, 32, 32]) 10000
[25/05/04 21:41:46] [eval.py:   79]: acc % [glass_blur4]: 25.30%
[25/05/04 21:41:46] [eval.py:   71]: resetting model
torch.Size([10000, 3, 32, 32]) 10000
[25/05/04 21:41:52] [eval.py:   79]: acc % [glass_blur3]: 31.44%
[25/05/04 21:41:52] [eval.py:   71]: resetting model
torch.Size([10000, 3, 32, 32]) 10000
[25/05/04 21:41:57] [eval.py:   79]: acc % [glass_blur2]: 33.88%
[25/05/04 21:41:57] [eval.py:   71]: resetting model
torch.Size([10000, 3, 32, 32]) 10000
[25/05/04 21:42:03] [eval.py:   79]: acc % [glass_blur1]: 35.64%
[25/05/04 21:42:03] [eval.py:   71]: resetting model
torch.Size([10000, 3, 32, 32]) 10000
[25/05/04 21:42:08] [eval.py:   79]: acc % [motion_blur5]: 31.14%
[25/05/04 21:42:08] [eval.py:   71]: resetting model
torch.Size([10000, 3, 32, 32]) 10000
[25/05/04 21:42:13] [eval.py:   79]: acc % [motion_blur4]: 32.43%
[25/05/04 21:42:13] [eval.py:   71]: resetting model
torch.Size([10000, 3, 32, 32]) 10000
[25/05/04 21:42:19] [eval.py:   79]: acc % [motion_blur3]: 33.95%
[25/05/04 21:42:19] [eval.py:   71]: resetting model
torch.Size([10000, 3, 32, 32]) 10000
[25/05/04 21:42:24] [eval.py:   79]: acc % [motion_blur2]: 34.63%
[25/05/04 21:42:24] [eval.py:   71]: resetting model
torch.Size([10000, 3, 32, 32]) 10000
[25/05/04 21:42:30] [eval.py:   79]: acc % [motion_blur1]: 36.46%
[25/05/04 21:42:30] [eval.py:   71]: resetting model
torch.Size([10000, 3, 32, 32]) 10000
[25/05/04 21:42:35] [eval.py:   79]: acc % [zoom_blur5]: 30.17%
[25/05/04 21:42:35] [eval.py:   71]: resetting model
torch.Size([10000, 3, 32, 32]) 10000
[25/05/04 21:42:41] [eval.py:   79]: acc % [zoom_blur4]: 31.71%
[25/05/04 21:42:41] [eval.py:   71]: resetting model
torch.Size([10000, 3, 32, 32]) 10000
[25/05/04 21:42:46] [eval.py:   79]: acc % [zoom_blur3]: 33.52%
[25/05/04 21:42:46] [eval.py:   71]: resetting model
torch.Size([10000, 3, 32, 32]) 10000
[25/05/04 21:42:52] [eval.py:   79]: acc % [zoom_blur2]: 34.59%
[25/05/04 21:42:52] [eval.py:   71]: resetting model
torch.Size([10000, 3, 32, 32]) 10000
[25/05/04 21:42:57] [eval.py:   79]: acc % [zoom_blur1]: 35.62%
[25/05/04 21:42:57] [eval.py:   71]: resetting model
torch.Size([10000, 3, 32, 32]) 10000
[25/05/04 21:43:02] [eval.py:   79]: acc % [snow5]: 22.93%
[25/05/04 21:43:02] [eval.py:   71]: resetting model
torch.Size([10000, 3, 32, 32]) 10000
[25/05/04 21:43:08] [eval.py:   79]: acc % [snow4]: 21.55%
[25/05/04 21:43:08] [eval.py:   71]: resetting model
torch.Size([10000, 3, 32, 32]) 10000
[25/05/04 21:43:13] [eval.py:   79]: acc % [snow3]: 27.26%
[25/05/04 21:43:13] [eval.py:   71]: resetting model
torch.Size([10000, 3, 32, 32]) 10000
[25/05/04 21:43:19] [eval.py:   79]: acc % [snow2]: 31.84%
[25/05/04 21:43:19] [eval.py:   71]: resetting model
torch.Size([10000, 3, 32, 32]) 10000
[25/05/04 21:43:24] [eval.py:   79]: acc % [snow1]: 33.88%
[25/05/04 21:43:24] [eval.py:   71]: resetting model
torch.Size([10000, 3, 32, 32]) 10000
[25/05/04 21:43:30] [eval.py:   79]: acc % [frost5]: 25.67%
[25/05/04 21:43:30] [eval.py:   71]: resetting model
torch.Size([10000, 3, 32, 32]) 10000
[25/05/04 21:43:35] [eval.py:   79]: acc % [frost4]: 27.29%
[25/05/04 21:43:35] [eval.py:   71]: resetting model
torch.Size([10000, 3, 32, 32]) 10000
[25/05/04 21:43:41] [eval.py:   79]: acc % [frost3]: 29.42%
[25/05/04 21:43:41] [eval.py:   71]: resetting model
torch.Size([10000, 3, 32, 32]) 10000
[25/05/04 21:43:46] [eval.py:   79]: acc % [frost2]: 30.25%
[25/05/04 21:43:46] [eval.py:   71]: resetting model
torch.Size([10000, 3, 32, 32]) 10000
[25/05/04 21:43:52] [eval.py:   79]: acc % [frost1]: 33.07%
[25/05/04 21:43:52] [eval.py:   71]: resetting model
torch.Size([10000, 3, 32, 32]) 10000
[25/05/04 21:43:57] [eval.py:   79]: acc % [fog5]: 16.46%
[25/05/04 21:43:57] [eval.py:   71]: resetting model
torch.Size([10000, 3, 32, 32]) 10000
[25/05/04 21:44:03] [eval.py:   79]: acc % [fog4]: 21.86%
[25/05/04 21:44:03] [eval.py:   71]: resetting model
torch.Size([10000, 3, 32, 32]) 10000
[25/05/04 21:44:09] [eval.py:   79]: acc % [fog3]: 28.45%
[25/05/04 21:44:09] [eval.py:   71]: resetting model
torch.Size([10000, 3, 32, 32]) 10000
[25/05/04 21:44:18] [eval.py:   79]: acc % [fog2]: 31.95%
[25/05/04 21:44:18] [eval.py:   71]: resetting model
torch.Size([10000, 3, 32, 32]) 10000
[25/05/04 21:44:28] [eval.py:   79]: acc % [fog1]: 34.82%
[25/05/04 21:44:28] [eval.py:   71]: resetting model
torch.Size([10000, 3, 32, 32]) 10000
[25/05/04 21:44:35] [eval.py:   79]: acc % [brightness5]: 25.72%
[25/05/04 21:44:35] [eval.py:   71]: resetting model
torch.Size([10000, 3, 32, 32]) 10000
[25/05/04 21:44:44] [eval.py:   79]: acc % [brightness4]: 29.22%
[25/05/04 21:44:44] [eval.py:   71]: resetting model
torch.Size([10000, 3, 32, 32]) 10000
[25/05/04 21:44:49] [eval.py:   79]: acc % [brightness3]: 32.45%
[25/05/04 21:44:49] [eval.py:   71]: resetting model
torch.Size([10000, 3, 32, 32]) 10000
[25/05/04 21:44:55] [eval.py:   79]: acc % [brightness2]: 34.69%
[25/05/04 21:44:55] [eval.py:   71]: resetting model
torch.Size([10000, 3, 32, 32]) 10000
[25/05/04 21:45:00] [eval.py:   79]: acc % [brightness1]: 36.65%
[25/05/04 21:45:00] [eval.py:   71]: resetting model
torch.Size([10000, 3, 32, 32]) 10000
[25/05/04 21:45:06] [eval.py:   79]: acc % [contrast5]: 2.19%
[25/05/04 21:45:06] [eval.py:   71]: resetting model
torch.Size([10000, 3, 32, 32]) 10000
[25/05/04 21:45:11] [eval.py:   79]: acc % [contrast4]: 7.08%
[25/05/04 21:45:11] [eval.py:   71]: resetting model
torch.Size([10000, 3, 32, 32]) 10000
[25/05/04 21:45:17] [eval.py:   79]: acc % [contrast3]: 17.22%
[25/05/04 21:45:17] [eval.py:   71]: resetting model
torch.Size([10000, 3, 32, 32]) 10000
[25/05/04 21:45:22] [eval.py:   79]: acc % [contrast2]: 24.40%
[25/05/04 21:45:22] [eval.py:   71]: resetting model
torch.Size([10000, 3, 32, 32]) 10000
[25/05/04 21:45:27] [eval.py:   79]: acc % [contrast1]: 28.15%
[25/05/04 21:45:27] [eval.py:   71]: resetting model
torch.Size([10000, 3, 32, 32]) 10000
[25/05/04 21:45:33] [eval.py:   79]: acc % [elastic_transform5]: 31.59%
[25/05/04 21:45:33] [eval.py:   71]: resetting model
torch.Size([10000, 3, 32, 32]) 10000
[25/05/04 21:45:39] [eval.py:   79]: acc % [elastic_transform4]: 33.54%
[25/05/04 21:45:39] [eval.py:   71]: resetting model
torch.Size([10000, 3, 32, 32]) 10000
[25/05/04 21:45:46] [eval.py:   79]: acc % [elastic_transform3]: 34.67%
[25/05/04 21:45:46] [eval.py:   71]: resetting model
torch.Size([10000, 3, 32, 32]) 10000
[25/05/04 21:45:52] [eval.py:   79]: acc % [elastic_transform2]: 34.82%
[25/05/04 21:45:52] [eval.py:   71]: resetting model
torch.Size([10000, 3, 32, 32]) 10000
[25/05/04 21:45:57] [eval.py:   79]: acc % [elastic_transform1]: 34.53%
[25/05/04 21:45:57] [eval.py:   71]: resetting model
torch.Size([10000, 3, 32, 32]) 10000
[25/05/04 21:46:03] [eval.py:   79]: acc % [pixelate5]: 36.67%
[25/05/04 21:46:03] [eval.py:   71]: resetting model
torch.Size([10000, 3, 32, 32]) 10000
[25/05/04 21:46:08] [eval.py:   79]: acc % [pixelate4]: 36.10%
[25/05/04 21:46:08] [eval.py:   71]: resetting model
torch.Size([10000, 3, 32, 32]) 10000
[25/05/04 21:46:14] [eval.py:   79]: acc % [pixelate3]: 35.99%
[25/05/04 21:46:14] [eval.py:   71]: resetting model
torch.Size([10000, 3, 32, 32]) 10000
[25/05/04 21:46:19] [eval.py:   79]: acc % [pixelate2]: 36.81%
[25/05/04 21:46:19] [eval.py:   71]: resetting model
torch.Size([10000, 3, 32, 32]) 10000
[25/05/04 21:46:25] [eval.py:   79]: acc % [pixelate1]: 36.52%
[25/05/04 21:46:25] [eval.py:   71]: resetting model
torch.Size([10000, 3, 32, 32]) 10000
[25/05/04 21:46:30] [eval.py:   79]: acc % [jpeg_compression5]: 32.25%
[25/05/04 21:46:30] [eval.py:   71]: resetting model
torch.Size([10000, 3, 32, 32]) 10000
[25/05/04 21:46:36] [eval.py:   79]: acc % [jpeg_compression4]: 35.02%
[25/05/04 21:46:36] [eval.py:   71]: resetting model
torch.Size([10000, 3, 32, 32]) 10000
[25/05/04 21:46:41] [eval.py:   79]: acc % [jpeg_compression3]: 35.86%
[25/05/04 21:46:41] [eval.py:   71]: resetting model
torch.Size([10000, 3, 32, 32]) 10000
[25/05/04 21:46:47] [eval.py:   79]: acc % [jpeg_compression2]: 35.91%
[25/05/04 21:46:47] [eval.py:   71]: resetting model
torch.Size([10000, 3, 32, 32]) 10000
[25/05/04 21:46:52] [eval.py:   79]: acc % [jpeg_compression1]: 36.23%
[25/05/04 21:46:52] [eval.py:   85]: 
                          1         2         3         4        5       avg
gaussian_noise     0.202700  0.232400  0.267900  0.314700  0.35640  0.274820
shot_noise         0.214400  0.263600  0.299500  0.322400  0.35010  0.290000
impulse_noise      0.158800  0.220900  0.262500  0.329000  0.34600  0.263440
defocus_blur       0.246500  0.285000  0.344700  0.360800  0.36170  0.319740
glass_blur         0.188400  0.253000  0.314400  0.338800  0.35640  0.290200
motion_blur        0.311400  0.324300  0.339500  0.346300  0.36460  0.337220
zoom_blur          0.301700  0.317100  0.335200  0.345900  0.35620  0.331220
snow               0.229300  0.215500  0.272600  0.318400  0.33880  0.274920
frost              0.256700  0.272900  0.294200  0.302500  0.33070  0.291400
fog                0.164600  0.218600  0.284500  0.319500  0.34820  0.267080
brightness         0.257200  0.292200  0.324500  0.346900  0.36650  0.317460
contrast           0.021900  0.070800  0.172200  0.244000  0.28150  0.158080
elastic_transform  0.315900  0.335400  0.346700  0.348200  0.34530  0.338300
pixelate           0.366700  0.361000  0.359900  0.368100  0.36520  0.364180
jpeg_compression   0.322500  0.350200  0.358600  0.359100  0.36230  0.350540
average            0.237247  0.267527  0.305127  0.330973  0.34866  0.297907
[25/05/04 21:46:52] [eval.py:  126]: resetting model
torch.Size([10000, 3, 32, 32]) 10000
[25/05/04 21:46:53] [eval.py:   47]: Test Batch Process: 1/50
[25/05/04 21:46:53] [eval.py:   47]: Test Batch Process: 2/50
[25/05/04 21:46:53] [eval.py:   47]: Test Batch Process: 3/50
[25/05/04 21:46:53] [eval.py:   47]: Test Batch Process: 4/50
[25/05/04 21:46:53] [eval.py:   47]: Test Batch Process: 5/50
[25/05/04 21:46:53] [eval.py:   47]: Test Batch Process: 6/50
[25/05/04 21:46:53] [eval.py:   47]: Test Batch Process: 7/50
[25/05/04 21:46:53] [eval.py:   47]: Test Batch Process: 8/50
[25/05/04 21:46:53] [eval.py:   47]: Test Batch Process: 9/50
[25/05/04 21:46:54] [eval.py:   47]: Test Batch Process: 10/50
[25/05/04 21:46:54] [eval.py:   47]: Test Batch Process: 11/50
[25/05/04 21:46:54] [eval.py:   47]: Test Batch Process: 12/50
[25/05/04 21:46:54] [eval.py:   47]: Test Batch Process: 13/50
[25/05/04 21:46:54] [eval.py:   47]: Test Batch Process: 14/50
[25/05/04 21:46:54] [eval.py:   47]: Test Batch Process: 15/50
[25/05/04 21:46:54] [eval.py:   47]: Test Batch Process: 16/50
[25/05/04 21:46:54] [eval.py:   47]: Test Batch Process: 17/50
[25/05/04 21:46:54] [eval.py:   47]: Test Batch Process: 18/50
[25/05/04 21:46:54] [eval.py:   47]: Test Batch Process: 19/50
[25/05/04 21:46:54] [eval.py:   47]: Test Batch Process: 20/50
[25/05/04 21:46:54] [eval.py:   47]: Test Batch Process: 21/50
[25/05/04 21:46:54] [eval.py:   47]: Test Batch Process: 22/50
[25/05/04 21:46:55] [eval.py:   47]: Test Batch Process: 23/50
[25/05/04 21:46:55] [eval.py:   47]: Test Batch Process: 24/50
[25/05/04 21:46:55] [eval.py:   47]: Test Batch Process: 25/50
[25/05/04 21:46:55] [eval.py:   47]: Test Batch Process: 26/50
[25/05/04 21:46:55] [eval.py:   47]: Test Batch Process: 27/50
[25/05/04 21:46:55] [eval.py:   47]: Test Batch Process: 28/50
[25/05/04 21:46:55] [eval.py:   47]: Test Batch Process: 29/50
[25/05/04 21:46:55] [eval.py:   47]: Test Batch Process: 30/50
[25/05/04 21:46:55] [eval.py:   47]: Test Batch Process: 31/50
[25/05/04 21:46:55] [eval.py:   47]: Test Batch Process: 32/50
[25/05/04 21:46:55] [eval.py:   47]: Test Batch Process: 33/50
[25/05/04 21:46:55] [eval.py:   47]: Test Batch Process: 34/50
[25/05/04 21:46:55] [eval.py:   47]: Test Batch Process: 35/50
[25/05/04 21:46:56] [eval.py:   47]: Test Batch Process: 36/50
[25/05/04 21:46:56] [eval.py:   47]: Test Batch Process: 37/50
[25/05/04 21:46:56] [eval.py:   47]: Test Batch Process: 38/50
[25/05/04 21:46:56] [eval.py:   47]: Test Batch Process: 39/50
[25/05/04 21:46:56] [eval.py:   47]: Test Batch Process: 40/50
[25/05/04 21:46:56] [eval.py:   47]: Test Batch Process: 41/50
[25/05/04 21:46:56] [eval.py:   47]: Test Batch Process: 42/50
[25/05/04 21:46:56] [eval.py:   47]: Test Batch Process: 43/50
[25/05/04 21:46:56] [eval.py:   47]: Test Batch Process: 44/50
[25/05/04 21:46:56] [eval.py:   47]: Test Batch Process: 45/50
[25/05/04 21:46:56] [eval.py:   47]: Test Batch Process: 46/50
[25/05/04 21:46:56] [eval.py:   47]: Test Batch Process: 47/50
[25/05/04 21:46:57] [eval.py:   47]: Test Batch Process: 48/50
[25/05/04 21:46:57] [eval.py:   47]: Test Batch Process: 49/50
[25/05/04 21:46:57] [eval.py:   47]: Test Batch Process: 50/50
[25/05/04 21:46:57] [eval.py:  145]: Test set Accuracy: 0.53
