[25/05/04 21:40:34] [utils.py:   78]: PyTorch Version: torch=2.5.0+cu124, cuda=12.4, cudnn=90100
[25/05/04 21:40:34] [utils.py:   79]: BN:
  EPS: 1e-05
  MOM: 0.1
CKPT_DIR: ./ckpt
CORRUPTION:
  DATASET: tin200
  IMG_SIZE: 64
  NUM_CHANNEL: 3
  NUM_CLASSES: 200
  NUM_EX: 10000
  SEVERITY: [5, 4, 3, 2, 1]
  TYPE: ['gaussian_noise', 'shot_noise', 'impulse_noise', 'defocus_blur', 'glass_blur', 'motion_blur', 'zoom_blur', 'snow', 'frost', 'fog', 'brightness', 'contrast', 'elastic_transform', 'pixelate', 'jpeg_compression']
CUDNN:
  BENCHMARK: True
DATA_DIR: /scratch-shared/tea/tin200
DESC: 
EATA:
  D_MARGIN: 0.05
  E_MARGIN: 2.763102111592855
  FISHER_ALPHA: 2000.0
  FISHER_SIZE: 2000
  USE_FISHER: False
EBM:
  BUFFER_SIZE: 10000
  REINIT_FREQ: 0.05
  SGLD_LR: 1.0
  SGLD_STD: 0.01
  STEPS: 20
  UNCOND: uncond
LOG_DEST: shot_bn_adam-1-0.001-200_250504-214034.txt
LOG_TIME: 250504-214034
MODEL:
  ADAPTATION: shot
  ADA_PARAM: ['bn']
  ARCH: WRN2810_BN
  EPISODIC: False
OPTIM:
  BATCH_SIZE: 200
  BETA: 0.9
  DAMPENING: 0.0
  LR: 0.001
  METHOD: Adam
  MOMENTUM: 0.9
  NESTEROV: True
  STEPS: 1
  TRAIN_STEPS: 2500000
  WARMUP_STEPS: 0
  WD: 0.0
PL:
  ALPHA: 0.1
  THRESHOLD: 0.9
RNG_SEED: 1
SAR:
  MARGIN_E0: 2.763102111592855
SAVE_DIR: ./save/tin200/bn-wrn-28-10
SHOT:
  CLF_COEFF: 0.3
  THRESHOLD: 0.9
TEST:
  
/gpfs/home5/scur2578/tea/main.py:35: FutureWarning: You are using `torch.load` with `weights_only=False` (the current default value), which uses the default pickle module implicitly. It is possible to construct malicious pickle data which will execute arbitrary code during unpickling (See https://github.com/pytorch/pytorch/blob/main/SECURITY.md#untrusted-models for more details). In a future release, the default value for `weights_only` will be flipped to `True`. This limits the functions that could be executed during unpickling. Arbitrary objects will no longer be allowed to be loaded via this mode unless they are explicitly allowlisted by the user via `torch.serialization.add_safe_globals`. We recommend you start setting `weights_only=True` for any use case where you don't have full control of the loaded file. Please open an issue on GitHub for any issues related to this experimental feature.
  ckpt = torch.load(os.path.join(cfg.CKPT_DIR ,'{}/{}.pth'.format(cfg.CORRUPTION.DATASET, cfg.MODEL.ARCH)))
[25/05/04 21:40:35] [main.py:   94]: test-time adaptation: SHOT
[25/05/04 21:40:35] [param.py:   18]: adapting weights of batch-normalization layer
[25/05/04 21:40:35] [setada.py:  173]: model for adaptation: WideResNet(
  (conv1): Conv2d(3, 16, kernel_size=(3, 3), stride=(1, 1), padding=(1, 1), bias=False)
  (block1): NetworkBlock(
    (layer): Sequential(
      (0): BasicBlock(
        (bn1): BatchNorm2d(16, eps=1e-05, momentum=0.1, affine=True, track_running_stats=False)
        (relu1): ReLU(inplace=True)
        (conv1): Conv2d(16, 160, kernel_size=(3, 3), stride=(1, 1), padding=(1, 1), bias=False)
        (bn2): BatchNorm2d(160, eps=1e-05, momentum=0.1, affine=True, track_running_stats=False)
        (relu2): ReLU(inplace=True)
        (conv2): Conv2d(160, 160, kernel_size=(3, 3), stride=(1, 1), padding=(1, 1), bias=False)
        (convShortcut): Conv2d(16, 160, kernel_size=(1, 1), stride=(1, 1), bias=False)
      )
      (1): BasicBlock(
        (bn1): BatchNorm2d(160, eps=1e-05, momentum=0.1, affine=True, track_running_stats=False)
        (relu1): ReLU(inplace=True)
        (conv1): Conv2d(160, 160, kernel_size=(3, 3), stride=(1, 1), padding=(1, 1), bias=False)
        (bn2): BatchNorm2d(160, eps=1e-05, momentum=0.1, affine=True, track_running_stats=False)
        (relu2): ReLU(inplace=True)
        (conv2): Conv2d(160, 160, kernel_size=(3, 3), stride=(1, 1), padding=(1, 1), bias=False)
      )
      (2): BasicBlock(
        (bn1): BatchNorm2d(160, eps=1e-05, momentum=0.1, affine=True, track_running_stats=False)
        (relu1): ReLU(inplace=True)
        (conv1): Conv2d(160, 160, kernel_size=(3, 3), stride=(1, 1), padding=(1, 1), bias=False)
        (bn2): BatchNorm2d(160, eps=1e-05, momentum=0.1, affine=True, track_running_stats=False)
        (relu2): ReLU(inplace=True)
        (conv2): Conv2d(160, 160, kernel_size=(3, 3), stride=(1, 1), padding=(1, 1), bias=False)
      )
      (3): BasicBlock(
        (bn1): BatchNorm2d(160, eps=1e-05, momentum=0.1, affine=True, track_running_stats=False)
        (relu1): ReLU(inplace=True)
        (conv1): Conv2d(160, 160, kernel_size=(3, 3), stride=(1, 1), padding=(1, 1), bias=False)
        (bn2): BatchNorm2d(160, eps=1e-05, momentum=0.1, affine=True, track_running_stats=False)
        (relu2): ReLU(inplace=True)
        (conv2): Conv2d(160, 160, kernel_size=(3, 3), stride=(1, 1), padding=(1, 1), bias=False)
      )
    )
  )
  (block2): NetworkBlock(
    (layer): Sequential(
      (0): BasicBlock(
        (bn1): BatchNorm2d(160, eps=1e-05, momentum=0.1, affine=True, track_running_stats=False)
        (relu1): ReLU(inplace=True)
        (conv1): Conv2d(160, 320, kernel_size=(3, 3), stride=(2, 2), padding=(1, 1), bias=False)
        (bn2): BatchNorm2d(320, eps=1e-05, momentum=0.1, affine=True, track_running_stats=False)
        (relu2): ReLU(inplace=True)
        (conv2): Conv2d(320, 320, kernel_size=(3, 3), stride=(1, 1), padding=(1, 1), bias=False)
        (convShortcut): Conv2d(160, 320, kernel_size=(1, 1), stride=(2, 2), bias=False)
      )
      (1): BasicBlock(
        (bn1): BatchNorm2d(320, eps=1e-05, momentum=0.1, affine=True, track_running_stats=False)
        (relu1): ReLU(inplace=True)
        (conv1): Conv2d(320, 320, kernel_size=(3, 3), stride=(1, 1), padding=(1, 1), bias=False)
        (bn2): BatchNorm2d(320, eps=1e-05, momentum=0.1, affine=True, track_running_stats=False)
        (relu2): ReLU(inplace=True)
        (conv2): Conv2d(320, 320, kernel_size=(3, 3), stride=(1, 1), padding=(1, 1), bias=False)
      )
      (2): BasicBlock(
        (bn1): BatchNorm2d(320, eps=1e-05, momentum=0.1, affine=True, track_running_stats=False)
        (relu1): ReLU(inplace=True)
        (conv1): Conv2d(320, 320, kernel_size=(3, 3), stride=(1, 1), padding=(1, 1), bias=False)
        (bn2): BatchNorm2d(320, eps=1e-05, momentum=0.1, affine=True, track_running_stats=False)
        (relu2): ReLU(inplace=True)
        (conv2): Conv2d(320, 320, kernel_size=(3, 3), stride=(1, 1), padding=(1, 1), bias=False)
      )
      (3): BasicBlock(
        (bn1): BatchNorm2d(320, eps=1e-05, momentum=0.1, affine=True, track_running_stats=False)
        (relu1): ReLU(inplace=True)
        (conv1): Conv2d(320, 320, kernel_size=(3, 3), stride=(1, 1), padding=(1, 1), bias=False)
        (bn2): BatchNorm2d(320, eps=1e-05, momentum=0.1, affine=True, track_running_stats=False)
        (relu2): ReLU(inplace=True)
        (conv2): Conv2d(320, 320, kernel_size=(3, 3), stride=(1, 1), padding=(1, 1), bias=False)
      )
    )
  )
  (block3): NetworkBlock(
    (layer): Sequential(
      (0): BasicBlock(
        (bn1): BatchNorm2d(320, eps=1e-05, momentum=0.1, affine=True, track_running_stats=False)
        (relu1): ReLU(inplace=True)
        (conv1): Conv2d(320, 640, kernel_size=(3, 3), stride=(2, 2), padding=(1, 1), bias=False)
        (bn2): BatchNorm2d(640, eps=1e-05, momentum=0.1, affine=True, track_running_stats=False)
        (relu2): ReLU(inplace=True)
        (conv2): Conv2d(640, 640, kernel_size=(3, 3), stride=(1, 1), padding=(1, 1), bias=False)
        (convShortcut): Conv2d(320, 640, kernel_size=(1, 1), stride=(2, 2), bias=False)
      )
      (1): BasicBlock(
        (bn1): BatchNorm2d(640, eps=1e-05, momentum=0.1, affine=True, track_running_stats=False)
        (relu1): ReLU(inplace=True)
        (conv1): Conv2d(640, 640, kernel_size=(3, 3), stride=(1, 1), padding=(1, 1), bias=False)
        (bn2): BatchNorm2d(640, eps=1e-05, momentum=0.1, affine=True, track_running_stats=False)
        (relu2): ReLU(inplace=True)
        (conv2): Conv2d(640, 640, kernel_size=(3, 3), stride=(1, 1), padding=(1, 1), bias=False)
      )
      (2): BasicBlock(
        (bn1): BatchNorm2d(640, eps=1e-05, momentum=0.1, affine=True, track_running_stats=False)
        (relu1): ReLU(inplace=True)
        (conv1): Conv2d(640, 640, kernel_size=(3, 3), stride=(1, 1), padding=(1, 1), bias=False)
        (bn2): BatchNorm2d(640, eps=1e-05, momentum=0.1, affine=True, track_running_stats=False)
        (relu2): ReLU(inplace=True)
        (conv2): Conv2d(640, 640, kernel_size=(3, 3), stride=(1, 1), padding=(1, 1), bias=False)
      )
      (3): BasicBlock(
        (bn1): BatchNorm2d(640, eps=1e-05, momentum=0.1, affine=True, track_running_stats=False)
        (relu1): ReLU(inplace=True)
        (conv1): Conv2d(640, 640, kernel_size=(3, 3), stride=(1, 1), padding=(1, 1), bias=False)
        (bn2): BatchNorm2d(640, eps=1e-05, momentum=0.1, affine=True, track_running_stats=False)
        (relu2): ReLU(inplace=True)
        (conv2): Conv2d(640, 640, kernel_size=(3, 3), stride=(1, 1), padding=(1, 1), bias=False)
      )
    )
  )
  (bn1): BatchNorm2d(640, eps=1e-05, momentum=0.1, affine=True, track_running_stats=False)
  (relu): ReLU(inplace=True)
  (fc): Linear(in_features=640, out_features=200, bias=True)
)
[25/05/04 21:40:35] [setada.py:  174]: params for adaptation: ['block1.layer.0.bn1.weight', 'block1.layer.0.bn1.bias', 'block1.layer.0.bn2.weight', 'block1.layer.0.bn2.bias', 'block1.layer.1.bn1.weight', 'block1.layer.1.bn1.bias', 'block1.layer.1.bn2.weight', 'block1.layer.1.bn2.bias', 'block1.layer.2.bn1.weight', 'block1.layer.2.bn1.bias', 'block1.layer.2.bn2.weight', 'block1.layer.2.bn2.bias', 'block1.layer.3.bn1.weight', 'block1.layer.3.bn1.bias', 'block1.layer.3.bn2.weight', 'block1.layer.3.bn2.bias', 'block2.layer.0.bn1.weight', 'block2.layer.0.bn1.bias', 'block2.layer.0.bn2.weight', 'block2.layer.0.bn2.bias', 'block2.layer.1.bn1.weight', 'block2.layer.1.bn1.bias', 'block2.layer.1.bn2.weight', 'block2.layer.1.bn2.bias', 'block2.layer.2.bn1.weight', 'block2.layer.2.bn1.bias', 'block2.layer.2.bn2.weight', 'block2.layer.2.bn2.bias', 'block2.layer.3.bn1.weight', 'block2.layer.3.bn1.bias', 'block2.layer.3.bn2.weight', 'block2.layer.3.bn2.bias', 'block3.layer.0.bn1.weight', 'block3.layer.0.bn1.bias', 'block3.layer.0.bn2.weight', 'block3.layer.0.bn2.bias', 'block3.layer.1.bn1.weight', 'block3.layer.1.bn1.bias', 'block3.layer.1.bn2.weight', 'block3.layer.1.bn2.bias', 'block3.layer.2.bn1.weight', 'block3.layer.2.bn1.bias', 'block3.layer.2.bn2.weight', 'block3.layer.2.bn2.bias', 'block3.layer.3.bn1.weight', 'block3.layer.3.bn1.bias', 'block3.layer.3.bn2.weight', 'block3.layer.3.bn2.bias', 'bn1.weight', 'bn1.bias']
[25/05/04 21:40:35] [setada.py:  175]: optimizer for adaptation: Adam (
Parameter Group 0
    amsgrad: False
    betas: (0.9, 0.999)
    capturable: False
    differentiable: False
    eps: 1e-08
    foreach: None
    fused: None
    lr: 0.001
    maximize: False
    weight_decay: 0.0
)
[25/05/04 21:40:35] [eval.py:   71]: resetting model
Building model...
[25/05/04 21:40:43] [eval.py:   79]: acc % [gaussian_noise5]: 21.76%
[25/05/04 21:40:43] [eval.py:   71]: resetting model
torch.Size([10000, 3, 32, 32]) 10000
[25/05/04 21:40:50] [eval.py:   79]: acc % [gaussian_noise4]: 24.57%
[25/05/04 21:40:50] [eval.py:   71]: resetting model
torch.Size([10000, 3, 32, 32]) 10000
[25/05/04 21:40:58] [eval.py:   79]: acc % [gaussian_noise3]: 27.70%
[25/05/04 21:40:58] [eval.py:   71]: resetting model
torch.Size([10000, 3, 32, 32]) 10000
[25/05/04 21:41:05] [eval.py:   79]: acc % [gaussian_noise2]: 31.84%
[25/05/04 21:41:05] [eval.py:   71]: resetting model
torch.Size([10000, 3, 32, 32]) 10000
[25/05/04 21:41:12] [eval.py:   79]: acc % [gaussian_noise1]: 36.61%
[25/05/04 21:41:12] [eval.py:   71]: resetting model
torch.Size([10000, 3, 32, 32]) 10000
[25/05/04 21:41:19] [eval.py:   79]: acc % [shot_noise5]: 22.63%
[25/05/04 21:41:19] [eval.py:   71]: resetting model
torch.Size([10000, 3, 32, 32]) 10000
[25/05/04 21:41:26] [eval.py:   79]: acc % [shot_noise4]: 27.44%
[25/05/04 21:41:26] [eval.py:   71]: resetting model
torch.Size([10000, 3, 32, 32]) 10000
[25/05/04 21:41:32] [eval.py:   79]: acc % [shot_noise3]: 30.63%
[25/05/04 21:41:32] [eval.py:   71]: resetting model
torch.Size([10000, 3, 32, 32]) 10000
[25/05/04 21:41:39] [eval.py:   79]: acc % [shot_noise2]: 33.38%
[25/05/04 21:41:39] [eval.py:   71]: resetting model
torch.Size([10000, 3, 32, 32]) 10000
[25/05/04 21:41:45] [eval.py:   79]: acc % [shot_noise1]: 35.53%
[25/05/04 21:41:45] [eval.py:   71]: resetting model
torch.Size([10000, 3, 32, 32]) 10000
[25/05/04 21:41:51] [eval.py:   79]: acc % [impulse_noise5]: 16.88%
[25/05/04 21:41:51] [eval.py:   71]: resetting model
torch.Size([10000, 3, 32, 32]) 10000
[25/05/04 21:41:57] [eval.py:   79]: acc % [impulse_noise4]: 22.90%
[25/05/04 21:41:57] [eval.py:   71]: resetting model
torch.Size([10000, 3, 32, 32]) 10000
[25/05/04 21:42:03] [eval.py:   79]: acc % [impulse_noise3]: 27.71%
[25/05/04 21:42:03] [eval.py:   71]: resetting model
torch.Size([10000, 3, 32, 32]) 10000
[25/05/04 21:42:09] [eval.py:   79]: acc % [impulse_noise2]: 33.53%
[25/05/04 21:42:09] [eval.py:   71]: resetting model
torch.Size([10000, 3, 32, 32]) 10000
[25/05/04 21:42:14] [eval.py:   79]: acc % [impulse_noise1]: 35.48%
[25/05/04 21:42:14] [eval.py:   71]: resetting model
torch.Size([10000, 3, 32, 32]) 10000
[25/05/04 21:42:20] [eval.py:   79]: acc % [defocus_blur5]: 25.90%
[25/05/04 21:42:20] [eval.py:   71]: resetting model
torch.Size([10000, 3, 32, 32]) 10000
[25/05/04 21:42:27] [eval.py:   79]: acc % [defocus_blur4]: 29.39%
[25/05/04 21:42:27] [eval.py:   71]: resetting model
torch.Size([10000, 3, 32, 32]) 10000
[25/05/04 21:42:34] [eval.py:   79]: acc % [defocus_blur3]: 35.22%
[25/05/04 21:42:34] [eval.py:   71]: resetting model
torch.Size([10000, 3, 32, 32]) 10000
[25/05/04 21:42:41] [eval.py:   79]: acc % [defocus_blur2]: 36.74%
[25/05/04 21:42:41] [eval.py:   71]: resetting model
torch.Size([10000, 3, 32, 32]) 10000
[25/05/04 21:42:48] [eval.py:   79]: acc % [defocus_blur1]: 37.13%
[25/05/04 21:42:48] [eval.py:   71]: resetting model
torch.Size([10000, 3, 32, 32]) 10000
[25/05/04 21:42:56] [eval.py:   79]: acc % [glass_blur5]: 19.70%
[25/05/04 21:42:56] [eval.py:   71]: resetting model
torch.Size([10000, 3, 32, 32]) 10000
[25/05/04 21:43:03] [eval.py:   79]: acc % [glass_blur4]: 26.10%
[25/05/04 21:43:03] [eval.py:   71]: resetting model
torch.Size([10000, 3, 32, 32]) 10000
[25/05/04 21:43:10] [eval.py:   79]: acc % [glass_blur3]: 32.73%
[25/05/04 21:43:10] [eval.py:   71]: resetting model
torch.Size([10000, 3, 32, 32]) 10000
[25/05/04 21:43:17] [eval.py:   79]: acc % [glass_blur2]: 34.69%
[25/05/04 21:43:17] [eval.py:   71]: resetting model
torch.Size([10000, 3, 32, 32]) 10000
[25/05/04 21:43:23] [eval.py:   79]: acc % [glass_blur1]: 35.99%
[25/05/04 21:43:23] [eval.py:   71]: resetting model
torch.Size([10000, 3, 32, 32]) 10000
[25/05/04 21:43:31] [eval.py:   79]: acc % [motion_blur5]: 31.60%
[25/05/04 21:43:31] [eval.py:   71]: resetting model
torch.Size([10000, 3, 32, 32]) 10000
[25/05/04 21:43:38] [eval.py:   79]: acc % [motion_blur4]: 33.08%
[25/05/04 21:43:38] [eval.py:   71]: resetting model
torch.Size([10000, 3, 32, 32]) 10000
[25/05/04 21:43:45] [eval.py:   79]: acc % [motion_blur3]: 34.78%
[25/05/04 21:43:45] [eval.py:   71]: resetting model
torch.Size([10000, 3, 32, 32]) 10000
[25/05/04 21:43:54] [eval.py:   79]: acc % [motion_blur2]: 35.93%
[25/05/04 21:43:54] [eval.py:   71]: resetting model
torch.Size([10000, 3, 32, 32]) 10000
[25/05/04 21:44:04] [eval.py:   79]: acc % [motion_blur1]: 36.62%
[25/05/04 21:44:04] [eval.py:   71]: resetting model
torch.Size([10000, 3, 32, 32]) 10000
[25/05/04 21:44:11] [eval.py:   79]: acc % [zoom_blur5]: 31.35%
[25/05/04 21:44:11] [eval.py:   71]: resetting model
torch.Size([10000, 3, 32, 32]) 10000
[25/05/04 21:44:20] [eval.py:   79]: acc % [zoom_blur4]: 32.78%
[25/05/04 21:44:20] [eval.py:   71]: resetting model
torch.Size([10000, 3, 32, 32]) 10000
[25/05/04 21:44:29] [eval.py:   79]: acc % [zoom_blur3]: 34.22%
[25/05/04 21:44:29] [eval.py:   71]: resetting model
torch.Size([10000, 3, 32, 32]) 10000
[25/05/04 21:44:38] [eval.py:   79]: acc % [zoom_blur2]: 35.40%
[25/05/04 21:44:38] [eval.py:   71]: resetting model
torch.Size([10000, 3, 32, 32]) 10000
[25/05/04 21:44:47] [eval.py:   79]: acc % [zoom_blur1]: 36.33%
[25/05/04 21:44:47] [eval.py:   71]: resetting model
torch.Size([10000, 3, 32, 32]) 10000
[25/05/04 21:44:54] [eval.py:   79]: acc % [snow5]: 24.09%
[25/05/04 21:44:54] [eval.py:   71]: resetting model
torch.Size([10000, 3, 32, 32]) 10000
[25/05/04 21:45:01] [eval.py:   79]: acc % [snow4]: 22.67%
[25/05/04 21:45:01] [eval.py:   71]: resetting model
torch.Size([10000, 3, 32, 32]) 10000
[25/05/04 21:45:08] [eval.py:   79]: acc % [snow3]: 27.94%
[25/05/04 21:45:08] [eval.py:   71]: resetting model
torch.Size([10000, 3, 32, 32]) 10000
[25/05/04 21:45:15] [eval.py:   79]: acc % [snow2]: 32.17%
[25/05/04 21:45:15] [eval.py:   71]: resetting model
torch.Size([10000, 3, 32, 32]) 10000
[25/05/04 21:45:23] [eval.py:   79]: acc % [snow1]: 34.58%
[25/05/04 21:45:24] [eval.py:   71]: resetting model
torch.Size([10000, 3, 32, 32]) 10000
[25/05/04 21:45:32] [eval.py:   79]: acc % [frost5]: 25.82%
[25/05/04 21:45:32] [eval.py:   71]: resetting model
torch.Size([10000, 3, 32, 32]) 10000
[25/05/04 21:45:40] [eval.py:   79]: acc % [frost4]: 28.22%
[25/05/04 21:45:40] [eval.py:   71]: resetting model
torch.Size([10000, 3, 32, 32]) 10000
[25/05/04 21:45:49] [eval.py:   79]: acc % [frost3]: 30.09%
[25/05/04 21:45:49] [eval.py:   71]: resetting model
torch.Size([10000, 3, 32, 32]) 10000
[25/05/04 21:45:57] [eval.py:   79]: acc % [frost2]: 31.69%
[25/05/04 21:45:57] [eval.py:   71]: resetting model
torch.Size([10000, 3, 32, 32]) 10000
[25/05/04 21:46:04] [eval.py:   79]: acc % [frost1]: 33.80%
[25/05/04 21:46:04] [eval.py:   71]: resetting model
torch.Size([10000, 3, 32, 32]) 10000
[25/05/04 21:46:10] [eval.py:   79]: acc % [fog5]: 17.43%
[25/05/04 21:46:10] [eval.py:   71]: resetting model
torch.Size([10000, 3, 32, 32]) 10000
[25/05/04 21:46:17] [eval.py:   79]: acc % [fog4]: 23.52%
[25/05/04 21:46:17] [eval.py:   71]: resetting model
torch.Size([10000, 3, 32, 32]) 10000
[25/05/04 21:46:24] [eval.py:   79]: acc % [fog3]: 29.20%
[25/05/04 21:46:24] [eval.py:   71]: resetting model
torch.Size([10000, 3, 32, 32]) 10000
[25/05/04 21:46:31] [eval.py:   79]: acc % [fog2]: 32.83%
[25/05/04 21:46:31] [eval.py:   71]: resetting model
torch.Size([10000, 3, 32, 32]) 10000
[25/05/04 21:46:38] [eval.py:   79]: acc % [fog1]: 35.32%
[25/05/04 21:46:38] [eval.py:   71]: resetting model
torch.Size([10000, 3, 32, 32]) 10000
[25/05/04 21:46:45] [eval.py:   79]: acc % [brightness5]: 26.63%
[25/05/04 21:46:45] [eval.py:   71]: resetting model
torch.Size([10000, 3, 32, 32]) 10000
[25/05/04 21:46:51] [eval.py:   79]: acc % [brightness4]: 30.02%
[25/05/04 21:46:51] [eval.py:   71]: resetting model
torch.Size([10000, 3, 32, 32]) 10000
[25/05/04 21:46:58] [eval.py:   79]: acc % [brightness3]: 33.05%
[25/05/04 21:46:58] [eval.py:   71]: resetting model
torch.Size([10000, 3, 32, 32]) 10000
[25/05/04 21:47:04] [eval.py:   79]: acc % [brightness2]: 35.63%
[25/05/04 21:47:04] [eval.py:   71]: resetting model
torch.Size([10000, 3, 32, 32]) 10000
[25/05/04 21:47:10] [eval.py:   79]: acc % [brightness1]: 37.29%
[25/05/04 21:47:10] [eval.py:   71]: resetting model
torch.Size([10000, 3, 32, 32]) 10000
[25/05/04 21:47:18] [eval.py:   79]: acc % [contrast5]: 2.64%
[25/05/04 21:47:18] [eval.py:   71]: resetting model
torch.Size([10000, 3, 32, 32]) 10000
[25/05/04 21:47:24] [eval.py:   79]: acc % [contrast4]: 7.49%
[25/05/04 21:47:24] [eval.py:   71]: resetting model
torch.Size([10000, 3, 32, 32]) 10000
[25/05/04 21:47:31] [eval.py:   79]: acc % [contrast3]: 18.79%
[25/05/04 21:47:31] [eval.py:   71]: resetting model
torch.Size([10000, 3, 32, 32]) 10000
[25/05/04 21:47:38] [eval.py:   79]: acc % [contrast2]: 24.35%
[25/05/04 21:47:38] [eval.py:   71]: resetting model
torch.Size([10000, 3, 32, 32]) 10000
[25/05/04 21:47:45] [eval.py:   79]: acc % [contrast1]: 28.80%
[25/05/04 21:47:45] [eval.py:   71]: resetting model
torch.Size([10000, 3, 32, 32]) 10000
[25/05/04 21:47:52] [eval.py:   79]: acc % [elastic_transform5]: 31.68%
[25/05/04 21:47:52] [eval.py:   71]: resetting model
torch.Size([10000, 3, 32, 32]) 10000
[25/05/04 21:47:58] [eval.py:   79]: acc % [elastic_transform4]: 34.88%
[25/05/04 21:47:58] [eval.py:   71]: resetting model
torch.Size([10000, 3, 32, 32]) 10000
[25/05/04 21:48:05] [eval.py:   79]: acc % [elastic_transform3]: 35.51%
[25/05/04 21:48:05] [eval.py:   71]: resetting model
torch.Size([10000, 3, 32, 32]) 10000
[25/05/04 21:48:12] [eval.py:   79]: acc % [elastic_transform2]: 35.44%
[25/05/04 21:48:12] [eval.py:   71]: resetting model
torch.Size([10000, 3, 32, 32]) 10000
[25/05/04 21:48:18] [eval.py:   79]: acc % [elastic_transform1]: 35.08%
[25/05/04 21:48:18] [eval.py:   71]: resetting model
torch.Size([10000, 3, 32, 32]) 10000
[25/05/04 21:48:25] [eval.py:   79]: acc % [pixelate5]: 37.08%
[25/05/04 21:48:25] [eval.py:   71]: resetting model
torch.Size([10000, 3, 32, 32]) 10000
[25/05/04 21:48:31] [eval.py:   79]: acc % [pixelate4]: 36.51%
[25/05/04 21:48:31] [eval.py:   71]: resetting model
torch.Size([10000, 3, 32, 32]) 10000
[25/05/04 21:48:37] [eval.py:   79]: acc % [pixelate3]: 36.70%
[25/05/04 21:48:37] [eval.py:   71]: resetting model
torch.Size([10000, 3, 32, 32]) 10000
[25/05/04 21:48:42] [eval.py:   79]: acc % [pixelate2]: 36.81%
[25/05/04 21:48:42] [eval.py:   71]: resetting model
torch.Size([10000, 3, 32, 32]) 10000
[25/05/04 21:48:48] [eval.py:   79]: acc % [pixelate1]: 37.16%
[25/05/04 21:48:48] [eval.py:   71]: resetting model
torch.Size([10000, 3, 32, 32]) 10000
[25/05/04 21:48:54] [eval.py:   79]: acc % [jpeg_compression5]: 33.17%
[25/05/04 21:48:54] [eval.py:   71]: resetting model
torch.Size([10000, 3, 32, 32]) 10000
[25/05/04 21:49:00] [eval.py:   79]: acc % [jpeg_compression4]: 35.10%
[25/05/04 21:49:00] [eval.py:   71]: resetting model
torch.Size([10000, 3, 32, 32]) 10000
[25/05/04 21:49:05] [eval.py:   79]: acc % [jpeg_compression3]: 35.84%
[25/05/04 21:49:05] [eval.py:   71]: resetting model
torch.Size([10000, 3, 32, 32]) 10000
[25/05/04 21:49:11] [eval.py:   79]: acc % [jpeg_compression2]: 36.23%
[25/05/04 21:49:11] [eval.py:   71]: resetting model
torch.Size([10000, 3, 32, 32]) 10000
[25/05/04 21:49:17] [eval.py:   79]: acc % [jpeg_compression1]: 36.49%
[25/05/04 21:49:17] [eval.py:   85]: 
                          1         2         3         4         5       avg
gaussian_noise     0.217600  0.245700  0.277000  0.318400  0.366100  0.284960
shot_noise         0.226300  0.274400  0.306300  0.333800  0.355300  0.299220
impulse_noise      0.168800  0.229000  0.277100  0.335300  0.354800  0.273000
defocus_blur       0.259000  0.293900  0.352200  0.367400  0.371300  0.328760
glass_blur         0.197000  0.261000  0.327300  0.346900  0.359900  0.298420
motion_blur        0.316000  0.330800  0.347800  0.359300  0.366200  0.344020
zoom_blur          0.313500  0.327800  0.342200  0.354000  0.363300  0.340160
snow               0.240900  0.226700  0.279400  0.321700  0.345800  0.282900
frost              0.258200  0.282200  0.300900  0.316900  0.338000  0.299240
fog                0.174300  0.235200  0.292000  0.328300  0.353200  0.276600
brightness         0.266300  0.300200  0.330500  0.356300  0.372900  0.325240
contrast           0.026400  0.074900  0.187900  0.243500  0.288000  0.164140
elastic_transform  0.316800  0.348800  0.355100  0.354400  0.350800  0.345180
pixelate           0.370800  0.365100  0.367000  0.368100  0.371600  0.368520
jpeg_compression   0.331700  0.351000  0.358400  0.362300  0.364900  0.353660
average            0.245573  0.276447  0.313407  0.337773  0.354807  0.305601
[25/05/04 21:49:17] [eval.py:  126]: resetting model
torch.Size([10000, 3, 32, 32]) 10000
[25/05/04 21:49:18] [eval.py:   47]: Test Batch Process: 1/50
[25/05/04 21:49:18] [eval.py:   47]: Test Batch Process: 2/50
[25/05/04 21:49:18] [eval.py:   47]: Test Batch Process: 3/50
[25/05/04 21:49:18] [eval.py:   47]: Test Batch Process: 4/50
[25/05/04 21:49:18] [eval.py:   47]: Test Batch Process: 5/50
[25/05/04 21:49:18] [eval.py:   47]: Test Batch Process: 6/50
[25/05/04 21:49:18] [eval.py:   47]: Test Batch Process: 7/50
[25/05/04 21:49:18] [eval.py:   47]: Test Batch Process: 8/50
[25/05/04 21:49:19] [eval.py:   47]: Test Batch Process: 9/50
[25/05/04 21:49:19] [eval.py:   47]: Test Batch Process: 10/50
[25/05/04 21:49:19] [eval.py:   47]: Test Batch Process: 11/50
[25/05/04 21:49:19] [eval.py:   47]: Test Batch Process: 12/50
[25/05/04 21:49:19] [eval.py:   47]: Test Batch Process: 13/50
[25/05/04 21:49:19] [eval.py:   47]: Test Batch Process: 14/50
[25/05/04 21:49:19] [eval.py:   47]: Test Batch Process: 15/50
[25/05/04 21:49:19] [eval.py:   47]: Test Batch Process: 16/50
[25/05/04 21:49:19] [eval.py:   47]: Test Batch Process: 17/50
[25/05/04 21:49:19] [eval.py:   47]: Test Batch Process: 18/50
[25/05/04 21:49:19] [eval.py:   47]: Test Batch Process: 19/50
[25/05/04 21:49:19] [eval.py:   47]: Test Batch Process: 20/50
[25/05/04 21:49:19] [eval.py:   47]: Test Batch Process: 21/50
[25/05/04 21:49:20] [eval.py:   47]: Test Batch Process: 22/50
[25/05/04 21:49:20] [eval.py:   47]: Test Batch Process: 23/50
[25/05/04 21:49:20] [eval.py:   47]: Test Batch Process: 24/50
[25/05/04 21:49:20] [eval.py:   47]: Test Batch Process: 25/50
[25/05/04 21:49:20] [eval.py:   47]: Test Batch Process: 26/50
[25/05/04 21:49:20] [eval.py:   47]: Test Batch Process: 27/50
[25/05/04 21:49:20] [eval.py:   47]: Test Batch Process: 28/50
[25/05/04 21:49:20] [eval.py:   47]: Test Batch Process: 29/50
[25/05/04 21:49:20] [eval.py:   47]: Test Batch Process: 30/50
[25/05/04 21:49:20] [eval.py:   47]: Test Batch Process: 31/50
[25/05/04 21:49:20] [eval.py:   47]: Test Batch Process: 32/50
[25/05/04 21:49:20] [eval.py:   47]: Test Batch Process: 33/50
[25/05/04 21:49:20] [eval.py:   47]: Test Batch Process: 34/50
[25/05/04 21:49:21] [eval.py:   47]: Test Batch Process: 35/50
[25/05/04 21:49:21] [eval.py:   47]: Test Batch Process: 36/50
[25/05/04 21:49:21] [eval.py:   47]: Test Batch Process: 37/50
[25/05/04 21:49:21] [eval.py:   47]: Test Batch Process: 38/50
[25/05/04 21:49:21] [eval.py:   47]: Test Batch Process: 39/50
[25/05/04 21:49:21] [eval.py:   47]: Test Batch Process: 40/50
[25/05/04 21:49:21] [eval.py:   47]: Test Batch Process: 41/50
[25/05/04 21:49:21] [eval.py:   47]: Test Batch Process: 42/50
[25/05/04 21:49:21] [eval.py:   47]: Test Batch Process: 43/50
[25/05/04 21:49:21] [eval.py:   47]: Test Batch Process: 44/50
[25/05/04 21:49:21] [eval.py:   47]: Test Batch Process: 45/50
[25/05/04 21:49:21] [eval.py:   47]: Test Batch Process: 46/50
[25/05/04 21:49:21] [eval.py:   47]: Test Batch Process: 47/50
[25/05/04 21:49:22] [eval.py:   47]: Test Batch Process: 48/50
[25/05/04 21:49:22] [eval.py:   47]: Test Batch Process: 49/50
[25/05/04 21:49:22] [eval.py:   47]: Test Batch Process: 50/50
[25/05/04 21:49:22] [eval.py:  145]: Test set Accuracy: 0.53
