[25/04/19 20:58:19] [utils.py:   37]: PyTorch Version: torch=2.5.0+cu124, cuda=12.4, cudnn=90100
[25/04/19 20:58:19] [utils.py:   39]: BN:
  EPS: 1e-05
  MOM: 0.1
CKPT_DIR: ./ckpt
CORRUPTION:
  DATASET: cifar100
  IMG_SIZE: 32
  NUM_CHANNEL: 3
  NUM_CLASSES: 100
  NUM_EX: 10000
  SEVERITY: [5, 4, 3, 2, 1]
  TYPE: ['gaussian_noise', 'shot_noise', 'impulse_noise', 'defocus_blur', 'glass_blur', 'motion_blur', 'zoom_blur', 'snow', 'frost', 'fog', 'brightness', 'contrast', 'elastic_transform', 'pixelate', 'jpeg_compression']
CUDNN:
  BENCHMARK: True
DATA_DIR: ./data/cifar100
DESC: 
EATA:
  D_MARGIN: 0.05
  E_MARGIN: 2.763102111592855
  FISHER_ALPHA: 2000.0
  FISHER_SIZE: 2000
  USE_FISHER: False
EBM:
  BUFFER_SIZE: 10000
  REINIT_FREQ: 0.05
  SGLD_LR: 1.0
  SGLD_STD: 0.01
  STEPS: 20
  UNCOND: uncond
LOG_DEST: tent_bn_adam-1-0.001-200_250419-205819.txt
LOG_TIME: 250419-205819
MODEL:
  ADAPTATION: tent
  ADA_PARAM: ['bn']
  ARCH: WRN2810_BN
  EPISODIC: False
OPTIM:
  BATCH_SIZE: 200
  BETA: 0.9
  DAMPENING: 0.0
  LR: 0.001
  METHOD: Adam
  MOMENTUM: 0.9
  NESTEROV: True
  STEPS: 1
  WD: 0.0
PL:
  ALPHA: 0.1
  THRESHOLD: 0.9
RNG_SEED: 511
SAR:
  MARGIN_E0: 2.763102111592855
SAVE_DIR: ./save/cifar100/bn-wrn-28-10
SHOT:
  CLF_COEFF: 0.1
  THRESHOLD: 0.9
TEST:
  
/gpfs/home5/scur2578/tea/main.py:33: FutureWarning: You are using `torch.load` with `weights_only=False` (the current default value), which uses the default pickle module implicitly. It is possible to construct malicious pickle data which will execute arbitrary code during unpickling (See https://github.com/pytorch/pytorch/blob/main/SECURITY.md#untrusted-models for more details). In a future release, the default value for `weights_only` will be flipped to `True`. This limits the functions that could be executed during unpickling. Arbitrary objects will no longer be allowed to be loaded via this mode unless they are explicitly allowlisted by the user via `torch.serialization.add_safe_globals`. We recommend you start setting `weights_only=True` for any use case where you don't have full control of the loaded file. Please open an issue on GitHub for any issues related to this experimental feature.
  ckpt = torch.load(os.path.join(cfg.CKPT_DIR ,'{}/{}.pth'.format(cfg.CORRUPTION.DATASET, cfg.MODEL.ARCH)))
[25/04/19 20:58:20] [main.py:   57]: test-time adaptation: TENT
[25/04/19 20:58:20] [param.py:   18]: adapting weights of batch-normalization layer
[25/04/19 20:58:20] [setada.py:   49]: model for adaptation: WideResNet(
  (conv1): Conv2d(3, 16, kernel_size=(3, 3), stride=(1, 1), padding=(1, 1), bias=False)
  (block1): NetworkBlock(
    (layer): Sequential(
      (0): BasicBlock(
        (bn1): BatchNorm2d(16, eps=1e-05, momentum=0.1, affine=True, track_running_stats=False)
        (relu1): ReLU(inplace=True)
        (conv1): Conv2d(16, 160, kernel_size=(3, 3), stride=(1, 1), padding=(1, 1), bias=False)
        (bn2): BatchNorm2d(160, eps=1e-05, momentum=0.1, affine=True, track_running_stats=False)
        (relu2): ReLU(inplace=True)
        (conv2): Conv2d(160, 160, kernel_size=(3, 3), stride=(1, 1), padding=(1, 1), bias=False)
        (convShortcut): Conv2d(16, 160, kernel_size=(1, 1), stride=(1, 1), bias=False)
      )
      (1): BasicBlock(
        (bn1): BatchNorm2d(160, eps=1e-05, momentum=0.1, affine=True, track_running_stats=False)
        (relu1): ReLU(inplace=True)
        (conv1): Conv2d(160, 160, kernel_size=(3, 3), stride=(1, 1), padding=(1, 1), bias=False)
        (bn2): BatchNorm2d(160, eps=1e-05, momentum=0.1, affine=True, track_running_stats=False)
        (relu2): ReLU(inplace=True)
        (conv2): Conv2d(160, 160, kernel_size=(3, 3), stride=(1, 1), padding=(1, 1), bias=False)
      )
      (2): BasicBlock(
        (bn1): BatchNorm2d(160, eps=1e-05, momentum=0.1, affine=True, track_running_stats=False)
        (relu1): ReLU(inplace=True)
        (conv1): Conv2d(160, 160, kernel_size=(3, 3), stride=(1, 1), padding=(1, 1), bias=False)
        (bn2): BatchNorm2d(160, eps=1e-05, momentum=0.1, affine=True, track_running_stats=False)
        (relu2): ReLU(inplace=True)
        (conv2): Conv2d(160, 160, kernel_size=(3, 3), stride=(1, 1), padding=(1, 1), bias=False)
      )
      (3): BasicBlock(
        (bn1): BatchNorm2d(160, eps=1e-05, momentum=0.1, affine=True, track_running_stats=False)
        (relu1): ReLU(inplace=True)
        (conv1): Conv2d(160, 160, kernel_size=(3, 3), stride=(1, 1), padding=(1, 1), bias=False)
        (bn2): BatchNorm2d(160, eps=1e-05, momentum=0.1, affine=True, track_running_stats=False)
        (relu2): ReLU(inplace=True)
        (conv2): Conv2d(160, 160, kernel_size=(3, 3), stride=(1, 1), padding=(1, 1), bias=False)
      )
    )
  )
  (block2): NetworkBlock(
    (layer): Sequential(
      (0): BasicBlock(
        (bn1): BatchNorm2d(160, eps=1e-05, momentum=0.1, affine=True, track_running_stats=False)
        (relu1): ReLU(inplace=True)
        (conv1): Conv2d(160, 320, kernel_size=(3, 3), stride=(2, 2), padding=(1, 1), bias=False)
        (bn2): BatchNorm2d(320, eps=1e-05, momentum=0.1, affine=True, track_running_stats=False)
        (relu2): ReLU(inplace=True)
        (conv2): Conv2d(320, 320, kernel_size=(3, 3), stride=(1, 1), padding=(1, 1), bias=False)
        (convShortcut): Conv2d(160, 320, kernel_size=(1, 1), stride=(2, 2), bias=False)
      )
      (1): BasicBlock(
        (bn1): BatchNorm2d(320, eps=1e-05, momentum=0.1, affine=True, track_running_stats=False)
        (relu1): ReLU(inplace=True)
        (conv1): Conv2d(320, 320, kernel_size=(3, 3), stride=(1, 1), padding=(1, 1), bias=False)
        (bn2): BatchNorm2d(320, eps=1e-05, momentum=0.1, affine=True, track_running_stats=False)
        (relu2): ReLU(inplace=True)
        (conv2): Conv2d(320, 320, kernel_size=(3, 3), stride=(1, 1), padding=(1, 1), bias=False)
      )
      (2): BasicBlock(
        (bn1): BatchNorm2d(320, eps=1e-05, momentum=0.1, affine=True, track_running_stats=False)
        (relu1): ReLU(inplace=True)
        (conv1): Conv2d(320, 320, kernel_size=(3, 3), stride=(1, 1), padding=(1, 1), bias=False)
        (bn2): BatchNorm2d(320, eps=1e-05, momentum=0.1, affine=True, track_running_stats=False)
        (relu2): ReLU(inplace=True)
        (conv2): Conv2d(320, 320, kernel_size=(3, 3), stride=(1, 1), padding=(1, 1), bias=False)
      )
      (3): BasicBlock(
        (bn1): BatchNorm2d(320, eps=1e-05, momentum=0.1, affine=True, track_running_stats=False)
        (relu1): ReLU(inplace=True)
        (conv1): Conv2d(320, 320, kernel_size=(3, 3), stride=(1, 1), padding=(1, 1), bias=False)
        (bn2): BatchNorm2d(320, eps=1e-05, momentum=0.1, affine=True, track_running_stats=False)
        (relu2): ReLU(inplace=True)
        (conv2): Conv2d(320, 320, kernel_size=(3, 3), stride=(1, 1), padding=(1, 1), bias=False)
      )
    )
  )
  (block3): NetworkBlock(
    (layer): Sequential(
      (0): BasicBlock(
        (bn1): BatchNorm2d(320, eps=1e-05, momentum=0.1, affine=True, track_running_stats=False)
        (relu1): ReLU(inplace=True)
        (conv1): Conv2d(320, 640, kernel_size=(3, 3), stride=(2, 2), padding=(1, 1), bias=False)
        (bn2): BatchNorm2d(640, eps=1e-05, momentum=0.1, affine=True, track_running_stats=False)
        (relu2): ReLU(inplace=True)
        (conv2): Conv2d(640, 640, kernel_size=(3, 3), stride=(1, 1), padding=(1, 1), bias=False)
        (convShortcut): Conv2d(320, 640, kernel_size=(1, 1), stride=(2, 2), bias=False)
      )
      (1): BasicBlock(
        (bn1): BatchNorm2d(640, eps=1e-05, momentum=0.1, affine=True, track_running_stats=False)
        (relu1): ReLU(inplace=True)
        (conv1): Conv2d(640, 640, kernel_size=(3, 3), stride=(1, 1), padding=(1, 1), bias=False)
        (bn2): BatchNorm2d(640, eps=1e-05, momentum=0.1, affine=True, track_running_stats=False)
        (relu2): ReLU(inplace=True)
        (conv2): Conv2d(640, 640, kernel_size=(3, 3), stride=(1, 1), padding=(1, 1), bias=False)
      )
      (2): BasicBlock(
        (bn1): BatchNorm2d(640, eps=1e-05, momentum=0.1, affine=True, track_running_stats=False)
        (relu1): ReLU(inplace=True)
        (conv1): Conv2d(640, 640, kernel_size=(3, 3), stride=(1, 1), padding=(1, 1), bias=False)
        (bn2): BatchNorm2d(640, eps=1e-05, momentum=0.1, affine=True, track_running_stats=False)
        (relu2): ReLU(inplace=True)
        (conv2): Conv2d(640, 640, kernel_size=(3, 3), stride=(1, 1), padding=(1, 1), bias=False)
      )
      (3): BasicBlock(
        (bn1): BatchNorm2d(640, eps=1e-05, momentum=0.1, affine=True, track_running_stats=False)
        (relu1): ReLU(inplace=True)
        (conv1): Conv2d(640, 640, kernel_size=(3, 3), stride=(1, 1), padding=(1, 1), bias=False)
        (bn2): BatchNorm2d(640, eps=1e-05, momentum=0.1, affine=True, track_running_stats=False)
        (relu2): ReLU(inplace=True)
        (conv2): Conv2d(640, 640, kernel_size=(3, 3), stride=(1, 1), padding=(1, 1), bias=False)
      )
    )
  )
  (bn1): BatchNorm2d(640, eps=1e-05, momentum=0.1, affine=True, track_running_stats=False)
  (relu): ReLU(inplace=True)
  (fc): Linear(in_features=640, out_features=100, bias=True)
)
[25/04/19 20:58:20] [setada.py:   50]: params for adaptation: ['block1.layer.0.bn1.weight', 'block1.layer.0.bn1.bias', 'block1.layer.0.bn2.weight', 'block1.layer.0.bn2.bias', 'block1.layer.1.bn1.weight', 'block1.layer.1.bn1.bias', 'block1.layer.1.bn2.weight', 'block1.layer.1.bn2.bias', 'block1.layer.2.bn1.weight', 'block1.layer.2.bn1.bias', 'block1.layer.2.bn2.weight', 'block1.layer.2.bn2.bias', 'block1.layer.3.bn1.weight', 'block1.layer.3.bn1.bias', 'block1.layer.3.bn2.weight', 'block1.layer.3.bn2.bias', 'block2.layer.0.bn1.weight', 'block2.layer.0.bn1.bias', 'block2.layer.0.bn2.weight', 'block2.layer.0.bn2.bias', 'block2.layer.1.bn1.weight', 'block2.layer.1.bn1.bias', 'block2.layer.1.bn2.weight', 'block2.layer.1.bn2.bias', 'block2.layer.2.bn1.weight', 'block2.layer.2.bn1.bias', 'block2.layer.2.bn2.weight', 'block2.layer.2.bn2.bias', 'block2.layer.3.bn1.weight', 'block2.layer.3.bn1.bias', 'block2.layer.3.bn2.weight', 'block2.layer.3.bn2.bias', 'block3.layer.0.bn1.weight', 'block3.layer.0.bn1.bias', 'block3.layer.0.bn2.weight', 'block3.layer.0.bn2.bias', 'block3.layer.1.bn1.weight', 'block3.layer.1.bn1.bias', 'block3.layer.1.bn2.weight', 'block3.layer.1.bn2.bias', 'block3.layer.2.bn1.weight', 'block3.layer.2.bn1.bias', 'block3.layer.2.bn2.weight', 'block3.layer.2.bn2.bias', 'block3.layer.3.bn1.weight', 'block3.layer.3.bn1.bias', 'block3.layer.3.bn2.weight', 'block3.layer.3.bn2.bias', 'bn1.weight', 'bn1.bias']
[25/04/19 20:58:20] [setada.py:   51]: optimizer for adaptation: Adam (
Parameter Group 0
    amsgrad: False
    betas: (0.9, 0.999)
    capturable: False
    differentiable: False
    eps: 1e-08
    foreach: None
    fused: None
    lr: 0.001
    maximize: False
    weight_decay: 0.0
)
[25/04/19 20:58:20] [eval.py:   70]: resetting model
[25/04/19 20:58:25] [eval.py:   78]: acc % [gaussian_noise5]: 51.13%
[25/04/19 20:58:25] [eval.py:   70]: resetting model
[25/04/19 20:58:28] [eval.py:   78]: acc % [gaussian_noise4]: 54.77%
[25/04/19 20:58:28] [eval.py:   70]: resetting model
[25/04/19 20:58:32] [eval.py:   78]: acc % [gaussian_noise3]: 57.13%
[25/04/19 20:58:32] [eval.py:   70]: resetting model
[25/04/19 20:58:35] [eval.py:   78]: acc % [gaussian_noise2]: 63.05%
[25/04/19 20:58:35] [eval.py:   70]: resetting model
[25/04/19 20:58:39] [eval.py:   78]: acc % [gaussian_noise1]: 69.92%
[25/04/19 20:58:39] [eval.py:   70]: resetting model
[25/04/19 20:58:43] [eval.py:   78]: acc % [shot_noise5]: 53.62%
[25/04/19 20:58:43] [eval.py:   70]: resetting model
[25/04/19 20:58:46] [eval.py:   78]: acc % [shot_noise4]: 58.07%
[25/04/19 20:58:46] [eval.py:   70]: resetting model
[25/04/19 20:58:50] [eval.py:   78]: acc % [shot_noise3]: 61.62%
[25/04/19 20:58:50] [eval.py:   70]: resetting model
[25/04/19 20:58:53] [eval.py:   78]: acc % [shot_noise2]: 69.17%
[25/04/19 20:58:53] [eval.py:   70]: resetting model
[25/04/19 20:58:57] [eval.py:   78]: acc % [shot_noise1]: 71.98%
[25/04/19 20:58:57] [eval.py:   70]: resetting model
[25/04/19 20:59:00] [eval.py:   78]: acc % [impulse_noise5]: 44.24%
[25/04/19 20:59:00] [eval.py:   70]: resetting model
[25/04/19 20:59:04] [eval.py:   78]: acc % [impulse_noise4]: 52.13%
[25/04/19 20:59:04] [eval.py:   70]: resetting model
[25/04/19 20:59:08] [eval.py:   78]: acc % [impulse_noise3]: 60.44%
[25/04/19 20:59:08] [eval.py:   70]: resetting model
[25/04/19 20:59:11] [eval.py:   78]: acc % [impulse_noise2]: 65.60%
[25/04/19 20:59:11] [eval.py:   70]: resetting model
[25/04/19 20:59:15] [eval.py:   78]: acc % [impulse_noise1]: 71.14%
[25/04/19 20:59:15] [eval.py:   70]: resetting model
[25/04/19 20:59:18] [eval.py:   78]: acc % [defocus_blur5]: 70.60%
[25/04/19 20:59:18] [eval.py:   70]: resetting model
[25/04/19 20:59:22] [eval.py:   78]: acc % [defocus_blur4]: 75.36%
[25/04/19 20:59:22] [eval.py:   70]: resetting model
[25/04/19 20:59:25] [eval.py:   78]: acc % [defocus_blur3]: 77.68%
[25/04/19 20:59:25] [eval.py:   70]: resetting model
[25/04/19 20:59:29] [eval.py:   78]: acc % [defocus_blur2]: 78.11%
[25/04/19 20:59:29] [eval.py:   70]: resetting model
[25/04/19 20:59:33] [eval.py:   78]: acc % [defocus_blur1]: 78.18%
[25/04/19 20:59:33] [eval.py:   70]: resetting model
[25/04/19 20:59:36] [eval.py:   78]: acc % [glass_blur5]: 49.62%
[25/04/19 20:59:36] [eval.py:   70]: resetting model
[25/04/19 20:59:40] [eval.py:   78]: acc % [glass_blur4]: 50.50%
[25/04/19 20:59:40] [eval.py:   70]: resetting model
[25/04/19 20:59:43] [eval.py:   78]: acc % [glass_blur3]: 59.33%
[25/04/19 20:59:43] [eval.py:   70]: resetting model
[25/04/19 20:59:47] [eval.py:   78]: acc % [glass_blur2]: 60.27%
[25/04/19 20:59:47] [eval.py:   70]: resetting model
[25/04/19 20:59:51] [eval.py:   78]: acc % [glass_blur1]: 59.97%
[25/04/19 20:59:51] [eval.py:   70]: resetting model
[25/04/19 20:59:54] [eval.py:   78]: acc % [motion_blur5]: 68.86%
[25/04/19 20:59:54] [eval.py:   70]: resetting model
[25/04/19 20:59:58] [eval.py:   78]: acc % [motion_blur4]: 71.59%
[25/04/19 20:59:58] [eval.py:   70]: resetting model
[25/04/19 21:00:01] [eval.py:   78]: acc % [motion_blur3]: 71.06%
[25/04/19 21:00:01] [eval.py:   70]: resetting model
[25/04/19 21:00:05] [eval.py:   78]: acc % [motion_blur2]: 73.96%
[25/04/19 21:00:05] [eval.py:   70]: resetting model
[25/04/19 21:00:08] [eval.py:   78]: acc % [motion_blur1]: 75.55%
[25/04/19 21:00:08] [eval.py:   70]: resetting model
[25/04/19 21:00:12] [eval.py:   78]: acc % [zoom_blur5]: 70.25%
[25/04/19 21:00:12] [eval.py:   70]: resetting model
[25/04/19 21:00:16] [eval.py:   78]: acc % [zoom_blur4]: 72.57%
[25/04/19 21:00:16] [eval.py:   70]: resetting model
[25/04/19 21:00:19] [eval.py:   78]: acc % [zoom_blur3]: 73.93%
[25/04/19 21:00:19] [eval.py:   70]: resetting model
[25/04/19 21:00:23] [eval.py:   78]: acc % [zoom_blur2]: 75.87%
[25/04/19 21:00:23] [eval.py:   70]: resetting model
[25/04/19 21:00:26] [eval.py:   78]: acc % [zoom_blur1]: 76.22%
[25/04/19 21:00:26] [eval.py:   70]: resetting model
[25/04/19 21:00:30] [eval.py:   78]: acc % [snow5]: 64.45%
[25/04/19 21:00:30] [eval.py:   70]: resetting model
[25/04/19 21:00:33] [eval.py:   78]: acc % [snow4]: 65.31%
[25/04/19 21:00:33] [eval.py:   70]: resetting model
[25/04/19 21:00:37] [eval.py:   78]: acc % [snow3]: 67.72%
[25/04/19 21:00:37] [eval.py:   70]: resetting model
[25/04/19 21:00:41] [eval.py:   78]: acc % [snow2]: 68.97%
[25/04/19 21:00:41] [eval.py:   70]: resetting model
[25/04/19 21:00:44] [eval.py:   78]: acc % [snow1]: 74.07%
[25/04/19 21:00:44] [eval.py:   70]: resetting model
[25/04/19 21:00:48] [eval.py:   78]: acc % [frost5]: 63.27%
[25/04/19 21:00:48] [eval.py:   70]: resetting model
[25/04/19 21:00:51] [eval.py:   78]: acc % [frost4]: 66.67%
[25/04/19 21:00:51] [eval.py:   70]: resetting model
[25/04/19 21:00:55] [eval.py:   78]: acc % [frost3]: 65.50%
[25/04/19 21:00:55] [eval.py:   70]: resetting model
[25/04/19 21:00:58] [eval.py:   78]: acc % [frost2]: 70.74%
[25/04/19 21:00:58] [eval.py:   70]: resetting model
[25/04/19 21:01:02] [eval.py:   78]: acc % [frost1]: 74.23%
[25/04/19 21:01:02] [eval.py:   70]: resetting model
[25/04/19 21:01:06] [eval.py:   78]: acc % [fog5]: 65.85%
[25/04/19 21:01:06] [eval.py:   70]: resetting model
[25/04/19 21:01:09] [eval.py:   78]: acc % [fog4]: 73.58%
[25/04/19 21:01:09] [eval.py:   70]: resetting model
[25/04/19 21:01:13] [eval.py:   78]: acc % [fog3]: 75.70%
[25/04/19 21:01:13] [eval.py:   70]: resetting model
[25/04/19 21:01:16] [eval.py:   78]: acc % [fog2]: 77.43%
[25/04/19 21:01:16] [eval.py:   70]: resetting model
[25/04/19 21:01:20] [eval.py:   78]: acc % [fog1]: 78.02%
[25/04/19 21:01:20] [eval.py:   70]: resetting model
[25/04/19 21:01:23] [eval.py:   78]: acc % [brightness5]: 74.22%
[25/04/19 21:01:23] [eval.py:   70]: resetting model
[25/04/19 21:01:27] [eval.py:   78]: acc % [brightness4]: 76.76%
[25/04/19 21:01:27] [eval.py:   70]: resetting model
[25/04/19 21:01:31] [eval.py:   78]: acc % [brightness3]: 77.81%
[25/04/19 21:01:31] [eval.py:   70]: resetting model
[25/04/19 21:01:34] [eval.py:   78]: acc % [brightness2]: 77.99%
[25/04/19 21:01:34] [eval.py:   70]: resetting model
[25/04/19 21:01:38] [eval.py:   78]: acc % [brightness1]: 78.27%
[25/04/19 21:01:38] [eval.py:   70]: resetting model
[25/04/19 21:01:41] [eval.py:   78]: acc % [contrast5]: 67.70%
[25/04/19 21:01:41] [eval.py:   70]: resetting model
[25/04/19 21:01:45] [eval.py:   78]: acc % [contrast4]: 73.44%
[25/04/19 21:01:45] [eval.py:   70]: resetting model
[25/04/19 21:01:48] [eval.py:   78]: acc % [contrast3]: 74.98%
[25/04/19 21:01:48] [eval.py:   70]: resetting model
[25/04/19 21:01:52] [eval.py:   78]: acc % [contrast2]: 76.35%
[25/04/19 21:01:52] [eval.py:   70]: resetting model
[25/04/19 21:01:56] [eval.py:   78]: acc % [contrast1]: 78.19%
[25/04/19 21:01:56] [eval.py:   70]: resetting model
[25/04/19 21:01:59] [eval.py:   78]: acc % [elastic_transform5]: 58.50%
[25/04/19 21:01:59] [eval.py:   70]: resetting model
[25/04/19 21:02:03] [eval.py:   78]: acc % [elastic_transform4]: 66.58%
[25/04/19 21:02:03] [eval.py:   70]: resetting model
[25/04/19 21:02:06] [eval.py:   78]: acc % [elastic_transform3]: 72.91%
[25/04/19 21:02:06] [eval.py:   70]: resetting model
[25/04/19 21:02:10] [eval.py:   78]: acc % [elastic_transform2]: 73.85%
[25/04/19 21:02:10] [eval.py:   70]: resetting model
[25/04/19 21:02:14] [eval.py:   78]: acc % [elastic_transform1]: 72.63%
[25/04/19 21:02:14] [eval.py:   70]: resetting model
[25/04/19 21:02:17] [eval.py:   78]: acc % [pixelate5]: 64.39%
[25/04/19 21:02:17] [eval.py:   70]: resetting model
[25/04/19 21:02:21] [eval.py:   78]: acc % [pixelate4]: 71.09%
[25/04/19 21:02:21] [eval.py:   70]: resetting model
[25/04/19 21:02:24] [eval.py:   78]: acc % [pixelate3]: 73.38%
[25/04/19 21:02:24] [eval.py:   70]: resetting model
[25/04/19 21:02:28] [eval.py:   78]: acc % [pixelate2]: 74.63%
[25/04/19 21:02:28] [eval.py:   70]: resetting model
[25/04/19 21:02:31] [eval.py:   78]: acc % [pixelate1]: 76.07%
[25/04/19 21:02:31] [eval.py:   70]: resetting model
[25/04/19 21:02:35] [eval.py:   78]: acc % [jpeg_compression5]: 54.05%
[25/04/19 21:02:35] [eval.py:   70]: resetting model
[25/04/19 21:02:39] [eval.py:   78]: acc % [jpeg_compression4]: 56.83%
[25/04/19 21:02:39] [eval.py:   70]: resetting model
[25/04/19 21:02:42] [eval.py:   78]: acc % [jpeg_compression3]: 59.28%
[25/04/19 21:02:42] [eval.py:   70]: resetting model
[25/04/19 21:02:46] [eval.py:   78]: acc % [jpeg_compression2]: 61.53%
[25/04/19 21:02:46] [eval.py:   70]: resetting model
[25/04/19 21:02:49] [eval.py:   78]: acc % [jpeg_compression1]: 67.91%
[25/04/19 21:02:49] [eval.py:   84]: 
                          1         2         3        4       5       avg
gaussian_noise     0.511300  0.547700  0.571300  0.63050  0.6992  0.592000
shot_noise         0.536200  0.580700  0.616200  0.69170  0.7198  0.628920
impulse_noise      0.442400  0.521300  0.604400  0.65600  0.7114  0.587100
defocus_blur       0.706000  0.753600  0.776800  0.78110  0.7818  0.759860
glass_blur         0.496200  0.505000  0.593300  0.60270  0.5997  0.559380
motion_blur        0.688600  0.715900  0.710600  0.73960  0.7555  0.722040
zoom_blur          0.702500  0.725700  0.739300  0.75870  0.7622  0.737680
snow               0.644500  0.653100  0.677200  0.68970  0.7407  0.681040
frost              0.632700  0.666700  0.655000  0.70740  0.7423  0.680820
fog                0.658500  0.735800  0.757000  0.77430  0.7802  0.741160
brightness         0.742200  0.767600  0.778100  0.77990  0.7827  0.770100
contrast           0.677000  0.734400  0.749800  0.76350  0.7819  0.741320
elastic_transform  0.585000  0.665800  0.729100  0.73850  0.7263  0.688940
pixelate           0.643900  0.710900  0.733800  0.74630  0.7607  0.719120
jpeg_compression   0.540500  0.568300  0.592800  0.61530  0.6791  0.599200
average            0.613833  0.656833  0.685647  0.71168  0.7349  0.680579
[25/04/19 21:02:49] [eval.py:  125]: resetting model
[25/04/19 21:02:55] [eval.py:  137]: Test set Accuracy: 0.7838
Building model...
torch.Size([10000, 3, 32, 32]) 10000
torch.Size([10000, 3, 32, 32]) 10000
torch.Size([10000, 3, 32, 32]) 10000
torch.Size([10000, 3, 32, 32]) 10000
torch.Size([10000, 3, 32, 32]) 10000
torch.Size([10000, 3, 32, 32]) 10000
torch.Size([10000, 3, 32, 32]) 10000
torch.Size([10000, 3, 32, 32]) 10000
torch.Size([10000, 3, 32, 32]) 10000
torch.Size([10000, 3, 32, 32]) 10000
torch.Size([10000, 3, 32, 32]) 10000
torch.Size([10000, 3, 32, 32]) 10000
torch.Size([10000, 3, 32, 32]) 10000
torch.Size([10000, 3, 32, 32]) 10000
torch.Size([10000, 3, 32, 32]) 10000
torch.Size([10000, 3, 32, 32]) 10000
torch.Size([10000, 3, 32, 32]) 10000
torch.Size([10000, 3, 32, 32]) 10000
torch.Size([10000, 3, 32, 32]) 10000
torch.Size([10000, 3, 32, 32]) 10000
torch.Size([10000, 3, 32, 32]) 10000
torch.Size([10000, 3, 32, 32]) 10000
torch.Size([10000, 3, 32, 32]) 10000
torch.Size([10000, 3, 32, 32]) 10000
torch.Size([10000, 3, 32, 32]) 10000
torch.Size([10000, 3, 32, 32]) 10000
torch.Size([10000, 3, 32, 32]) 10000
torch.Size([10000, 3, 32, 32]) 10000
torch.Size([10000, 3, 32, 32]) 10000
torch.Size([10000, 3, 32, 32]) 10000
torch.Size([10000, 3, 32, 32]) 10000
torch.Size([10000, 3, 32, 32]) 10000
torch.Size([10000, 3, 32, 32]) 10000
torch.Size([10000, 3, 32, 32]) 10000
torch.Size([10000, 3, 32, 32]) 10000
torch.Size([10000, 3, 32, 32]) 10000
torch.Size([10000, 3, 32, 32]) 10000
torch.Size([10000, 3, 32, 32]) 10000
torch.Size([10000, 3, 32, 32]) 10000
torch.Size([10000, 3, 32, 32]) 10000
torch.Size([10000, 3, 32, 32]) 10000
torch.Size([10000, 3, 32, 32]) 10000
torch.Size([10000, 3, 32, 32]) 10000
torch.Size([10000, 3, 32, 32]) 10000
torch.Size([10000, 3, 32, 32]) 10000
torch.Size([10000, 3, 32, 32]) 10000
torch.Size([10000, 3, 32, 32]) 10000
torch.Size([10000, 3, 32, 32]) 10000
torch.Size([10000, 3, 32, 32]) 10000
torch.Size([10000, 3, 32, 32]) 10000
torch.Size([10000, 3, 32, 32]) 10000
torch.Size([10000, 3, 32, 32]) 10000
torch.Size([10000, 3, 32, 32]) 10000
torch.Size([10000, 3, 32, 32]) 10000
torch.Size([10000, 3, 32, 32]) 10000
torch.Size([10000, 3, 32, 32]) 10000
torch.Size([10000, 3, 32, 32]) 10000
torch.Size([10000, 3, 32, 32]) 10000
torch.Size([10000, 3, 32, 32]) 10000
torch.Size([10000, 3, 32, 32]) 10000
torch.Size([10000, 3, 32, 32]) 10000
torch.Size([10000, 3, 32, 32]) 10000
torch.Size([10000, 3, 32, 32]) 10000
torch.Size([10000, 3, 32, 32]) 10000
torch.Size([10000, 3, 32, 32]) 10000
torch.Size([10000, 3, 32, 32]) 10000
torch.Size([10000, 3, 32, 32]) 10000
torch.Size([10000, 3, 32, 32]) 10000
torch.Size([10000, 3, 32, 32]) 10000
torch.Size([10000, 3, 32, 32]) 10000
torch.Size([10000, 3, 32, 32]) 10000
torch.Size([10000, 3, 32, 32]) 10000
torch.Size([10000, 3, 32, 32]) 10000
torch.Size([10000, 3, 32, 32]) 10000
torch.Size([10000, 3, 32, 32]) 10000
Files already downloaded and verified
torch.Size([10000, 3, 32, 32]) 10000
