[25/04/19 20:58:31] [utils.py:   37]: PyTorch Version: torch=2.5.0+cu124, cuda=12.4, cudnn=90100
[25/04/19 20:58:31] [utils.py:   39]: BN:
  EPS: 1e-05
  MOM: 0.1
CKPT_DIR: ./ckpt
CORRUPTION:
  DATASET: cifar100
  IMG_SIZE: 32
  NUM_CHANNEL: 3
  NUM_CLASSES: 100
  NUM_EX: 10000
  SEVERITY: [5, 4, 3, 2, 1]
  TYPE: ['gaussian_noise', 'shot_noise', 'impulse_noise', 'defocus_blur', 'glass_blur', 'motion_blur', 'zoom_blur', 'snow', 'frost', 'fog', 'brightness', 'contrast', 'elastic_transform', 'pixelate', 'jpeg_compression']
CUDNN:
  BENCHMARK: True
DATA_DIR: ./data/cifar100
DESC: 
EATA:
  D_MARGIN: 0.05
  E_MARGIN: 2.763102111592855
  FISHER_ALPHA: 2000.0
  FISHER_SIZE: 2000
  USE_FISHER: False
EBM:
  BUFFER_SIZE: 10000
  REINIT_FREQ: 0.05
  SGLD_LR: 1.0
  SGLD_STD: 0.01
  STEPS: 20
  UNCOND: uncond
LOG_DEST: sar_bn_adam-1-0.01-200_250419-205831.txt
LOG_TIME: 250419-205831
MODEL:
  ADAPTATION: sar
  ADA_PARAM: ['bn']
  ARCH: WRN2810_BN
  EPISODIC: False
OPTIM:
  BATCH_SIZE: 200
  BETA: 0.9
  DAMPENING: 0.0
  LR: 0.01
  METHOD: Adam
  MOMENTUM: 0.9
  NESTEROV: True
  STEPS: 1
  WD: 0.0
PL:
  ALPHA: 0.1
  THRESHOLD: 0.9
RNG_SEED: 36
SAR:
  MARGIN_E0: 2.763102111592855
SAVE_DIR: ./save/cifar100/bn-wrn-28-10
SHOT:
  CLF_COEFF: 0.1
  THRESHOLD: 0.9
TEST:
  
/gpfs/home5/scur2578/tea/main.py:33: FutureWarning: You are using `torch.load` with `weights_only=False` (the current default value), which uses the default pickle module implicitly. It is possible to construct malicious pickle data which will execute arbitrary code during unpickling (See https://github.com/pytorch/pytorch/blob/main/SECURITY.md#untrusted-models for more details). In a future release, the default value for `weights_only` will be flipped to `True`. This limits the functions that could be executed during unpickling. Arbitrary objects will no longer be allowed to be loaded via this mode unless they are explicitly allowlisted by the user via `torch.serialization.add_safe_globals`. We recommend you start setting `weights_only=True` for any use case where you don't have full control of the loaded file. Please open an issue on GitHub for any issues related to this experimental feature.
  ckpt = torch.load(os.path.join(cfg.CKPT_DIR ,'{}/{}.pth'.format(cfg.CORRUPTION.DATASET, cfg.MODEL.ARCH)))
[25/04/19 20:58:33] [main.py:   69]: test-time adaptation: SAR
[25/04/19 20:58:33] [sar.py:  151]: adapting weights for SAR
[25/04/19 20:58:33] [setada.py:  155]: model for adaptation: WideResNet(
  (conv1): Conv2d(3, 16, kernel_size=(3, 3), stride=(1, 1), padding=(1, 1), bias=False)
  (block1): NetworkBlock(
    (layer): Sequential(
      (0): BasicBlock(
        (bn1): BatchNorm2d(16, eps=1e-05, momentum=0.1, affine=True, track_running_stats=False)
        (relu1): ReLU(inplace=True)
        (conv1): Conv2d(16, 160, kernel_size=(3, 3), stride=(1, 1), padding=(1, 1), bias=False)
        (bn2): BatchNorm2d(160, eps=1e-05, momentum=0.1, affine=True, track_running_stats=False)
        (relu2): ReLU(inplace=True)
        (conv2): Conv2d(160, 160, kernel_size=(3, 3), stride=(1, 1), padding=(1, 1), bias=False)
        (convShortcut): Conv2d(16, 160, kernel_size=(1, 1), stride=(1, 1), bias=False)
      )
      (1): BasicBlock(
        (bn1): BatchNorm2d(160, eps=1e-05, momentum=0.1, affine=True, track_running_stats=False)
        (relu1): ReLU(inplace=True)
        (conv1): Conv2d(160, 160, kernel_size=(3, 3), stride=(1, 1), padding=(1, 1), bias=False)
        (bn2): BatchNorm2d(160, eps=1e-05, momentum=0.1, affine=True, track_running_stats=False)
        (relu2): ReLU(inplace=True)
        (conv2): Conv2d(160, 160, kernel_size=(3, 3), stride=(1, 1), padding=(1, 1), bias=False)
      )
      (2): BasicBlock(
        (bn1): BatchNorm2d(160, eps=1e-05, momentum=0.1, affine=True, track_running_stats=False)
        (relu1): ReLU(inplace=True)
        (conv1): Conv2d(160, 160, kernel_size=(3, 3), stride=(1, 1), padding=(1, 1), bias=False)
        (bn2): BatchNorm2d(160, eps=1e-05, momentum=0.1, affine=True, track_running_stats=False)
        (relu2): ReLU(inplace=True)
        (conv2): Conv2d(160, 160, kernel_size=(3, 3), stride=(1, 1), padding=(1, 1), bias=False)
      )
      (3): BasicBlock(
        (bn1): BatchNorm2d(160, eps=1e-05, momentum=0.1, affine=True, track_running_stats=False)
        (relu1): ReLU(inplace=True)
        (conv1): Conv2d(160, 160, kernel_size=(3, 3), stride=(1, 1), padding=(1, 1), bias=False)
        (bn2): BatchNorm2d(160, eps=1e-05, momentum=0.1, affine=True, track_running_stats=False)
        (relu2): ReLU(inplace=True)
        (conv2): Conv2d(160, 160, kernel_size=(3, 3), stride=(1, 1), padding=(1, 1), bias=False)
      )
    )
  )
  (block2): NetworkBlock(
    (layer): Sequential(
      (0): BasicBlock(
        (bn1): BatchNorm2d(160, eps=1e-05, momentum=0.1, affine=True, track_running_stats=False)
        (relu1): ReLU(inplace=True)
        (conv1): Conv2d(160, 320, kernel_size=(3, 3), stride=(2, 2), padding=(1, 1), bias=False)
        (bn2): BatchNorm2d(320, eps=1e-05, momentum=0.1, affine=True, track_running_stats=False)
        (relu2): ReLU(inplace=True)
        (conv2): Conv2d(320, 320, kernel_size=(3, 3), stride=(1, 1), padding=(1, 1), bias=False)
        (convShortcut): Conv2d(160, 320, kernel_size=(1, 1), stride=(2, 2), bias=False)
      )
      (1): BasicBlock(
        (bn1): BatchNorm2d(320, eps=1e-05, momentum=0.1, affine=True, track_running_stats=False)
        (relu1): ReLU(inplace=True)
        (conv1): Conv2d(320, 320, kernel_size=(3, 3), stride=(1, 1), padding=(1, 1), bias=False)
        (bn2): BatchNorm2d(320, eps=1e-05, momentum=0.1, affine=True, track_running_stats=False)
        (relu2): ReLU(inplace=True)
        (conv2): Conv2d(320, 320, kernel_size=(3, 3), stride=(1, 1), padding=(1, 1), bias=False)
      )
      (2): BasicBlock(
        (bn1): BatchNorm2d(320, eps=1e-05, momentum=0.1, affine=True, track_running_stats=False)
        (relu1): ReLU(inplace=True)
        (conv1): Conv2d(320, 320, kernel_size=(3, 3), stride=(1, 1), padding=(1, 1), bias=False)
        (bn2): BatchNorm2d(320, eps=1e-05, momentum=0.1, affine=True, track_running_stats=False)
        (relu2): ReLU(inplace=True)
        (conv2): Conv2d(320, 320, kernel_size=(3, 3), stride=(1, 1), padding=(1, 1), bias=False)
      )
      (3): BasicBlock(
        (bn1): BatchNorm2d(320, eps=1e-05, momentum=0.1, affine=True, track_running_stats=False)
        (relu1): ReLU(inplace=True)
        (conv1): Conv2d(320, 320, kernel_size=(3, 3), stride=(1, 1), padding=(1, 1), bias=False)
        (bn2): BatchNorm2d(320, eps=1e-05, momentum=0.1, affine=True, track_running_stats=False)
        (relu2): ReLU(inplace=True)
        (conv2): Conv2d(320, 320, kernel_size=(3, 3), stride=(1, 1), padding=(1, 1), bias=False)
      )
    )
  )
  (block3): NetworkBlock(
    (layer): Sequential(
      (0): BasicBlock(
        (bn1): BatchNorm2d(320, eps=1e-05, momentum=0.1, affine=True, track_running_stats=False)
        (relu1): ReLU(inplace=True)
        (conv1): Conv2d(320, 640, kernel_size=(3, 3), stride=(2, 2), padding=(1, 1), bias=False)
        (bn2): BatchNorm2d(640, eps=1e-05, momentum=0.1, affine=True, track_running_stats=False)
        (relu2): ReLU(inplace=True)
        (conv2): Conv2d(640, 640, kernel_size=(3, 3), stride=(1, 1), padding=(1, 1), bias=False)
        (convShortcut): Conv2d(320, 640, kernel_size=(1, 1), stride=(2, 2), bias=False)
      )
      (1): BasicBlock(
        (bn1): BatchNorm2d(640, eps=1e-05, momentum=0.1, affine=True, track_running_stats=False)
        (relu1): ReLU(inplace=True)
        (conv1): Conv2d(640, 640, kernel_size=(3, 3), stride=(1, 1), padding=(1, 1), bias=False)
        (bn2): BatchNorm2d(640, eps=1e-05, momentum=0.1, affine=True, track_running_stats=False)
        (relu2): ReLU(inplace=True)
        (conv2): Conv2d(640, 640, kernel_size=(3, 3), stride=(1, 1), padding=(1, 1), bias=False)
      )
      (2): BasicBlock(
        (bn1): BatchNorm2d(640, eps=1e-05, momentum=0.1, affine=True, track_running_stats=False)
        (relu1): ReLU(inplace=True)
        (conv1): Conv2d(640, 640, kernel_size=(3, 3), stride=(1, 1), padding=(1, 1), bias=False)
        (bn2): BatchNorm2d(640, eps=1e-05, momentum=0.1, affine=True, track_running_stats=False)
        (relu2): ReLU(inplace=True)
        (conv2): Conv2d(640, 640, kernel_size=(3, 3), stride=(1, 1), padding=(1, 1), bias=False)
      )
      (3): BasicBlock(
        (bn1): BatchNorm2d(640, eps=1e-05, momentum=0.1, affine=True, track_running_stats=False)
        (relu1): ReLU(inplace=True)
        (conv1): Conv2d(640, 640, kernel_size=(3, 3), stride=(1, 1), padding=(1, 1), bias=False)
        (bn2): BatchNorm2d(640, eps=1e-05, momentum=0.1, affine=True, track_running_stats=False)
        (relu2): ReLU(inplace=True)
        (conv2): Conv2d(640, 640, kernel_size=(3, 3), stride=(1, 1), padding=(1, 1), bias=False)
      )
    )
  )
  (bn1): BatchNorm2d(640, eps=1e-05, momentum=0.1, affine=True, track_running_stats=False)
  (relu): ReLU(inplace=True)
  (fc): Linear(in_features=640, out_features=100, bias=True)
)
[25/04/19 20:58:33] [setada.py:  156]: params for adaptation: ['block1.layer.0.bn1.weight', 'block1.layer.0.bn1.bias', 'block1.layer.0.bn2.weight', 'block1.layer.0.bn2.bias', 'block1.layer.1.bn1.weight', 'block1.layer.1.bn1.bias', 'block1.layer.1.bn2.weight', 'block1.layer.1.bn2.bias', 'block1.layer.2.bn1.weight', 'block1.layer.2.bn1.bias', 'block1.layer.2.bn2.weight', 'block1.layer.2.bn2.bias', 'block1.layer.3.bn1.weight', 'block1.layer.3.bn1.bias', 'block1.layer.3.bn2.weight', 'block1.layer.3.bn2.bias', 'block2.layer.0.bn1.weight', 'block2.layer.0.bn1.bias', 'block2.layer.0.bn2.weight', 'block2.layer.0.bn2.bias', 'block2.layer.1.bn1.weight', 'block2.layer.1.bn1.bias', 'block2.layer.1.bn2.weight', 'block2.layer.1.bn2.bias', 'block2.layer.2.bn1.weight', 'block2.layer.2.bn1.bias', 'block2.layer.2.bn2.weight', 'block2.layer.2.bn2.bias', 'block2.layer.3.bn1.weight', 'block2.layer.3.bn1.bias', 'block2.layer.3.bn2.weight', 'block2.layer.3.bn2.bias', 'block3.layer.0.bn1.weight', 'block3.layer.0.bn1.bias', 'block3.layer.0.bn2.weight', 'block3.layer.0.bn2.bias', 'block3.layer.1.bn1.weight', 'block3.layer.1.bn1.bias', 'block3.layer.1.bn2.weight', 'block3.layer.1.bn2.bias', 'block3.layer.2.bn1.weight', 'block3.layer.2.bn1.bias', 'block3.layer.2.bn2.weight', 'block3.layer.2.bn2.bias', 'block3.layer.3.bn1.weight', 'block3.layer.3.bn1.bias', 'block3.layer.3.bn2.weight', 'block3.layer.3.bn2.bias', 'bn1.weight', 'bn1.bias']
[25/04/19 20:58:33] [setada.py:  157]: optimizer for adaptation: SAM (
Parameter Group 0
    adaptive: False
    dampening: 0
    differentiable: False
    foreach: None
    fused: None
    lr: 0.01
    maximize: False
    momentum: 0.9
    nesterov: False
    rho: 0.05
    weight_decay: 0
)
[25/04/19 20:58:33] [eval.py:   70]: resetting model
[25/04/19 20:58:41] [eval.py:   78]: acc % [gaussian_noise5]: 47.56%
[25/04/19 20:58:41] [eval.py:   70]: resetting model
[25/04/19 20:58:48] [eval.py:   78]: acc % [gaussian_noise4]: 49.85%
[25/04/19 20:58:48] [eval.py:   70]: resetting model
[25/04/19 20:58:55] [eval.py:   78]: acc % [gaussian_noise3]: 52.72%
[25/04/19 20:58:55] [eval.py:   70]: resetting model
[25/04/19 20:59:02] [eval.py:   78]: acc % [gaussian_noise2]: 58.68%
[25/04/19 20:59:02] [eval.py:   70]: resetting model
[25/04/19 20:59:09] [eval.py:   78]: acc % [gaussian_noise1]: 67.58%
[25/04/19 20:59:09] [eval.py:   70]: resetting model
[25/04/19 20:59:16] [eval.py:   78]: acc % [shot_noise5]: 50.18%
[25/04/19 20:59:16] [eval.py:   70]: resetting model
[25/04/19 20:59:23] [eval.py:   78]: acc % [shot_noise4]: 54.74%
[25/04/19 20:59:23] [eval.py:   70]: resetting model
[25/04/19 20:59:31] [eval.py:   78]: acc % [shot_noise3]: 58.08%
[25/04/19 20:59:31] [eval.py:   70]: resetting model
[25/04/19 20:59:38] [eval.py:   78]: acc % [shot_noise2]: 66.56%
[25/04/19 20:59:38] [eval.py:   70]: resetting model
[25/04/19 20:59:45] [eval.py:   78]: acc % [shot_noise1]: 70.57%
[25/04/19 20:59:45] [eval.py:   70]: resetting model
[25/04/19 20:59:52] [eval.py:   78]: acc % [impulse_noise5]: 35.74%
[25/04/19 20:59:52] [eval.py:   70]: resetting model
[25/04/19 20:59:59] [eval.py:   78]: acc % [impulse_noise4]: 43.75%
[25/04/19 20:59:59] [eval.py:   70]: resetting model
[25/04/19 21:00:06] [eval.py:   78]: acc % [impulse_noise3]: 55.77%
[25/04/19 21:00:06] [eval.py:   70]: resetting model
[25/04/19 21:00:13] [eval.py:   78]: acc % [impulse_noise2]: 63.38%
[25/04/19 21:00:13] [eval.py:   70]: resetting model
[25/04/19 21:00:20] [eval.py:   78]: acc % [impulse_noise1]: 67.88%
[25/04/19 21:00:20] [eval.py:   70]: resetting model
[25/04/19 21:00:27] [eval.py:   78]: acc % [defocus_blur5]: 68.21%
[25/04/19 21:00:27] [eval.py:   70]: resetting model
[25/04/19 21:00:34] [eval.py:   78]: acc % [defocus_blur4]: 74.36%
[25/04/19 21:00:35] [eval.py:   70]: resetting model
[25/04/19 21:00:42] [eval.py:   78]: acc % [defocus_blur3]: 76.51%
[25/04/19 21:00:42] [eval.py:   70]: resetting model
[25/04/19 21:00:49] [eval.py:   78]: acc % [defocus_blur2]: 77.29%
[25/04/19 21:00:49] [eval.py:   70]: resetting model
[25/04/19 21:00:56] [eval.py:   78]: acc % [defocus_blur1]: 77.41%
[25/04/19 21:00:56] [eval.py:   70]: resetting model
[25/04/19 21:01:03] [eval.py:   78]: acc % [glass_blur5]: 42.29%
[25/04/19 21:01:03] [eval.py:   70]: resetting model
[25/04/19 21:01:10] [eval.py:   78]: acc % [glass_blur4]: 40.18%
[25/04/19 21:01:10] [eval.py:   70]: resetting model
[25/04/19 21:01:17] [eval.py:   78]: acc % [glass_blur3]: 55.22%
[25/04/19 21:01:17] [eval.py:   70]: resetting model
[25/04/19 21:01:24] [eval.py:   78]: acc % [glass_blur2]: 56.20%
[25/04/19 21:01:24] [eval.py:   70]: resetting model
[25/04/19 21:01:31] [eval.py:   78]: acc % [glass_blur1]: 56.36%
[25/04/19 21:01:31] [eval.py:   70]: resetting model
[25/04/19 21:01:38] [eval.py:   78]: acc % [motion_blur5]: 66.41%
[25/04/19 21:01:38] [eval.py:   70]: resetting model
[25/04/19 21:01:46] [eval.py:   78]: acc % [motion_blur4]: 69.45%
[25/04/19 21:01:46] [eval.py:   70]: resetting model
[25/04/19 21:01:53] [eval.py:   78]: acc % [motion_blur3]: 69.64%
[25/04/19 21:01:53] [eval.py:   70]: resetting model
[25/04/19 21:02:00] [eval.py:   78]: acc % [motion_blur2]: 72.80%
[25/04/19 21:02:00] [eval.py:   70]: resetting model
[25/04/19 21:02:07] [eval.py:   78]: acc % [motion_blur1]: 74.04%
[25/04/19 21:02:07] [eval.py:   70]: resetting model
[25/04/19 21:02:14] [eval.py:   78]: acc % [zoom_blur5]: 67.91%
[25/04/19 21:02:14] [eval.py:   70]: resetting model
[25/04/19 21:02:21] [eval.py:   78]: acc % [zoom_blur4]: 71.38%
[25/04/19 21:02:21] [eval.py:   70]: resetting model
[25/04/19 21:02:28] [eval.py:   78]: acc % [zoom_blur3]: 72.76%
[25/04/19 21:02:28] [eval.py:   70]: resetting model
[25/04/19 21:02:35] [eval.py:   78]: acc % [zoom_blur2]: 74.26%
[25/04/19 21:02:35] [eval.py:   70]: resetting model
[25/04/19 21:02:42] [eval.py:   78]: acc % [zoom_blur1]: 75.67%
[25/04/19 21:02:42] [eval.py:   70]: resetting model
[25/04/19 21:02:50] [eval.py:   78]: acc % [snow5]: 60.45%
[25/04/19 21:02:50] [eval.py:   70]: resetting model
[25/04/19 21:02:57] [eval.py:   78]: acc % [snow4]: 62.13%
[25/04/19 21:02:57] [eval.py:   70]: resetting model
[25/04/19 21:03:04] [eval.py:   78]: acc % [snow3]: 65.70%
[25/04/19 21:03:04] [eval.py:   70]: resetting model
[25/04/19 21:03:11] [eval.py:   78]: acc % [snow2]: 66.34%
[25/04/19 21:03:11] [eval.py:   70]: resetting model
[25/04/19 21:03:18] [eval.py:   78]: acc % [snow1]: 72.59%
[25/04/19 21:03:18] [eval.py:   70]: resetting model
[25/04/19 21:03:25] [eval.py:   78]: acc % [frost5]: 60.68%
[25/04/19 21:03:25] [eval.py:   70]: resetting model
[25/04/19 21:03:32] [eval.py:   78]: acc % [frost4]: 64.20%
[25/04/19 21:03:32] [eval.py:   70]: resetting model
[25/04/19 21:03:39] [eval.py:   78]: acc % [frost3]: 64.11%
[25/04/19 21:03:39] [eval.py:   70]: resetting model
[25/04/19 21:03:46] [eval.py:   78]: acc % [frost2]: 68.72%
[25/04/19 21:03:46] [eval.py:   70]: resetting model
[25/04/19 21:03:54] [eval.py:   78]: acc % [frost1]: 72.48%
[25/04/19 21:03:54] [eval.py:   70]: resetting model
[25/04/19 21:04:01] [eval.py:   78]: acc % [fog5]: 64.22%
[25/04/19 21:04:01] [eval.py:   70]: resetting model
[25/04/19 21:04:08] [eval.py:   78]: acc % [fog4]: 71.62%
[25/04/19 21:04:08] [eval.py:   70]: resetting model
[25/04/19 21:04:15] [eval.py:   78]: acc % [fog3]: 74.64%
[25/04/19 21:04:15] [eval.py:   70]: resetting model
[25/04/19 21:04:22] [eval.py:   78]: acc % [fog2]: 76.12%
[25/04/19 21:04:22] [eval.py:   70]: resetting model
[25/04/19 21:04:29] [eval.py:   78]: acc % [fog1]: 76.75%
[25/04/19 21:04:29] [eval.py:   70]: resetting model
[25/04/19 21:04:36] [eval.py:   78]: acc % [brightness5]: 72.70%
[25/04/19 21:04:36] [eval.py:   70]: resetting model
[25/04/19 21:04:43] [eval.py:   78]: acc % [brightness4]: 75.77%
[25/04/19 21:04:43] [eval.py:   70]: resetting model
[25/04/19 21:04:50] [eval.py:   78]: acc % [brightness3]: 76.61%
[25/04/19 21:04:50] [eval.py:   70]: resetting model
[25/04/19 21:04:58] [eval.py:   78]: acc % [brightness2]: 77.74%
[25/04/19 21:04:58] [eval.py:   70]: resetting model
[25/04/19 21:05:05] [eval.py:   78]: acc % [brightness1]: 77.23%
[25/04/19 21:05:05] [eval.py:   70]: resetting model
[25/04/19 21:05:12] [eval.py:   78]: acc % [contrast5]: 69.74%
[25/04/19 21:05:12] [eval.py:   70]: resetting model
[25/04/19 21:05:19] [eval.py:   78]: acc % [contrast4]: 73.49%
[25/04/19 21:05:19] [eval.py:   70]: resetting model
[25/04/19 21:05:26] [eval.py:   78]: acc % [contrast3]: 74.99%
[25/04/19 21:05:26] [eval.py:   70]: resetting model
[25/04/19 21:05:33] [eval.py:   78]: acc % [contrast2]: 75.77%
[25/04/19 21:05:33] [eval.py:   70]: resetting model
[25/04/19 21:05:40] [eval.py:   78]: acc % [contrast1]: 76.52%
[25/04/19 21:05:40] [eval.py:   70]: resetting model
[25/04/19 21:05:47] [eval.py:   78]: acc % [elastic_transform5]: 55.17%
[25/04/19 21:05:47] [eval.py:   70]: resetting model
[25/04/19 21:05:54] [eval.py:   78]: acc % [elastic_transform4]: 62.35%
[25/04/19 21:05:54] [eval.py:   70]: resetting model
[25/04/19 21:06:02] [eval.py:   78]: acc % [elastic_transform3]: 71.12%
[25/04/19 21:06:02] [eval.py:   70]: resetting model
[25/04/19 21:06:09] [eval.py:   78]: acc % [elastic_transform2]: 72.18%
[25/04/19 21:06:09] [eval.py:   70]: resetting model
[25/04/19 21:06:16] [eval.py:   78]: acc % [elastic_transform1]: 70.72%
[25/04/19 21:06:16] [eval.py:   70]: resetting model
[25/04/19 21:06:23] [eval.py:   78]: acc % [pixelate5]: 62.23%
[25/04/19 21:06:23] [eval.py:   70]: resetting model
[25/04/19 21:06:30] [eval.py:   78]: acc % [pixelate4]: 69.11%
[25/04/19 21:06:30] [eval.py:   70]: resetting model
[25/04/19 21:06:37] [eval.py:   78]: acc % [pixelate3]: 71.66%
[25/04/19 21:06:37] [eval.py:   70]: resetting model
[25/04/19 21:06:44] [eval.py:   78]: acc % [pixelate2]: 73.19%
[25/04/19 21:06:44] [eval.py:   70]: resetting model
[25/04/19 21:06:51] [eval.py:   78]: acc % [pixelate1]: 74.31%
[25/04/19 21:06:51] [eval.py:   70]: resetting model
[25/04/19 21:06:58] [eval.py:   78]: acc % [jpeg_compression5]: 49.24%
[25/04/19 21:06:58] [eval.py:   70]: resetting model
[25/04/19 21:07:06] [eval.py:   78]: acc % [jpeg_compression4]: 52.52%
[25/04/19 21:07:06] [eval.py:   70]: resetting model
[25/04/19 21:07:13] [eval.py:   78]: acc % [jpeg_compression3]: 54.86%
[25/04/19 21:07:13] [eval.py:   70]: resetting model
[25/04/19 21:07:20] [eval.py:   78]: acc % [jpeg_compression2]: 58.03%
[25/04/19 21:07:20] [eval.py:   70]: resetting model
[25/04/19 21:07:27] [eval.py:   78]: acc % [jpeg_compression1]: 65.51%
[25/04/19 21:07:27] [eval.py:   84]: 
                         1         2         3         4        5      avg
gaussian_noise     0.47560  0.498500  0.527200  0.586800  0.67580  0.55278
shot_noise         0.50180  0.547400  0.580800  0.665600  0.70570  0.60026
impulse_noise      0.35740  0.437500  0.557700  0.633800  0.67880  0.53304
defocus_blur       0.68210  0.743600  0.765100  0.772900  0.77410  0.74756
glass_blur         0.42290  0.401800  0.552200  0.562000  0.56360  0.50050
motion_blur        0.66410  0.694500  0.696400  0.728000  0.74040  0.70468
zoom_blur          0.67910  0.713800  0.727600  0.742600  0.75670  0.72396
snow               0.60450  0.621300  0.657000  0.663400  0.72590  0.65442
frost              0.60680  0.642000  0.641100  0.687200  0.72480  0.66038
fog                0.64220  0.716200  0.746400  0.761200  0.76750  0.72670
brightness         0.72700  0.757700  0.766100  0.777400  0.77230  0.76010
contrast           0.69740  0.734900  0.749900  0.757700  0.76520  0.74102
elastic_transform  0.55170  0.623500  0.711200  0.721800  0.70720  0.66308
pixelate           0.62230  0.691100  0.716600  0.731900  0.74310  0.70100
jpeg_compression   0.49240  0.525200  0.548600  0.580300  0.65510  0.56032
average            0.58182  0.623267  0.662927  0.691507  0.71708  0.65532
[25/04/19 21:07:27] [eval.py:  125]: resetting model
[25/04/19 21:07:37] [eval.py:  137]: Test set Accuracy: 0.7695
Building model...
torch.Size([10000, 3, 32, 32]) 10000
torch.Size([10000, 3, 32, 32]) 10000
torch.Size([10000, 3, 32, 32]) 10000
torch.Size([10000, 3, 32, 32]) 10000
torch.Size([10000, 3, 32, 32]) 10000
torch.Size([10000, 3, 32, 32]) 10000
torch.Size([10000, 3, 32, 32]) 10000
torch.Size([10000, 3, 32, 32]) 10000
torch.Size([10000, 3, 32, 32]) 10000
torch.Size([10000, 3, 32, 32]) 10000
torch.Size([10000, 3, 32, 32]) 10000
torch.Size([10000, 3, 32, 32]) 10000
torch.Size([10000, 3, 32, 32]) 10000
torch.Size([10000, 3, 32, 32]) 10000
torch.Size([10000, 3, 32, 32]) 10000
torch.Size([10000, 3, 32, 32]) 10000
torch.Size([10000, 3, 32, 32]) 10000
torch.Size([10000, 3, 32, 32]) 10000
torch.Size([10000, 3, 32, 32]) 10000
torch.Size([10000, 3, 32, 32]) 10000
torch.Size([10000, 3, 32, 32]) 10000
torch.Size([10000, 3, 32, 32]) 10000
torch.Size([10000, 3, 32, 32]) 10000
torch.Size([10000, 3, 32, 32]) 10000
torch.Size([10000, 3, 32, 32]) 10000
torch.Size([10000, 3, 32, 32]) 10000
torch.Size([10000, 3, 32, 32]) 10000
torch.Size([10000, 3, 32, 32]) 10000
torch.Size([10000, 3, 32, 32]) 10000
torch.Size([10000, 3, 32, 32]) 10000
torch.Size([10000, 3, 32, 32]) 10000
torch.Size([10000, 3, 32, 32]) 10000
torch.Size([10000, 3, 32, 32]) 10000
torch.Size([10000, 3, 32, 32]) 10000
torch.Size([10000, 3, 32, 32]) 10000
torch.Size([10000, 3, 32, 32]) 10000
torch.Size([10000, 3, 32, 32]) 10000
torch.Size([10000, 3, 32, 32]) 10000
torch.Size([10000, 3, 32, 32]) 10000
torch.Size([10000, 3, 32, 32]) 10000
torch.Size([10000, 3, 32, 32]) 10000
torch.Size([10000, 3, 32, 32]) 10000
torch.Size([10000, 3, 32, 32]) 10000
torch.Size([10000, 3, 32, 32]) 10000
torch.Size([10000, 3, 32, 32]) 10000
torch.Size([10000, 3, 32, 32]) 10000
torch.Size([10000, 3, 32, 32]) 10000
torch.Size([10000, 3, 32, 32]) 10000
torch.Size([10000, 3, 32, 32]) 10000
torch.Size([10000, 3, 32, 32]) 10000
torch.Size([10000, 3, 32, 32]) 10000
torch.Size([10000, 3, 32, 32]) 10000
torch.Size([10000, 3, 32, 32]) 10000
torch.Size([10000, 3, 32, 32]) 10000
torch.Size([10000, 3, 32, 32]) 10000
torch.Size([10000, 3, 32, 32]) 10000
torch.Size([10000, 3, 32, 32]) 10000
torch.Size([10000, 3, 32, 32]) 10000
torch.Size([10000, 3, 32, 32]) 10000
torch.Size([10000, 3, 32, 32]) 10000
torch.Size([10000, 3, 32, 32]) 10000
torch.Size([10000, 3, 32, 32]) 10000
torch.Size([10000, 3, 32, 32]) 10000
torch.Size([10000, 3, 32, 32]) 10000
torch.Size([10000, 3, 32, 32]) 10000
torch.Size([10000, 3, 32, 32]) 10000
torch.Size([10000, 3, 32, 32]) 10000
torch.Size([10000, 3, 32, 32]) 10000
torch.Size([10000, 3, 32, 32]) 10000
torch.Size([10000, 3, 32, 32]) 10000
torch.Size([10000, 3, 32, 32]) 10000
torch.Size([10000, 3, 32, 32]) 10000
torch.Size([10000, 3, 32, 32]) 10000
torch.Size([10000, 3, 32, 32]) 10000
torch.Size([10000, 3, 32, 32]) 10000
Files already downloaded and verified
torch.Size([10000, 3, 32, 32]) 10000
