[25/04/19 19:12:17] [utils.py:   37]: PyTorch Version: torch=2.5.0+cu124, cuda=12.4, cudnn=90100
[25/04/19 19:12:17] [utils.py:   39]: BN:
  EPS: 1e-05
  MOM: 0.1
CKPT_DIR: ./ckpt
CORRUPTION:
  DATASET: cifar100
  IMG_SIZE: 32
  NUM_CHANNEL: 3
  NUM_CLASSES: 100
  NUM_EX: 10000
  SEVERITY: [5, 4, 3, 2, 1]
  TYPE: ['gaussian_noise', 'shot_noise', 'impulse_noise', 'defocus_blur', 'glass_blur', 'motion_blur', 'zoom_blur', 'snow', 'frost', 'fog', 'brightness', 'contrast', 'elastic_transform', 'pixelate', 'jpeg_compression']
CUDNN:
  BENCHMARK: True
DATA_DIR: ./data/cifar100
DESC: 
EATA:
  D_MARGIN: 0.05
  E_MARGIN: 2.763102111592855
  FISHER_ALPHA: 2000.0
  FISHER_SIZE: 2000
  USE_FISHER: False
EBM:
  BUFFER_SIZE: 10000
  REINIT_FREQ: 0.05
  SGLD_LR: 0.1
  SGLD_STD: 0.01
  STEPS: 20
  UNCOND: uncond
LOG_DEST: energy_bn_adam-1-0.001-200_uncond-20-0.1-0.01-10000-0.05_250419-191217.txt
LOG_TIME: 250419-191217
MODEL:
  ADAPTATION: energy
  ADA_PARAM: ['bn']
  ARCH: WRN2810_BN
  EPISODIC: False
OPTIM:
  BATCH_SIZE: 200
  BETA: 0.9
  DAMPENING: 0.0
  LR: 0.001
  METHOD: Adam
  MOMENTUM: 0.9
  NESTEROV: True
  STEPS: 1
  WD: 0.0
PL:
  ALPHA: 0.1
  THRESHOLD: 0.9
RNG_SEED: 1
SAR:
  MARGIN_E0: 2.763102111592855
SAVE_DIR: ./save/cifar100/bn-wrn-28-10
SHOT:
  CLF_COEFF: 0.1
  THRESHOLD: 0.9
TEST:
  
/gpfs/home5/scur2578/tea/main.py:33: FutureWarning: You are using `torch.load` with `weights_only=False` (the current default value), which uses the default pickle module implicitly. It is possible to construct malicious pickle data which will execute arbitrary code during unpickling (See https://github.com/pytorch/pytorch/blob/main/SECURITY.md#untrusted-models for more details). In a future release, the default value for `weights_only` will be flipped to `True`. This limits the functions that could be executed during unpickling. Arbitrary objects will no longer be allowed to be loaded via this mode unless they are explicitly allowlisted by the user via `torch.serialization.add_safe_globals`. We recommend you start setting `weights_only=True` for any use case where you don't have full control of the loaded file. Please open an issue on GitHub for any issues related to this experimental feature.
  ckpt = torch.load(os.path.join(cfg.CKPT_DIR ,'{}/{}.pth'.format(cfg.CORRUPTION.DATASET, cfg.MODEL.ARCH)))
[25/04/19 19:12:18] [main.py:   66]: test-time adaptation: ENERGY
[25/04/19 19:12:18] [param.py:   18]: adapting weights of batch-normalization layer
[25/04/19 19:12:18] [setada.py:  138]: model for adaptation: WideResNet(
  (conv1): Conv2d(3, 16, kernel_size=(3, 3), stride=(1, 1), padding=(1, 1), bias=False)
  (block1): NetworkBlock(
    (layer): Sequential(
      (0): BasicBlock(
        (bn1): BatchNorm2d(16, eps=1e-05, momentum=0.1, affine=True, track_running_stats=False)
        (relu1): ReLU(inplace=True)
        (conv1): Conv2d(16, 160, kernel_size=(3, 3), stride=(1, 1), padding=(1, 1), bias=False)
        (bn2): BatchNorm2d(160, eps=1e-05, momentum=0.1, affine=True, track_running_stats=False)
        (relu2): ReLU(inplace=True)
        (conv2): Conv2d(160, 160, kernel_size=(3, 3), stride=(1, 1), padding=(1, 1), bias=False)
        (convShortcut): Conv2d(16, 160, kernel_size=(1, 1), stride=(1, 1), bias=False)
      )
      (1): BasicBlock(
        (bn1): BatchNorm2d(160, eps=1e-05, momentum=0.1, affine=True, track_running_stats=False)
        (relu1): ReLU(inplace=True)
        (conv1): Conv2d(160, 160, kernel_size=(3, 3), stride=(1, 1), padding=(1, 1), bias=False)
        (bn2): BatchNorm2d(160, eps=1e-05, momentum=0.1, affine=True, track_running_stats=False)
        (relu2): ReLU(inplace=True)
        (conv2): Conv2d(160, 160, kernel_size=(3, 3), stride=(1, 1), padding=(1, 1), bias=False)
      )
      (2): BasicBlock(
        (bn1): BatchNorm2d(160, eps=1e-05, momentum=0.1, affine=True, track_running_stats=False)
        (relu1): ReLU(inplace=True)
        (conv1): Conv2d(160, 160, kernel_size=(3, 3), stride=(1, 1), padding=(1, 1), bias=False)
        (bn2): BatchNorm2d(160, eps=1e-05, momentum=0.1, affine=True, track_running_stats=False)
        (relu2): ReLU(inplace=True)
        (conv2): Conv2d(160, 160, kernel_size=(3, 3), stride=(1, 1), padding=(1, 1), bias=False)
      )
      (3): BasicBlock(
        (bn1): BatchNorm2d(160, eps=1e-05, momentum=0.1, affine=True, track_running_stats=False)
        (relu1): ReLU(inplace=True)
        (conv1): Conv2d(160, 160, kernel_size=(3, 3), stride=(1, 1), padding=(1, 1), bias=False)
        (bn2): BatchNorm2d(160, eps=1e-05, momentum=0.1, affine=True, track_running_stats=False)
        (relu2): ReLU(inplace=True)
        (conv2): Conv2d(160, 160, kernel_size=(3, 3), stride=(1, 1), padding=(1, 1), bias=False)
      )
    )
  )
  (block2): NetworkBlock(
    (layer): Sequential(
      (0): BasicBlock(
        (bn1): BatchNorm2d(160, eps=1e-05, momentum=0.1, affine=True, track_running_stats=False)
        (relu1): ReLU(inplace=True)
        (conv1): Conv2d(160, 320, kernel_size=(3, 3), stride=(2, 2), padding=(1, 1), bias=False)
        (bn2): BatchNorm2d(320, eps=1e-05, momentum=0.1, affine=True, track_running_stats=False)
        (relu2): ReLU(inplace=True)
        (conv2): Conv2d(320, 320, kernel_size=(3, 3), stride=(1, 1), padding=(1, 1), bias=False)
        (convShortcut): Conv2d(160, 320, kernel_size=(1, 1), stride=(2, 2), bias=False)
      )
      (1): BasicBlock(
        (bn1): BatchNorm2d(320, eps=1e-05, momentum=0.1, affine=True, track_running_stats=False)
        (relu1): ReLU(inplace=True)
        (conv1): Conv2d(320, 320, kernel_size=(3, 3), stride=(1, 1), padding=(1, 1), bias=False)
        (bn2): BatchNorm2d(320, eps=1e-05, momentum=0.1, affine=True, track_running_stats=False)
        (relu2): ReLU(inplace=True)
        (conv2): Conv2d(320, 320, kernel_size=(3, 3), stride=(1, 1), padding=(1, 1), bias=False)
      )
      (2): BasicBlock(
        (bn1): BatchNorm2d(320, eps=1e-05, momentum=0.1, affine=True, track_running_stats=False)
        (relu1): ReLU(inplace=True)
        (conv1): Conv2d(320, 320, kernel_size=(3, 3), stride=(1, 1), padding=(1, 1), bias=False)
        (bn2): BatchNorm2d(320, eps=1e-05, momentum=0.1, affine=True, track_running_stats=False)
        (relu2): ReLU(inplace=True)
        (conv2): Conv2d(320, 320, kernel_size=(3, 3), stride=(1, 1), padding=(1, 1), bias=False)
      )
      (3): BasicBlock(
        (bn1): BatchNorm2d(320, eps=1e-05, momentum=0.1, affine=True, track_running_stats=False)
        (relu1): ReLU(inplace=True)
        (conv1): Conv2d(320, 320, kernel_size=(3, 3), stride=(1, 1), padding=(1, 1), bias=False)
        (bn2): BatchNorm2d(320, eps=1e-05, momentum=0.1, affine=True, track_running_stats=False)
        (relu2): ReLU(inplace=True)
        (conv2): Conv2d(320, 320, kernel_size=(3, 3), stride=(1, 1), padding=(1, 1), bias=False)
      )
    )
  )
  (block3): NetworkBlock(
    (layer): Sequential(
      (0): BasicBlock(
        (bn1): BatchNorm2d(320, eps=1e-05, momentum=0.1, affine=True, track_running_stats=False)
        (relu1): ReLU(inplace=True)
        (conv1): Conv2d(320, 640, kernel_size=(3, 3), stride=(2, 2), padding=(1, 1), bias=False)
        (bn2): BatchNorm2d(640, eps=1e-05, momentum=0.1, affine=True, track_running_stats=False)
        (relu2): ReLU(inplace=True)
        (conv2): Conv2d(640, 640, kernel_size=(3, 3), stride=(1, 1), padding=(1, 1), bias=False)
        (convShortcut): Conv2d(320, 640, kernel_size=(1, 1), stride=(2, 2), bias=False)
      )
      (1): BasicBlock(
        (bn1): BatchNorm2d(640, eps=1e-05, momentum=0.1, affine=True, track_running_stats=False)
        (relu1): ReLU(inplace=True)
        (conv1): Conv2d(640, 640, kernel_size=(3, 3), stride=(1, 1), padding=(1, 1), bias=False)
        (bn2): BatchNorm2d(640, eps=1e-05, momentum=0.1, affine=True, track_running_stats=False)
        (relu2): ReLU(inplace=True)
        (conv2): Conv2d(640, 640, kernel_size=(3, 3), stride=(1, 1), padding=(1, 1), bias=False)
      )
      (2): BasicBlock(
        (bn1): BatchNorm2d(640, eps=1e-05, momentum=0.1, affine=True, track_running_stats=False)
        (relu1): ReLU(inplace=True)
        (conv1): Conv2d(640, 640, kernel_size=(3, 3), stride=(1, 1), padding=(1, 1), bias=False)
        (bn2): BatchNorm2d(640, eps=1e-05, momentum=0.1, affine=True, track_running_stats=False)
        (relu2): ReLU(inplace=True)
        (conv2): Conv2d(640, 640, kernel_size=(3, 3), stride=(1, 1), padding=(1, 1), bias=False)
      )
      (3): BasicBlock(
        (bn1): BatchNorm2d(640, eps=1e-05, momentum=0.1, affine=True, track_running_stats=False)
        (relu1): ReLU(inplace=True)
        (conv1): Conv2d(640, 640, kernel_size=(3, 3), stride=(1, 1), padding=(1, 1), bias=False)
        (bn2): BatchNorm2d(640, eps=1e-05, momentum=0.1, affine=True, track_running_stats=False)
        (relu2): ReLU(inplace=True)
        (conv2): Conv2d(640, 640, kernel_size=(3, 3), stride=(1, 1), padding=(1, 1), bias=False)
      )
    )
  )
  (bn1): BatchNorm2d(640, eps=1e-05, momentum=0.1, affine=True, track_running_stats=False)
  (relu): ReLU(inplace=True)
  (fc): Linear(in_features=640, out_features=100, bias=True)
)
[25/04/19 19:12:18] [setada.py:  139]: params for adaptation: ['block1.layer.0.bn1.weight', 'block1.layer.0.bn1.bias', 'block1.layer.0.bn2.weight', 'block1.layer.0.bn2.bias', 'block1.layer.1.bn1.weight', 'block1.layer.1.bn1.bias', 'block1.layer.1.bn2.weight', 'block1.layer.1.bn2.bias', 'block1.layer.2.bn1.weight', 'block1.layer.2.bn1.bias', 'block1.layer.2.bn2.weight', 'block1.layer.2.bn2.bias', 'block1.layer.3.bn1.weight', 'block1.layer.3.bn1.bias', 'block1.layer.3.bn2.weight', 'block1.layer.3.bn2.bias', 'block2.layer.0.bn1.weight', 'block2.layer.0.bn1.bias', 'block2.layer.0.bn2.weight', 'block2.layer.0.bn2.bias', 'block2.layer.1.bn1.weight', 'block2.layer.1.bn1.bias', 'block2.layer.1.bn2.weight', 'block2.layer.1.bn2.bias', 'block2.layer.2.bn1.weight', 'block2.layer.2.bn1.bias', 'block2.layer.2.bn2.weight', 'block2.layer.2.bn2.bias', 'block2.layer.3.bn1.weight', 'block2.layer.3.bn1.bias', 'block2.layer.3.bn2.weight', 'block2.layer.3.bn2.bias', 'block3.layer.0.bn1.weight', 'block3.layer.0.bn1.bias', 'block3.layer.0.bn2.weight', 'block3.layer.0.bn2.bias', 'block3.layer.1.bn1.weight', 'block3.layer.1.bn1.bias', 'block3.layer.1.bn2.weight', 'block3.layer.1.bn2.bias', 'block3.layer.2.bn1.weight', 'block3.layer.2.bn1.bias', 'block3.layer.2.bn2.weight', 'block3.layer.2.bn2.bias', 'block3.layer.3.bn1.weight', 'block3.layer.3.bn1.bias', 'block3.layer.3.bn2.weight', 'block3.layer.3.bn2.bias', 'bn1.weight', 'bn1.bias']
[25/04/19 19:12:18] [setada.py:  140]: optimizer for adaptation: Adam (
Parameter Group 0
    amsgrad: False
    betas: (0.9, 0.999)
    capturable: False
    differentiable: False
    eps: 1e-08
    foreach: None
    fused: None
    lr: 0.001
    maximize: False
    weight_decay: 0.0
)
[25/04/19 19:12:18] [eval.py:   70]: resetting model
[25/04/19 19:13:41] [eval.py:   78]: acc % [gaussian_noise5]: 53.36%
[25/04/19 19:13:41] [eval.py:   70]: resetting model
[25/04/19 19:15:02] [eval.py:   78]: acc % [gaussian_noise4]: 56.29%
[25/04/19 19:15:02] [eval.py:   70]: resetting model
[25/04/19 19:16:24] [eval.py:   78]: acc % [gaussian_noise3]: 58.80%
[25/04/19 19:16:24] [eval.py:   70]: resetting model
[25/04/19 19:17:45] [eval.py:   78]: acc % [gaussian_noise2]: 63.95%
[25/04/19 19:17:45] [eval.py:   70]: resetting model
[25/04/19 19:19:06] [eval.py:   78]: acc % [gaussian_noise1]: 70.46%
[25/04/19 19:19:06] [eval.py:   70]: resetting model
[25/04/19 19:20:28] [eval.py:   78]: acc % [shot_noise5]: 54.88%
[25/04/19 19:20:28] [eval.py:   70]: resetting model
[25/04/19 19:21:49] [eval.py:   78]: acc % [shot_noise4]: 60.15%
[25/04/19 19:21:49] [eval.py:   70]: resetting model
[25/04/19 19:23:10] [eval.py:   78]: acc % [shot_noise3]: 62.91%
[25/04/19 19:23:10] [eval.py:   70]: resetting model
[25/04/19 19:24:32] [eval.py:   78]: acc % [shot_noise2]: 69.82%
[25/04/19 19:24:32] [eval.py:   70]: resetting model
[25/04/19 19:25:53] [eval.py:   78]: acc % [shot_noise1]: 72.75%
[25/04/19 19:25:53] [eval.py:   70]: resetting model
[25/04/19 19:27:14] [eval.py:   78]: acc % [impulse_noise5]: 46.10%
[25/04/19 19:27:14] [eval.py:   70]: resetting model
[25/04/19 19:28:36] [eval.py:   78]: acc % [impulse_noise4]: 53.24%
[25/04/19 19:28:36] [eval.py:   70]: resetting model
[25/04/19 19:29:57] [eval.py:   78]: acc % [impulse_noise3]: 61.77%
[25/04/19 19:29:57] [eval.py:   70]: resetting model
[25/04/19 19:31:18] [eval.py:   78]: acc % [impulse_noise2]: 66.30%
[25/04/19 19:31:18] [eval.py:   70]: resetting model
[25/04/19 19:32:39] [eval.py:   78]: acc % [impulse_noise1]: 72.02%
[25/04/19 19:32:39] [eval.py:   70]: resetting model
[25/04/19 19:34:01] [eval.py:   78]: acc % [defocus_blur5]: 71.01%
[25/04/19 19:34:01] [eval.py:   70]: resetting model
[25/04/19 19:35:22] [eval.py:   78]: acc % [defocus_blur4]: 76.16%
[25/04/19 19:35:22] [eval.py:   70]: resetting model
[25/04/19 19:36:43] [eval.py:   78]: acc % [defocus_blur3]: 78.27%
[25/04/19 19:36:43] [eval.py:   70]: resetting model
[25/04/19 19:38:05] [eval.py:   78]: acc % [defocus_blur2]: 78.50%
[25/04/19 19:38:05] [eval.py:   70]: resetting model
[25/04/19 19:39:26] [eval.py:   78]: acc % [defocus_blur1]: 78.68%
[25/04/19 19:39:26] [eval.py:   70]: resetting model
[25/04/19 19:40:47] [eval.py:   78]: acc % [glass_blur5]: 50.45%
[25/04/19 19:40:47] [eval.py:   70]: resetting model
[25/04/19 19:42:09] [eval.py:   78]: acc % [glass_blur4]: 51.03%
[25/04/19 19:42:09] [eval.py:   70]: resetting model
[25/04/19 19:43:30] [eval.py:   78]: acc % [glass_blur3]: 61.37%
[25/04/19 19:43:30] [eval.py:   70]: resetting model
[25/04/19 19:44:51] [eval.py:   78]: acc % [glass_blur2]: 61.93%
[25/04/19 19:44:51] [eval.py:   70]: resetting model
[25/04/19 19:46:13] [eval.py:   78]: acc % [glass_blur1]: 61.37%
[25/04/19 19:46:13] [eval.py:   70]: resetting model
[25/04/19 19:47:34] [eval.py:   78]: acc % [motion_blur5]: 69.60%
[25/04/19 19:47:34] [eval.py:   70]: resetting model
[25/04/19 19:48:55] [eval.py:   78]: acc % [motion_blur4]: 72.76%
[25/04/19 19:48:55] [eval.py:   70]: resetting model
[25/04/19 19:50:17] [eval.py:   78]: acc % [motion_blur3]: 72.68%
[25/04/19 19:50:17] [eval.py:   70]: resetting model
[25/04/19 19:51:38] [eval.py:   78]: acc % [motion_blur2]: 74.90%
[25/04/19 19:51:38] [eval.py:   70]: resetting model
[25/04/19 19:52:59] [eval.py:   78]: acc % [motion_blur1]: 76.00%
[25/04/19 19:52:59] [eval.py:   70]: resetting model
[25/04/19 19:54:21] [eval.py:   78]: acc % [zoom_blur5]: 71.60%
[25/04/19 19:54:21] [eval.py:   70]: resetting model
[25/04/19 19:55:42] [eval.py:   78]: acc % [zoom_blur4]: 73.47%
[25/04/19 19:55:42] [eval.py:   70]: resetting model
[25/04/19 19:57:03] [eval.py:   78]: acc % [zoom_blur3]: 75.16%
[25/04/19 19:57:03] [eval.py:   70]: resetting model
[25/04/19 19:58:24] [eval.py:   78]: acc % [zoom_blur2]: 76.23%
[25/04/19 19:58:25] [eval.py:   70]: resetting model
[25/04/19 19:59:46] [eval.py:   78]: acc % [zoom_blur1]: 76.87%
[25/04/19 19:59:46] [eval.py:   70]: resetting model
[25/04/19 20:01:07] [eval.py:   78]: acc % [snow5]: 65.24%
[25/04/19 20:01:07] [eval.py:   70]: resetting model
[25/04/19 20:02:28] [eval.py:   78]: acc % [snow4]: 66.74%
[25/04/19 20:02:28] [eval.py:   70]: resetting model
[25/04/19 20:03:50] [eval.py:   78]: acc % [snow3]: 68.95%
[25/04/19 20:03:50] [eval.py:   70]: resetting model
[25/04/19 20:05:11] [eval.py:   78]: acc % [snow2]: 69.69%
[25/04/19 20:05:11] [eval.py:   70]: resetting model
[25/04/19 20:06:32] [eval.py:   78]: acc % [snow1]: 74.61%
[25/04/19 20:06:32] [eval.py:   70]: resetting model
[25/04/19 20:07:54] [eval.py:   78]: acc % [frost5]: 64.27%
[25/04/19 20:07:54] [eval.py:   70]: resetting model
[25/04/19 20:09:15] [eval.py:   78]: acc % [frost4]: 67.73%
[25/04/19 20:09:15] [eval.py:   70]: resetting model
[25/04/19 20:10:36] [eval.py:   78]: acc % [frost3]: 67.21%
[25/04/19 20:10:36] [eval.py:   70]: resetting model
[25/04/19 20:11:58] [eval.py:   78]: acc % [frost2]: 71.56%
[25/04/19 20:11:58] [eval.py:   70]: resetting model
[25/04/19 20:13:19] [eval.py:   78]: acc % [frost1]: 74.69%
[25/04/19 20:13:19] [eval.py:   70]: resetting model
[25/04/19 20:14:40] [eval.py:   78]: acc % [fog5]: 66.54%
[25/04/19 20:14:40] [eval.py:   70]: resetting model
[25/04/19 20:16:02] [eval.py:   78]: acc % [fog4]: 74.28%
[25/04/19 20:16:02] [eval.py:   70]: resetting model
[25/04/19 20:17:23] [eval.py:   78]: acc % [fog3]: 76.02%
[25/04/19 20:17:23] [eval.py:   70]: resetting model
[25/04/19 20:18:44] [eval.py:   78]: acc % [fog2]: 77.46%
[25/04/19 20:18:44] [eval.py:   70]: resetting model
[25/04/19 20:20:06] [eval.py:   78]: acc % [fog1]: 78.20%
[25/04/19 20:20:06] [eval.py:   70]: resetting model
[25/04/19 20:21:27] [eval.py:   78]: acc % [brightness5]: 74.35%
[25/04/19 20:21:27] [eval.py:   70]: resetting model
[25/04/19 20:22:48] [eval.py:   78]: acc % [brightness4]: 77.01%
[25/04/19 20:22:48] [eval.py:   70]: resetting model
[25/04/19 20:24:10] [eval.py:   78]: acc % [brightness3]: 78.02%
[25/04/19 20:24:10] [eval.py:   70]: resetting model
[25/04/19 20:25:31] [eval.py:   78]: acc % [brightness2]: 78.29%
[25/04/19 20:25:31] [eval.py:   70]: resetting model
[25/04/19 20:26:52] [eval.py:   78]: acc % [brightness1]: 78.58%
[25/04/19 20:26:52] [eval.py:   70]: resetting model
[25/04/19 20:28:14] [eval.py:   78]: acc % [contrast5]: 70.17%
[25/04/19 20:28:14] [eval.py:   70]: resetting model
[25/04/19 20:29:35] [eval.py:   78]: acc % [contrast4]: 74.59%
[25/04/19 20:29:35] [eval.py:   70]: resetting model
[25/04/19 20:30:56] [eval.py:   78]: acc % [contrast3]: 76.12%
[25/04/19 20:30:56] [eval.py:   70]: resetting model
[25/04/19 20:32:17] [eval.py:   78]: acc % [contrast2]: 77.15%
[25/04/19 20:32:17] [eval.py:   70]: resetting model
[25/04/19 20:33:39] [eval.py:   78]: acc % [contrast1]: 78.12%
[25/04/19 20:33:39] [eval.py:   70]: resetting model
[25/04/19 20:35:00] [eval.py:   78]: acc % [elastic_transform5]: 60.02%
[25/04/19 20:35:00] [eval.py:   70]: resetting model
[25/04/19 20:36:21] [eval.py:   78]: acc % [elastic_transform4]: 66.86%
[25/04/19 20:36:21] [eval.py:   70]: resetting model
[25/04/19 20:37:43] [eval.py:   78]: acc % [elastic_transform3]: 73.14%
[25/04/19 20:37:43] [eval.py:   70]: resetting model
[25/04/19 20:39:04] [eval.py:   78]: acc % [elastic_transform2]: 73.94%
[25/04/19 20:39:04] [eval.py:   70]: resetting model
[25/04/19 20:40:25] [eval.py:   78]: acc % [elastic_transform1]: 72.86%
[25/04/19 20:40:25] [eval.py:   70]: resetting model
[25/04/19 20:41:47] [eval.py:   78]: acc % [pixelate5]: 65.54%
[25/04/19 20:41:47] [eval.py:   70]: resetting model
[25/04/19 20:43:08] [eval.py:   78]: acc % [pixelate4]: 71.60%
[25/04/19 20:43:08] [eval.py:   70]: resetting model
[25/04/19 20:44:29] [eval.py:   78]: acc % [pixelate3]: 73.67%
[25/04/19 20:44:29] [eval.py:   70]: resetting model
[25/04/19 20:45:51] [eval.py:   78]: acc % [pixelate2]: 74.71%
[25/04/19 20:45:51] [eval.py:   70]: resetting model
[25/04/19 20:47:12] [eval.py:   78]: acc % [pixelate1]: 76.05%
[25/04/19 20:47:12] [eval.py:   70]: resetting model
[25/04/19 20:48:33] [eval.py:   78]: acc % [jpeg_compression5]: 54.99%
[25/04/19 20:48:33] [eval.py:   70]: resetting model
[25/04/19 20:49:55] [eval.py:   78]: acc % [jpeg_compression4]: 57.80%
[25/04/19 20:49:55] [eval.py:   70]: resetting model
[25/04/19 20:51:16] [eval.py:   78]: acc % [jpeg_compression3]: 60.30%
[25/04/19 20:51:16] [eval.py:   70]: resetting model
[25/04/19 20:52:37] [eval.py:   78]: acc % [jpeg_compression2]: 62.55%
[25/04/19 20:52:37] [eval.py:   70]: resetting model
[25/04/19 20:53:59] [eval.py:   78]: acc % [jpeg_compression1]: 68.68%
[25/04/19 20:53:59] [eval.py:   84]: 
                          1         2        3         4        5       avg
gaussian_noise     0.533600  0.562900  0.58800  0.639500  0.70460  0.605720
shot_noise         0.548800  0.601500  0.62910  0.698200  0.72750  0.641020
impulse_noise      0.461000  0.532400  0.61770  0.663000  0.72020  0.598860
defocus_blur       0.710100  0.761600  0.78270  0.785000  0.78680  0.765240
glass_blur         0.504500  0.510300  0.61370  0.619300  0.61370  0.572300
motion_blur        0.696000  0.727600  0.72680  0.749000  0.76000  0.731880
zoom_blur          0.716000  0.734700  0.75160  0.762300  0.76870  0.746660
snow               0.652400  0.667400  0.68950  0.696900  0.74610  0.690460
frost              0.642700  0.677300  0.67210  0.715600  0.74690  0.690920
fog                0.665400  0.742800  0.76020  0.774600  0.78200  0.745000
brightness         0.743500  0.770100  0.78020  0.782900  0.78580  0.772500
contrast           0.701700  0.745900  0.76120  0.771500  0.78120  0.752300
elastic_transform  0.600200  0.668600  0.73140  0.739400  0.72860  0.693640
pixelate           0.655400  0.716000  0.73670  0.747100  0.76050  0.723140
jpeg_compression   0.549900  0.578000  0.60300  0.625500  0.68680  0.608640
average            0.625413  0.666473  0.69626  0.717987  0.73996  0.689219
[25/04/19 20:53:59] [eval.py:  125]: resetting model
[25/04/19 20:55:22] [eval.py:  137]: Test set Accuracy: 0.7829
Building model...
torch.Size([10000, 3, 32, 32]) 10000
torch.Size([10000, 3, 32, 32]) 10000
torch.Size([10000, 3, 32, 32]) 10000
torch.Size([10000, 3, 32, 32]) 10000
torch.Size([10000, 3, 32, 32]) 10000
torch.Size([10000, 3, 32, 32]) 10000
torch.Size([10000, 3, 32, 32]) 10000
torch.Size([10000, 3, 32, 32]) 10000
torch.Size([10000, 3, 32, 32]) 10000
torch.Size([10000, 3, 32, 32]) 10000
torch.Size([10000, 3, 32, 32]) 10000
torch.Size([10000, 3, 32, 32]) 10000
torch.Size([10000, 3, 32, 32]) 10000
torch.Size([10000, 3, 32, 32]) 10000
torch.Size([10000, 3, 32, 32]) 10000
torch.Size([10000, 3, 32, 32]) 10000
torch.Size([10000, 3, 32, 32]) 10000
torch.Size([10000, 3, 32, 32]) 10000
torch.Size([10000, 3, 32, 32]) 10000
torch.Size([10000, 3, 32, 32]) 10000
torch.Size([10000, 3, 32, 32]) 10000
torch.Size([10000, 3, 32, 32]) 10000
torch.Size([10000, 3, 32, 32]) 10000
torch.Size([10000, 3, 32, 32]) 10000
torch.Size([10000, 3, 32, 32]) 10000
torch.Size([10000, 3, 32, 32]) 10000
torch.Size([10000, 3, 32, 32]) 10000
torch.Size([10000, 3, 32, 32]) 10000
torch.Size([10000, 3, 32, 32]) 10000
torch.Size([10000, 3, 32, 32]) 10000
torch.Size([10000, 3, 32, 32]) 10000
torch.Size([10000, 3, 32, 32]) 10000
torch.Size([10000, 3, 32, 32]) 10000
torch.Size([10000, 3, 32, 32]) 10000
torch.Size([10000, 3, 32, 32]) 10000
torch.Size([10000, 3, 32, 32]) 10000
torch.Size([10000, 3, 32, 32]) 10000
torch.Size([10000, 3, 32, 32]) 10000
torch.Size([10000, 3, 32, 32]) 10000
torch.Size([10000, 3, 32, 32]) 10000
torch.Size([10000, 3, 32, 32]) 10000
torch.Size([10000, 3, 32, 32]) 10000
torch.Size([10000, 3, 32, 32]) 10000
torch.Size([10000, 3, 32, 32]) 10000
torch.Size([10000, 3, 32, 32]) 10000
torch.Size([10000, 3, 32, 32]) 10000
torch.Size([10000, 3, 32, 32]) 10000
torch.Size([10000, 3, 32, 32]) 10000
torch.Size([10000, 3, 32, 32]) 10000
torch.Size([10000, 3, 32, 32]) 10000
torch.Size([10000, 3, 32, 32]) 10000
torch.Size([10000, 3, 32, 32]) 10000
torch.Size([10000, 3, 32, 32]) 10000
torch.Size([10000, 3, 32, 32]) 10000
torch.Size([10000, 3, 32, 32]) 10000
torch.Size([10000, 3, 32, 32]) 10000
torch.Size([10000, 3, 32, 32]) 10000
torch.Size([10000, 3, 32, 32]) 10000
torch.Size([10000, 3, 32, 32]) 10000
torch.Size([10000, 3, 32, 32]) 10000
torch.Size([10000, 3, 32, 32]) 10000
torch.Size([10000, 3, 32, 32]) 10000
torch.Size([10000, 3, 32, 32]) 10000
torch.Size([10000, 3, 32, 32]) 10000
torch.Size([10000, 3, 32, 32]) 10000
torch.Size([10000, 3, 32, 32]) 10000
torch.Size([10000, 3, 32, 32]) 10000
torch.Size([10000, 3, 32, 32]) 10000
torch.Size([10000, 3, 32, 32]) 10000
torch.Size([10000, 3, 32, 32]) 10000
torch.Size([10000, 3, 32, 32]) 10000
torch.Size([10000, 3, 32, 32]) 10000
torch.Size([10000, 3, 32, 32]) 10000
torch.Size([10000, 3, 32, 32]) 10000
torch.Size([10000, 3, 32, 32]) 10000
Files already downloaded and verified
torch.Size([10000, 3, 32, 32]) 10000
