[25/04/19 20:58:20] [utils.py:   37]: PyTorch Version: torch=2.5.0+cu124, cuda=12.4, cudnn=90100
[25/04/19 20:58:20] [utils.py:   39]: BN:
  EPS: 1e-05
  MOM: 0.1
CKPT_DIR: ./ckpt
CORRUPTION:
  DATASET: cifar100
  IMG_SIZE: 32
  NUM_CHANNEL: 3
  NUM_CLASSES: 100
  NUM_EX: 10000
  SEVERITY: [5, 4, 3, 2, 1]
  TYPE: ['gaussian_noise', 'shot_noise', 'impulse_noise', 'defocus_blur', 'glass_blur', 'motion_blur', 'zoom_blur', 'snow', 'frost', 'fog', 'brightness', 'contrast', 'elastic_transform', 'pixelate', 'jpeg_compression']
CUDNN:
  BENCHMARK: True
DATA_DIR: ./data/cifar100
DESC: 
EATA:
  D_MARGIN: 0.05
  E_MARGIN: 2.763102111592855
  FISHER_ALPHA: 2000.0
  FISHER_SIZE: 2000
  USE_FISHER: False
EBM:
  BUFFER_SIZE: 10000
  REINIT_FREQ: 0.05
  SGLD_LR: 1.0
  SGLD_STD: 0.01
  STEPS: 20
  UNCOND: uncond
LOG_DEST: tent_bn_adam-1-0.001-200_250419-205820.txt
LOG_TIME: 250419-205820
MODEL:
  ADAPTATION: tent
  ADA_PARAM: ['bn']
  ARCH: WRN2810_BN
  EPISODIC: False
OPTIM:
  BATCH_SIZE: 200
  BETA: 0.9
  DAMPENING: 0.0
  LR: 0.001
  METHOD: Adam
  MOMENTUM: 0.9
  NESTEROV: True
  STEPS: 1
  WD: 0.0
PL:
  ALPHA: 0.1
  THRESHOLD: 0.9
RNG_SEED: 36
SAR:
  MARGIN_E0: 2.763102111592855
SAVE_DIR: ./save/cifar100/bn-wrn-28-10
SHOT:
  CLF_COEFF: 0.1
  THRESHOLD: 0.9
TEST:
  
/gpfs/home5/scur2578/tea/main.py:33: FutureWarning: You are using `torch.load` with `weights_only=False` (the current default value), which uses the default pickle module implicitly. It is possible to construct malicious pickle data which will execute arbitrary code during unpickling (See https://github.com/pytorch/pytorch/blob/main/SECURITY.md#untrusted-models for more details). In a future release, the default value for `weights_only` will be flipped to `True`. This limits the functions that could be executed during unpickling. Arbitrary objects will no longer be allowed to be loaded via this mode unless they are explicitly allowlisted by the user via `torch.serialization.add_safe_globals`. We recommend you start setting `weights_only=True` for any use case where you don't have full control of the loaded file. Please open an issue on GitHub for any issues related to this experimental feature.
  ckpt = torch.load(os.path.join(cfg.CKPT_DIR ,'{}/{}.pth'.format(cfg.CORRUPTION.DATASET, cfg.MODEL.ARCH)))
[25/04/19 20:58:21] [main.py:   57]: test-time adaptation: TENT
[25/04/19 20:58:21] [param.py:   18]: adapting weights of batch-normalization layer
[25/04/19 20:58:21] [setada.py:   49]: model for adaptation: WideResNet(
  (conv1): Conv2d(3, 16, kernel_size=(3, 3), stride=(1, 1), padding=(1, 1), bias=False)
  (block1): NetworkBlock(
    (layer): Sequential(
      (0): BasicBlock(
        (bn1): BatchNorm2d(16, eps=1e-05, momentum=0.1, affine=True, track_running_stats=False)
        (relu1): ReLU(inplace=True)
        (conv1): Conv2d(16, 160, kernel_size=(3, 3), stride=(1, 1), padding=(1, 1), bias=False)
        (bn2): BatchNorm2d(160, eps=1e-05, momentum=0.1, affine=True, track_running_stats=False)
        (relu2): ReLU(inplace=True)
        (conv2): Conv2d(160, 160, kernel_size=(3, 3), stride=(1, 1), padding=(1, 1), bias=False)
        (convShortcut): Conv2d(16, 160, kernel_size=(1, 1), stride=(1, 1), bias=False)
      )
      (1): BasicBlock(
        (bn1): BatchNorm2d(160, eps=1e-05, momentum=0.1, affine=True, track_running_stats=False)
        (relu1): ReLU(inplace=True)
        (conv1): Conv2d(160, 160, kernel_size=(3, 3), stride=(1, 1), padding=(1, 1), bias=False)
        (bn2): BatchNorm2d(160, eps=1e-05, momentum=0.1, affine=True, track_running_stats=False)
        (relu2): ReLU(inplace=True)
        (conv2): Conv2d(160, 160, kernel_size=(3, 3), stride=(1, 1), padding=(1, 1), bias=False)
      )
      (2): BasicBlock(
        (bn1): BatchNorm2d(160, eps=1e-05, momentum=0.1, affine=True, track_running_stats=False)
        (relu1): ReLU(inplace=True)
        (conv1): Conv2d(160, 160, kernel_size=(3, 3), stride=(1, 1), padding=(1, 1), bias=False)
        (bn2): BatchNorm2d(160, eps=1e-05, momentum=0.1, affine=True, track_running_stats=False)
        (relu2): ReLU(inplace=True)
        (conv2): Conv2d(160, 160, kernel_size=(3, 3), stride=(1, 1), padding=(1, 1), bias=False)
      )
      (3): BasicBlock(
        (bn1): BatchNorm2d(160, eps=1e-05, momentum=0.1, affine=True, track_running_stats=False)
        (relu1): ReLU(inplace=True)
        (conv1): Conv2d(160, 160, kernel_size=(3, 3), stride=(1, 1), padding=(1, 1), bias=False)
        (bn2): BatchNorm2d(160, eps=1e-05, momentum=0.1, affine=True, track_running_stats=False)
        (relu2): ReLU(inplace=True)
        (conv2): Conv2d(160, 160, kernel_size=(3, 3), stride=(1, 1), padding=(1, 1), bias=False)
      )
    )
  )
  (block2): NetworkBlock(
    (layer): Sequential(
      (0): BasicBlock(
        (bn1): BatchNorm2d(160, eps=1e-05, momentum=0.1, affine=True, track_running_stats=False)
        (relu1): ReLU(inplace=True)
        (conv1): Conv2d(160, 320, kernel_size=(3, 3), stride=(2, 2), padding=(1, 1), bias=False)
        (bn2): BatchNorm2d(320, eps=1e-05, momentum=0.1, affine=True, track_running_stats=False)
        (relu2): ReLU(inplace=True)
        (conv2): Conv2d(320, 320, kernel_size=(3, 3), stride=(1, 1), padding=(1, 1), bias=False)
        (convShortcut): Conv2d(160, 320, kernel_size=(1, 1), stride=(2, 2), bias=False)
      )
      (1): BasicBlock(
        (bn1): BatchNorm2d(320, eps=1e-05, momentum=0.1, affine=True, track_running_stats=False)
        (relu1): ReLU(inplace=True)
        (conv1): Conv2d(320, 320, kernel_size=(3, 3), stride=(1, 1), padding=(1, 1), bias=False)
        (bn2): BatchNorm2d(320, eps=1e-05, momentum=0.1, affine=True, track_running_stats=False)
        (relu2): ReLU(inplace=True)
        (conv2): Conv2d(320, 320, kernel_size=(3, 3), stride=(1, 1), padding=(1, 1), bias=False)
      )
      (2): BasicBlock(
        (bn1): BatchNorm2d(320, eps=1e-05, momentum=0.1, affine=True, track_running_stats=False)
        (relu1): ReLU(inplace=True)
        (conv1): Conv2d(320, 320, kernel_size=(3, 3), stride=(1, 1), padding=(1, 1), bias=False)
        (bn2): BatchNorm2d(320, eps=1e-05, momentum=0.1, affine=True, track_running_stats=False)
        (relu2): ReLU(inplace=True)
        (conv2): Conv2d(320, 320, kernel_size=(3, 3), stride=(1, 1), padding=(1, 1), bias=False)
      )
      (3): BasicBlock(
        (bn1): BatchNorm2d(320, eps=1e-05, momentum=0.1, affine=True, track_running_stats=False)
        (relu1): ReLU(inplace=True)
        (conv1): Conv2d(320, 320, kernel_size=(3, 3), stride=(1, 1), padding=(1, 1), bias=False)
        (bn2): BatchNorm2d(320, eps=1e-05, momentum=0.1, affine=True, track_running_stats=False)
        (relu2): ReLU(inplace=True)
        (conv2): Conv2d(320, 320, kernel_size=(3, 3), stride=(1, 1), padding=(1, 1), bias=False)
      )
    )
  )
  (block3): NetworkBlock(
    (layer): Sequential(
      (0): BasicBlock(
        (bn1): BatchNorm2d(320, eps=1e-05, momentum=0.1, affine=True, track_running_stats=False)
        (relu1): ReLU(inplace=True)
        (conv1): Conv2d(320, 640, kernel_size=(3, 3), stride=(2, 2), padding=(1, 1), bias=False)
        (bn2): BatchNorm2d(640, eps=1e-05, momentum=0.1, affine=True, track_running_stats=False)
        (relu2): ReLU(inplace=True)
        (conv2): Conv2d(640, 640, kernel_size=(3, 3), stride=(1, 1), padding=(1, 1), bias=False)
        (convShortcut): Conv2d(320, 640, kernel_size=(1, 1), stride=(2, 2), bias=False)
      )
      (1): BasicBlock(
        (bn1): BatchNorm2d(640, eps=1e-05, momentum=0.1, affine=True, track_running_stats=False)
        (relu1): ReLU(inplace=True)
        (conv1): Conv2d(640, 640, kernel_size=(3, 3), stride=(1, 1), padding=(1, 1), bias=False)
        (bn2): BatchNorm2d(640, eps=1e-05, momentum=0.1, affine=True, track_running_stats=False)
        (relu2): ReLU(inplace=True)
        (conv2): Conv2d(640, 640, kernel_size=(3, 3), stride=(1, 1), padding=(1, 1), bias=False)
      )
      (2): BasicBlock(
        (bn1): BatchNorm2d(640, eps=1e-05, momentum=0.1, affine=True, track_running_stats=False)
        (relu1): ReLU(inplace=True)
        (conv1): Conv2d(640, 640, kernel_size=(3, 3), stride=(1, 1), padding=(1, 1), bias=False)
        (bn2): BatchNorm2d(640, eps=1e-05, momentum=0.1, affine=True, track_running_stats=False)
        (relu2): ReLU(inplace=True)
        (conv2): Conv2d(640, 640, kernel_size=(3, 3), stride=(1, 1), padding=(1, 1), bias=False)
      )
      (3): BasicBlock(
        (bn1): BatchNorm2d(640, eps=1e-05, momentum=0.1, affine=True, track_running_stats=False)
        (relu1): ReLU(inplace=True)
        (conv1): Conv2d(640, 640, kernel_size=(3, 3), stride=(1, 1), padding=(1, 1), bias=False)
        (bn2): BatchNorm2d(640, eps=1e-05, momentum=0.1, affine=True, track_running_stats=False)
        (relu2): ReLU(inplace=True)
        (conv2): Conv2d(640, 640, kernel_size=(3, 3), stride=(1, 1), padding=(1, 1), bias=False)
      )
    )
  )
  (bn1): BatchNorm2d(640, eps=1e-05, momentum=0.1, affine=True, track_running_stats=False)
  (relu): ReLU(inplace=True)
  (fc): Linear(in_features=640, out_features=100, bias=True)
)
[25/04/19 20:58:21] [setada.py:   50]: params for adaptation: ['block1.layer.0.bn1.weight', 'block1.layer.0.bn1.bias', 'block1.layer.0.bn2.weight', 'block1.layer.0.bn2.bias', 'block1.layer.1.bn1.weight', 'block1.layer.1.bn1.bias', 'block1.layer.1.bn2.weight', 'block1.layer.1.bn2.bias', 'block1.layer.2.bn1.weight', 'block1.layer.2.bn1.bias', 'block1.layer.2.bn2.weight', 'block1.layer.2.bn2.bias', 'block1.layer.3.bn1.weight', 'block1.layer.3.bn1.bias', 'block1.layer.3.bn2.weight', 'block1.layer.3.bn2.bias', 'block2.layer.0.bn1.weight', 'block2.layer.0.bn1.bias', 'block2.layer.0.bn2.weight', 'block2.layer.0.bn2.bias', 'block2.layer.1.bn1.weight', 'block2.layer.1.bn1.bias', 'block2.layer.1.bn2.weight', 'block2.layer.1.bn2.bias', 'block2.layer.2.bn1.weight', 'block2.layer.2.bn1.bias', 'block2.layer.2.bn2.weight', 'block2.layer.2.bn2.bias', 'block2.layer.3.bn1.weight', 'block2.layer.3.bn1.bias', 'block2.layer.3.bn2.weight', 'block2.layer.3.bn2.bias', 'block3.layer.0.bn1.weight', 'block3.layer.0.bn1.bias', 'block3.layer.0.bn2.weight', 'block3.layer.0.bn2.bias', 'block3.layer.1.bn1.weight', 'block3.layer.1.bn1.bias', 'block3.layer.1.bn2.weight', 'block3.layer.1.bn2.bias', 'block3.layer.2.bn1.weight', 'block3.layer.2.bn1.bias', 'block3.layer.2.bn2.weight', 'block3.layer.2.bn2.bias', 'block3.layer.3.bn1.weight', 'block3.layer.3.bn1.bias', 'block3.layer.3.bn2.weight', 'block3.layer.3.bn2.bias', 'bn1.weight', 'bn1.bias']
[25/04/19 20:58:21] [setada.py:   51]: optimizer for adaptation: Adam (
Parameter Group 0
    amsgrad: False
    betas: (0.9, 0.999)
    capturable: False
    differentiable: False
    eps: 1e-08
    foreach: None
    fused: None
    lr: 0.001
    maximize: False
    weight_decay: 0.0
)
[25/04/19 20:58:21] [eval.py:   70]: resetting model
[25/04/19 20:58:26] [eval.py:   78]: acc % [gaussian_noise5]: 51.15%
[25/04/19 20:58:26] [eval.py:   70]: resetting model
[25/04/19 20:58:29] [eval.py:   78]: acc % [gaussian_noise4]: 54.91%
[25/04/19 20:58:29] [eval.py:   70]: resetting model
[25/04/19 20:58:33] [eval.py:   78]: acc % [gaussian_noise3]: 57.16%
[25/04/19 20:58:33] [eval.py:   70]: resetting model
[25/04/19 20:58:36] [eval.py:   78]: acc % [gaussian_noise2]: 63.00%
[25/04/19 20:58:36] [eval.py:   70]: resetting model
[25/04/19 20:58:40] [eval.py:   78]: acc % [gaussian_noise1]: 69.94%
[25/04/19 20:58:40] [eval.py:   70]: resetting model
[25/04/19 20:58:43] [eval.py:   78]: acc % [shot_noise5]: 53.59%
[25/04/19 20:58:43] [eval.py:   70]: resetting model
[25/04/19 20:58:47] [eval.py:   78]: acc % [shot_noise4]: 58.16%
[25/04/19 20:58:47] [eval.py:   70]: resetting model
[25/04/19 20:58:51] [eval.py:   78]: acc % [shot_noise3]: 61.67%
[25/04/19 20:58:51] [eval.py:   70]: resetting model
[25/04/19 20:58:54] [eval.py:   78]: acc % [shot_noise2]: 69.21%
[25/04/19 20:58:54] [eval.py:   70]: resetting model
[25/04/19 20:58:58] [eval.py:   78]: acc % [shot_noise1]: 72.08%
[25/04/19 20:58:58] [eval.py:   70]: resetting model
[25/04/19 20:59:01] [eval.py:   78]: acc % [impulse_noise5]: 44.22%
[25/04/19 20:59:01] [eval.py:   70]: resetting model
[25/04/19 20:59:05] [eval.py:   78]: acc % [impulse_noise4]: 52.20%
[25/04/19 20:59:05] [eval.py:   70]: resetting model
[25/04/19 20:59:09] [eval.py:   78]: acc % [impulse_noise3]: 60.49%
[25/04/19 20:59:09] [eval.py:   70]: resetting model
[25/04/19 20:59:12] [eval.py:   78]: acc % [impulse_noise2]: 65.68%
[25/04/19 20:59:12] [eval.py:   70]: resetting model
[25/04/19 20:59:16] [eval.py:   78]: acc % [impulse_noise1]: 71.21%
[25/04/19 20:59:16] [eval.py:   70]: resetting model
[25/04/19 20:59:19] [eval.py:   78]: acc % [defocus_blur5]: 70.48%
[25/04/19 20:59:19] [eval.py:   70]: resetting model
[25/04/19 20:59:23] [eval.py:   78]: acc % [defocus_blur4]: 75.35%
[25/04/19 20:59:23] [eval.py:   70]: resetting model
[25/04/19 20:59:27] [eval.py:   78]: acc % [defocus_blur3]: 77.65%
[25/04/19 20:59:27] [eval.py:   70]: resetting model
[25/04/19 20:59:30] [eval.py:   78]: acc % [defocus_blur2]: 78.16%
[25/04/19 20:59:30] [eval.py:   70]: resetting model
[25/04/19 20:59:34] [eval.py:   78]: acc % [defocus_blur1]: 78.17%
[25/04/19 20:59:34] [eval.py:   70]: resetting model
[25/04/19 20:59:37] [eval.py:   78]: acc % [glass_blur5]: 49.57%
[25/04/19 20:59:37] [eval.py:   70]: resetting model
[25/04/19 20:59:41] [eval.py:   78]: acc % [glass_blur4]: 50.50%
[25/04/19 20:59:41] [eval.py:   70]: resetting model
[25/04/19 20:59:45] [eval.py:   78]: acc % [glass_blur3]: 59.37%
[25/04/19 20:59:45] [eval.py:   70]: resetting model
[25/04/19 20:59:48] [eval.py:   78]: acc % [glass_blur2]: 60.31%
[25/04/19 20:59:48] [eval.py:   70]: resetting model
[25/04/19 20:59:52] [eval.py:   78]: acc % [glass_blur1]: 59.98%
[25/04/19 20:59:52] [eval.py:   70]: resetting model
[25/04/19 20:59:55] [eval.py:   78]: acc % [motion_blur5]: 68.96%
[25/04/19 20:59:55] [eval.py:   70]: resetting model
[25/04/19 20:59:59] [eval.py:   78]: acc % [motion_blur4]: 71.62%
[25/04/19 20:59:59] [eval.py:   70]: resetting model
[25/04/19 21:00:03] [eval.py:   78]: acc % [motion_blur3]: 71.01%
[25/04/19 21:00:03] [eval.py:   70]: resetting model
[25/04/19 21:00:06] [eval.py:   78]: acc % [motion_blur2]: 73.94%
[25/04/19 21:00:06] [eval.py:   70]: resetting model
[25/04/19 21:00:10] [eval.py:   78]: acc % [motion_blur1]: 75.55%
[25/04/19 21:00:10] [eval.py:   70]: resetting model
[25/04/19 21:00:13] [eval.py:   78]: acc % [zoom_blur5]: 70.24%
[25/04/19 21:00:13] [eval.py:   70]: resetting model
[25/04/19 21:00:17] [eval.py:   78]: acc % [zoom_blur4]: 72.53%
[25/04/19 21:00:17] [eval.py:   70]: resetting model
[25/04/19 21:00:21] [eval.py:   78]: acc % [zoom_blur3]: 73.98%
[25/04/19 21:00:21] [eval.py:   70]: resetting model
[25/04/19 21:00:24] [eval.py:   78]: acc % [zoom_blur2]: 75.80%
[25/04/19 21:00:24] [eval.py:   70]: resetting model
[25/04/19 21:00:28] [eval.py:   78]: acc % [zoom_blur1]: 76.29%
[25/04/19 21:00:28] [eval.py:   70]: resetting model
[25/04/19 21:00:31] [eval.py:   78]: acc % [snow5]: 64.39%
[25/04/19 21:00:31] [eval.py:   70]: resetting model
[25/04/19 21:00:35] [eval.py:   78]: acc % [snow4]: 65.32%
[25/04/19 21:00:35] [eval.py:   70]: resetting model
[25/04/19 21:00:39] [eval.py:   78]: acc % [snow3]: 67.64%
[25/04/19 21:00:39] [eval.py:   70]: resetting model
[25/04/19 21:00:42] [eval.py:   78]: acc % [snow2]: 69.03%
[25/04/19 21:00:42] [eval.py:   70]: resetting model
[25/04/19 21:00:46] [eval.py:   78]: acc % [snow1]: 74.15%
[25/04/19 21:00:46] [eval.py:   70]: resetting model
[25/04/19 21:00:49] [eval.py:   78]: acc % [frost5]: 63.23%
[25/04/19 21:00:49] [eval.py:   70]: resetting model
[25/04/19 21:00:53] [eval.py:   78]: acc % [frost4]: 66.66%
[25/04/19 21:00:53] [eval.py:   70]: resetting model
[25/04/19 21:00:57] [eval.py:   78]: acc % [frost3]: 65.46%
[25/04/19 21:00:57] [eval.py:   70]: resetting model
[25/04/19 21:01:00] [eval.py:   78]: acc % [frost2]: 70.72%
[25/04/19 21:01:00] [eval.py:   70]: resetting model
[25/04/19 21:01:04] [eval.py:   78]: acc % [frost1]: 74.17%
[25/04/19 21:01:04] [eval.py:   70]: resetting model
[25/04/19 21:01:07] [eval.py:   78]: acc % [fog5]: 65.84%
[25/04/19 21:01:07] [eval.py:   70]: resetting model
[25/04/19 21:01:11] [eval.py:   78]: acc % [fog4]: 73.54%
[25/04/19 21:01:11] [eval.py:   70]: resetting model
[25/04/19 21:01:15] [eval.py:   78]: acc % [fog3]: 75.69%
[25/04/19 21:01:15] [eval.py:   70]: resetting model
[25/04/19 21:01:18] [eval.py:   78]: acc % [fog2]: 77.40%
[25/04/19 21:01:18] [eval.py:   70]: resetting model
[25/04/19 21:01:22] [eval.py:   78]: acc % [fog1]: 78.06%
[25/04/19 21:01:22] [eval.py:   70]: resetting model
[25/04/19 21:01:25] [eval.py:   78]: acc % [brightness5]: 74.13%
[25/04/19 21:01:25] [eval.py:   70]: resetting model
[25/04/19 21:01:29] [eval.py:   78]: acc % [brightness4]: 76.86%
[25/04/19 21:01:29] [eval.py:   70]: resetting model
[25/04/19 21:01:33] [eval.py:   78]: acc % [brightness3]: 77.83%
[25/04/19 21:01:33] [eval.py:   70]: resetting model
[25/04/19 21:01:36] [eval.py:   78]: acc % [brightness2]: 77.95%
[25/04/19 21:01:36] [eval.py:   70]: resetting model
[25/04/19 21:01:40] [eval.py:   78]: acc % [brightness1]: 78.18%
[25/04/19 21:01:40] [eval.py:   70]: resetting model
[25/04/19 21:01:43] [eval.py:   78]: acc % [contrast5]: 67.71%
[25/04/19 21:01:43] [eval.py:   70]: resetting model
[25/04/19 21:01:47] [eval.py:   78]: acc % [contrast4]: 73.38%
[25/04/19 21:01:47] [eval.py:   70]: resetting model
[25/04/19 21:01:51] [eval.py:   78]: acc % [contrast3]: 74.97%
[25/04/19 21:01:51] [eval.py:   70]: resetting model
[25/04/19 21:01:54] [eval.py:   78]: acc % [contrast2]: 76.39%
[25/04/19 21:01:54] [eval.py:   70]: resetting model
[25/04/19 21:01:58] [eval.py:   78]: acc % [contrast1]: 78.19%
[25/04/19 21:01:58] [eval.py:   70]: resetting model
[25/04/19 21:02:01] [eval.py:   78]: acc % [elastic_transform5]: 58.50%
[25/04/19 21:02:01] [eval.py:   70]: resetting model
[25/04/19 21:02:05] [eval.py:   78]: acc % [elastic_transform4]: 66.54%
[25/04/19 21:02:05] [eval.py:   70]: resetting model
[25/04/19 21:02:09] [eval.py:   78]: acc % [elastic_transform3]: 72.91%
[25/04/19 21:02:09] [eval.py:   70]: resetting model
[25/04/19 21:02:12] [eval.py:   78]: acc % [elastic_transform2]: 73.84%
[25/04/19 21:02:12] [eval.py:   70]: resetting model
[25/04/19 21:02:16] [eval.py:   78]: acc % [elastic_transform1]: 72.61%
[25/04/19 21:02:16] [eval.py:   70]: resetting model
[25/04/19 21:02:19] [eval.py:   78]: acc % [pixelate5]: 64.38%
[25/04/19 21:02:19] [eval.py:   70]: resetting model
[25/04/19 21:02:23] [eval.py:   78]: acc % [pixelate4]: 71.10%
[25/04/19 21:02:23] [eval.py:   70]: resetting model
[25/04/19 21:02:27] [eval.py:   78]: acc % [pixelate3]: 73.39%
[25/04/19 21:02:27] [eval.py:   70]: resetting model
[25/04/19 21:02:30] [eval.py:   78]: acc % [pixelate2]: 74.56%
[25/04/19 21:02:30] [eval.py:   70]: resetting model
[25/04/19 21:02:34] [eval.py:   78]: acc % [pixelate1]: 76.07%
[25/04/19 21:02:34] [eval.py:   70]: resetting model
[25/04/19 21:02:37] [eval.py:   78]: acc % [jpeg_compression5]: 54.06%
[25/04/19 21:02:37] [eval.py:   70]: resetting model
[25/04/19 21:02:41] [eval.py:   78]: acc % [jpeg_compression4]: 56.75%
[25/04/19 21:02:41] [eval.py:   70]: resetting model
[25/04/19 21:02:45] [eval.py:   78]: acc % [jpeg_compression3]: 59.25%
[25/04/19 21:02:45] [eval.py:   70]: resetting model
[25/04/19 21:02:48] [eval.py:   78]: acc % [jpeg_compression2]: 61.55%
[25/04/19 21:02:48] [eval.py:   70]: resetting model
[25/04/19 21:02:52] [eval.py:   78]: acc % [jpeg_compression1]: 67.93%
[25/04/19 21:02:52] [eval.py:   84]: 
                          1         2         3         4         5       avg
gaussian_noise     0.511500  0.549100  0.571600  0.630000  0.699400  0.592320
shot_noise         0.535900  0.581600  0.616700  0.692100  0.720800  0.629420
impulse_noise      0.442200  0.522000  0.604900  0.656800  0.712100  0.587600
defocus_blur       0.704800  0.753500  0.776500  0.781600  0.781700  0.759620
glass_blur         0.495700  0.505000  0.593700  0.603100  0.599800  0.559460
motion_blur        0.689600  0.716200  0.710100  0.739400  0.755500  0.722160
zoom_blur          0.702400  0.725300  0.739800  0.758000  0.762900  0.737680
snow               0.643900  0.653200  0.676400  0.690300  0.741500  0.681060
frost              0.632300  0.666600  0.654600  0.707200  0.741700  0.680480
fog                0.658400  0.735400  0.756900  0.774000  0.780600  0.741060
brightness         0.741300  0.768600  0.778300  0.779500  0.781800  0.769900
contrast           0.677100  0.733800  0.749700  0.763900  0.781900  0.741280
elastic_transform  0.585000  0.665400  0.729100  0.738400  0.726100  0.688800
pixelate           0.643800  0.711000  0.733900  0.745600  0.760700  0.719000
jpeg_compression   0.540600  0.567500  0.592500  0.615500  0.679300  0.599080
average            0.613633  0.656947  0.685647  0.711693  0.735053  0.680595
[25/04/19 21:02:52] [eval.py:  125]: resetting model
[25/04/19 21:02:58] [eval.py:  137]: Test set Accuracy: 0.7838
Building model...
torch.Size([10000, 3, 32, 32]) 10000
torch.Size([10000, 3, 32, 32]) 10000
torch.Size([10000, 3, 32, 32]) 10000
torch.Size([10000, 3, 32, 32]) 10000
torch.Size([10000, 3, 32, 32]) 10000
torch.Size([10000, 3, 32, 32]) 10000
torch.Size([10000, 3, 32, 32]) 10000
torch.Size([10000, 3, 32, 32]) 10000
torch.Size([10000, 3, 32, 32]) 10000
torch.Size([10000, 3, 32, 32]) 10000
torch.Size([10000, 3, 32, 32]) 10000
torch.Size([10000, 3, 32, 32]) 10000
torch.Size([10000, 3, 32, 32]) 10000
torch.Size([10000, 3, 32, 32]) 10000
torch.Size([10000, 3, 32, 32]) 10000
torch.Size([10000, 3, 32, 32]) 10000
torch.Size([10000, 3, 32, 32]) 10000
torch.Size([10000, 3, 32, 32]) 10000
torch.Size([10000, 3, 32, 32]) 10000
torch.Size([10000, 3, 32, 32]) 10000
torch.Size([10000, 3, 32, 32]) 10000
torch.Size([10000, 3, 32, 32]) 10000
torch.Size([10000, 3, 32, 32]) 10000
torch.Size([10000, 3, 32, 32]) 10000
torch.Size([10000, 3, 32, 32]) 10000
torch.Size([10000, 3, 32, 32]) 10000
torch.Size([10000, 3, 32, 32]) 10000
torch.Size([10000, 3, 32, 32]) 10000
torch.Size([10000, 3, 32, 32]) 10000
torch.Size([10000, 3, 32, 32]) 10000
torch.Size([10000, 3, 32, 32]) 10000
torch.Size([10000, 3, 32, 32]) 10000
torch.Size([10000, 3, 32, 32]) 10000
torch.Size([10000, 3, 32, 32]) 10000
torch.Size([10000, 3, 32, 32]) 10000
torch.Size([10000, 3, 32, 32]) 10000
torch.Size([10000, 3, 32, 32]) 10000
torch.Size([10000, 3, 32, 32]) 10000
torch.Size([10000, 3, 32, 32]) 10000
torch.Size([10000, 3, 32, 32]) 10000
torch.Size([10000, 3, 32, 32]) 10000
torch.Size([10000, 3, 32, 32]) 10000
torch.Size([10000, 3, 32, 32]) 10000
torch.Size([10000, 3, 32, 32]) 10000
torch.Size([10000, 3, 32, 32]) 10000
torch.Size([10000, 3, 32, 32]) 10000
torch.Size([10000, 3, 32, 32]) 10000
torch.Size([10000, 3, 32, 32]) 10000
torch.Size([10000, 3, 32, 32]) 10000
torch.Size([10000, 3, 32, 32]) 10000
torch.Size([10000, 3, 32, 32]) 10000
torch.Size([10000, 3, 32, 32]) 10000
torch.Size([10000, 3, 32, 32]) 10000
torch.Size([10000, 3, 32, 32]) 10000
torch.Size([10000, 3, 32, 32]) 10000
torch.Size([10000, 3, 32, 32]) 10000
torch.Size([10000, 3, 32, 32]) 10000
torch.Size([10000, 3, 32, 32]) 10000
torch.Size([10000, 3, 32, 32]) 10000
torch.Size([10000, 3, 32, 32]) 10000
torch.Size([10000, 3, 32, 32]) 10000
torch.Size([10000, 3, 32, 32]) 10000
torch.Size([10000, 3, 32, 32]) 10000
torch.Size([10000, 3, 32, 32]) 10000
torch.Size([10000, 3, 32, 32]) 10000
torch.Size([10000, 3, 32, 32]) 10000
torch.Size([10000, 3, 32, 32]) 10000
torch.Size([10000, 3, 32, 32]) 10000
torch.Size([10000, 3, 32, 32]) 10000
torch.Size([10000, 3, 32, 32]) 10000
torch.Size([10000, 3, 32, 32]) 10000
torch.Size([10000, 3, 32, 32]) 10000
torch.Size([10000, 3, 32, 32]) 10000
torch.Size([10000, 3, 32, 32]) 10000
torch.Size([10000, 3, 32, 32]) 10000
Files already downloaded and verified
torch.Size([10000, 3, 32, 32]) 10000
