[25/04/20 15:49:15] [utils.py:   37]: PyTorch Version: torch=2.5.0+cu124, cuda=12.4, cudnn=90100
[25/04/20 15:49:15] [utils.py:   39]: BN:
  EPS: 1e-05
  MOM: 0.1
CKPT_DIR: ./ckpt
CORRUPTION:
  DATASET: cifar10
  IMG_SIZE: 32
  NUM_CHANNEL: 3
  NUM_CLASSES: 10
  NUM_EX: 10000
  SEVERITY: [5, 4, 3, 2, 1]
  TYPE: ['gaussian_noise', 'shot_noise', 'impulse_noise', 'defocus_blur', 'glass_blur', 'motion_blur', 'zoom_blur', 'snow', 'frost', 'fog', 'brightness', 'contrast', 'elastic_transform', 'pixelate', 'jpeg_compression']
CUDNN:
  BENCHMARK: True
DATA_DIR: ./data/cifar10
DESC: 
EATA:
  D_MARGIN: 0.05
  E_MARGIN: 2.763102111592855
  FISHER_ALPHA: 2000.0
  FISHER_SIZE: 2000
  USE_FISHER: False
EBM:
  BUFFER_SIZE: 10000
  REINIT_FREQ: 0.05
  SGLD_LR: 0.1
  SGLD_STD: 0.01
  STEPS: 20
  UNCOND: uncond
LOG_DEST: energy_bn_adam-1-0.001-200_uncond-20-0.1-0.01-10000-0.05_250420-154915.txt
LOG_TIME: 250420-154915
MODEL:
  ADAPTATION: energy
  ADA_PARAM: ['bn']
  ARCH: WRN2810_BN
  EPISODIC: False
OPTIM:
  BATCH_SIZE: 200
  BETA: 0.9
  DAMPENING: 0.0
  LR: 0.001
  METHOD: Adam
  MOMENTUM: 0.9
  NESTEROV: True
  STEPS: 1
  WD: 0.0
PL:
  ALPHA: 0.1
  THRESHOLD: 0.9
RNG_SEED: 36
SAR:
  MARGIN_E0: 2.763102111592855
SAVE_DIR: ./save/cifar10/bn-wrn-28-10
SHOT:
  CLF_COEFF: 0.1
  THRESHOLD: 0.9
TEST:
  
/home/scur2578/.local/lib/python3.9/site-packages/robustbench/utils.py:165: FutureWarning: You are using `torch.load` with `weights_only=False` (the current default value), which uses the default pickle module implicitly. It is possible to construct malicious pickle data which will execute arbitrary code during unpickling (See https://github.com/pytorch/pytorch/blob/main/SECURITY.md#untrusted-models for more details). In a future release, the default value for `weights_only` will be flipped to `True`. This limits the functions that could be executed during unpickling. Arbitrary objects will no longer be allowed to be loaded via this mode unless they are explicitly allowlisted by the user via `torch.serialization.add_safe_globals`. We recommend you start setting `weights_only=True` for any use case where you don't have full control of the loaded file. Please open an issue on GitHub for any issues related to this experimental feature.
  checkpoint = torch.load(model_path, map_location=torch.device('cpu'))
[25/04/20 15:49:16] [main.py:   66]: test-time adaptation: ENERGY
[25/04/20 15:49:16] [param.py:   18]: adapting weights of batch-normalization layer
[25/04/20 15:49:16] [setada.py:  138]: model for adaptation: WideResNet(
  (conv1): Conv2d(3, 16, kernel_size=(3, 3), stride=(1, 1), padding=(1, 1), bias=False)
  (block1): NetworkBlock(
    (layer): Sequential(
      (0): BasicBlock(
        (bn1): BatchNorm2d(16, eps=1e-05, momentum=0.1, affine=True, track_running_stats=False)
        (relu1): ReLU(inplace=True)
        (conv1): Conv2d(16, 160, kernel_size=(3, 3), stride=(1, 1), padding=(1, 1), bias=False)
        (bn2): BatchNorm2d(160, eps=1e-05, momentum=0.1, affine=True, track_running_stats=False)
        (relu2): ReLU(inplace=True)
        (conv2): Conv2d(160, 160, kernel_size=(3, 3), stride=(1, 1), padding=(1, 1), bias=False)
        (convShortcut): Conv2d(16, 160, kernel_size=(1, 1), stride=(1, 1), bias=False)
      )
      (1): BasicBlock(
        (bn1): BatchNorm2d(160, eps=1e-05, momentum=0.1, affine=True, track_running_stats=False)
        (relu1): ReLU(inplace=True)
        (conv1): Conv2d(160, 160, kernel_size=(3, 3), stride=(1, 1), padding=(1, 1), bias=False)
        (bn2): BatchNorm2d(160, eps=1e-05, momentum=0.1, affine=True, track_running_stats=False)
        (relu2): ReLU(inplace=True)
        (conv2): Conv2d(160, 160, kernel_size=(3, 3), stride=(1, 1), padding=(1, 1), bias=False)
      )
      (2): BasicBlock(
        (bn1): BatchNorm2d(160, eps=1e-05, momentum=0.1, affine=True, track_running_stats=False)
        (relu1): ReLU(inplace=True)
        (conv1): Conv2d(160, 160, kernel_size=(3, 3), stride=(1, 1), padding=(1, 1), bias=False)
        (bn2): BatchNorm2d(160, eps=1e-05, momentum=0.1, affine=True, track_running_stats=False)
        (relu2): ReLU(inplace=True)
        (conv2): Conv2d(160, 160, kernel_size=(3, 3), stride=(1, 1), padding=(1, 1), bias=False)
      )
      (3): BasicBlock(
        (bn1): BatchNorm2d(160, eps=1e-05, momentum=0.1, affine=True, track_running_stats=False)
        (relu1): ReLU(inplace=True)
        (conv1): Conv2d(160, 160, kernel_size=(3, 3), stride=(1, 1), padding=(1, 1), bias=False)
        (bn2): BatchNorm2d(160, eps=1e-05, momentum=0.1, affine=True, track_running_stats=False)
        (relu2): ReLU(inplace=True)
        (conv2): Conv2d(160, 160, kernel_size=(3, 3), stride=(1, 1), padding=(1, 1), bias=False)
      )
    )
  )
  (block2): NetworkBlock(
    (layer): Sequential(
      (0): BasicBlock(
        (bn1): BatchNorm2d(160, eps=1e-05, momentum=0.1, affine=True, track_running_stats=False)
        (relu1): ReLU(inplace=True)
        (conv1): Conv2d(160, 320, kernel_size=(3, 3), stride=(2, 2), padding=(1, 1), bias=False)
        (bn2): BatchNorm2d(320, eps=1e-05, momentum=0.1, affine=True, track_running_stats=False)
        (relu2): ReLU(inplace=True)
        (conv2): Conv2d(320, 320, kernel_size=(3, 3), stride=(1, 1), padding=(1, 1), bias=False)
        (convShortcut): Conv2d(160, 320, kernel_size=(1, 1), stride=(2, 2), bias=False)
      )
      (1): BasicBlock(
        (bn1): BatchNorm2d(320, eps=1e-05, momentum=0.1, affine=True, track_running_stats=False)
        (relu1): ReLU(inplace=True)
        (conv1): Conv2d(320, 320, kernel_size=(3, 3), stride=(1, 1), padding=(1, 1), bias=False)
        (bn2): BatchNorm2d(320, eps=1e-05, momentum=0.1, affine=True, track_running_stats=False)
        (relu2): ReLU(inplace=True)
        (conv2): Conv2d(320, 320, kernel_size=(3, 3), stride=(1, 1), padding=(1, 1), bias=False)
      )
      (2): BasicBlock(
        (bn1): BatchNorm2d(320, eps=1e-05, momentum=0.1, affine=True, track_running_stats=False)
        (relu1): ReLU(inplace=True)
        (conv1): Conv2d(320, 320, kernel_size=(3, 3), stride=(1, 1), padding=(1, 1), bias=False)
        (bn2): BatchNorm2d(320, eps=1e-05, momentum=0.1, affine=True, track_running_stats=False)
        (relu2): ReLU(inplace=True)
        (conv2): Conv2d(320, 320, kernel_size=(3, 3), stride=(1, 1), padding=(1, 1), bias=False)
      )
      (3): BasicBlock(
        (bn1): BatchNorm2d(320, eps=1e-05, momentum=0.1, affine=True, track_running_stats=False)
        (relu1): ReLU(inplace=True)
        (conv1): Conv2d(320, 320, kernel_size=(3, 3), stride=(1, 1), padding=(1, 1), bias=False)
        (bn2): BatchNorm2d(320, eps=1e-05, momentum=0.1, affine=True, track_running_stats=False)
        (relu2): ReLU(inplace=True)
        (conv2): Conv2d(320, 320, kernel_size=(3, 3), stride=(1, 1), padding=(1, 1), bias=False)
      )
    )
  )
  (block3): NetworkBlock(
    (layer): Sequential(
      (0): BasicBlock(
        (bn1): BatchNorm2d(320, eps=1e-05, momentum=0.1, affine=True, track_running_stats=False)
        (relu1): ReLU(inplace=True)
        (conv1): Conv2d(320, 640, kernel_size=(3, 3), stride=(2, 2), padding=(1, 1), bias=False)
        (bn2): BatchNorm2d(640, eps=1e-05, momentum=0.1, affine=True, track_running_stats=False)
        (relu2): ReLU(inplace=True)
        (conv2): Conv2d(640, 640, kernel_size=(3, 3), stride=(1, 1), padding=(1, 1), bias=False)
        (convShortcut): Conv2d(320, 640, kernel_size=(1, 1), stride=(2, 2), bias=False)
      )
      (1): BasicBlock(
        (bn1): BatchNorm2d(640, eps=1e-05, momentum=0.1, affine=True, track_running_stats=False)
        (relu1): ReLU(inplace=True)
        (conv1): Conv2d(640, 640, kernel_size=(3, 3), stride=(1, 1), padding=(1, 1), bias=False)
        (bn2): BatchNorm2d(640, eps=1e-05, momentum=0.1, affine=True, track_running_stats=False)
        (relu2): ReLU(inplace=True)
        (conv2): Conv2d(640, 640, kernel_size=(3, 3), stride=(1, 1), padding=(1, 1), bias=False)
      )
      (2): BasicBlock(
        (bn1): BatchNorm2d(640, eps=1e-05, momentum=0.1, affine=True, track_running_stats=False)
        (relu1): ReLU(inplace=True)
        (conv1): Conv2d(640, 640, kernel_size=(3, 3), stride=(1, 1), padding=(1, 1), bias=False)
        (bn2): BatchNorm2d(640, eps=1e-05, momentum=0.1, affine=True, track_running_stats=False)
        (relu2): ReLU(inplace=True)
        (conv2): Conv2d(640, 640, kernel_size=(3, 3), stride=(1, 1), padding=(1, 1), bias=False)
      )
      (3): BasicBlock(
        (bn1): BatchNorm2d(640, eps=1e-05, momentum=0.1, affine=True, track_running_stats=False)
        (relu1): ReLU(inplace=True)
        (conv1): Conv2d(640, 640, kernel_size=(3, 3), stride=(1, 1), padding=(1, 1), bias=False)
        (bn2): BatchNorm2d(640, eps=1e-05, momentum=0.1, affine=True, track_running_stats=False)
        (relu2): ReLU(inplace=True)
        (conv2): Conv2d(640, 640, kernel_size=(3, 3), stride=(1, 1), padding=(1, 1), bias=False)
      )
    )
  )
  (bn1): BatchNorm2d(640, eps=1e-05, momentum=0.1, affine=True, track_running_stats=False)
  (relu): ReLU(inplace=True)
  (fc): Linear(in_features=640, out_features=10, bias=True)
)
[25/04/20 15:49:16] [setada.py:  139]: params for adaptation: ['block1.layer.0.bn1.weight', 'block1.layer.0.bn1.bias', 'block1.layer.0.bn2.weight', 'block1.layer.0.bn2.bias', 'block1.layer.1.bn1.weight', 'block1.layer.1.bn1.bias', 'block1.layer.1.bn2.weight', 'block1.layer.1.bn2.bias', 'block1.layer.2.bn1.weight', 'block1.layer.2.bn1.bias', 'block1.layer.2.bn2.weight', 'block1.layer.2.bn2.bias', 'block1.layer.3.bn1.weight', 'block1.layer.3.bn1.bias', 'block1.layer.3.bn2.weight', 'block1.layer.3.bn2.bias', 'block2.layer.0.bn1.weight', 'block2.layer.0.bn1.bias', 'block2.layer.0.bn2.weight', 'block2.layer.0.bn2.bias', 'block2.layer.1.bn1.weight', 'block2.layer.1.bn1.bias', 'block2.layer.1.bn2.weight', 'block2.layer.1.bn2.bias', 'block2.layer.2.bn1.weight', 'block2.layer.2.bn1.bias', 'block2.layer.2.bn2.weight', 'block2.layer.2.bn2.bias', 'block2.layer.3.bn1.weight', 'block2.layer.3.bn1.bias', 'block2.layer.3.bn2.weight', 'block2.layer.3.bn2.bias', 'block3.layer.0.bn1.weight', 'block3.layer.0.bn1.bias', 'block3.layer.0.bn2.weight', 'block3.layer.0.bn2.bias', 'block3.layer.1.bn1.weight', 'block3.layer.1.bn1.bias', 'block3.layer.1.bn2.weight', 'block3.layer.1.bn2.bias', 'block3.layer.2.bn1.weight', 'block3.layer.2.bn1.bias', 'block3.layer.2.bn2.weight', 'block3.layer.2.bn2.bias', 'block3.layer.3.bn1.weight', 'block3.layer.3.bn1.bias', 'block3.layer.3.bn2.weight', 'block3.layer.3.bn2.bias', 'bn1.weight', 'bn1.bias']
[25/04/20 15:49:16] [setada.py:  140]: optimizer for adaptation: Adam (
Parameter Group 0
    amsgrad: False
    betas: (0.9, 0.999)
    capturable: False
    differentiable: False
    eps: 1e-08
    foreach: None
    fused: None
    lr: 0.001
    maximize: False
    weight_decay: 0.0
)
[25/04/20 15:49:16] [eval.py:   70]: resetting model
[25/04/20 15:50:39] [eval.py:   78]: acc % [gaussian_noise5]: 78.09%
[25/04/20 15:50:39] [eval.py:   70]: resetting model
[25/04/20 15:52:00] [eval.py:   78]: acc % [gaussian_noise4]: 80.40%
[25/04/20 15:52:00] [eval.py:   70]: resetting model
[25/04/20 15:53:22] [eval.py:   78]: acc % [gaussian_noise3]: 82.55%
[25/04/20 15:53:22] [eval.py:   70]: resetting model
[25/04/20 15:54:43] [eval.py:   78]: acc % [gaussian_noise2]: 86.24%
[25/04/20 15:54:43] [eval.py:   70]: resetting model
[25/04/20 15:56:05] [eval.py:   78]: acc % [gaussian_noise1]: 89.83%
[25/04/20 15:56:05] [eval.py:   70]: resetting model
[25/04/20 15:57:26] [eval.py:   78]: acc % [shot_noise5]: 79.81%
[25/04/20 15:57:26] [eval.py:   70]: resetting model
[25/04/20 15:58:47] [eval.py:   78]: acc % [shot_noise4]: 84.00%
[25/04/20 15:58:47] [eval.py:   70]: resetting model
[25/04/20 16:00:09] [eval.py:   78]: acc % [shot_noise3]: 85.24%
[25/04/20 16:00:09] [eval.py:   70]: resetting model
[25/04/20 16:01:30] [eval.py:   78]: acc % [shot_noise2]: 89.87%
[25/04/20 16:01:30] [eval.py:   70]: resetting model
[25/04/20 16:02:51] [eval.py:   78]: acc % [shot_noise1]: 91.48%
[25/04/20 16:02:51] [eval.py:   70]: resetting model
[25/04/20 16:04:13] [eval.py:   78]: acc % [impulse_noise5]: 70.82%
[25/04/20 16:04:13] [eval.py:   70]: resetting model
[25/04/20 16:05:34] [eval.py:   78]: acc % [impulse_noise4]: 76.67%
[25/04/20 16:05:34] [eval.py:   70]: resetting model
[25/04/20 16:06:56] [eval.py:   78]: acc % [impulse_noise3]: 83.48%
[25/04/20 16:06:56] [eval.py:   70]: resetting model
[25/04/20 16:08:17] [eval.py:   78]: acc % [impulse_noise2]: 86.60%
[25/04/20 16:08:17] [eval.py:   70]: resetting model
[25/04/20 16:09:38] [eval.py:   78]: acc % [impulse_noise1]: 90.28%
[25/04/20 16:09:38] [eval.py:   70]: resetting model
[25/04/20 16:11:00] [eval.py:   78]: acc % [defocus_blur5]: 88.96%
[25/04/20 16:11:00] [eval.py:   70]: resetting model
[25/04/20 16:12:21] [eval.py:   78]: acc % [defocus_blur4]: 92.05%
[25/04/20 16:12:21] [eval.py:   70]: resetting model
[25/04/20 16:13:43] [eval.py:   78]: acc % [defocus_blur3]: 93.72%
[25/04/20 16:13:43] [eval.py:   70]: resetting model
[25/04/20 16:15:04] [eval.py:   78]: acc % [defocus_blur2]: 93.95%
[25/04/20 16:15:04] [eval.py:   70]: resetting model
[25/04/20 16:16:25] [eval.py:   78]: acc % [defocus_blur1]: 94.13%
[25/04/20 16:16:25] [eval.py:   70]: resetting model
[25/04/20 16:17:47] [eval.py:   78]: acc % [glass_blur5]: 71.33%
[25/04/20 16:17:47] [eval.py:   70]: resetting model
[25/04/20 16:19:08] [eval.py:   78]: acc % [glass_blur4]: 71.58%
[25/04/20 16:19:08] [eval.py:   70]: resetting model
[25/04/20 16:20:30] [eval.py:   78]: acc % [glass_blur3]: 80.60%
[25/04/20 16:20:30] [eval.py:   70]: resetting model
[25/04/20 16:21:51] [eval.py:   78]: acc % [glass_blur2]: 80.28%
[25/04/20 16:21:51] [eval.py:   70]: resetting model
[25/04/20 16:23:12] [eval.py:   78]: acc % [glass_blur1]: 81.27%
[25/04/20 16:23:12] [eval.py:   70]: resetting model
[25/04/20 16:24:34] [eval.py:   78]: acc % [motion_blur5]: 87.81%
[25/04/20 16:24:34] [eval.py:   70]: resetting model
[25/04/20 16:25:55] [eval.py:   78]: acc % [motion_blur4]: 89.78%
[25/04/20 16:25:55] [eval.py:   70]: resetting model
[25/04/20 16:27:17] [eval.py:   78]: acc % [motion_blur3]: 89.45%
[25/04/20 16:27:17] [eval.py:   70]: resetting model
[25/04/20 16:28:38] [eval.py:   78]: acc % [motion_blur2]: 90.99%
[25/04/20 16:28:38] [eval.py:   70]: resetting model
[25/04/20 16:29:59] [eval.py:   78]: acc % [motion_blur1]: 92.51%
[25/04/20 16:29:59] [eval.py:   70]: resetting model
[25/04/20 16:31:21] [eval.py:   78]: acc % [zoom_blur5]: 89.77%
[25/04/20 16:31:21] [eval.py:   70]: resetting model
[25/04/20 16:32:42] [eval.py:   78]: acc % [zoom_blur4]: 91.33%
[25/04/20 16:32:42] [eval.py:   70]: resetting model
[25/04/20 16:34:04] [eval.py:   78]: acc % [zoom_blur3]: 92.28%
[25/04/20 16:34:04] [eval.py:   70]: resetting model
[25/04/20 16:35:25] [eval.py:   78]: acc % [zoom_blur2]: 93.05%
[25/04/20 16:35:25] [eval.py:   70]: resetting model
[25/04/20 16:36:46] [eval.py:   78]: acc % [zoom_blur1]: 93.07%
[25/04/20 16:36:46] [eval.py:   70]: resetting model
[25/04/20 16:38:08] [eval.py:   78]: acc % [snow5]: 85.54%
[25/04/20 16:38:08] [eval.py:   70]: resetting model
[25/04/20 16:39:29] [eval.py:   78]: acc % [snow4]: 85.82%
[25/04/20 16:39:29] [eval.py:   70]: resetting model
[25/04/20 16:40:50] [eval.py:   78]: acc % [snow3]: 88.05%
[25/04/20 16:40:50] [eval.py:   70]: resetting model
[25/04/20 16:42:12] [eval.py:   78]: acc % [snow2]: 88.53%
[25/04/20 16:42:12] [eval.py:   70]: resetting model
[25/04/20 16:43:33] [eval.py:   78]: acc % [snow1]: 91.37%
[25/04/20 16:43:33] [eval.py:   70]: resetting model
[25/04/20 16:44:55] [eval.py:   78]: acc % [frost5]: 85.23%
[25/04/20 16:44:55] [eval.py:   70]: resetting model
[25/04/20 16:46:16] [eval.py:   78]: acc % [frost4]: 87.91%
[25/04/20 16:46:16] [eval.py:   70]: resetting model
[25/04/20 16:47:37] [eval.py:   78]: acc % [frost3]: 87.70%
[25/04/20 16:47:37] [eval.py:   70]: resetting model
[25/04/20 16:48:59] [eval.py:   78]: acc % [frost2]: 90.36%
[25/04/20 16:48:59] [eval.py:   70]: resetting model
[25/04/20 16:50:20] [eval.py:   78]: acc % [frost1]: 92.33%
[25/04/20 16:50:20] [eval.py:   70]: resetting model
[25/04/20 16:51:42] [eval.py:   78]: acc % [fog5]: 87.62%
[25/04/20 16:51:42] [eval.py:   70]: resetting model
[25/04/20 16:53:03] [eval.py:   78]: acc % [fog4]: 92.16%
[25/04/20 16:53:03] [eval.py:   70]: resetting model
[25/04/20 16:54:24] [eval.py:   78]: acc % [fog3]: 93.31%
[25/04/20 16:54:24] [eval.py:   70]: resetting model
[25/04/20 16:55:46] [eval.py:   78]: acc % [fog2]: 93.84%
[25/04/20 16:55:46] [eval.py:   70]: resetting model
[25/04/20 16:57:07] [eval.py:   78]: acc % [fog1]: 93.96%
[25/04/20 16:57:07] [eval.py:   70]: resetting model
[25/04/20 16:58:29] [eval.py:   78]: acc % [brightness5]: 92.39%
[25/04/20 16:58:29] [eval.py:   70]: resetting model
[25/04/20 16:59:50] [eval.py:   78]: acc % [brightness4]: 93.49%
[25/04/20 16:59:50] [eval.py:   70]: resetting model
[25/04/20 17:01:11] [eval.py:   78]: acc % [brightness3]: 93.65%
[25/04/20 17:01:11] [eval.py:   70]: resetting model
[25/04/20 17:02:33] [eval.py:   78]: acc % [brightness2]: 93.93%
[25/04/20 17:02:33] [eval.py:   70]: resetting model
[25/04/20 17:03:54] [eval.py:   78]: acc % [brightness1]: 94.07%
[25/04/20 17:03:54] [eval.py:   70]: resetting model
[25/04/20 17:05:16] [eval.py:   78]: acc % [contrast5]: 89.01%
[25/04/20 17:05:16] [eval.py:   70]: resetting model
[25/04/20 17:06:37] [eval.py:   78]: acc % [contrast4]: 92.00%
[25/04/20 17:06:37] [eval.py:   70]: resetting model
[25/04/20 17:07:58] [eval.py:   78]: acc % [contrast3]: 92.76%
[25/04/20 17:07:58] [eval.py:   70]: resetting model
[25/04/20 17:09:20] [eval.py:   78]: acc % [contrast2]: 93.33%
[25/04/20 17:09:20] [eval.py:   70]: resetting model
[25/04/20 17:10:41] [eval.py:   78]: acc % [contrast1]: 93.95%
[25/04/20 17:10:41] [eval.py:   70]: resetting model
[25/04/20 17:12:03] [eval.py:   78]: acc % [elastic_transform5]: 79.36%
[25/04/20 17:12:03] [eval.py:   70]: resetting model
[25/04/20 17:13:24] [eval.py:   78]: acc % [elastic_transform4]: 86.04%
[25/04/20 17:13:24] [eval.py:   70]: resetting model
[25/04/20 17:14:45] [eval.py:   78]: acc % [elastic_transform3]: 90.83%
[25/04/20 17:14:45] [eval.py:   70]: resetting model
[25/04/20 17:16:07] [eval.py:   78]: acc % [elastic_transform2]: 91.88%
[25/04/20 17:16:07] [eval.py:   70]: resetting model
[25/04/20 17:17:28] [eval.py:   78]: acc % [elastic_transform1]: 91.33%
[25/04/20 17:17:28] [eval.py:   70]: resetting model
[25/04/20 17:18:49] [eval.py:   78]: acc % [pixelate5]: 84.90%
[25/04/20 17:18:49] [eval.py:   70]: resetting model
[25/04/20 17:20:11] [eval.py:   78]: acc % [pixelate4]: 88.87%
[25/04/20 17:20:11] [eval.py:   70]: resetting model
[25/04/20 17:21:32] [eval.py:   78]: acc % [pixelate3]: 91.03%
[25/04/20 17:21:32] [eval.py:   70]: resetting model
[25/04/20 17:22:54] [eval.py:   78]: acc % [pixelate2]: 91.74%
[25/04/20 17:22:54] [eval.py:   70]: resetting model
[25/04/20 17:24:15] [eval.py:   78]: acc % [pixelate1]: 92.64%
[25/04/20 17:24:15] [eval.py:   70]: resetting model
[25/04/20 17:25:36] [eval.py:   78]: acc % [jpeg_compression5]: 79.07%
[25/04/20 17:25:36] [eval.py:   70]: resetting model
[25/04/20 17:26:58] [eval.py:   78]: acc % [jpeg_compression4]: 81.16%
[25/04/20 17:26:58] [eval.py:   70]: resetting model
[25/04/20 17:28:19] [eval.py:   78]: acc % [jpeg_compression3]: 83.38%
[25/04/20 17:28:19] [eval.py:   70]: resetting model
[25/04/20 17:29:41] [eval.py:   78]: acc % [jpeg_compression2]: 84.42%
[25/04/20 17:29:41] [eval.py:   70]: resetting model
[25/04/20 17:31:02] [eval.py:   78]: acc % [jpeg_compression1]: 88.45%
[25/04/20 17:31:02] [eval.py:   84]: 
                         1         2         3        4        5       avg
gaussian_noise     0.78090  0.804000  0.825500  0.86240  0.89830  0.834220
shot_noise         0.79810  0.840000  0.852400  0.89870  0.91480  0.860800
impulse_noise      0.70820  0.766700  0.834800  0.86600  0.90280  0.815700
defocus_blur       0.88960  0.920500  0.937200  0.93950  0.94130  0.925620
glass_blur         0.71330  0.715800  0.806000  0.80280  0.81270  0.770120
motion_blur        0.87810  0.897800  0.894500  0.90990  0.92510  0.901080
zoom_blur          0.89770  0.913300  0.922800  0.93050  0.93070  0.919000
snow               0.85540  0.858200  0.880500  0.88530  0.91370  0.878620
frost              0.85230  0.879100  0.877000  0.90360  0.92330  0.887060
fog                0.87620  0.921600  0.933100  0.93840  0.93960  0.921780
brightness         0.92390  0.934900  0.936500  0.93930  0.94070  0.935060
contrast           0.89010  0.920000  0.927600  0.93330  0.93950  0.922100
elastic_transform  0.79360  0.860400  0.908300  0.91880  0.91330  0.878880
pixelate           0.84900  0.888700  0.910300  0.91740  0.92640  0.898360
jpeg_compression   0.79070  0.811600  0.833800  0.84420  0.88450  0.832960
average            0.83314  0.862173  0.885353  0.89934  0.91378  0.878757
[25/04/20 17:31:02] [eval.py:  125]: resetting model
[25/04/20 17:32:25] [eval.py:  137]: Test set Accuracy: 0.9419
torch.Size([10000, 3, 32, 32]) 10000
torch.Size([10000, 3, 32, 32]) 10000
torch.Size([10000, 3, 32, 32]) 10000
torch.Size([10000, 3, 32, 32]) 10000
torch.Size([10000, 3, 32, 32]) 10000
torch.Size([10000, 3, 32, 32]) 10000
torch.Size([10000, 3, 32, 32]) 10000
torch.Size([10000, 3, 32, 32]) 10000
torch.Size([10000, 3, 32, 32]) 10000
torch.Size([10000, 3, 32, 32]) 10000
torch.Size([10000, 3, 32, 32]) 10000
torch.Size([10000, 3, 32, 32]) 10000
torch.Size([10000, 3, 32, 32]) 10000
torch.Size([10000, 3, 32, 32]) 10000
torch.Size([10000, 3, 32, 32]) 10000
torch.Size([10000, 3, 32, 32]) 10000
torch.Size([10000, 3, 32, 32]) 10000
torch.Size([10000, 3, 32, 32]) 10000
torch.Size([10000, 3, 32, 32]) 10000
torch.Size([10000, 3, 32, 32]) 10000
torch.Size([10000, 3, 32, 32]) 10000
torch.Size([10000, 3, 32, 32]) 10000
torch.Size([10000, 3, 32, 32]) 10000
torch.Size([10000, 3, 32, 32]) 10000
torch.Size([10000, 3, 32, 32]) 10000
torch.Size([10000, 3, 32, 32]) 10000
torch.Size([10000, 3, 32, 32]) 10000
torch.Size([10000, 3, 32, 32]) 10000
torch.Size([10000, 3, 32, 32]) 10000
torch.Size([10000, 3, 32, 32]) 10000
torch.Size([10000, 3, 32, 32]) 10000
torch.Size([10000, 3, 32, 32]) 10000
torch.Size([10000, 3, 32, 32]) 10000
torch.Size([10000, 3, 32, 32]) 10000
torch.Size([10000, 3, 32, 32]) 10000
torch.Size([10000, 3, 32, 32]) 10000
torch.Size([10000, 3, 32, 32]) 10000
torch.Size([10000, 3, 32, 32]) 10000
torch.Size([10000, 3, 32, 32]) 10000
torch.Size([10000, 3, 32, 32]) 10000
torch.Size([10000, 3, 32, 32]) 10000
torch.Size([10000, 3, 32, 32]) 10000
torch.Size([10000, 3, 32, 32]) 10000
torch.Size([10000, 3, 32, 32]) 10000
torch.Size([10000, 3, 32, 32]) 10000
torch.Size([10000, 3, 32, 32]) 10000
torch.Size([10000, 3, 32, 32]) 10000
torch.Size([10000, 3, 32, 32]) 10000
torch.Size([10000, 3, 32, 32]) 10000
torch.Size([10000, 3, 32, 32]) 10000
torch.Size([10000, 3, 32, 32]) 10000
torch.Size([10000, 3, 32, 32]) 10000
torch.Size([10000, 3, 32, 32]) 10000
torch.Size([10000, 3, 32, 32]) 10000
torch.Size([10000, 3, 32, 32]) 10000
torch.Size([10000, 3, 32, 32]) 10000
torch.Size([10000, 3, 32, 32]) 10000
torch.Size([10000, 3, 32, 32]) 10000
torch.Size([10000, 3, 32, 32]) 10000
torch.Size([10000, 3, 32, 32]) 10000
torch.Size([10000, 3, 32, 32]) 10000
torch.Size([10000, 3, 32, 32]) 10000
torch.Size([10000, 3, 32, 32]) 10000
torch.Size([10000, 3, 32, 32]) 10000
torch.Size([10000, 3, 32, 32]) 10000
torch.Size([10000, 3, 32, 32]) 10000
torch.Size([10000, 3, 32, 32]) 10000
torch.Size([10000, 3, 32, 32]) 10000
torch.Size([10000, 3, 32, 32]) 10000
torch.Size([10000, 3, 32, 32]) 10000
torch.Size([10000, 3, 32, 32]) 10000
torch.Size([10000, 3, 32, 32]) 10000
torch.Size([10000, 3, 32, 32]) 10000
torch.Size([10000, 3, 32, 32]) 10000
torch.Size([10000, 3, 32, 32]) 10000
Files already downloaded and verified
torch.Size([10000, 3, 32, 32]) 10000
