[25/04/20 20:30:14] [utils.py:   37]: PyTorch Version: torch=2.5.0+cu124, cuda=12.4, cudnn=90100
[25/04/20 20:30:14] [utils.py:   39]: BN:
  EPS: 1e-05
  MOM: 0.1
CKPT_DIR: ./ckpt
CORRUPTION:
  DATASET: cifar10
  IMG_SIZE: 32
  NUM_CHANNEL: 3
  NUM_CLASSES: 10
  NUM_EX: 10000
  SEVERITY: [5, 4, 3, 2, 1]
  TYPE: ['gaussian_noise', 'shot_noise', 'impulse_noise', 'defocus_blur', 'glass_blur', 'motion_blur', 'zoom_blur', 'snow', 'frost', 'fog', 'brightness', 'contrast', 'elastic_transform', 'pixelate', 'jpeg_compression']
CUDNN:
  BENCHMARK: True
DATA_DIR: ./data/cifar10
DESC: 
EATA:
  D_MARGIN: 0.05
  E_MARGIN: 2.763102111592855
  FISHER_ALPHA: 2000.0
  FISHER_SIZE: 2000
  USE_FISHER: False
EBM:
  BUFFER_SIZE: 10000
  REINIT_FREQ: 0.05
  SGLD_LR: 1.0
  SGLD_STD: 0.01
  STEPS: 20
  UNCOND: uncond
LOG_DEST: pl_bn_sgd-1-0.0001-200_250420-203014.txt
LOG_TIME: 250420-203014
MODEL:
  ADAPTATION: pl
  ADA_PARAM: ['bn']
  ARCH: WRN2810_BN
  EPISODIC: False
OPTIM:
  BATCH_SIZE: 200
  BETA: 0.9
  DAMPENING: 0.0
  LR: 0.0001
  METHOD: SGD
  MOMENTUM: 0.9
  NESTEROV: True
  STEPS: 1
  WD: 0.0
PL:
  ALPHA: 0.1
  THRESHOLD: 0.9
RNG_SEED: 1
SAR:
  MARGIN_E0: 2.763102111592855
SAVE_DIR: ./save/cifar10/bn-wrn-28-10
SHOT:
  CLF_COEFF: 0.1
  THRESHOLD: 0.9
TEST:
  
/home/scur2578/.local/lib/python3.9/site-packages/robustbench/utils.py:165: FutureWarning: You are using `torch.load` with `weights_only=False` (the current default value), which uses the default pickle module implicitly. It is possible to construct malicious pickle data which will execute arbitrary code during unpickling (See https://github.com/pytorch/pytorch/blob/main/SECURITY.md#untrusted-models for more details). In a future release, the default value for `weights_only` will be flipped to `True`. This limits the functions that could be executed during unpickling. Arbitrary objects will no longer be allowed to be loaded via this mode unless they are explicitly allowlisted by the user via `torch.serialization.add_safe_globals`. We recommend you start setting `weights_only=True` for any use case where you don't have full control of the loaded file. Please open an issue on GitHub for any issues related to this experimental feature.
  checkpoint = torch.load(model_path, map_location=torch.device('cpu'))
[25/04/20 20:30:15] [main.py:   75]: test-time adaptation: PL
[25/04/20 20:30:15] [setada.py:  187]: model for adaptation: WideResNet(
  (conv1): Conv2d(3, 16, kernel_size=(3, 3), stride=(1, 1), padding=(1, 1), bias=False)
  (block1): NetworkBlock(
    (layer): Sequential(
      (0): BasicBlock(
        (bn1): BatchNorm2d(16, eps=1e-05, momentum=0.1, affine=True, track_running_stats=True)
        (relu1): ReLU(inplace=True)
        (conv1): Conv2d(16, 160, kernel_size=(3, 3), stride=(1, 1), padding=(1, 1), bias=False)
        (bn2): BatchNorm2d(160, eps=1e-05, momentum=0.1, affine=True, track_running_stats=True)
        (relu2): ReLU(inplace=True)
        (conv2): Conv2d(160, 160, kernel_size=(3, 3), stride=(1, 1), padding=(1, 1), bias=False)
        (convShortcut): Conv2d(16, 160, kernel_size=(1, 1), stride=(1, 1), bias=False)
      )
      (1): BasicBlock(
        (bn1): BatchNorm2d(160, eps=1e-05, momentum=0.1, affine=True, track_running_stats=True)
        (relu1): ReLU(inplace=True)
        (conv1): Conv2d(160, 160, kernel_size=(3, 3), stride=(1, 1), padding=(1, 1), bias=False)
        (bn2): BatchNorm2d(160, eps=1e-05, momentum=0.1, affine=True, track_running_stats=True)
        (relu2): ReLU(inplace=True)
        (conv2): Conv2d(160, 160, kernel_size=(3, 3), stride=(1, 1), padding=(1, 1), bias=False)
      )
      (2): BasicBlock(
        (bn1): BatchNorm2d(160, eps=1e-05, momentum=0.1, affine=True, track_running_stats=True)
        (relu1): ReLU(inplace=True)
        (conv1): Conv2d(160, 160, kernel_size=(3, 3), stride=(1, 1), padding=(1, 1), bias=False)
        (bn2): BatchNorm2d(160, eps=1e-05, momentum=0.1, affine=True, track_running_stats=True)
        (relu2): ReLU(inplace=True)
        (conv2): Conv2d(160, 160, kernel_size=(3, 3), stride=(1, 1), padding=(1, 1), bias=False)
      )
      (3): BasicBlock(
        (bn1): BatchNorm2d(160, eps=1e-05, momentum=0.1, affine=True, track_running_stats=True)
        (relu1): ReLU(inplace=True)
        (conv1): Conv2d(160, 160, kernel_size=(3, 3), stride=(1, 1), padding=(1, 1), bias=False)
        (bn2): BatchNorm2d(160, eps=1e-05, momentum=0.1, affine=True, track_running_stats=True)
        (relu2): ReLU(inplace=True)
        (conv2): Conv2d(160, 160, kernel_size=(3, 3), stride=(1, 1), padding=(1, 1), bias=False)
      )
    )
  )
  (block2): NetworkBlock(
    (layer): Sequential(
      (0): BasicBlock(
        (bn1): BatchNorm2d(160, eps=1e-05, momentum=0.1, affine=True, track_running_stats=True)
        (relu1): ReLU(inplace=True)
        (conv1): Conv2d(160, 320, kernel_size=(3, 3), stride=(2, 2), padding=(1, 1), bias=False)
        (bn2): BatchNorm2d(320, eps=1e-05, momentum=0.1, affine=True, track_running_stats=True)
        (relu2): ReLU(inplace=True)
        (conv2): Conv2d(320, 320, kernel_size=(3, 3), stride=(1, 1), padding=(1, 1), bias=False)
        (convShortcut): Conv2d(160, 320, kernel_size=(1, 1), stride=(2, 2), bias=False)
      )
      (1): BasicBlock(
        (bn1): BatchNorm2d(320, eps=1e-05, momentum=0.1, affine=True, track_running_stats=True)
        (relu1): ReLU(inplace=True)
        (conv1): Conv2d(320, 320, kernel_size=(3, 3), stride=(1, 1), padding=(1, 1), bias=False)
        (bn2): BatchNorm2d(320, eps=1e-05, momentum=0.1, affine=True, track_running_stats=True)
        (relu2): ReLU(inplace=True)
        (conv2): Conv2d(320, 320, kernel_size=(3, 3), stride=(1, 1), padding=(1, 1), bias=False)
      )
      (2): BasicBlock(
        (bn1): BatchNorm2d(320, eps=1e-05, momentum=0.1, affine=True, track_running_stats=True)
        (relu1): ReLU(inplace=True)
        (conv1): Conv2d(320, 320, kernel_size=(3, 3), stride=(1, 1), padding=(1, 1), bias=False)
        (bn2): BatchNorm2d(320, eps=1e-05, momentum=0.1, affine=True, track_running_stats=True)
        (relu2): ReLU(inplace=True)
        (conv2): Conv2d(320, 320, kernel_size=(3, 3), stride=(1, 1), padding=(1, 1), bias=False)
      )
      (3): BasicBlock(
        (bn1): BatchNorm2d(320, eps=1e-05, momentum=0.1, affine=True, track_running_stats=True)
        (relu1): ReLU(inplace=True)
        (conv1): Conv2d(320, 320, kernel_size=(3, 3), stride=(1, 1), padding=(1, 1), bias=False)
        (bn2): BatchNorm2d(320, eps=1e-05, momentum=0.1, affine=True, track_running_stats=True)
        (relu2): ReLU(inplace=True)
        (conv2): Conv2d(320, 320, kernel_size=(3, 3), stride=(1, 1), padding=(1, 1), bias=False)
      )
    )
  )
  (block3): NetworkBlock(
    (layer): Sequential(
      (0): BasicBlock(
        (bn1): BatchNorm2d(320, eps=1e-05, momentum=0.1, affine=True, track_running_stats=True)
        (relu1): ReLU(inplace=True)
        (conv1): Conv2d(320, 640, kernel_size=(3, 3), stride=(2, 2), padding=(1, 1), bias=False)
        (bn2): BatchNorm2d(640, eps=1e-05, momentum=0.1, affine=True, track_running_stats=True)
        (relu2): ReLU(inplace=True)
        (conv2): Conv2d(640, 640, kernel_size=(3, 3), stride=(1, 1), padding=(1, 1), bias=False)
        (convShortcut): Conv2d(320, 640, kernel_size=(1, 1), stride=(2, 2), bias=False)
      )
      (1): BasicBlock(
        (bn1): BatchNorm2d(640, eps=1e-05, momentum=0.1, affine=True, track_running_stats=True)
        (relu1): ReLU(inplace=True)
        (conv1): Conv2d(640, 640, kernel_size=(3, 3), stride=(1, 1), padding=(1, 1), bias=False)
        (bn2): BatchNorm2d(640, eps=1e-05, momentum=0.1, affine=True, track_running_stats=True)
        (relu2): ReLU(inplace=True)
        (conv2): Conv2d(640, 640, kernel_size=(3, 3), stride=(1, 1), padding=(1, 1), bias=False)
      )
      (2): BasicBlock(
        (bn1): BatchNorm2d(640, eps=1e-05, momentum=0.1, affine=True, track_running_stats=True)
        (relu1): ReLU(inplace=True)
        (conv1): Conv2d(640, 640, kernel_size=(3, 3), stride=(1, 1), padding=(1, 1), bias=False)
        (bn2): BatchNorm2d(640, eps=1e-05, momentum=0.1, affine=True, track_running_stats=True)
        (relu2): ReLU(inplace=True)
        (conv2): Conv2d(640, 640, kernel_size=(3, 3), stride=(1, 1), padding=(1, 1), bias=False)
      )
      (3): BasicBlock(
        (bn1): BatchNorm2d(640, eps=1e-05, momentum=0.1, affine=True, track_running_stats=True)
        (relu1): ReLU(inplace=True)
        (conv1): Conv2d(640, 640, kernel_size=(3, 3), stride=(1, 1), padding=(1, 1), bias=False)
        (bn2): BatchNorm2d(640, eps=1e-05, momentum=0.1, affine=True, track_running_stats=True)
        (relu2): ReLU(inplace=True)
        (conv2): Conv2d(640, 640, kernel_size=(3, 3), stride=(1, 1), padding=(1, 1), bias=False)
      )
    )
  )
  (bn1): BatchNorm2d(640, eps=1e-05, momentum=0.1, affine=True, track_running_stats=True)
  (relu): ReLU(inplace=True)
  (fc): Linear(in_features=640, out_features=10, bias=True)
)
[25/04/20 20:30:15] [eval.py:   70]: resetting model
[25/04/20 20:30:22] [eval.py:   78]: acc % [gaussian_noise5]: 11.13%
[25/04/20 20:30:22] [eval.py:   70]: resetting model
[25/04/20 20:30:28] [eval.py:   78]: acc % [gaussian_noise4]: 11.25%
[25/04/20 20:30:28] [eval.py:   70]: resetting model
[25/04/20 20:30:33] [eval.py:   78]: acc % [gaussian_noise3]: 12.27%
[25/04/20 20:30:34] [eval.py:   70]: resetting model
[25/04/20 20:30:39] [eval.py:   78]: acc % [gaussian_noise2]: 19.64%
[25/04/20 20:30:39] [eval.py:   70]: resetting model
[25/04/20 20:30:45] [eval.py:   78]: acc % [gaussian_noise1]: 84.13%
[25/04/20 20:30:45] [eval.py:   70]: resetting model
[25/04/20 20:30:50] [eval.py:   78]: acc % [shot_noise5]: 11.19%
[25/04/20 20:30:50] [eval.py:   70]: resetting model
[25/04/20 20:30:56] [eval.py:   78]: acc % [shot_noise4]: 12.59%
[25/04/20 20:30:56] [eval.py:   70]: resetting model
[25/04/20 20:31:02] [eval.py:   78]: acc % [shot_noise3]: 13.44%
[25/04/20 20:31:02] [eval.py:   70]: resetting model
[25/04/20 20:31:07] [eval.py:   78]: acc % [shot_noise2]: 83.50%
[25/04/20 20:31:07] [eval.py:   70]: resetting model
[25/04/20 20:31:13] [eval.py:   78]: acc % [shot_noise1]: 87.64%
[25/04/20 20:31:13] [eval.py:   70]: resetting model
[25/04/20 20:31:19] [eval.py:   78]: acc % [impulse_noise5]: 11.04%
[25/04/20 20:31:19] [eval.py:   70]: resetting model
[25/04/20 20:31:24] [eval.py:   78]: acc % [impulse_noise4]: 12.21%
[25/04/20 20:31:24] [eval.py:   70]: resetting model
[25/04/20 20:31:30] [eval.py:   78]: acc % [impulse_noise3]: 27.34%
[25/04/20 20:31:30] [eval.py:   70]: resetting model
[25/04/20 20:31:36] [eval.py:   78]: acc % [impulse_noise2]: 60.57%
[25/04/20 20:31:36] [eval.py:   70]: resetting model
[25/04/20 20:31:41] [eval.py:   78]: acc % [impulse_noise1]: 82.11%
[25/04/20 20:31:41] [eval.py:   70]: resetting model
[25/04/20 20:31:47] [eval.py:   78]: acc % [defocus_blur5]: 16.51%
[25/04/20 20:31:47] [eval.py:   70]: resetting model
[25/04/20 20:31:53] [eval.py:   78]: acc % [defocus_blur4]: 85.60%
[25/04/20 20:31:53] [eval.py:   70]: resetting model
[25/04/20 20:31:58] [eval.py:   78]: acc % [defocus_blur3]: 90.74%
[25/04/20 20:31:58] [eval.py:   70]: resetting model
[25/04/20 20:32:04] [eval.py:   78]: acc % [defocus_blur2]: 92.76%
[25/04/20 20:32:04] [eval.py:   70]: resetting model
[25/04/20 20:32:10] [eval.py:   78]: acc % [defocus_blur1]: 93.47%
[25/04/20 20:32:10] [eval.py:   70]: resetting model
[25/04/20 20:32:15] [eval.py:   78]: acc % [glass_blur5]: 12.88%
[25/04/20 20:32:15] [eval.py:   70]: resetting model
[25/04/20 20:32:21] [eval.py:   78]: acc % [glass_blur4]: 12.65%
[25/04/20 20:32:21] [eval.py:   70]: resetting model
[25/04/20 20:32:27] [eval.py:   78]: acc % [glass_blur3]: 37.20%
[25/04/20 20:32:27] [eval.py:   70]: resetting model
[25/04/20 20:32:32] [eval.py:   78]: acc % [glass_blur2]: 53.24%
[25/04/20 20:32:32] [eval.py:   70]: resetting model
[25/04/20 20:32:38] [eval.py:   78]: acc % [glass_blur1]: 24.31%
[25/04/20 20:32:38] [eval.py:   70]: resetting model
[25/04/20 20:32:44] [eval.py:   78]: acc % [motion_blur5]: 26.53%
[25/04/20 20:32:44] [eval.py:   70]: resetting model
[25/04/20 20:32:49] [eval.py:   78]: acc % [motion_blur4]: 82.45%
[25/04/20 20:32:49] [eval.py:   70]: resetting model
[25/04/20 20:32:55] [eval.py:   78]: acc % [motion_blur3]: 84.49%
[25/04/20 20:32:55] [eval.py:   70]: resetting model
[25/04/20 20:33:01] [eval.py:   78]: acc % [motion_blur2]: 86.92%
[25/04/20 20:33:01] [eval.py:   70]: resetting model
[25/04/20 20:33:06] [eval.py:   78]: acc % [motion_blur1]: 90.71%
[25/04/20 20:33:06] [eval.py:   70]: resetting model
[25/04/20 20:33:12] [eval.py:   78]: acc % [zoom_blur5]: 70.84%
[25/04/20 20:33:12] [eval.py:   70]: resetting model
[25/04/20 20:33:18] [eval.py:   78]: acc % [zoom_blur4]: 81.94%
[25/04/20 20:33:18] [eval.py:   70]: resetting model
[25/04/20 20:33:23] [eval.py:   78]: acc % [zoom_blur3]: 85.53%
[25/04/20 20:33:23] [eval.py:   70]: resetting model
[25/04/20 20:33:29] [eval.py:   78]: acc % [zoom_blur2]: 88.75%
[25/04/20 20:33:29] [eval.py:   70]: resetting model
[25/04/20 20:33:35] [eval.py:   78]: acc % [zoom_blur1]: 90.03%
[25/04/20 20:33:35] [eval.py:   70]: resetting model
[25/04/20 20:33:40] [eval.py:   78]: acc % [snow5]: 43.34%
[25/04/20 20:33:40] [eval.py:   70]: resetting model
[25/04/20 20:33:46] [eval.py:   78]: acc % [snow4]: 76.25%
[25/04/20 20:33:46] [eval.py:   70]: resetting model
[25/04/20 20:33:52] [eval.py:   78]: acc % [snow3]: 80.69%
[25/04/20 20:33:52] [eval.py:   70]: resetting model
[25/04/20 20:33:57] [eval.py:   78]: acc % [snow2]: 80.44%
[25/04/20 20:33:57] [eval.py:   70]: resetting model
[25/04/20 20:34:03] [eval.py:   78]: acc % [snow1]: 87.61%
[25/04/20 20:34:03] [eval.py:   70]: resetting model
[25/04/20 20:34:09] [eval.py:   78]: acc % [frost5]: 45.99%
[25/04/20 20:34:09] [eval.py:   70]: resetting model
[25/04/20 20:34:14] [eval.py:   78]: acc % [frost4]: 69.53%
[25/04/20 20:34:14] [eval.py:   70]: resetting model
[25/04/20 20:34:20] [eval.py:   78]: acc % [frost3]: 79.71%
[25/04/20 20:34:20] [eval.py:   70]: resetting model
[25/04/20 20:34:26] [eval.py:   78]: acc % [frost2]: 81.82%
[25/04/20 20:34:26] [eval.py:   70]: resetting model
[25/04/20 20:34:31] [eval.py:   78]: acc % [frost1]: 89.95%
[25/04/20 20:34:31] [eval.py:   70]: resetting model
[25/04/20 20:34:37] [eval.py:   78]: acc % [fog5]: 58.40%
[25/04/20 20:34:37] [eval.py:   70]: resetting model
[25/04/20 20:34:43] [eval.py:   78]: acc % [fog4]: 89.55%
[25/04/20 20:34:43] [eval.py:   70]: resetting model
[25/04/20 20:34:48] [eval.py:   78]: acc % [fog3]: 90.54%
[25/04/20 20:34:48] [eval.py:   70]: resetting model
[25/04/20 20:34:54] [eval.py:   78]: acc % [fog2]: 91.93%
[25/04/20 20:34:54] [eval.py:   70]: resetting model
[25/04/20 20:35:00] [eval.py:   78]: acc % [fog1]: 93.20%
[25/04/20 20:35:00] [eval.py:   70]: resetting model
[25/04/20 20:35:05] [eval.py:   78]: acc % [brightness5]: 87.50%
[25/04/20 20:35:05] [eval.py:   70]: resetting model
[25/04/20 20:35:11] [eval.py:   78]: acc % [brightness4]: 92.29%
[25/04/20 20:35:11] [eval.py:   70]: resetting model
[25/04/20 20:35:17] [eval.py:   78]: acc % [brightness3]: 91.28%
[25/04/20 20:35:17] [eval.py:   70]: resetting model
[25/04/20 20:35:22] [eval.py:   78]: acc % [brightness2]: 92.78%
[25/04/20 20:35:22] [eval.py:   70]: resetting model
[25/04/20 20:35:28] [eval.py:   78]: acc % [brightness1]: 92.40%
[25/04/20 20:35:28] [eval.py:   70]: resetting model
[25/04/20 20:35:34] [eval.py:   78]: acc % [contrast5]: 59.34%
[25/04/20 20:35:34] [eval.py:   70]: resetting model
[25/04/20 20:35:39] [eval.py:   78]: acc % [contrast4]: 81.47%
[25/04/20 20:35:39] [eval.py:   70]: resetting model
[25/04/20 20:35:45] [eval.py:   78]: acc % [contrast3]: 89.54%
[25/04/20 20:35:45] [eval.py:   70]: resetting model
[25/04/20 20:35:51] [eval.py:   78]: acc % [contrast2]: 92.30%
[25/04/20 20:35:51] [eval.py:   70]: resetting model
[25/04/20 20:35:56] [eval.py:   78]: acc % [contrast1]: 93.68%
[25/04/20 20:35:56] [eval.py:   70]: resetting model
[25/04/20 20:36:02] [eval.py:   78]: acc % [elastic_transform5]: 70.34%
[25/04/20 20:36:02] [eval.py:   70]: resetting model
[25/04/20 20:36:08] [eval.py:   78]: acc % [elastic_transform4]: 78.51%
[25/04/20 20:36:08] [eval.py:   70]: resetting model
[25/04/20 20:36:13] [eval.py:   78]: acc % [elastic_transform3]: 88.19%
[25/04/20 20:36:13] [eval.py:   70]: resetting model
[25/04/20 20:36:19] [eval.py:   78]: acc % [elastic_transform2]: 89.38%
[25/04/20 20:36:19] [eval.py:   70]: resetting model
[25/04/20 20:36:25] [eval.py:   78]: acc % [elastic_transform1]: 89.89%
[25/04/20 20:36:25] [eval.py:   70]: resetting model
[25/04/20 20:36:30] [eval.py:   78]: acc % [pixelate5]: 14.57%
[25/04/20 20:36:30] [eval.py:   70]: resetting model
[25/04/20 20:36:36] [eval.py:   78]: acc % [pixelate4]: 75.08%
[25/04/20 20:36:36] [eval.py:   70]: resetting model
[25/04/20 20:36:42] [eval.py:   78]: acc % [pixelate3]: 86.79%
[25/04/20 20:36:42] [eval.py:   70]: resetting model
[25/04/20 20:36:47] [eval.py:   78]: acc % [pixelate2]: 86.82%
[25/04/20 20:36:47] [eval.py:   70]: resetting model
[25/04/20 20:36:53] [eval.py:   78]: acc % [pixelate1]: 91.48%
[25/04/20 20:36:53] [eval.py:   70]: resetting model
[25/04/20 20:36:59] [eval.py:   78]: acc % [jpeg_compression5]: 32.12%
[25/04/20 20:36:59] [eval.py:   70]: resetting model
[25/04/20 20:37:04] [eval.py:   78]: acc % [jpeg_compression4]: 46.80%
[25/04/20 20:37:04] [eval.py:   70]: resetting model
[25/04/20 20:37:10] [eval.py:   78]: acc % [jpeg_compression3]: 72.41%
[25/04/20 20:37:10] [eval.py:   70]: resetting model
[25/04/20 20:37:16] [eval.py:   78]: acc % [jpeg_compression2]: 68.81%
[25/04/20 20:37:16] [eval.py:   70]: resetting model
[25/04/20 20:37:21] [eval.py:   78]: acc % [jpeg_compression1]: 68.42%
[25/04/20 20:37:21] [eval.py:   84]: 
                          1         2         3         4         5       avg
gaussian_noise     0.111300  0.112500  0.122700  0.196400  0.841300  0.276840
shot_noise         0.111900  0.125900  0.134400  0.835000  0.876400  0.416720
impulse_noise      0.110400  0.122100  0.273400  0.605700  0.821100  0.386540
defocus_blur       0.165100  0.856000  0.907400  0.927600  0.934700  0.758160
glass_blur         0.128800  0.126500  0.372000  0.532400  0.243100  0.280560
motion_blur        0.265300  0.824500  0.844900  0.869200  0.907100  0.742200
zoom_blur          0.708400  0.819400  0.855300  0.887500  0.900300  0.834180
snow               0.433400  0.762500  0.806900  0.804400  0.876100  0.736660
frost              0.459900  0.695300  0.797100  0.818200  0.899500  0.734000
fog                0.584000  0.895500  0.905400  0.919300  0.932000  0.847240
brightness         0.875000  0.922900  0.912800  0.927800  0.924000  0.912500
contrast           0.593400  0.814700  0.895400  0.923000  0.936800  0.832660
elastic_transform  0.703400  0.785100  0.881900  0.893800  0.898900  0.832620
pixelate           0.145700  0.750800  0.867900  0.868200  0.914800  0.709480
jpeg_compression   0.321200  0.468000  0.724100  0.688100  0.684200  0.577120
average            0.381147  0.605447  0.686773  0.779773  0.839353  0.658499
[25/04/20 20:37:21] [eval.py:  125]: resetting model
[25/04/20 20:37:29] [eval.py:  137]: Test set Accuracy: 0.9364
torch.Size([10000, 3, 32, 32]) 10000
torch.Size([10000, 3, 32, 32]) 10000
torch.Size([10000, 3, 32, 32]) 10000
torch.Size([10000, 3, 32, 32]) 10000
torch.Size([10000, 3, 32, 32]) 10000
torch.Size([10000, 3, 32, 32]) 10000
torch.Size([10000, 3, 32, 32]) 10000
torch.Size([10000, 3, 32, 32]) 10000
torch.Size([10000, 3, 32, 32]) 10000
torch.Size([10000, 3, 32, 32]) 10000
torch.Size([10000, 3, 32, 32]) 10000
torch.Size([10000, 3, 32, 32]) 10000
torch.Size([10000, 3, 32, 32]) 10000
torch.Size([10000, 3, 32, 32]) 10000
torch.Size([10000, 3, 32, 32]) 10000
torch.Size([10000, 3, 32, 32]) 10000
torch.Size([10000, 3, 32, 32]) 10000
torch.Size([10000, 3, 32, 32]) 10000
torch.Size([10000, 3, 32, 32]) 10000
torch.Size([10000, 3, 32, 32]) 10000
torch.Size([10000, 3, 32, 32]) 10000
torch.Size([10000, 3, 32, 32]) 10000
torch.Size([10000, 3, 32, 32]) 10000
torch.Size([10000, 3, 32, 32]) 10000
torch.Size([10000, 3, 32, 32]) 10000
torch.Size([10000, 3, 32, 32]) 10000
torch.Size([10000, 3, 32, 32]) 10000
torch.Size([10000, 3, 32, 32]) 10000
torch.Size([10000, 3, 32, 32]) 10000
torch.Size([10000, 3, 32, 32]) 10000
torch.Size([10000, 3, 32, 32]) 10000
torch.Size([10000, 3, 32, 32]) 10000
torch.Size([10000, 3, 32, 32]) 10000
torch.Size([10000, 3, 32, 32]) 10000
torch.Size([10000, 3, 32, 32]) 10000
torch.Size([10000, 3, 32, 32]) 10000
torch.Size([10000, 3, 32, 32]) 10000
torch.Size([10000, 3, 32, 32]) 10000
torch.Size([10000, 3, 32, 32]) 10000
torch.Size([10000, 3, 32, 32]) 10000
torch.Size([10000, 3, 32, 32]) 10000
torch.Size([10000, 3, 32, 32]) 10000
torch.Size([10000, 3, 32, 32]) 10000
torch.Size([10000, 3, 32, 32]) 10000
torch.Size([10000, 3, 32, 32]) 10000
torch.Size([10000, 3, 32, 32]) 10000
torch.Size([10000, 3, 32, 32]) 10000
torch.Size([10000, 3, 32, 32]) 10000
torch.Size([10000, 3, 32, 32]) 10000
torch.Size([10000, 3, 32, 32]) 10000
torch.Size([10000, 3, 32, 32]) 10000
torch.Size([10000, 3, 32, 32]) 10000
torch.Size([10000, 3, 32, 32]) 10000
torch.Size([10000, 3, 32, 32]) 10000
torch.Size([10000, 3, 32, 32]) 10000
torch.Size([10000, 3, 32, 32]) 10000
torch.Size([10000, 3, 32, 32]) 10000
torch.Size([10000, 3, 32, 32]) 10000
torch.Size([10000, 3, 32, 32]) 10000
torch.Size([10000, 3, 32, 32]) 10000
torch.Size([10000, 3, 32, 32]) 10000
torch.Size([10000, 3, 32, 32]) 10000
torch.Size([10000, 3, 32, 32]) 10000
torch.Size([10000, 3, 32, 32]) 10000
torch.Size([10000, 3, 32, 32]) 10000
torch.Size([10000, 3, 32, 32]) 10000
torch.Size([10000, 3, 32, 32]) 10000
torch.Size([10000, 3, 32, 32]) 10000
torch.Size([10000, 3, 32, 32]) 10000
torch.Size([10000, 3, 32, 32]) 10000
torch.Size([10000, 3, 32, 32]) 10000
torch.Size([10000, 3, 32, 32]) 10000
torch.Size([10000, 3, 32, 32]) 10000
torch.Size([10000, 3, 32, 32]) 10000
torch.Size([10000, 3, 32, 32]) 10000
Files already downloaded and verified
torch.Size([10000, 3, 32, 32]) 10000
