[25/04/20 15:49:14] [utils.py:   37]: PyTorch Version: torch=2.5.0+cu124, cuda=12.4, cudnn=90100
[25/04/20 15:49:14] [utils.py:   39]: BN:
  EPS: 1e-05
  MOM: 0.1
CKPT_DIR: ./ckpt
CORRUPTION:
  DATASET: cifar10
  IMG_SIZE: 32
  NUM_CHANNEL: 3
  NUM_CLASSES: 10
  NUM_EX: 10000
  SEVERITY: [5, 4, 3, 2, 1]
  TYPE: ['gaussian_noise', 'shot_noise', 'impulse_noise', 'defocus_blur', 'glass_blur', 'motion_blur', 'zoom_blur', 'snow', 'frost', 'fog', 'brightness', 'contrast', 'elastic_transform', 'pixelate', 'jpeg_compression']
CUDNN:
  BENCHMARK: True
DATA_DIR: ./data/cifar10
DESC: 
EATA:
  D_MARGIN: 0.05
  E_MARGIN: 2.763102111592855
  FISHER_ALPHA: 2000.0
  FISHER_SIZE: 2000
  USE_FISHER: False
EBM:
  BUFFER_SIZE: 10000
  REINIT_FREQ: 0.05
  SGLD_LR: 0.1
  SGLD_STD: 0.01
  STEPS: 20
  UNCOND: uncond
LOG_DEST: energy_bn_adam-1-0.001-200_uncond-20-0.1-0.01-10000-0.05_250420-154914.txt
LOG_TIME: 250420-154914
MODEL:
  ADAPTATION: energy
  ADA_PARAM: ['bn']
  ARCH: WRN2810_BN
  EPISODIC: False
OPTIM:
  BATCH_SIZE: 200
  BETA: 0.9
  DAMPENING: 0.0
  LR: 0.001
  METHOD: Adam
  MOMENTUM: 0.9
  NESTEROV: True
  STEPS: 1
  WD: 0.0
PL:
  ALPHA: 0.1
  THRESHOLD: 0.9
RNG_SEED: 91
SAR:
  MARGIN_E0: 2.763102111592855
SAVE_DIR: ./save/cifar10/bn-wrn-28-10
SHOT:
  CLF_COEFF: 0.1
  THRESHOLD: 0.9
TEST:
  
/home/scur2578/.local/lib/python3.9/site-packages/robustbench/utils.py:165: FutureWarning: You are using `torch.load` with `weights_only=False` (the current default value), which uses the default pickle module implicitly. It is possible to construct malicious pickle data which will execute arbitrary code during unpickling (See https://github.com/pytorch/pytorch/blob/main/SECURITY.md#untrusted-models for more details). In a future release, the default value for `weights_only` will be flipped to `True`. This limits the functions that could be executed during unpickling. Arbitrary objects will no longer be allowed to be loaded via this mode unless they are explicitly allowlisted by the user via `torch.serialization.add_safe_globals`. We recommend you start setting `weights_only=True` for any use case where you don't have full control of the loaded file. Please open an issue on GitHub for any issues related to this experimental feature.
  checkpoint = torch.load(model_path, map_location=torch.device('cpu'))
[25/04/20 15:49:15] [main.py:   66]: test-time adaptation: ENERGY
[25/04/20 15:49:15] [param.py:   18]: adapting weights of batch-normalization layer
[25/04/20 15:49:15] [setada.py:  138]: model for adaptation: WideResNet(
  (conv1): Conv2d(3, 16, kernel_size=(3, 3), stride=(1, 1), padding=(1, 1), bias=False)
  (block1): NetworkBlock(
    (layer): Sequential(
      (0): BasicBlock(
        (bn1): BatchNorm2d(16, eps=1e-05, momentum=0.1, affine=True, track_running_stats=False)
        (relu1): ReLU(inplace=True)
        (conv1): Conv2d(16, 160, kernel_size=(3, 3), stride=(1, 1), padding=(1, 1), bias=False)
        (bn2): BatchNorm2d(160, eps=1e-05, momentum=0.1, affine=True, track_running_stats=False)
        (relu2): ReLU(inplace=True)
        (conv2): Conv2d(160, 160, kernel_size=(3, 3), stride=(1, 1), padding=(1, 1), bias=False)
        (convShortcut): Conv2d(16, 160, kernel_size=(1, 1), stride=(1, 1), bias=False)
      )
      (1): BasicBlock(
        (bn1): BatchNorm2d(160, eps=1e-05, momentum=0.1, affine=True, track_running_stats=False)
        (relu1): ReLU(inplace=True)
        (conv1): Conv2d(160, 160, kernel_size=(3, 3), stride=(1, 1), padding=(1, 1), bias=False)
        (bn2): BatchNorm2d(160, eps=1e-05, momentum=0.1, affine=True, track_running_stats=False)
        (relu2): ReLU(inplace=True)
        (conv2): Conv2d(160, 160, kernel_size=(3, 3), stride=(1, 1), padding=(1, 1), bias=False)
      )
      (2): BasicBlock(
        (bn1): BatchNorm2d(160, eps=1e-05, momentum=0.1, affine=True, track_running_stats=False)
        (relu1): ReLU(inplace=True)
        (conv1): Conv2d(160, 160, kernel_size=(3, 3), stride=(1, 1), padding=(1, 1), bias=False)
        (bn2): BatchNorm2d(160, eps=1e-05, momentum=0.1, affine=True, track_running_stats=False)
        (relu2): ReLU(inplace=True)
        (conv2): Conv2d(160, 160, kernel_size=(3, 3), stride=(1, 1), padding=(1, 1), bias=False)
      )
      (3): BasicBlock(
        (bn1): BatchNorm2d(160, eps=1e-05, momentum=0.1, affine=True, track_running_stats=False)
        (relu1): ReLU(inplace=True)
        (conv1): Conv2d(160, 160, kernel_size=(3, 3), stride=(1, 1), padding=(1, 1), bias=False)
        (bn2): BatchNorm2d(160, eps=1e-05, momentum=0.1, affine=True, track_running_stats=False)
        (relu2): ReLU(inplace=True)
        (conv2): Conv2d(160, 160, kernel_size=(3, 3), stride=(1, 1), padding=(1, 1), bias=False)
      )
    )
  )
  (block2): NetworkBlock(
    (layer): Sequential(
      (0): BasicBlock(
        (bn1): BatchNorm2d(160, eps=1e-05, momentum=0.1, affine=True, track_running_stats=False)
        (relu1): ReLU(inplace=True)
        (conv1): Conv2d(160, 320, kernel_size=(3, 3), stride=(2, 2), padding=(1, 1), bias=False)
        (bn2): BatchNorm2d(320, eps=1e-05, momentum=0.1, affine=True, track_running_stats=False)
        (relu2): ReLU(inplace=True)
        (conv2): Conv2d(320, 320, kernel_size=(3, 3), stride=(1, 1), padding=(1, 1), bias=False)
        (convShortcut): Conv2d(160, 320, kernel_size=(1, 1), stride=(2, 2), bias=False)
      )
      (1): BasicBlock(
        (bn1): BatchNorm2d(320, eps=1e-05, momentum=0.1, affine=True, track_running_stats=False)
        (relu1): ReLU(inplace=True)
        (conv1): Conv2d(320, 320, kernel_size=(3, 3), stride=(1, 1), padding=(1, 1), bias=False)
        (bn2): BatchNorm2d(320, eps=1e-05, momentum=0.1, affine=True, track_running_stats=False)
        (relu2): ReLU(inplace=True)
        (conv2): Conv2d(320, 320, kernel_size=(3, 3), stride=(1, 1), padding=(1, 1), bias=False)
      )
      (2): BasicBlock(
        (bn1): BatchNorm2d(320, eps=1e-05, momentum=0.1, affine=True, track_running_stats=False)
        (relu1): ReLU(inplace=True)
        (conv1): Conv2d(320, 320, kernel_size=(3, 3), stride=(1, 1), padding=(1, 1), bias=False)
        (bn2): BatchNorm2d(320, eps=1e-05, momentum=0.1, affine=True, track_running_stats=False)
        (relu2): ReLU(inplace=True)
        (conv2): Conv2d(320, 320, kernel_size=(3, 3), stride=(1, 1), padding=(1, 1), bias=False)
      )
      (3): BasicBlock(
        (bn1): BatchNorm2d(320, eps=1e-05, momentum=0.1, affine=True, track_running_stats=False)
        (relu1): ReLU(inplace=True)
        (conv1): Conv2d(320, 320, kernel_size=(3, 3), stride=(1, 1), padding=(1, 1), bias=False)
        (bn2): BatchNorm2d(320, eps=1e-05, momentum=0.1, affine=True, track_running_stats=False)
        (relu2): ReLU(inplace=True)
        (conv2): Conv2d(320, 320, kernel_size=(3, 3), stride=(1, 1), padding=(1, 1), bias=False)
      )
    )
  )
  (block3): NetworkBlock(
    (layer): Sequential(
      (0): BasicBlock(
        (bn1): BatchNorm2d(320, eps=1e-05, momentum=0.1, affine=True, track_running_stats=False)
        (relu1): ReLU(inplace=True)
        (conv1): Conv2d(320, 640, kernel_size=(3, 3), stride=(2, 2), padding=(1, 1), bias=False)
        (bn2): BatchNorm2d(640, eps=1e-05, momentum=0.1, affine=True, track_running_stats=False)
        (relu2): ReLU(inplace=True)
        (conv2): Conv2d(640, 640, kernel_size=(3, 3), stride=(1, 1), padding=(1, 1), bias=False)
        (convShortcut): Conv2d(320, 640, kernel_size=(1, 1), stride=(2, 2), bias=False)
      )
      (1): BasicBlock(
        (bn1): BatchNorm2d(640, eps=1e-05, momentum=0.1, affine=True, track_running_stats=False)
        (relu1): ReLU(inplace=True)
        (conv1): Conv2d(640, 640, kernel_size=(3, 3), stride=(1, 1), padding=(1, 1), bias=False)
        (bn2): BatchNorm2d(640, eps=1e-05, momentum=0.1, affine=True, track_running_stats=False)
        (relu2): ReLU(inplace=True)
        (conv2): Conv2d(640, 640, kernel_size=(3, 3), stride=(1, 1), padding=(1, 1), bias=False)
      )
      (2): BasicBlock(
        (bn1): BatchNorm2d(640, eps=1e-05, momentum=0.1, affine=True, track_running_stats=False)
        (relu1): ReLU(inplace=True)
        (conv1): Conv2d(640, 640, kernel_size=(3, 3), stride=(1, 1), padding=(1, 1), bias=False)
        (bn2): BatchNorm2d(640, eps=1e-05, momentum=0.1, affine=True, track_running_stats=False)
        (relu2): ReLU(inplace=True)
        (conv2): Conv2d(640, 640, kernel_size=(3, 3), stride=(1, 1), padding=(1, 1), bias=False)
      )
      (3): BasicBlock(
        (bn1): BatchNorm2d(640, eps=1e-05, momentum=0.1, affine=True, track_running_stats=False)
        (relu1): ReLU(inplace=True)
        (conv1): Conv2d(640, 640, kernel_size=(3, 3), stride=(1, 1), padding=(1, 1), bias=False)
        (bn2): BatchNorm2d(640, eps=1e-05, momentum=0.1, affine=True, track_running_stats=False)
        (relu2): ReLU(inplace=True)
        (conv2): Conv2d(640, 640, kernel_size=(3, 3), stride=(1, 1), padding=(1, 1), bias=False)
      )
    )
  )
  (bn1): BatchNorm2d(640, eps=1e-05, momentum=0.1, affine=True, track_running_stats=False)
  (relu): ReLU(inplace=True)
  (fc): Linear(in_features=640, out_features=10, bias=True)
)
[25/04/20 15:49:15] [setada.py:  139]: params for adaptation: ['block1.layer.0.bn1.weight', 'block1.layer.0.bn1.bias', 'block1.layer.0.bn2.weight', 'block1.layer.0.bn2.bias', 'block1.layer.1.bn1.weight', 'block1.layer.1.bn1.bias', 'block1.layer.1.bn2.weight', 'block1.layer.1.bn2.bias', 'block1.layer.2.bn1.weight', 'block1.layer.2.bn1.bias', 'block1.layer.2.bn2.weight', 'block1.layer.2.bn2.bias', 'block1.layer.3.bn1.weight', 'block1.layer.3.bn1.bias', 'block1.layer.3.bn2.weight', 'block1.layer.3.bn2.bias', 'block2.layer.0.bn1.weight', 'block2.layer.0.bn1.bias', 'block2.layer.0.bn2.weight', 'block2.layer.0.bn2.bias', 'block2.layer.1.bn1.weight', 'block2.layer.1.bn1.bias', 'block2.layer.1.bn2.weight', 'block2.layer.1.bn2.bias', 'block2.layer.2.bn1.weight', 'block2.layer.2.bn1.bias', 'block2.layer.2.bn2.weight', 'block2.layer.2.bn2.bias', 'block2.layer.3.bn1.weight', 'block2.layer.3.bn1.bias', 'block2.layer.3.bn2.weight', 'block2.layer.3.bn2.bias', 'block3.layer.0.bn1.weight', 'block3.layer.0.bn1.bias', 'block3.layer.0.bn2.weight', 'block3.layer.0.bn2.bias', 'block3.layer.1.bn1.weight', 'block3.layer.1.bn1.bias', 'block3.layer.1.bn2.weight', 'block3.layer.1.bn2.bias', 'block3.layer.2.bn1.weight', 'block3.layer.2.bn1.bias', 'block3.layer.2.bn2.weight', 'block3.layer.2.bn2.bias', 'block3.layer.3.bn1.weight', 'block3.layer.3.bn1.bias', 'block3.layer.3.bn2.weight', 'block3.layer.3.bn2.bias', 'bn1.weight', 'bn1.bias']
[25/04/20 15:49:15] [setada.py:  140]: optimizer for adaptation: Adam (
Parameter Group 0
    amsgrad: False
    betas: (0.9, 0.999)
    capturable: False
    differentiable: False
    eps: 1e-08
    foreach: None
    fused: None
    lr: 0.001
    maximize: False
    weight_decay: 0.0
)
[25/04/20 15:49:15] [eval.py:   70]: resetting model
[25/04/20 15:50:37] [eval.py:   78]: acc % [gaussian_noise5]: 78.03%
[25/04/20 15:50:37] [eval.py:   70]: resetting model
[25/04/20 15:51:59] [eval.py:   78]: acc % [gaussian_noise4]: 80.40%
[25/04/20 15:51:59] [eval.py:   70]: resetting model
[25/04/20 15:53:20] [eval.py:   78]: acc % [gaussian_noise3]: 82.51%
[25/04/20 15:53:20] [eval.py:   70]: resetting model
[25/04/20 15:54:41] [eval.py:   78]: acc % [gaussian_noise2]: 86.26%
[25/04/20 15:54:41] [eval.py:   70]: resetting model
[25/04/20 15:56:03] [eval.py:   78]: acc % [gaussian_noise1]: 89.83%
[25/04/20 15:56:03] [eval.py:   70]: resetting model
[25/04/20 15:57:24] [eval.py:   78]: acc % [shot_noise5]: 79.93%
[25/04/20 15:57:24] [eval.py:   70]: resetting model
[25/04/20 15:58:46] [eval.py:   78]: acc % [shot_noise4]: 83.92%
[25/04/20 15:58:46] [eval.py:   70]: resetting model
[25/04/20 16:00:07] [eval.py:   78]: acc % [shot_noise3]: 85.23%
[25/04/20 16:00:07] [eval.py:   70]: resetting model
[25/04/20 16:01:28] [eval.py:   78]: acc % [shot_noise2]: 89.86%
[25/04/20 16:01:28] [eval.py:   70]: resetting model
[25/04/20 16:02:50] [eval.py:   78]: acc % [shot_noise1]: 91.48%
[25/04/20 16:02:50] [eval.py:   70]: resetting model
[25/04/20 16:04:11] [eval.py:   78]: acc % [impulse_noise5]: 70.85%
[25/04/20 16:04:11] [eval.py:   70]: resetting model
[25/04/20 16:05:32] [eval.py:   78]: acc % [impulse_noise4]: 76.65%
[25/04/20 16:05:32] [eval.py:   70]: resetting model
[25/04/20 16:06:54] [eval.py:   78]: acc % [impulse_noise3]: 83.54%
[25/04/20 16:06:54] [eval.py:   70]: resetting model
[25/04/20 16:08:15] [eval.py:   78]: acc % [impulse_noise2]: 86.58%
[25/04/20 16:08:15] [eval.py:   70]: resetting model
[25/04/20 16:09:36] [eval.py:   78]: acc % [impulse_noise1]: 90.27%
[25/04/20 16:09:36] [eval.py:   70]: resetting model
[25/04/20 16:10:58] [eval.py:   78]: acc % [defocus_blur5]: 88.95%
[25/04/20 16:10:58] [eval.py:   70]: resetting model
[25/04/20 16:12:19] [eval.py:   78]: acc % [defocus_blur4]: 92.06%
[25/04/20 16:12:19] [eval.py:   70]: resetting model
[25/04/20 16:13:40] [eval.py:   78]: acc % [defocus_blur3]: 93.69%
[25/04/20 16:13:40] [eval.py:   70]: resetting model
[25/04/20 16:15:02] [eval.py:   78]: acc % [defocus_blur2]: 93.94%
[25/04/20 16:15:02] [eval.py:   70]: resetting model
[25/04/20 16:16:23] [eval.py:   78]: acc % [defocus_blur1]: 94.13%
[25/04/20 16:16:23] [eval.py:   70]: resetting model
[25/04/20 16:17:44] [eval.py:   78]: acc % [glass_blur5]: 71.34%
[25/04/20 16:17:44] [eval.py:   70]: resetting model
[25/04/20 16:19:06] [eval.py:   78]: acc % [glass_blur4]: 71.61%
[25/04/20 16:19:06] [eval.py:   70]: resetting model
[25/04/20 16:20:27] [eval.py:   78]: acc % [glass_blur3]: 80.52%
[25/04/20 16:20:27] [eval.py:   70]: resetting model
[25/04/20 16:21:48] [eval.py:   78]: acc % [glass_blur2]: 80.27%
[25/04/20 16:21:48] [eval.py:   70]: resetting model
[25/04/20 16:23:10] [eval.py:   78]: acc % [glass_blur1]: 81.20%
[25/04/20 16:23:10] [eval.py:   70]: resetting model
[25/04/20 16:24:31] [eval.py:   78]: acc % [motion_blur5]: 87.85%
[25/04/20 16:24:31] [eval.py:   70]: resetting model
[25/04/20 16:25:52] [eval.py:   78]: acc % [motion_blur4]: 89.77%
[25/04/20 16:25:52] [eval.py:   70]: resetting model
[25/04/20 16:27:14] [eval.py:   78]: acc % [motion_blur3]: 89.37%
[25/04/20 16:27:14] [eval.py:   70]: resetting model
[25/04/20 16:28:35] [eval.py:   78]: acc % [motion_blur2]: 90.98%
[25/04/20 16:28:35] [eval.py:   70]: resetting model
[25/04/20 16:29:56] [eval.py:   78]: acc % [motion_blur1]: 92.54%
[25/04/20 16:29:56] [eval.py:   70]: resetting model
[25/04/20 16:31:18] [eval.py:   78]: acc % [zoom_blur5]: 89.82%
[25/04/20 16:31:18] [eval.py:   70]: resetting model
[25/04/20 16:32:39] [eval.py:   78]: acc % [zoom_blur4]: 91.25%
[25/04/20 16:32:39] [eval.py:   70]: resetting model
[25/04/20 16:34:00] [eval.py:   78]: acc % [zoom_blur3]: 92.28%
[25/04/20 16:34:00] [eval.py:   70]: resetting model
[25/04/20 16:35:22] [eval.py:   78]: acc % [zoom_blur2]: 93.03%
[25/04/20 16:35:22] [eval.py:   70]: resetting model
[25/04/20 16:36:43] [eval.py:   78]: acc % [zoom_blur1]: 93.06%
[25/04/20 16:36:43] [eval.py:   70]: resetting model
[25/04/20 16:38:04] [eval.py:   78]: acc % [snow5]: 85.58%
[25/04/20 16:38:04] [eval.py:   70]: resetting model
[25/04/20 16:39:26] [eval.py:   78]: acc % [snow4]: 85.78%
[25/04/20 16:39:26] [eval.py:   70]: resetting model
[25/04/20 16:40:47] [eval.py:   78]: acc % [snow3]: 88.13%
[25/04/20 16:40:47] [eval.py:   70]: resetting model
[25/04/20 16:42:08] [eval.py:   78]: acc % [snow2]: 88.60%
[25/04/20 16:42:08] [eval.py:   70]: resetting model
[25/04/20 16:43:30] [eval.py:   78]: acc % [snow1]: 91.37%
[25/04/20 16:43:30] [eval.py:   70]: resetting model
[25/04/20 16:44:51] [eval.py:   78]: acc % [frost5]: 85.25%
[25/04/20 16:44:51] [eval.py:   70]: resetting model
[25/04/20 16:46:12] [eval.py:   78]: acc % [frost4]: 88.00%
[25/04/20 16:46:12] [eval.py:   70]: resetting model
[25/04/20 16:47:34] [eval.py:   78]: acc % [frost3]: 87.72%
[25/04/20 16:47:34] [eval.py:   70]: resetting model
[25/04/20 16:48:55] [eval.py:   78]: acc % [frost2]: 90.32%
[25/04/20 16:48:55] [eval.py:   70]: resetting model
[25/04/20 16:50:16] [eval.py:   78]: acc % [frost1]: 92.29%
[25/04/20 16:50:16] [eval.py:   70]: resetting model
[25/04/20 16:51:38] [eval.py:   78]: acc % [fog5]: 87.57%
[25/04/20 16:51:38] [eval.py:   70]: resetting model
[25/04/20 16:52:59] [eval.py:   78]: acc % [fog4]: 92.19%
[25/04/20 16:52:59] [eval.py:   70]: resetting model
[25/04/20 16:54:20] [eval.py:   78]: acc % [fog3]: 93.23%
[25/04/20 16:54:20] [eval.py:   70]: resetting model
[25/04/20 16:55:42] [eval.py:   78]: acc % [fog2]: 93.85%
[25/04/20 16:55:42] [eval.py:   70]: resetting model
[25/04/20 16:57:03] [eval.py:   78]: acc % [fog1]: 94.03%
[25/04/20 16:57:03] [eval.py:   70]: resetting model
[25/04/20 16:58:24] [eval.py:   78]: acc % [brightness5]: 92.32%
[25/04/20 16:58:24] [eval.py:   70]: resetting model
[25/04/20 16:59:46] [eval.py:   78]: acc % [brightness4]: 93.45%
[25/04/20 16:59:46] [eval.py:   70]: resetting model
[25/04/20 17:01:07] [eval.py:   78]: acc % [brightness3]: 93.65%
[25/04/20 17:01:07] [eval.py:   70]: resetting model
[25/04/20 17:02:28] [eval.py:   78]: acc % [brightness2]: 93.95%
[25/04/20 17:02:28] [eval.py:   70]: resetting model
[25/04/20 17:03:50] [eval.py:   78]: acc % [brightness1]: 94.07%
[25/04/20 17:03:50] [eval.py:   70]: resetting model
[25/04/20 17:05:11] [eval.py:   78]: acc % [contrast5]: 89.02%
[25/04/20 17:05:11] [eval.py:   70]: resetting model
[25/04/20 17:06:32] [eval.py:   78]: acc % [contrast4]: 92.00%
[25/04/20 17:06:32] [eval.py:   70]: resetting model
[25/04/20 17:07:54] [eval.py:   78]: acc % [contrast3]: 92.82%
[25/04/20 17:07:54] [eval.py:   70]: resetting model
[25/04/20 17:09:15] [eval.py:   78]: acc % [contrast2]: 93.30%
[25/04/20 17:09:15] [eval.py:   70]: resetting model
[25/04/20 17:10:36] [eval.py:   78]: acc % [contrast1]: 94.00%
[25/04/20 17:10:36] [eval.py:   70]: resetting model
[25/04/20 17:11:58] [eval.py:   78]: acc % [elastic_transform5]: 79.35%
[25/04/20 17:11:58] [eval.py:   70]: resetting model
[25/04/20 17:13:19] [eval.py:   78]: acc % [elastic_transform4]: 85.95%
[25/04/20 17:13:19] [eval.py:   70]: resetting model
[25/04/20 17:14:40] [eval.py:   78]: acc % [elastic_transform3]: 90.84%
[25/04/20 17:14:40] [eval.py:   70]: resetting model
[25/04/20 17:16:02] [eval.py:   78]: acc % [elastic_transform2]: 91.91%
[25/04/20 17:16:02] [eval.py:   70]: resetting model
[25/04/20 17:17:23] [eval.py:   78]: acc % [elastic_transform1]: 91.41%
[25/04/20 17:17:23] [eval.py:   70]: resetting model
[25/04/20 17:18:44] [eval.py:   78]: acc % [pixelate5]: 84.95%
[25/04/20 17:18:44] [eval.py:   70]: resetting model
[25/04/20 17:20:06] [eval.py:   78]: acc % [pixelate4]: 88.87%
[25/04/20 17:20:06] [eval.py:   70]: resetting model
[25/04/20 17:21:27] [eval.py:   78]: acc % [pixelate3]: 91.00%
[25/04/20 17:21:27] [eval.py:   70]: resetting model
[25/04/20 17:22:48] [eval.py:   78]: acc % [pixelate2]: 91.74%
[25/04/20 17:22:48] [eval.py:   70]: resetting model
[25/04/20 17:24:10] [eval.py:   78]: acc % [pixelate1]: 92.76%
[25/04/20 17:24:10] [eval.py:   70]: resetting model
[25/04/20 17:25:31] [eval.py:   78]: acc % [jpeg_compression5]: 79.03%
[25/04/20 17:25:31] [eval.py:   70]: resetting model
[25/04/20 17:26:52] [eval.py:   78]: acc % [jpeg_compression4]: 81.26%
[25/04/20 17:26:52] [eval.py:   70]: resetting model
[25/04/20 17:28:14] [eval.py:   78]: acc % [jpeg_compression3]: 83.41%
[25/04/20 17:28:14] [eval.py:   70]: resetting model
[25/04/20 17:29:35] [eval.py:   78]: acc % [jpeg_compression2]: 84.40%
[25/04/20 17:29:35] [eval.py:   70]: resetting model
[25/04/20 17:30:56] [eval.py:   78]: acc % [jpeg_compression1]: 88.41%
[25/04/20 17:30:56] [eval.py:   84]: 
                          1         2         3         4       5       avg
gaussian_noise     0.780300  0.804000  0.825100  0.862600  0.8983  0.834060
shot_noise         0.799300  0.839200  0.852300  0.898600  0.9148  0.860840
impulse_noise      0.708500  0.766500  0.835400  0.865800  0.9027  0.815780
defocus_blur       0.889500  0.920600  0.936900  0.939400  0.9413  0.925540
glass_blur         0.713400  0.716100  0.805200  0.802700  0.8120  0.769880
motion_blur        0.878500  0.897700  0.893700  0.909800  0.9254  0.901020
zoom_blur          0.898200  0.912500  0.922800  0.930300  0.9306  0.918880
snow               0.855800  0.857800  0.881300  0.886000  0.9137  0.878920
frost              0.852500  0.880000  0.877200  0.903200  0.9229  0.887160
fog                0.875700  0.921900  0.932300  0.938500  0.9403  0.921740
brightness         0.923200  0.934500  0.936500  0.939500  0.9407  0.934880
contrast           0.890200  0.920000  0.928200  0.933000  0.9400  0.922280
elastic_transform  0.793500  0.859500  0.908400  0.919100  0.9141  0.878920
pixelate           0.849500  0.888700  0.910000  0.917400  0.9276  0.898640
jpeg_compression   0.790300  0.812600  0.834100  0.844000  0.8841  0.833020
average            0.833227  0.862107  0.885293  0.899327  0.9139  0.878771
[25/04/20 17:30:56] [eval.py:  125]: resetting model
[25/04/20 17:32:20] [eval.py:  137]: Test set Accuracy: 0.9416
torch.Size([10000, 3, 32, 32]) 10000
torch.Size([10000, 3, 32, 32]) 10000
torch.Size([10000, 3, 32, 32]) 10000
torch.Size([10000, 3, 32, 32]) 10000
torch.Size([10000, 3, 32, 32]) 10000
torch.Size([10000, 3, 32, 32]) 10000
torch.Size([10000, 3, 32, 32]) 10000
torch.Size([10000, 3, 32, 32]) 10000
torch.Size([10000, 3, 32, 32]) 10000
torch.Size([10000, 3, 32, 32]) 10000
torch.Size([10000, 3, 32, 32]) 10000
torch.Size([10000, 3, 32, 32]) 10000
torch.Size([10000, 3, 32, 32]) 10000
torch.Size([10000, 3, 32, 32]) 10000
torch.Size([10000, 3, 32, 32]) 10000
torch.Size([10000, 3, 32, 32]) 10000
torch.Size([10000, 3, 32, 32]) 10000
torch.Size([10000, 3, 32, 32]) 10000
torch.Size([10000, 3, 32, 32]) 10000
torch.Size([10000, 3, 32, 32]) 10000
torch.Size([10000, 3, 32, 32]) 10000
torch.Size([10000, 3, 32, 32]) 10000
torch.Size([10000, 3, 32, 32]) 10000
torch.Size([10000, 3, 32, 32]) 10000
torch.Size([10000, 3, 32, 32]) 10000
torch.Size([10000, 3, 32, 32]) 10000
torch.Size([10000, 3, 32, 32]) 10000
torch.Size([10000, 3, 32, 32]) 10000
torch.Size([10000, 3, 32, 32]) 10000
torch.Size([10000, 3, 32, 32]) 10000
torch.Size([10000, 3, 32, 32]) 10000
torch.Size([10000, 3, 32, 32]) 10000
torch.Size([10000, 3, 32, 32]) 10000
torch.Size([10000, 3, 32, 32]) 10000
torch.Size([10000, 3, 32, 32]) 10000
torch.Size([10000, 3, 32, 32]) 10000
torch.Size([10000, 3, 32, 32]) 10000
torch.Size([10000, 3, 32, 32]) 10000
torch.Size([10000, 3, 32, 32]) 10000
torch.Size([10000, 3, 32, 32]) 10000
torch.Size([10000, 3, 32, 32]) 10000
torch.Size([10000, 3, 32, 32]) 10000
torch.Size([10000, 3, 32, 32]) 10000
torch.Size([10000, 3, 32, 32]) 10000
torch.Size([10000, 3, 32, 32]) 10000
torch.Size([10000, 3, 32, 32]) 10000
torch.Size([10000, 3, 32, 32]) 10000
torch.Size([10000, 3, 32, 32]) 10000
torch.Size([10000, 3, 32, 32]) 10000
torch.Size([10000, 3, 32, 32]) 10000
torch.Size([10000, 3, 32, 32]) 10000
torch.Size([10000, 3, 32, 32]) 10000
torch.Size([10000, 3, 32, 32]) 10000
torch.Size([10000, 3, 32, 32]) 10000
torch.Size([10000, 3, 32, 32]) 10000
torch.Size([10000, 3, 32, 32]) 10000
torch.Size([10000, 3, 32, 32]) 10000
torch.Size([10000, 3, 32, 32]) 10000
torch.Size([10000, 3, 32, 32]) 10000
torch.Size([10000, 3, 32, 32]) 10000
torch.Size([10000, 3, 32, 32]) 10000
torch.Size([10000, 3, 32, 32]) 10000
torch.Size([10000, 3, 32, 32]) 10000
torch.Size([10000, 3, 32, 32]) 10000
torch.Size([10000, 3, 32, 32]) 10000
torch.Size([10000, 3, 32, 32]) 10000
torch.Size([10000, 3, 32, 32]) 10000
torch.Size([10000, 3, 32, 32]) 10000
torch.Size([10000, 3, 32, 32]) 10000
torch.Size([10000, 3, 32, 32]) 10000
torch.Size([10000, 3, 32, 32]) 10000
torch.Size([10000, 3, 32, 32]) 10000
torch.Size([10000, 3, 32, 32]) 10000
torch.Size([10000, 3, 32, 32]) 10000
torch.Size([10000, 3, 32, 32]) 10000
Files already downloaded and verified
torch.Size([10000, 3, 32, 32]) 10000
