[25/04/19 19:13:52] [utils.py:   37]: PyTorch Version: torch=2.5.0+cu124, cuda=12.4, cudnn=90100
[25/04/19 19:13:52] [utils.py:   39]: BN:
  EPS: 1e-05
  MOM: 0.1
CKPT_DIR: ./ckpt
CORRUPTION:
  DATASET: cifar100
  IMG_SIZE: 32
  NUM_CHANNEL: 3
  NUM_CLASSES: 100
  NUM_EX: 10000
  SEVERITY: [5, 4, 3, 2, 1]
  TYPE: ['gaussian_noise', 'shot_noise', 'impulse_noise', 'defocus_blur', 'glass_blur', 'motion_blur', 'zoom_blur', 'snow', 'frost', 'fog', 'brightness', 'contrast', 'elastic_transform', 'pixelate', 'jpeg_compression']
CUDNN:
  BENCHMARK: True
DATA_DIR: ./data/cifar100
DESC: 
EATA:
  D_MARGIN: 0.05
  E_MARGIN: 2.763102111592855
  FISHER_ALPHA: 2000.0
  FISHER_SIZE: 2000
  USE_FISHER: False
EBM:
  BUFFER_SIZE: 10000
  REINIT_FREQ: 0.05
  SGLD_LR: 0.1
  SGLD_STD: 0.01
  STEPS: 20
  UNCOND: uncond
LOG_DEST: energy_bn_adam-1-0.001-200_uncond-20-0.1-0.01-10000-0.05_250419-191352.txt
LOG_TIME: 250419-191352
MODEL:
  ADAPTATION: energy
  ADA_PARAM: ['bn']
  ARCH: WRN2810_BN
  EPISODIC: False
OPTIM:
  BATCH_SIZE: 200
  BETA: 0.9
  DAMPENING: 0.0
  LR: 0.001
  METHOD: Adam
  MOMENTUM: 0.9
  NESTEROV: True
  STEPS: 1
  WD: 0.0
PL:
  ALPHA: 0.1
  THRESHOLD: 0.9
RNG_SEED: 36
SAR:
  MARGIN_E0: 2.763102111592855
SAVE_DIR: ./save/cifar100/bn-wrn-28-10
SHOT:
  CLF_COEFF: 0.1
  THRESHOLD: 0.9
TEST:
  
/gpfs/home5/scur2578/tea/main.py:33: FutureWarning: You are using `torch.load` with `weights_only=False` (the current default value), which uses the default pickle module implicitly. It is possible to construct malicious pickle data which will execute arbitrary code during unpickling (See https://github.com/pytorch/pytorch/blob/main/SECURITY.md#untrusted-models for more details). In a future release, the default value for `weights_only` will be flipped to `True`. This limits the functions that could be executed during unpickling. Arbitrary objects will no longer be allowed to be loaded via this mode unless they are explicitly allowlisted by the user via `torch.serialization.add_safe_globals`. We recommend you start setting `weights_only=True` for any use case where you don't have full control of the loaded file. Please open an issue on GitHub for any issues related to this experimental feature.
  ckpt = torch.load(os.path.join(cfg.CKPT_DIR ,'{}/{}.pth'.format(cfg.CORRUPTION.DATASET, cfg.MODEL.ARCH)))
[25/04/19 19:13:53] [main.py:   66]: test-time adaptation: ENERGY
[25/04/19 19:13:53] [param.py:   18]: adapting weights of batch-normalization layer
[25/04/19 19:13:53] [setada.py:  138]: model for adaptation: WideResNet(
  (conv1): Conv2d(3, 16, kernel_size=(3, 3), stride=(1, 1), padding=(1, 1), bias=False)
  (block1): NetworkBlock(
    (layer): Sequential(
      (0): BasicBlock(
        (bn1): BatchNorm2d(16, eps=1e-05, momentum=0.1, affine=True, track_running_stats=False)
        (relu1): ReLU(inplace=True)
        (conv1): Conv2d(16, 160, kernel_size=(3, 3), stride=(1, 1), padding=(1, 1), bias=False)
        (bn2): BatchNorm2d(160, eps=1e-05, momentum=0.1, affine=True, track_running_stats=False)
        (relu2): ReLU(inplace=True)
        (conv2): Conv2d(160, 160, kernel_size=(3, 3), stride=(1, 1), padding=(1, 1), bias=False)
        (convShortcut): Conv2d(16, 160, kernel_size=(1, 1), stride=(1, 1), bias=False)
      )
      (1): BasicBlock(
        (bn1): BatchNorm2d(160, eps=1e-05, momentum=0.1, affine=True, track_running_stats=False)
        (relu1): ReLU(inplace=True)
        (conv1): Conv2d(160, 160, kernel_size=(3, 3), stride=(1, 1), padding=(1, 1), bias=False)
        (bn2): BatchNorm2d(160, eps=1e-05, momentum=0.1, affine=True, track_running_stats=False)
        (relu2): ReLU(inplace=True)
        (conv2): Conv2d(160, 160, kernel_size=(3, 3), stride=(1, 1), padding=(1, 1), bias=False)
      )
      (2): BasicBlock(
        (bn1): BatchNorm2d(160, eps=1e-05, momentum=0.1, affine=True, track_running_stats=False)
        (relu1): ReLU(inplace=True)
        (conv1): Conv2d(160, 160, kernel_size=(3, 3), stride=(1, 1), padding=(1, 1), bias=False)
        (bn2): BatchNorm2d(160, eps=1e-05, momentum=0.1, affine=True, track_running_stats=False)
        (relu2): ReLU(inplace=True)
        (conv2): Conv2d(160, 160, kernel_size=(3, 3), stride=(1, 1), padding=(1, 1), bias=False)
      )
      (3): BasicBlock(
        (bn1): BatchNorm2d(160, eps=1e-05, momentum=0.1, affine=True, track_running_stats=False)
        (relu1): ReLU(inplace=True)
        (conv1): Conv2d(160, 160, kernel_size=(3, 3), stride=(1, 1), padding=(1, 1), bias=False)
        (bn2): BatchNorm2d(160, eps=1e-05, momentum=0.1, affine=True, track_running_stats=False)
        (relu2): ReLU(inplace=True)
        (conv2): Conv2d(160, 160, kernel_size=(3, 3), stride=(1, 1), padding=(1, 1), bias=False)
      )
    )
  )
  (block2): NetworkBlock(
    (layer): Sequential(
      (0): BasicBlock(
        (bn1): BatchNorm2d(160, eps=1e-05, momentum=0.1, affine=True, track_running_stats=False)
        (relu1): ReLU(inplace=True)
        (conv1): Conv2d(160, 320, kernel_size=(3, 3), stride=(2, 2), padding=(1, 1), bias=False)
        (bn2): BatchNorm2d(320, eps=1e-05, momentum=0.1, affine=True, track_running_stats=False)
        (relu2): ReLU(inplace=True)
        (conv2): Conv2d(320, 320, kernel_size=(3, 3), stride=(1, 1), padding=(1, 1), bias=False)
        (convShortcut): Conv2d(160, 320, kernel_size=(1, 1), stride=(2, 2), bias=False)
      )
      (1): BasicBlock(
        (bn1): BatchNorm2d(320, eps=1e-05, momentum=0.1, affine=True, track_running_stats=False)
        (relu1): ReLU(inplace=True)
        (conv1): Conv2d(320, 320, kernel_size=(3, 3), stride=(1, 1), padding=(1, 1), bias=False)
        (bn2): BatchNorm2d(320, eps=1e-05, momentum=0.1, affine=True, track_running_stats=False)
        (relu2): ReLU(inplace=True)
        (conv2): Conv2d(320, 320, kernel_size=(3, 3), stride=(1, 1), padding=(1, 1), bias=False)
      )
      (2): BasicBlock(
        (bn1): BatchNorm2d(320, eps=1e-05, momentum=0.1, affine=True, track_running_stats=False)
        (relu1): ReLU(inplace=True)
        (conv1): Conv2d(320, 320, kernel_size=(3, 3), stride=(1, 1), padding=(1, 1), bias=False)
        (bn2): BatchNorm2d(320, eps=1e-05, momentum=0.1, affine=True, track_running_stats=False)
        (relu2): ReLU(inplace=True)
        (conv2): Conv2d(320, 320, kernel_size=(3, 3), stride=(1, 1), padding=(1, 1), bias=False)
      )
      (3): BasicBlock(
        (bn1): BatchNorm2d(320, eps=1e-05, momentum=0.1, affine=True, track_running_stats=False)
        (relu1): ReLU(inplace=True)
        (conv1): Conv2d(320, 320, kernel_size=(3, 3), stride=(1, 1), padding=(1, 1), bias=False)
        (bn2): BatchNorm2d(320, eps=1e-05, momentum=0.1, affine=True, track_running_stats=False)
        (relu2): ReLU(inplace=True)
        (conv2): Conv2d(320, 320, kernel_size=(3, 3), stride=(1, 1), padding=(1, 1), bias=False)
      )
    )
  )
  (block3): NetworkBlock(
    (layer): Sequential(
      (0): BasicBlock(
        (bn1): BatchNorm2d(320, eps=1e-05, momentum=0.1, affine=True, track_running_stats=False)
        (relu1): ReLU(inplace=True)
        (conv1): Conv2d(320, 640, kernel_size=(3, 3), stride=(2, 2), padding=(1, 1), bias=False)
        (bn2): BatchNorm2d(640, eps=1e-05, momentum=0.1, affine=True, track_running_stats=False)
        (relu2): ReLU(inplace=True)
        (conv2): Conv2d(640, 640, kernel_size=(3, 3), stride=(1, 1), padding=(1, 1), bias=False)
        (convShortcut): Conv2d(320, 640, kernel_size=(1, 1), stride=(2, 2), bias=False)
      )
      (1): BasicBlock(
        (bn1): BatchNorm2d(640, eps=1e-05, momentum=0.1, affine=True, track_running_stats=False)
        (relu1): ReLU(inplace=True)
        (conv1): Conv2d(640, 640, kernel_size=(3, 3), stride=(1, 1), padding=(1, 1), bias=False)
        (bn2): BatchNorm2d(640, eps=1e-05, momentum=0.1, affine=True, track_running_stats=False)
        (relu2): ReLU(inplace=True)
        (conv2): Conv2d(640, 640, kernel_size=(3, 3), stride=(1, 1), padding=(1, 1), bias=False)
      )
      (2): BasicBlock(
        (bn1): BatchNorm2d(640, eps=1e-05, momentum=0.1, affine=True, track_running_stats=False)
        (relu1): ReLU(inplace=True)
        (conv1): Conv2d(640, 640, kernel_size=(3, 3), stride=(1, 1), padding=(1, 1), bias=False)
        (bn2): BatchNorm2d(640, eps=1e-05, momentum=0.1, affine=True, track_running_stats=False)
        (relu2): ReLU(inplace=True)
        (conv2): Conv2d(640, 640, kernel_size=(3, 3), stride=(1, 1), padding=(1, 1), bias=False)
      )
      (3): BasicBlock(
        (bn1): BatchNorm2d(640, eps=1e-05, momentum=0.1, affine=True, track_running_stats=False)
        (relu1): ReLU(inplace=True)
        (conv1): Conv2d(640, 640, kernel_size=(3, 3), stride=(1, 1), padding=(1, 1), bias=False)
        (bn2): BatchNorm2d(640, eps=1e-05, momentum=0.1, affine=True, track_running_stats=False)
        (relu2): ReLU(inplace=True)
        (conv2): Conv2d(640, 640, kernel_size=(3, 3), stride=(1, 1), padding=(1, 1), bias=False)
      )
    )
  )
  (bn1): BatchNorm2d(640, eps=1e-05, momentum=0.1, affine=True, track_running_stats=False)
  (relu): ReLU(inplace=True)
  (fc): Linear(in_features=640, out_features=100, bias=True)
)
[25/04/19 19:13:53] [setada.py:  139]: params for adaptation: ['block1.layer.0.bn1.weight', 'block1.layer.0.bn1.bias', 'block1.layer.0.bn2.weight', 'block1.layer.0.bn2.bias', 'block1.layer.1.bn1.weight', 'block1.layer.1.bn1.bias', 'block1.layer.1.bn2.weight', 'block1.layer.1.bn2.bias', 'block1.layer.2.bn1.weight', 'block1.layer.2.bn1.bias', 'block1.layer.2.bn2.weight', 'block1.layer.2.bn2.bias', 'block1.layer.3.bn1.weight', 'block1.layer.3.bn1.bias', 'block1.layer.3.bn2.weight', 'block1.layer.3.bn2.bias', 'block2.layer.0.bn1.weight', 'block2.layer.0.bn1.bias', 'block2.layer.0.bn2.weight', 'block2.layer.0.bn2.bias', 'block2.layer.1.bn1.weight', 'block2.layer.1.bn1.bias', 'block2.layer.1.bn2.weight', 'block2.layer.1.bn2.bias', 'block2.layer.2.bn1.weight', 'block2.layer.2.bn1.bias', 'block2.layer.2.bn2.weight', 'block2.layer.2.bn2.bias', 'block2.layer.3.bn1.weight', 'block2.layer.3.bn1.bias', 'block2.layer.3.bn2.weight', 'block2.layer.3.bn2.bias', 'block3.layer.0.bn1.weight', 'block3.layer.0.bn1.bias', 'block3.layer.0.bn2.weight', 'block3.layer.0.bn2.bias', 'block3.layer.1.bn1.weight', 'block3.layer.1.bn1.bias', 'block3.layer.1.bn2.weight', 'block3.layer.1.bn2.bias', 'block3.layer.2.bn1.weight', 'block3.layer.2.bn1.bias', 'block3.layer.2.bn2.weight', 'block3.layer.2.bn2.bias', 'block3.layer.3.bn1.weight', 'block3.layer.3.bn1.bias', 'block3.layer.3.bn2.weight', 'block3.layer.3.bn2.bias', 'bn1.weight', 'bn1.bias']
[25/04/19 19:13:53] [setada.py:  140]: optimizer for adaptation: Adam (
Parameter Group 0
    amsgrad: False
    betas: (0.9, 0.999)
    capturable: False
    differentiable: False
    eps: 1e-08
    foreach: None
    fused: None
    lr: 0.001
    maximize: False
    weight_decay: 0.0
)
[25/04/19 19:13:53] [eval.py:   70]: resetting model
[25/04/19 19:15:16] [eval.py:   78]: acc % [gaussian_noise5]: 53.33%
[25/04/19 19:15:16] [eval.py:   70]: resetting model
[25/04/19 19:16:37] [eval.py:   78]: acc % [gaussian_noise4]: 56.15%
[25/04/19 19:16:37] [eval.py:   70]: resetting model
[25/04/19 19:17:59] [eval.py:   78]: acc % [gaussian_noise3]: 58.65%
[25/04/19 19:17:59] [eval.py:   70]: resetting model
[25/04/19 19:19:20] [eval.py:   78]: acc % [gaussian_noise2]: 63.91%
[25/04/19 19:19:20] [eval.py:   70]: resetting model
[25/04/19 19:20:41] [eval.py:   78]: acc % [gaussian_noise1]: 70.40%
[25/04/19 19:20:41] [eval.py:   70]: resetting model
[25/04/19 19:22:02] [eval.py:   78]: acc % [shot_noise5]: 54.70%
[25/04/19 19:22:02] [eval.py:   70]: resetting model
[25/04/19 19:23:24] [eval.py:   78]: acc % [shot_noise4]: 60.00%
[25/04/19 19:23:24] [eval.py:   70]: resetting model
[25/04/19 19:24:45] [eval.py:   78]: acc % [shot_noise3]: 63.10%
[25/04/19 19:24:45] [eval.py:   70]: resetting model
[25/04/19 19:26:06] [eval.py:   78]: acc % [shot_noise2]: 69.82%
[25/04/19 19:26:06] [eval.py:   70]: resetting model
[25/04/19 19:27:28] [eval.py:   78]: acc % [shot_noise1]: 72.75%
[25/04/19 19:27:28] [eval.py:   70]: resetting model
[25/04/19 19:28:49] [eval.py:   78]: acc % [impulse_noise5]: 45.86%
[25/04/19 19:28:49] [eval.py:   70]: resetting model
[25/04/19 19:30:10] [eval.py:   78]: acc % [impulse_noise4]: 53.31%
[25/04/19 19:30:10] [eval.py:   70]: resetting model
[25/04/19 19:31:32] [eval.py:   78]: acc % [impulse_noise3]: 61.91%
[25/04/19 19:31:32] [eval.py:   70]: resetting model
[25/04/19 19:32:53] [eval.py:   78]: acc % [impulse_noise2]: 66.24%
[25/04/19 19:32:53] [eval.py:   70]: resetting model
[25/04/19 19:34:14] [eval.py:   78]: acc % [impulse_noise1]: 71.90%
[25/04/19 19:34:14] [eval.py:   70]: resetting model
[25/04/19 19:35:35] [eval.py:   78]: acc % [defocus_blur5]: 71.03%
[25/04/19 19:35:35] [eval.py:   70]: resetting model
[25/04/19 19:36:57] [eval.py:   78]: acc % [defocus_blur4]: 76.06%
[25/04/19 19:36:57] [eval.py:   70]: resetting model
[25/04/19 19:38:18] [eval.py:   78]: acc % [defocus_blur3]: 78.19%
[25/04/19 19:38:18] [eval.py:   70]: resetting model
[25/04/19 19:39:39] [eval.py:   78]: acc % [defocus_blur2]: 78.45%
[25/04/19 19:39:39] [eval.py:   70]: resetting model
[25/04/19 19:41:01] [eval.py:   78]: acc % [defocus_blur1]: 78.69%
[25/04/19 19:41:01] [eval.py:   70]: resetting model
[25/04/19 19:42:22] [eval.py:   78]: acc % [glass_blur5]: 50.51%
[25/04/19 19:42:22] [eval.py:   70]: resetting model
[25/04/19 19:43:43] [eval.py:   78]: acc % [glass_blur4]: 51.22%
[25/04/19 19:43:43] [eval.py:   70]: resetting model
[25/04/19 19:45:05] [eval.py:   78]: acc % [glass_blur3]: 61.34%
[25/04/19 19:45:05] [eval.py:   70]: resetting model
[25/04/19 19:46:26] [eval.py:   78]: acc % [glass_blur2]: 61.97%
[25/04/19 19:46:26] [eval.py:   70]: resetting model
[25/04/19 19:47:47] [eval.py:   78]: acc % [glass_blur1]: 61.38%
[25/04/19 19:47:47] [eval.py:   70]: resetting model
[25/04/19 19:49:08] [eval.py:   78]: acc % [motion_blur5]: 69.66%
[25/04/19 19:49:09] [eval.py:   70]: resetting model
[25/04/19 19:50:30] [eval.py:   78]: acc % [motion_blur4]: 72.46%
[25/04/19 19:50:30] [eval.py:   70]: resetting model
[25/04/19 19:51:51] [eval.py:   78]: acc % [motion_blur3]: 72.47%
[25/04/19 19:51:51] [eval.py:   70]: resetting model
[25/04/19 19:53:12] [eval.py:   78]: acc % [motion_blur2]: 74.79%
[25/04/19 19:53:12] [eval.py:   70]: resetting model
[25/04/19 19:54:34] [eval.py:   78]: acc % [motion_blur1]: 75.99%
[25/04/19 19:54:34] [eval.py:   70]: resetting model
[25/04/19 19:55:55] [eval.py:   78]: acc % [zoom_blur5]: 71.81%
[25/04/19 19:55:55] [eval.py:   70]: resetting model
[25/04/19 19:57:16] [eval.py:   78]: acc % [zoom_blur4]: 73.52%
[25/04/19 19:57:16] [eval.py:   70]: resetting model
[25/04/19 19:58:38] [eval.py:   78]: acc % [zoom_blur3]: 75.16%
[25/04/19 19:58:38] [eval.py:   70]: resetting model
[25/04/19 19:59:59] [eval.py:   78]: acc % [zoom_blur2]: 76.14%
[25/04/19 19:59:59] [eval.py:   70]: resetting model
[25/04/19 20:01:20] [eval.py:   78]: acc % [zoom_blur1]: 76.70%
[25/04/19 20:01:20] [eval.py:   70]: resetting model
[25/04/19 20:02:42] [eval.py:   78]: acc % [snow5]: 65.14%
[25/04/19 20:02:42] [eval.py:   70]: resetting model
[25/04/19 20:04:03] [eval.py:   78]: acc % [snow4]: 66.76%
[25/04/19 20:04:03] [eval.py:   70]: resetting model
[25/04/19 20:05:24] [eval.py:   78]: acc % [snow3]: 69.08%
[25/04/19 20:05:24] [eval.py:   70]: resetting model
[25/04/19 20:06:45] [eval.py:   78]: acc % [snow2]: 69.83%
[25/04/19 20:06:45] [eval.py:   70]: resetting model
[25/04/19 20:08:07] [eval.py:   78]: acc % [snow1]: 74.61%
[25/04/19 20:08:07] [eval.py:   70]: resetting model
[25/04/19 20:09:28] [eval.py:   78]: acc % [frost5]: 64.00%
[25/04/19 20:09:28] [eval.py:   70]: resetting model
[25/04/19 20:10:49] [eval.py:   78]: acc % [frost4]: 67.56%
[25/04/19 20:10:49] [eval.py:   70]: resetting model
[25/04/19 20:12:11] [eval.py:   78]: acc % [frost3]: 67.00%
[25/04/19 20:12:11] [eval.py:   70]: resetting model
[25/04/19 20:13:32] [eval.py:   78]: acc % [frost2]: 71.37%
[25/04/19 20:13:32] [eval.py:   70]: resetting model
[25/04/19 20:14:53] [eval.py:   78]: acc % [frost1]: 74.70%
[25/04/19 20:14:53] [eval.py:   70]: resetting model
[25/04/19 20:16:15] [eval.py:   78]: acc % [fog5]: 66.69%
[25/04/19 20:16:15] [eval.py:   70]: resetting model
[25/04/19 20:17:36] [eval.py:   78]: acc % [fog4]: 74.25%
[25/04/19 20:17:36] [eval.py:   70]: resetting model
[25/04/19 20:18:57] [eval.py:   78]: acc % [fog3]: 75.86%
[25/04/19 20:18:57] [eval.py:   70]: resetting model
[25/04/19 20:20:18] [eval.py:   78]: acc % [fog2]: 77.32%
[25/04/19 20:20:18] [eval.py:   70]: resetting model
[25/04/19 20:21:40] [eval.py:   78]: acc % [fog1]: 78.18%
[25/04/19 20:21:40] [eval.py:   70]: resetting model
[25/04/19 20:23:01] [eval.py:   78]: acc % [brightness5]: 74.22%
[25/04/19 20:23:01] [eval.py:   70]: resetting model
[25/04/19 20:24:22] [eval.py:   78]: acc % [brightness4]: 76.98%
[25/04/19 20:24:22] [eval.py:   70]: resetting model
[25/04/19 20:25:44] [eval.py:   78]: acc % [brightness3]: 77.88%
[25/04/19 20:25:44] [eval.py:   70]: resetting model
[25/04/19 20:27:05] [eval.py:   78]: acc % [brightness2]: 78.17%
[25/04/19 20:27:05] [eval.py:   70]: resetting model
[25/04/19 20:28:26] [eval.py:   78]: acc % [brightness1]: 78.52%
[25/04/19 20:28:26] [eval.py:   70]: resetting model
[25/04/19 20:29:48] [eval.py:   78]: acc % [contrast5]: 69.99%
[25/04/19 20:29:48] [eval.py:   70]: resetting model
[25/04/19 20:31:09] [eval.py:   78]: acc % [contrast4]: 74.83%
[25/04/19 20:31:09] [eval.py:   70]: resetting model
[25/04/19 20:32:30] [eval.py:   78]: acc % [contrast3]: 76.17%
[25/04/19 20:32:30] [eval.py:   70]: resetting model
[25/04/19 20:33:51] [eval.py:   78]: acc % [contrast2]: 77.24%
[25/04/19 20:33:51] [eval.py:   70]: resetting model
[25/04/19 20:35:13] [eval.py:   78]: acc % [contrast1]: 78.27%
[25/04/19 20:35:13] [eval.py:   70]: resetting model
[25/04/19 20:36:34] [eval.py:   78]: acc % [elastic_transform5]: 59.94%
[25/04/19 20:36:34] [eval.py:   70]: resetting model
[25/04/19 20:37:55] [eval.py:   78]: acc % [elastic_transform4]: 66.67%
[25/04/19 20:37:55] [eval.py:   70]: resetting model
[25/04/19 20:39:17] [eval.py:   78]: acc % [elastic_transform3]: 73.27%
[25/04/19 20:39:17] [eval.py:   70]: resetting model
[25/04/19 20:40:38] [eval.py:   78]: acc % [elastic_transform2]: 74.13%
[25/04/19 20:40:38] [eval.py:   70]: resetting model
[25/04/19 20:41:59] [eval.py:   78]: acc % [elastic_transform1]: 72.98%
[25/04/19 20:41:59] [eval.py:   70]: resetting model
[25/04/19 20:43:21] [eval.py:   78]: acc % [pixelate5]: 65.64%
[25/04/19 20:43:21] [eval.py:   70]: resetting model
[25/04/19 20:44:42] [eval.py:   78]: acc % [pixelate4]: 71.45%
[25/04/19 20:44:42] [eval.py:   70]: resetting model
[25/04/19 20:46:03] [eval.py:   78]: acc % [pixelate3]: 73.52%
[25/04/19 20:46:03] [eval.py:   70]: resetting model
[25/04/19 20:47:25] [eval.py:   78]: acc % [pixelate2]: 74.43%
[25/04/19 20:47:25] [eval.py:   70]: resetting model
[25/04/19 20:48:46] [eval.py:   78]: acc % [pixelate1]: 76.12%
[25/04/19 20:48:46] [eval.py:   70]: resetting model
[25/04/19 20:50:07] [eval.py:   78]: acc % [jpeg_compression5]: 55.22%
[25/04/19 20:50:07] [eval.py:   70]: resetting model
[25/04/19 20:51:28] [eval.py:   78]: acc % [jpeg_compression4]: 57.88%
[25/04/19 20:51:28] [eval.py:   70]: resetting model
[25/04/19 20:52:50] [eval.py:   78]: acc % [jpeg_compression3]: 60.28%
[25/04/19 20:52:50] [eval.py:   70]: resetting model
[25/04/19 20:54:11] [eval.py:   78]: acc % [jpeg_compression2]: 62.60%
[25/04/19 20:54:11] [eval.py:   70]: resetting model
[25/04/19 20:55:32] [eval.py:   78]: acc % [jpeg_compression1]: 68.69%
[25/04/19 20:55:32] [eval.py:   84]: 
                         1         2        3         4        5       avg
gaussian_noise     0.53330  0.561500  0.58650  0.639100  0.70400  0.604880
shot_noise         0.54700  0.600000  0.63100  0.698200  0.72750  0.640740
impulse_noise      0.45860  0.533100  0.61910  0.662400  0.71900  0.598440
defocus_blur       0.71030  0.760600  0.78190  0.784500  0.78690  0.764840
glass_blur         0.50510  0.512200  0.61340  0.619700  0.61380  0.572840
motion_blur        0.69660  0.724600  0.72470  0.747900  0.75990  0.730740
zoom_blur          0.71810  0.735200  0.75160  0.761400  0.76700  0.746660
snow               0.65140  0.667600  0.69080  0.698300  0.74610  0.690840
frost              0.64000  0.675600  0.67000  0.713700  0.74700  0.689260
fog                0.66690  0.742500  0.75860  0.773200  0.78180  0.744600
brightness         0.74220  0.769800  0.77880  0.781700  0.78520  0.771540
contrast           0.69990  0.748300  0.76170  0.772400  0.78270  0.753000
elastic_transform  0.59940  0.666700  0.73270  0.741300  0.72980  0.693980
pixelate           0.65640  0.714500  0.73520  0.744300  0.76120  0.722320
jpeg_compression   0.55220  0.578800  0.60280  0.626000  0.68690  0.609340
average            0.62516  0.666067  0.69592  0.717607  0.73992  0.688935
[25/04/19 20:55:32] [eval.py:  125]: resetting model
[25/04/19 20:56:56] [eval.py:  137]: Test set Accuracy: 0.7839
Building model...
torch.Size([10000, 3, 32, 32]) 10000
torch.Size([10000, 3, 32, 32]) 10000
torch.Size([10000, 3, 32, 32]) 10000
torch.Size([10000, 3, 32, 32]) 10000
torch.Size([10000, 3, 32, 32]) 10000
torch.Size([10000, 3, 32, 32]) 10000
torch.Size([10000, 3, 32, 32]) 10000
torch.Size([10000, 3, 32, 32]) 10000
torch.Size([10000, 3, 32, 32]) 10000
torch.Size([10000, 3, 32, 32]) 10000
torch.Size([10000, 3, 32, 32]) 10000
torch.Size([10000, 3, 32, 32]) 10000
torch.Size([10000, 3, 32, 32]) 10000
torch.Size([10000, 3, 32, 32]) 10000
torch.Size([10000, 3, 32, 32]) 10000
torch.Size([10000, 3, 32, 32]) 10000
torch.Size([10000, 3, 32, 32]) 10000
torch.Size([10000, 3, 32, 32]) 10000
torch.Size([10000, 3, 32, 32]) 10000
torch.Size([10000, 3, 32, 32]) 10000
torch.Size([10000, 3, 32, 32]) 10000
torch.Size([10000, 3, 32, 32]) 10000
torch.Size([10000, 3, 32, 32]) 10000
torch.Size([10000, 3, 32, 32]) 10000
torch.Size([10000, 3, 32, 32]) 10000
torch.Size([10000, 3, 32, 32]) 10000
torch.Size([10000, 3, 32, 32]) 10000
torch.Size([10000, 3, 32, 32]) 10000
torch.Size([10000, 3, 32, 32]) 10000
torch.Size([10000, 3, 32, 32]) 10000
torch.Size([10000, 3, 32, 32]) 10000
torch.Size([10000, 3, 32, 32]) 10000
torch.Size([10000, 3, 32, 32]) 10000
torch.Size([10000, 3, 32, 32]) 10000
torch.Size([10000, 3, 32, 32]) 10000
torch.Size([10000, 3, 32, 32]) 10000
torch.Size([10000, 3, 32, 32]) 10000
torch.Size([10000, 3, 32, 32]) 10000
torch.Size([10000, 3, 32, 32]) 10000
torch.Size([10000, 3, 32, 32]) 10000
torch.Size([10000, 3, 32, 32]) 10000
torch.Size([10000, 3, 32, 32]) 10000
torch.Size([10000, 3, 32, 32]) 10000
torch.Size([10000, 3, 32, 32]) 10000
torch.Size([10000, 3, 32, 32]) 10000
torch.Size([10000, 3, 32, 32]) 10000
torch.Size([10000, 3, 32, 32]) 10000
torch.Size([10000, 3, 32, 32]) 10000
torch.Size([10000, 3, 32, 32]) 10000
torch.Size([10000, 3, 32, 32]) 10000
torch.Size([10000, 3, 32, 32]) 10000
torch.Size([10000, 3, 32, 32]) 10000
torch.Size([10000, 3, 32, 32]) 10000
torch.Size([10000, 3, 32, 32]) 10000
torch.Size([10000, 3, 32, 32]) 10000
torch.Size([10000, 3, 32, 32]) 10000
torch.Size([10000, 3, 32, 32]) 10000
torch.Size([10000, 3, 32, 32]) 10000
torch.Size([10000, 3, 32, 32]) 10000
torch.Size([10000, 3, 32, 32]) 10000
torch.Size([10000, 3, 32, 32]) 10000
torch.Size([10000, 3, 32, 32]) 10000
torch.Size([10000, 3, 32, 32]) 10000
torch.Size([10000, 3, 32, 32]) 10000
torch.Size([10000, 3, 32, 32]) 10000
torch.Size([10000, 3, 32, 32]) 10000
torch.Size([10000, 3, 32, 32]) 10000
torch.Size([10000, 3, 32, 32]) 10000
torch.Size([10000, 3, 32, 32]) 10000
torch.Size([10000, 3, 32, 32]) 10000
torch.Size([10000, 3, 32, 32]) 10000
torch.Size([10000, 3, 32, 32]) 10000
torch.Size([10000, 3, 32, 32]) 10000
torch.Size([10000, 3, 32, 32]) 10000
torch.Size([10000, 3, 32, 32]) 10000
Files already downloaded and verified
torch.Size([10000, 3, 32, 32]) 10000
