[25/04/19 20:58:24] [utils.py:   37]: PyTorch Version: torch=2.5.0+cu124, cuda=12.4, cudnn=90100
[25/04/19 20:58:24] [utils.py:   39]: BN:
  EPS: 1e-05
  MOM: 0.1
CKPT_DIR: ./ckpt
CORRUPTION:
  DATASET: cifar100
  IMG_SIZE: 32
  NUM_CHANNEL: 3
  NUM_CLASSES: 100
  NUM_EX: 10000
  SEVERITY: [5, 4, 3, 2, 1]
  TYPE: ['gaussian_noise', 'shot_noise', 'impulse_noise', 'defocus_blur', 'glass_blur', 'motion_blur', 'zoom_blur', 'snow', 'frost', 'fog', 'brightness', 'contrast', 'elastic_transform', 'pixelate', 'jpeg_compression']
CUDNN:
  BENCHMARK: True
DATA_DIR: ./data/cifar100
DESC: 
EATA:
  D_MARGIN: 0.05
  E_MARGIN: 2.763102111592855
  FISHER_ALPHA: 2000.0
  FISHER_SIZE: 2000
  USE_FISHER: False
EBM:
  BUFFER_SIZE: 10000
  REINIT_FREQ: 0.05
  SGLD_LR: 1.0
  SGLD_STD: 0.01
  STEPS: 20
  UNCOND: uncond
LOG_DEST: eta_bn_adam-1-0.001-200_250419-205824.txt
LOG_TIME: 250419-205824
MODEL:
  ADAPTATION: eata
  ADA_PARAM: ['bn']
  ARCH: WRN2810_BN
  EPISODIC: False
OPTIM:
  BATCH_SIZE: 200
  BETA: 0.9
  DAMPENING: 0.0
  LR: 0.001
  METHOD: Adam
  MOMENTUM: 0.9
  NESTEROV: True
  STEPS: 1
  WD: 0.0
PL:
  ALPHA: 0.1
  THRESHOLD: 0.9
RNG_SEED: 91
SAR:
  MARGIN_E0: 2.763102111592855
SAVE_DIR: ./save/cifar100/bn-wrn-28-10
SHOT:
  CLF_COEFF: 0.1
  THRESHOLD: 0.9
TEST:
  
/gpfs/home5/scur2578/tea/main.py:33: FutureWarning: You are using `torch.load` with `weights_only=False` (the current default value), which uses the default pickle module implicitly. It is possible to construct malicious pickle data which will execute arbitrary code during unpickling (See https://github.com/pytorch/pytorch/blob/main/SECURITY.md#untrusted-models for more details). In a future release, the default value for `weights_only` will be flipped to `True`. This limits the functions that could be executed during unpickling. Arbitrary objects will no longer be allowed to be loaded via this mode unless they are explicitly allowlisted by the user via `torch.serialization.add_safe_globals`. We recommend you start setting `weights_only=True` for any use case where you don't have full control of the loaded file. Please open an issue on GitHub for any issues related to this experimental feature.
  ckpt = torch.load(os.path.join(cfg.CKPT_DIR ,'{}/{}.pth'.format(cfg.CORRUPTION.DATASET, cfg.MODEL.ARCH)))
[25/04/19 20:58:26] [main.py:   63]: test-time adaptation: EATA
[25/04/19 20:58:26] [param.py:   18]: adapting weights of batch-normalization layer
[25/04/19 20:58:26] [setada.py:  110]: model for adaptation: WideResNet(
  (conv1): Conv2d(3, 16, kernel_size=(3, 3), stride=(1, 1), padding=(1, 1), bias=False)
  (block1): NetworkBlock(
    (layer): Sequential(
      (0): BasicBlock(
        (bn1): BatchNorm2d(16, eps=1e-05, momentum=0.1, affine=True, track_running_stats=False)
        (relu1): ReLU(inplace=True)
        (conv1): Conv2d(16, 160, kernel_size=(3, 3), stride=(1, 1), padding=(1, 1), bias=False)
        (bn2): BatchNorm2d(160, eps=1e-05, momentum=0.1, affine=True, track_running_stats=False)
        (relu2): ReLU(inplace=True)
        (conv2): Conv2d(160, 160, kernel_size=(3, 3), stride=(1, 1), padding=(1, 1), bias=False)
        (convShortcut): Conv2d(16, 160, kernel_size=(1, 1), stride=(1, 1), bias=False)
      )
      (1): BasicBlock(
        (bn1): BatchNorm2d(160, eps=1e-05, momentum=0.1, affine=True, track_running_stats=False)
        (relu1): ReLU(inplace=True)
        (conv1): Conv2d(160, 160, kernel_size=(3, 3), stride=(1, 1), padding=(1, 1), bias=False)
        (bn2): BatchNorm2d(160, eps=1e-05, momentum=0.1, affine=True, track_running_stats=False)
        (relu2): ReLU(inplace=True)
        (conv2): Conv2d(160, 160, kernel_size=(3, 3), stride=(1, 1), padding=(1, 1), bias=False)
      )
      (2): BasicBlock(
        (bn1): BatchNorm2d(160, eps=1e-05, momentum=0.1, affine=True, track_running_stats=False)
        (relu1): ReLU(inplace=True)
        (conv1): Conv2d(160, 160, kernel_size=(3, 3), stride=(1, 1), padding=(1, 1), bias=False)
        (bn2): BatchNorm2d(160, eps=1e-05, momentum=0.1, affine=True, track_running_stats=False)
        (relu2): ReLU(inplace=True)
        (conv2): Conv2d(160, 160, kernel_size=(3, 3), stride=(1, 1), padding=(1, 1), bias=False)
      )
      (3): BasicBlock(
        (bn1): BatchNorm2d(160, eps=1e-05, momentum=0.1, affine=True, track_running_stats=False)
        (relu1): ReLU(inplace=True)
        (conv1): Conv2d(160, 160, kernel_size=(3, 3), stride=(1, 1), padding=(1, 1), bias=False)
        (bn2): BatchNorm2d(160, eps=1e-05, momentum=0.1, affine=True, track_running_stats=False)
        (relu2): ReLU(inplace=True)
        (conv2): Conv2d(160, 160, kernel_size=(3, 3), stride=(1, 1), padding=(1, 1), bias=False)
      )
    )
  )
  (block2): NetworkBlock(
    (layer): Sequential(
      (0): BasicBlock(
        (bn1): BatchNorm2d(160, eps=1e-05, momentum=0.1, affine=True, track_running_stats=False)
        (relu1): ReLU(inplace=True)
        (conv1): Conv2d(160, 320, kernel_size=(3, 3), stride=(2, 2), padding=(1, 1), bias=False)
        (bn2): BatchNorm2d(320, eps=1e-05, momentum=0.1, affine=True, track_running_stats=False)
        (relu2): ReLU(inplace=True)
        (conv2): Conv2d(320, 320, kernel_size=(3, 3), stride=(1, 1), padding=(1, 1), bias=False)
        (convShortcut): Conv2d(160, 320, kernel_size=(1, 1), stride=(2, 2), bias=False)
      )
      (1): BasicBlock(
        (bn1): BatchNorm2d(320, eps=1e-05, momentum=0.1, affine=True, track_running_stats=False)
        (relu1): ReLU(inplace=True)
        (conv1): Conv2d(320, 320, kernel_size=(3, 3), stride=(1, 1), padding=(1, 1), bias=False)
        (bn2): BatchNorm2d(320, eps=1e-05, momentum=0.1, affine=True, track_running_stats=False)
        (relu2): ReLU(inplace=True)
        (conv2): Conv2d(320, 320, kernel_size=(3, 3), stride=(1, 1), padding=(1, 1), bias=False)
      )
      (2): BasicBlock(
        (bn1): BatchNorm2d(320, eps=1e-05, momentum=0.1, affine=True, track_running_stats=False)
        (relu1): ReLU(inplace=True)
        (conv1): Conv2d(320, 320, kernel_size=(3, 3), stride=(1, 1), padding=(1, 1), bias=False)
        (bn2): BatchNorm2d(320, eps=1e-05, momentum=0.1, affine=True, track_running_stats=False)
        (relu2): ReLU(inplace=True)
        (conv2): Conv2d(320, 320, kernel_size=(3, 3), stride=(1, 1), padding=(1, 1), bias=False)
      )
      (3): BasicBlock(
        (bn1): BatchNorm2d(320, eps=1e-05, momentum=0.1, affine=True, track_running_stats=False)
        (relu1): ReLU(inplace=True)
        (conv1): Conv2d(320, 320, kernel_size=(3, 3), stride=(1, 1), padding=(1, 1), bias=False)
        (bn2): BatchNorm2d(320, eps=1e-05, momentum=0.1, affine=True, track_running_stats=False)
        (relu2): ReLU(inplace=True)
        (conv2): Conv2d(320, 320, kernel_size=(3, 3), stride=(1, 1), padding=(1, 1), bias=False)
      )
    )
  )
  (block3): NetworkBlock(
    (layer): Sequential(
      (0): BasicBlock(
        (bn1): BatchNorm2d(320, eps=1e-05, momentum=0.1, affine=True, track_running_stats=False)
        (relu1): ReLU(inplace=True)
        (conv1): Conv2d(320, 640, kernel_size=(3, 3), stride=(2, 2), padding=(1, 1), bias=False)
        (bn2): BatchNorm2d(640, eps=1e-05, momentum=0.1, affine=True, track_running_stats=False)
        (relu2): ReLU(inplace=True)
        (conv2): Conv2d(640, 640, kernel_size=(3, 3), stride=(1, 1), padding=(1, 1), bias=False)
        (convShortcut): Conv2d(320, 640, kernel_size=(1, 1), stride=(2, 2), bias=False)
      )
      (1): BasicBlock(
        (bn1): BatchNorm2d(640, eps=1e-05, momentum=0.1, affine=True, track_running_stats=False)
        (relu1): ReLU(inplace=True)
        (conv1): Conv2d(640, 640, kernel_size=(3, 3), stride=(1, 1), padding=(1, 1), bias=False)
        (bn2): BatchNorm2d(640, eps=1e-05, momentum=0.1, affine=True, track_running_stats=False)
        (relu2): ReLU(inplace=True)
        (conv2): Conv2d(640, 640, kernel_size=(3, 3), stride=(1, 1), padding=(1, 1), bias=False)
      )
      (2): BasicBlock(
        (bn1): BatchNorm2d(640, eps=1e-05, momentum=0.1, affine=True, track_running_stats=False)
        (relu1): ReLU(inplace=True)
        (conv1): Conv2d(640, 640, kernel_size=(3, 3), stride=(1, 1), padding=(1, 1), bias=False)
        (bn2): BatchNorm2d(640, eps=1e-05, momentum=0.1, affine=True, track_running_stats=False)
        (relu2): ReLU(inplace=True)
        (conv2): Conv2d(640, 640, kernel_size=(3, 3), stride=(1, 1), padding=(1, 1), bias=False)
      )
      (3): BasicBlock(
        (bn1): BatchNorm2d(640, eps=1e-05, momentum=0.1, affine=True, track_running_stats=False)
        (relu1): ReLU(inplace=True)
        (conv1): Conv2d(640, 640, kernel_size=(3, 3), stride=(1, 1), padding=(1, 1), bias=False)
        (bn2): BatchNorm2d(640, eps=1e-05, momentum=0.1, affine=True, track_running_stats=False)
        (relu2): ReLU(inplace=True)
        (conv2): Conv2d(640, 640, kernel_size=(3, 3), stride=(1, 1), padding=(1, 1), bias=False)
      )
    )
  )
  (bn1): BatchNorm2d(640, eps=1e-05, momentum=0.1, affine=True, track_running_stats=False)
  (relu): ReLU(inplace=True)
  (fc): Linear(in_features=640, out_features=100, bias=True)
)
[25/04/19 20:58:26] [setada.py:  111]: params for adaptation: ['block1.layer.0.bn1.weight', 'block1.layer.0.bn1.bias', 'block1.layer.0.bn2.weight', 'block1.layer.0.bn2.bias', 'block1.layer.1.bn1.weight', 'block1.layer.1.bn1.bias', 'block1.layer.1.bn2.weight', 'block1.layer.1.bn2.bias', 'block1.layer.2.bn1.weight', 'block1.layer.2.bn1.bias', 'block1.layer.2.bn2.weight', 'block1.layer.2.bn2.bias', 'block1.layer.3.bn1.weight', 'block1.layer.3.bn1.bias', 'block1.layer.3.bn2.weight', 'block1.layer.3.bn2.bias', 'block2.layer.0.bn1.weight', 'block2.layer.0.bn1.bias', 'block2.layer.0.bn2.weight', 'block2.layer.0.bn2.bias', 'block2.layer.1.bn1.weight', 'block2.layer.1.bn1.bias', 'block2.layer.1.bn2.weight', 'block2.layer.1.bn2.bias', 'block2.layer.2.bn1.weight', 'block2.layer.2.bn1.bias', 'block2.layer.2.bn2.weight', 'block2.layer.2.bn2.bias', 'block2.layer.3.bn1.weight', 'block2.layer.3.bn1.bias', 'block2.layer.3.bn2.weight', 'block2.layer.3.bn2.bias', 'block3.layer.0.bn1.weight', 'block3.layer.0.bn1.bias', 'block3.layer.0.bn2.weight', 'block3.layer.0.bn2.bias', 'block3.layer.1.bn1.weight', 'block3.layer.1.bn1.bias', 'block3.layer.1.bn2.weight', 'block3.layer.1.bn2.bias', 'block3.layer.2.bn1.weight', 'block3.layer.2.bn1.bias', 'block3.layer.2.bn2.weight', 'block3.layer.2.bn2.bias', 'block3.layer.3.bn1.weight', 'block3.layer.3.bn1.bias', 'block3.layer.3.bn2.weight', 'block3.layer.3.bn2.bias', 'bn1.weight', 'bn1.bias']
[25/04/19 20:58:26] [setada.py:  112]: optimizer for adaptation: Adam (
Parameter Group 0
    amsgrad: False
    betas: (0.9, 0.999)
    capturable: False
    differentiable: False
    eps: 1e-08
    foreach: None
    fused: None
    lr: 0.001
    maximize: False
    weight_decay: 0.0
)
[25/04/19 20:58:26] [eval.py:   70]: resetting model
[25/04/19 20:58:30] [eval.py:   78]: acc % [gaussian_noise5]: 47.22%
[25/04/19 20:58:30] [eval.py:   70]: resetting model
[25/04/19 20:58:34] [eval.py:   78]: acc % [gaussian_noise4]: 48.74%
[25/04/19 20:58:34] [eval.py:   70]: resetting model
[25/04/19 20:58:38] [eval.py:   78]: acc % [gaussian_noise3]: 51.53%
[25/04/19 20:58:38] [eval.py:   70]: resetting model
[25/04/19 20:58:41] [eval.py:   78]: acc % [gaussian_noise2]: 59.41%
[25/04/19 20:58:41] [eval.py:   70]: resetting model
[25/04/19 20:58:45] [eval.py:   78]: acc % [gaussian_noise1]: 65.97%
[25/04/19 20:58:45] [eval.py:   70]: resetting model
[25/04/19 20:58:48] [eval.py:   78]: acc % [shot_noise5]: 46.55%
[25/04/19 20:58:48] [eval.py:   70]: resetting model
[25/04/19 20:58:52] [eval.py:   78]: acc % [shot_noise4]: 53.65%
[25/04/19 20:58:52] [eval.py:   70]: resetting model
[25/04/19 20:58:56] [eval.py:   78]: acc % [shot_noise3]: 57.12%
[25/04/19 20:58:56] [eval.py:   70]: resetting model
[25/04/19 20:58:59] [eval.py:   78]: acc % [shot_noise2]: 65.66%
[25/04/19 20:58:59] [eval.py:   70]: resetting model
[25/04/19 20:59:03] [eval.py:   78]: acc % [shot_noise1]: 70.14%
[25/04/19 20:59:03] [eval.py:   70]: resetting model
[25/04/19 20:59:06] [eval.py:   78]: acc % [impulse_noise5]: 37.57%
[25/04/19 20:59:07] [eval.py:   70]: resetting model
[25/04/19 20:59:10] [eval.py:   78]: acc % [impulse_noise4]: 46.26%
[25/04/19 20:59:10] [eval.py:   70]: resetting model
[25/04/19 20:59:14] [eval.py:   78]: acc % [impulse_noise3]: 55.27%
[25/04/19 20:59:14] [eval.py:   70]: resetting model
[25/04/19 20:59:17] [eval.py:   78]: acc % [impulse_noise2]: 61.19%
[25/04/19 20:59:17] [eval.py:   70]: resetting model
[25/04/19 20:59:21] [eval.py:   78]: acc % [impulse_noise1]: 68.22%
[25/04/19 20:59:21] [eval.py:   70]: resetting model
[25/04/19 20:59:25] [eval.py:   78]: acc % [defocus_blur5]: 67.40%
[25/04/19 20:59:25] [eval.py:   70]: resetting model
[25/04/19 20:59:28] [eval.py:   78]: acc % [defocus_blur4]: 74.04%
[25/04/19 20:59:28] [eval.py:   70]: resetting model
[25/04/19 20:59:32] [eval.py:   78]: acc % [defocus_blur3]: 76.75%
[25/04/19 20:59:32] [eval.py:   70]: resetting model
[25/04/19 20:59:36] [eval.py:   78]: acc % [defocus_blur2]: 76.92%
[25/04/19 20:59:36] [eval.py:   70]: resetting model
[25/04/19 20:59:39] [eval.py:   78]: acc % [defocus_blur1]: 77.12%
[25/04/19 20:59:39] [eval.py:   70]: resetting model
[25/04/19 20:59:43] [eval.py:   78]: acc % [glass_blur5]: 45.00%
[25/04/19 20:59:43] [eval.py:   70]: resetting model
[25/04/19 20:59:46] [eval.py:   78]: acc % [glass_blur4]: 46.60%
[25/04/19 20:59:46] [eval.py:   70]: resetting model
[25/04/19 20:59:50] [eval.py:   78]: acc % [glass_blur3]: 55.90%
[25/04/19 20:59:50] [eval.py:   70]: resetting model
[25/04/19 20:59:54] [eval.py:   78]: acc % [glass_blur2]: 56.44%
[25/04/19 20:59:54] [eval.py:   70]: resetting model
[25/04/19 20:59:57] [eval.py:   78]: acc % [glass_blur1]: 56.18%
[25/04/19 20:59:57] [eval.py:   70]: resetting model
[25/04/19 21:00:01] [eval.py:   78]: acc % [motion_blur5]: 66.78%
[25/04/19 21:00:01] [eval.py:   70]: resetting model
[25/04/19 21:00:05] [eval.py:   78]: acc % [motion_blur4]: 70.16%
[25/04/19 21:00:05] [eval.py:   70]: resetting model
[25/04/19 21:00:08] [eval.py:   78]: acc % [motion_blur3]: 69.87%
[25/04/19 21:00:08] [eval.py:   70]: resetting model
[25/04/19 21:00:12] [eval.py:   78]: acc % [motion_blur2]: 72.45%
[25/04/19 21:00:12] [eval.py:   70]: resetting model
[25/04/19 21:00:15] [eval.py:   78]: acc % [motion_blur1]: 74.40%
[25/04/19 21:00:16] [eval.py:   70]: resetting model
[25/04/19 21:00:19] [eval.py:   78]: acc % [zoom_blur5]: 69.27%
[25/04/19 21:00:19] [eval.py:   70]: resetting model
[25/04/19 21:00:23] [eval.py:   78]: acc % [zoom_blur4]: 71.55%
[25/04/19 21:00:23] [eval.py:   70]: resetting model
[25/04/19 21:00:26] [eval.py:   78]: acc % [zoom_blur3]: 73.34%
[25/04/19 21:00:26] [eval.py:   70]: resetting model
[25/04/19 21:00:30] [eval.py:   78]: acc % [zoom_blur2]: 74.24%
[25/04/19 21:00:30] [eval.py:   70]: resetting model
[25/04/19 21:00:34] [eval.py:   78]: acc % [zoom_blur1]: 74.91%
[25/04/19 21:00:34] [eval.py:   70]: resetting model
[25/04/19 21:00:37] [eval.py:   78]: acc % [snow5]: 59.93%
[25/04/19 21:00:37] [eval.py:   70]: resetting model
[25/04/19 21:00:41] [eval.py:   78]: acc % [snow4]: 62.97%
[25/04/19 21:00:41] [eval.py:   70]: resetting model
[25/04/19 21:00:45] [eval.py:   78]: acc % [snow3]: 64.09%
[25/04/19 21:00:45] [eval.py:   70]: resetting model
[25/04/19 21:00:48] [eval.py:   78]: acc % [snow2]: 64.71%
[25/04/19 21:00:48] [eval.py:   70]: resetting model
[25/04/19 21:00:52] [eval.py:   78]: acc % [snow1]: 71.39%
[25/04/19 21:00:52] [eval.py:   70]: resetting model
[25/04/19 21:00:55] [eval.py:   78]: acc % [frost5]: 58.80%
[25/04/19 21:00:55] [eval.py:   70]: resetting model
[25/04/19 21:00:59] [eval.py:   78]: acc % [frost4]: 64.20%
[25/04/19 21:00:59] [eval.py:   70]: resetting model
[25/04/19 21:01:03] [eval.py:   78]: acc % [frost3]: 63.47%
[25/04/19 21:01:03] [eval.py:   70]: resetting model
[25/04/19 21:01:06] [eval.py:   78]: acc % [frost2]: 68.85%
[25/04/19 21:01:06] [eval.py:   70]: resetting model
[25/04/19 21:01:10] [eval.py:   78]: acc % [frost1]: 72.19%
[25/04/19 21:01:10] [eval.py:   70]: resetting model
[25/04/19 21:01:14] [eval.py:   78]: acc % [fog5]: 62.50%
[25/04/19 21:01:14] [eval.py:   70]: resetting model
[25/04/19 21:01:17] [eval.py:   78]: acc % [fog4]: 71.89%
[25/04/19 21:01:17] [eval.py:   70]: resetting model
[25/04/19 21:01:21] [eval.py:   78]: acc % [fog3]: 73.83%
[25/04/19 21:01:21] [eval.py:   70]: resetting model
[25/04/19 21:01:25] [eval.py:   78]: acc % [fog2]: 75.67%
[25/04/19 21:01:25] [eval.py:   70]: resetting model
[25/04/19 21:01:28] [eval.py:   78]: acc % [fog1]: 76.96%
[25/04/19 21:01:28] [eval.py:   70]: resetting model
[25/04/19 21:01:32] [eval.py:   78]: acc % [brightness5]: 72.20%
[25/04/19 21:01:32] [eval.py:   70]: resetting model
[25/04/19 21:01:35] [eval.py:   78]: acc % [brightness4]: 75.12%
[25/04/19 21:01:35] [eval.py:   70]: resetting model
[25/04/19 21:01:39] [eval.py:   78]: acc % [brightness3]: 76.43%
[25/04/19 21:01:39] [eval.py:   70]: resetting model
[25/04/19 21:01:43] [eval.py:   78]: acc % [brightness2]: 77.06%
[25/04/19 21:01:43] [eval.py:   70]: resetting model
[25/04/19 21:01:46] [eval.py:   78]: acc % [brightness1]: 77.34%
[25/04/19 21:01:46] [eval.py:   70]: resetting model
[25/04/19 21:01:50] [eval.py:   78]: acc % [contrast5]: 67.55%
[25/04/19 21:01:50] [eval.py:   70]: resetting model
[25/04/19 21:01:54] [eval.py:   78]: acc % [contrast4]: 72.58%
[25/04/19 21:01:54] [eval.py:   70]: resetting model
[25/04/19 21:01:57] [eval.py:   78]: acc % [contrast3]: 73.86%
[25/04/19 21:01:57] [eval.py:   70]: resetting model
[25/04/19 21:02:01] [eval.py:   78]: acc % [contrast2]: 75.56%
[25/04/19 21:02:01] [eval.py:   70]: resetting model
[25/04/19 21:02:05] [eval.py:   78]: acc % [contrast1]: 76.72%
[25/04/19 21:02:05] [eval.py:   70]: resetting model
[25/04/19 21:02:08] [eval.py:   78]: acc % [elastic_transform5]: 54.60%
[25/04/19 21:02:08] [eval.py:   70]: resetting model
[25/04/19 21:02:12] [eval.py:   78]: acc % [elastic_transform4]: 63.82%
[25/04/19 21:02:12] [eval.py:   70]: resetting model
[25/04/19 21:02:15] [eval.py:   78]: acc % [elastic_transform3]: 71.35%
[25/04/19 21:02:15] [eval.py:   70]: resetting model
[25/04/19 21:02:19] [eval.py:   78]: acc % [elastic_transform2]: 72.40%
[25/04/19 21:02:19] [eval.py:   70]: resetting model
[25/04/19 21:02:23] [eval.py:   78]: acc % [elastic_transform1]: 71.57%
[25/04/19 21:02:23] [eval.py:   70]: resetting model
[25/04/19 21:02:26] [eval.py:   78]: acc % [pixelate5]: 61.28%
[25/04/19 21:02:26] [eval.py:   70]: resetting model
[25/04/19 21:02:30] [eval.py:   78]: acc % [pixelate4]: 66.53%
[25/04/19 21:02:30] [eval.py:   70]: resetting model
[25/04/19 21:02:34] [eval.py:   78]: acc % [pixelate3]: 70.13%
[25/04/19 21:02:34] [eval.py:   70]: resetting model
[25/04/19 21:02:37] [eval.py:   78]: acc % [pixelate2]: 72.79%
[25/04/19 21:02:37] [eval.py:   70]: resetting model
[25/04/19 21:02:41] [eval.py:   78]: acc % [pixelate1]: 74.60%
[25/04/19 21:02:41] [eval.py:   70]: resetting model
[25/04/19 21:02:44] [eval.py:   78]: acc % [jpeg_compression5]: 48.63%
[25/04/19 21:02:44] [eval.py:   70]: resetting model
[25/04/19 21:02:48] [eval.py:   78]: acc % [jpeg_compression4]: 52.10%
[25/04/19 21:02:48] [eval.py:   70]: resetting model
[25/04/19 21:02:52] [eval.py:   78]: acc % [jpeg_compression3]: 53.72%
[25/04/19 21:02:52] [eval.py:   70]: resetting model
[25/04/19 21:02:55] [eval.py:   78]: acc % [jpeg_compression2]: 57.25%
[25/04/19 21:02:55] [eval.py:   70]: resetting model
[25/04/19 21:02:59] [eval.py:   78]: acc % [jpeg_compression1]: 63.86%
[25/04/19 21:02:59] [eval.py:   84]: 
                          1         2         3         4        5       avg
gaussian_noise     0.472200  0.487400  0.515300  0.594100  0.65970  0.545740
shot_noise         0.465500  0.536500  0.571200  0.656600  0.70140  0.586240
impulse_noise      0.375700  0.462600  0.552700  0.611900  0.68220  0.537020
defocus_blur       0.674000  0.740400  0.767500  0.769200  0.77120  0.744460
glass_blur         0.450000  0.466000  0.559000  0.564400  0.56180  0.520240
motion_blur        0.667800  0.701600  0.698700  0.724500  0.74400  0.707320
zoom_blur          0.692700  0.715500  0.733400  0.742400  0.74910  0.726620
snow               0.599300  0.629700  0.640900  0.647100  0.71390  0.646180
frost              0.588000  0.642000  0.634700  0.688500  0.72190  0.655020
fog                0.625000  0.718900  0.738300  0.756700  0.76960  0.721700
brightness         0.722000  0.751200  0.764300  0.770600  0.77340  0.756300
contrast           0.675500  0.725800  0.738600  0.755600  0.76720  0.732540
elastic_transform  0.546000  0.638200  0.713500  0.724000  0.71570  0.667480
pixelate           0.612800  0.665300  0.701300  0.727900  0.74600  0.690660
jpeg_compression   0.486300  0.521000  0.537200  0.572500  0.63860  0.551120
average            0.576853  0.626807  0.657773  0.687067  0.71438  0.652576
[25/04/19 21:02:59] [eval.py:  125]: resetting model
[25/04/19 21:03:05] [eval.py:  137]: Test set Accuracy: 0.7736
Building model...
fishers None
torch.Size([10000, 3, 32, 32]) 10000
torch.Size([10000, 3, 32, 32]) 10000
torch.Size([10000, 3, 32, 32]) 10000
torch.Size([10000, 3, 32, 32]) 10000
torch.Size([10000, 3, 32, 32]) 10000
torch.Size([10000, 3, 32, 32]) 10000
torch.Size([10000, 3, 32, 32]) 10000
torch.Size([10000, 3, 32, 32]) 10000
torch.Size([10000, 3, 32, 32]) 10000
torch.Size([10000, 3, 32, 32]) 10000
torch.Size([10000, 3, 32, 32]) 10000
torch.Size([10000, 3, 32, 32]) 10000
torch.Size([10000, 3, 32, 32]) 10000
torch.Size([10000, 3, 32, 32]) 10000
torch.Size([10000, 3, 32, 32]) 10000
torch.Size([10000, 3, 32, 32]) 10000
torch.Size([10000, 3, 32, 32]) 10000
torch.Size([10000, 3, 32, 32]) 10000
torch.Size([10000, 3, 32, 32]) 10000
torch.Size([10000, 3, 32, 32]) 10000
torch.Size([10000, 3, 32, 32]) 10000
torch.Size([10000, 3, 32, 32]) 10000
torch.Size([10000, 3, 32, 32]) 10000
torch.Size([10000, 3, 32, 32]) 10000
torch.Size([10000, 3, 32, 32]) 10000
torch.Size([10000, 3, 32, 32]) 10000
torch.Size([10000, 3, 32, 32]) 10000
torch.Size([10000, 3, 32, 32]) 10000
torch.Size([10000, 3, 32, 32]) 10000
torch.Size([10000, 3, 32, 32]) 10000
torch.Size([10000, 3, 32, 32]) 10000
torch.Size([10000, 3, 32, 32]) 10000
torch.Size([10000, 3, 32, 32]) 10000
torch.Size([10000, 3, 32, 32]) 10000
torch.Size([10000, 3, 32, 32]) 10000
torch.Size([10000, 3, 32, 32]) 10000
torch.Size([10000, 3, 32, 32]) 10000
torch.Size([10000, 3, 32, 32]) 10000
torch.Size([10000, 3, 32, 32]) 10000
torch.Size([10000, 3, 32, 32]) 10000
torch.Size([10000, 3, 32, 32]) 10000
torch.Size([10000, 3, 32, 32]) 10000
torch.Size([10000, 3, 32, 32]) 10000
torch.Size([10000, 3, 32, 32]) 10000
torch.Size([10000, 3, 32, 32]) 10000
torch.Size([10000, 3, 32, 32]) 10000
torch.Size([10000, 3, 32, 32]) 10000
torch.Size([10000, 3, 32, 32]) 10000
torch.Size([10000, 3, 32, 32]) 10000
torch.Size([10000, 3, 32, 32]) 10000
torch.Size([10000, 3, 32, 32]) 10000
torch.Size([10000, 3, 32, 32]) 10000
torch.Size([10000, 3, 32, 32]) 10000
torch.Size([10000, 3, 32, 32]) 10000
torch.Size([10000, 3, 32, 32]) 10000
torch.Size([10000, 3, 32, 32]) 10000
torch.Size([10000, 3, 32, 32]) 10000
torch.Size([10000, 3, 32, 32]) 10000
torch.Size([10000, 3, 32, 32]) 10000
torch.Size([10000, 3, 32, 32]) 10000
torch.Size([10000, 3, 32, 32]) 10000
torch.Size([10000, 3, 32, 32]) 10000
torch.Size([10000, 3, 32, 32]) 10000
torch.Size([10000, 3, 32, 32]) 10000
torch.Size([10000, 3, 32, 32]) 10000
torch.Size([10000, 3, 32, 32]) 10000
torch.Size([10000, 3, 32, 32]) 10000
torch.Size([10000, 3, 32, 32]) 10000
torch.Size([10000, 3, 32, 32]) 10000
torch.Size([10000, 3, 32, 32]) 10000
torch.Size([10000, 3, 32, 32]) 10000
torch.Size([10000, 3, 32, 32]) 10000
torch.Size([10000, 3, 32, 32]) 10000
torch.Size([10000, 3, 32, 32]) 10000
torch.Size([10000, 3, 32, 32]) 10000
Files already downloaded and verified
torch.Size([10000, 3, 32, 32]) 10000
