[25/04/20 15:49:24] [utils.py:   37]: PyTorch Version: torch=2.5.0+cu124, cuda=12.4, cudnn=90100
[25/04/20 15:49:24] [utils.py:   39]: BN:
  EPS: 1e-05
  MOM: 0.1
CKPT_DIR: ./ckpt
CORRUPTION:
  DATASET: cifar10
  IMG_SIZE: 32
  NUM_CHANNEL: 3
  NUM_CLASSES: 10
  NUM_EX: 10000
  SEVERITY: [5, 4, 3, 2, 1]
  TYPE: ['gaussian_noise', 'shot_noise', 'impulse_noise', 'defocus_blur', 'glass_blur', 'motion_blur', 'zoom_blur', 'snow', 'frost', 'fog', 'brightness', 'contrast', 'elastic_transform', 'pixelate', 'jpeg_compression']
CUDNN:
  BENCHMARK: True
DATA_DIR: ./data/cifar10
DESC: 
EATA:
  D_MARGIN: 0.05
  E_MARGIN: 2.763102111592855
  FISHER_ALPHA: 2000.0
  FISHER_SIZE: 2000
  USE_FISHER: False
EBM:
  BUFFER_SIZE: 10000
  REINIT_FREQ: 0.05
  SGLD_LR: 0.1
  SGLD_STD: 0.01
  STEPS: 20
  UNCOND: uncond
LOG_DEST: energy_bn_adam-1-0.001-200_uncond-20-0.1-0.01-10000-0.05_250420-154924.txt
LOG_TIME: 250420-154924
MODEL:
  ADAPTATION: energy
  ADA_PARAM: ['bn']
  ARCH: WRN2810_BN
  EPISODIC: False
OPTIM:
  BATCH_SIZE: 200
  BETA: 0.9
  DAMPENING: 0.0
  LR: 0.001
  METHOD: Adam
  MOMENTUM: 0.9
  NESTEROV: True
  STEPS: 1
  WD: 0.0
PL:
  ALPHA: 0.1
  THRESHOLD: 0.9
RNG_SEED: 511
SAR:
  MARGIN_E0: 2.763102111592855
SAVE_DIR: ./save/cifar10/bn-wrn-28-10
SHOT:
  CLF_COEFF: 0.1
  THRESHOLD: 0.9
TEST:
  
/home/scur2578/.local/lib/python3.9/site-packages/robustbench/utils.py:165: FutureWarning: You are using `torch.load` with `weights_only=False` (the current default value), which uses the default pickle module implicitly. It is possible to construct malicious pickle data which will execute arbitrary code during unpickling (See https://github.com/pytorch/pytorch/blob/main/SECURITY.md#untrusted-models for more details). In a future release, the default value for `weights_only` will be flipped to `True`. This limits the functions that could be executed during unpickling. Arbitrary objects will no longer be allowed to be loaded via this mode unless they are explicitly allowlisted by the user via `torch.serialization.add_safe_globals`. We recommend you start setting `weights_only=True` for any use case where you don't have full control of the loaded file. Please open an issue on GitHub for any issues related to this experimental feature.
  checkpoint = torch.load(model_path, map_location=torch.device('cpu'))
[25/04/20 15:49:26] [main.py:   66]: test-time adaptation: ENERGY
[25/04/20 15:49:26] [param.py:   18]: adapting weights of batch-normalization layer
[25/04/20 15:49:26] [setada.py:  138]: model for adaptation: WideResNet(
  (conv1): Conv2d(3, 16, kernel_size=(3, 3), stride=(1, 1), padding=(1, 1), bias=False)
  (block1): NetworkBlock(
    (layer): Sequential(
      (0): BasicBlock(
        (bn1): BatchNorm2d(16, eps=1e-05, momentum=0.1, affine=True, track_running_stats=False)
        (relu1): ReLU(inplace=True)
        (conv1): Conv2d(16, 160, kernel_size=(3, 3), stride=(1, 1), padding=(1, 1), bias=False)
        (bn2): BatchNorm2d(160, eps=1e-05, momentum=0.1, affine=True, track_running_stats=False)
        (relu2): ReLU(inplace=True)
        (conv2): Conv2d(160, 160, kernel_size=(3, 3), stride=(1, 1), padding=(1, 1), bias=False)
        (convShortcut): Conv2d(16, 160, kernel_size=(1, 1), stride=(1, 1), bias=False)
      )
      (1): BasicBlock(
        (bn1): BatchNorm2d(160, eps=1e-05, momentum=0.1, affine=True, track_running_stats=False)
        (relu1): ReLU(inplace=True)
        (conv1): Conv2d(160, 160, kernel_size=(3, 3), stride=(1, 1), padding=(1, 1), bias=False)
        (bn2): BatchNorm2d(160, eps=1e-05, momentum=0.1, affine=True, track_running_stats=False)
        (relu2): ReLU(inplace=True)
        (conv2): Conv2d(160, 160, kernel_size=(3, 3), stride=(1, 1), padding=(1, 1), bias=False)
      )
      (2): BasicBlock(
        (bn1): BatchNorm2d(160, eps=1e-05, momentum=0.1, affine=True, track_running_stats=False)
        (relu1): ReLU(inplace=True)
        (conv1): Conv2d(160, 160, kernel_size=(3, 3), stride=(1, 1), padding=(1, 1), bias=False)
        (bn2): BatchNorm2d(160, eps=1e-05, momentum=0.1, affine=True, track_running_stats=False)
        (relu2): ReLU(inplace=True)
        (conv2): Conv2d(160, 160, kernel_size=(3, 3), stride=(1, 1), padding=(1, 1), bias=False)
      )
      (3): BasicBlock(
        (bn1): BatchNorm2d(160, eps=1e-05, momentum=0.1, affine=True, track_running_stats=False)
        (relu1): ReLU(inplace=True)
        (conv1): Conv2d(160, 160, kernel_size=(3, 3), stride=(1, 1), padding=(1, 1), bias=False)
        (bn2): BatchNorm2d(160, eps=1e-05, momentum=0.1, affine=True, track_running_stats=False)
        (relu2): ReLU(inplace=True)
        (conv2): Conv2d(160, 160, kernel_size=(3, 3), stride=(1, 1), padding=(1, 1), bias=False)
      )
    )
  )
  (block2): NetworkBlock(
    (layer): Sequential(
      (0): BasicBlock(
        (bn1): BatchNorm2d(160, eps=1e-05, momentum=0.1, affine=True, track_running_stats=False)
        (relu1): ReLU(inplace=True)
        (conv1): Conv2d(160, 320, kernel_size=(3, 3), stride=(2, 2), padding=(1, 1), bias=False)
        (bn2): BatchNorm2d(320, eps=1e-05, momentum=0.1, affine=True, track_running_stats=False)
        (relu2): ReLU(inplace=True)
        (conv2): Conv2d(320, 320, kernel_size=(3, 3), stride=(1, 1), padding=(1, 1), bias=False)
        (convShortcut): Conv2d(160, 320, kernel_size=(1, 1), stride=(2, 2), bias=False)
      )
      (1): BasicBlock(
        (bn1): BatchNorm2d(320, eps=1e-05, momentum=0.1, affine=True, track_running_stats=False)
        (relu1): ReLU(inplace=True)
        (conv1): Conv2d(320, 320, kernel_size=(3, 3), stride=(1, 1), padding=(1, 1), bias=False)
        (bn2): BatchNorm2d(320, eps=1e-05, momentum=0.1, affine=True, track_running_stats=False)
        (relu2): ReLU(inplace=True)
        (conv2): Conv2d(320, 320, kernel_size=(3, 3), stride=(1, 1), padding=(1, 1), bias=False)
      )
      (2): BasicBlock(
        (bn1): BatchNorm2d(320, eps=1e-05, momentum=0.1, affine=True, track_running_stats=False)
        (relu1): ReLU(inplace=True)
        (conv1): Conv2d(320, 320, kernel_size=(3, 3), stride=(1, 1), padding=(1, 1), bias=False)
        (bn2): BatchNorm2d(320, eps=1e-05, momentum=0.1, affine=True, track_running_stats=False)
        (relu2): ReLU(inplace=True)
        (conv2): Conv2d(320, 320, kernel_size=(3, 3), stride=(1, 1), padding=(1, 1), bias=False)
      )
      (3): BasicBlock(
        (bn1): BatchNorm2d(320, eps=1e-05, momentum=0.1, affine=True, track_running_stats=False)
        (relu1): ReLU(inplace=True)
        (conv1): Conv2d(320, 320, kernel_size=(3, 3), stride=(1, 1), padding=(1, 1), bias=False)
        (bn2): BatchNorm2d(320, eps=1e-05, momentum=0.1, affine=True, track_running_stats=False)
        (relu2): ReLU(inplace=True)
        (conv2): Conv2d(320, 320, kernel_size=(3, 3), stride=(1, 1), padding=(1, 1), bias=False)
      )
    )
  )
  (block3): NetworkBlock(
    (layer): Sequential(
      (0): BasicBlock(
        (bn1): BatchNorm2d(320, eps=1e-05, momentum=0.1, affine=True, track_running_stats=False)
        (relu1): ReLU(inplace=True)
        (conv1): Conv2d(320, 640, kernel_size=(3, 3), stride=(2, 2), padding=(1, 1), bias=False)
        (bn2): BatchNorm2d(640, eps=1e-05, momentum=0.1, affine=True, track_running_stats=False)
        (relu2): ReLU(inplace=True)
        (conv2): Conv2d(640, 640, kernel_size=(3, 3), stride=(1, 1), padding=(1, 1), bias=False)
        (convShortcut): Conv2d(320, 640, kernel_size=(1, 1), stride=(2, 2), bias=False)
      )
      (1): BasicBlock(
        (bn1): BatchNorm2d(640, eps=1e-05, momentum=0.1, affine=True, track_running_stats=False)
        (relu1): ReLU(inplace=True)
        (conv1): Conv2d(640, 640, kernel_size=(3, 3), stride=(1, 1), padding=(1, 1), bias=False)
        (bn2): BatchNorm2d(640, eps=1e-05, momentum=0.1, affine=True, track_running_stats=False)
        (relu2): ReLU(inplace=True)
        (conv2): Conv2d(640, 640, kernel_size=(3, 3), stride=(1, 1), padding=(1, 1), bias=False)
      )
      (2): BasicBlock(
        (bn1): BatchNorm2d(640, eps=1e-05, momentum=0.1, affine=True, track_running_stats=False)
        (relu1): ReLU(inplace=True)
        (conv1): Conv2d(640, 640, kernel_size=(3, 3), stride=(1, 1), padding=(1, 1), bias=False)
        (bn2): BatchNorm2d(640, eps=1e-05, momentum=0.1, affine=True, track_running_stats=False)
        (relu2): ReLU(inplace=True)
        (conv2): Conv2d(640, 640, kernel_size=(3, 3), stride=(1, 1), padding=(1, 1), bias=False)
      )
      (3): BasicBlock(
        (bn1): BatchNorm2d(640, eps=1e-05, momentum=0.1, affine=True, track_running_stats=False)
        (relu1): ReLU(inplace=True)
        (conv1): Conv2d(640, 640, kernel_size=(3, 3), stride=(1, 1), padding=(1, 1), bias=False)
        (bn2): BatchNorm2d(640, eps=1e-05, momentum=0.1, affine=True, track_running_stats=False)
        (relu2): ReLU(inplace=True)
        (conv2): Conv2d(640, 640, kernel_size=(3, 3), stride=(1, 1), padding=(1, 1), bias=False)
      )
    )
  )
  (bn1): BatchNorm2d(640, eps=1e-05, momentum=0.1, affine=True, track_running_stats=False)
  (relu): ReLU(inplace=True)
  (fc): Linear(in_features=640, out_features=10, bias=True)
)
[25/04/20 15:49:26] [setada.py:  139]: params for adaptation: ['block1.layer.0.bn1.weight', 'block1.layer.0.bn1.bias', 'block1.layer.0.bn2.weight', 'block1.layer.0.bn2.bias', 'block1.layer.1.bn1.weight', 'block1.layer.1.bn1.bias', 'block1.layer.1.bn2.weight', 'block1.layer.1.bn2.bias', 'block1.layer.2.bn1.weight', 'block1.layer.2.bn1.bias', 'block1.layer.2.bn2.weight', 'block1.layer.2.bn2.bias', 'block1.layer.3.bn1.weight', 'block1.layer.3.bn1.bias', 'block1.layer.3.bn2.weight', 'block1.layer.3.bn2.bias', 'block2.layer.0.bn1.weight', 'block2.layer.0.bn1.bias', 'block2.layer.0.bn2.weight', 'block2.layer.0.bn2.bias', 'block2.layer.1.bn1.weight', 'block2.layer.1.bn1.bias', 'block2.layer.1.bn2.weight', 'block2.layer.1.bn2.bias', 'block2.layer.2.bn1.weight', 'block2.layer.2.bn1.bias', 'block2.layer.2.bn2.weight', 'block2.layer.2.bn2.bias', 'block2.layer.3.bn1.weight', 'block2.layer.3.bn1.bias', 'block2.layer.3.bn2.weight', 'block2.layer.3.bn2.bias', 'block3.layer.0.bn1.weight', 'block3.layer.0.bn1.bias', 'block3.layer.0.bn2.weight', 'block3.layer.0.bn2.bias', 'block3.layer.1.bn1.weight', 'block3.layer.1.bn1.bias', 'block3.layer.1.bn2.weight', 'block3.layer.1.bn2.bias', 'block3.layer.2.bn1.weight', 'block3.layer.2.bn1.bias', 'block3.layer.2.bn2.weight', 'block3.layer.2.bn2.bias', 'block3.layer.3.bn1.weight', 'block3.layer.3.bn1.bias', 'block3.layer.3.bn2.weight', 'block3.layer.3.bn2.bias', 'bn1.weight', 'bn1.bias']
[25/04/20 15:49:26] [setada.py:  140]: optimizer for adaptation: Adam (
Parameter Group 0
    amsgrad: False
    betas: (0.9, 0.999)
    capturable: False
    differentiable: False
    eps: 1e-08
    foreach: None
    fused: None
    lr: 0.001
    maximize: False
    weight_decay: 0.0
)
[25/04/20 15:49:26] [eval.py:   70]: resetting model
[25/04/20 15:50:49] [eval.py:   78]: acc % [gaussian_noise5]: 78.11%
[25/04/20 15:50:49] [eval.py:   70]: resetting model
[25/04/20 15:52:11] [eval.py:   78]: acc % [gaussian_noise4]: 80.33%
[25/04/20 15:52:11] [eval.py:   70]: resetting model
[25/04/20 15:53:32] [eval.py:   78]: acc % [gaussian_noise3]: 82.54%
[25/04/20 15:53:32] [eval.py:   70]: resetting model
[25/04/20 15:54:53] [eval.py:   78]: acc % [gaussian_noise2]: 86.26%
[25/04/20 15:54:53] [eval.py:   70]: resetting model
[25/04/20 15:56:15] [eval.py:   78]: acc % [gaussian_noise1]: 89.86%
[25/04/20 15:56:15] [eval.py:   70]: resetting model
[25/04/20 15:57:36] [eval.py:   78]: acc % [shot_noise5]: 79.87%
[25/04/20 15:57:36] [eval.py:   70]: resetting model
[25/04/20 15:58:58] [eval.py:   78]: acc % [shot_noise4]: 83.95%
[25/04/20 15:58:58] [eval.py:   70]: resetting model
[25/04/20 16:00:19] [eval.py:   78]: acc % [shot_noise3]: 85.21%
[25/04/20 16:00:19] [eval.py:   70]: resetting model
[25/04/20 16:01:41] [eval.py:   78]: acc % [shot_noise2]: 89.82%
[25/04/20 16:01:41] [eval.py:   70]: resetting model
[25/04/20 16:03:02] [eval.py:   78]: acc % [shot_noise1]: 91.52%
[25/04/20 16:03:02] [eval.py:   70]: resetting model
[25/04/20 16:04:24] [eval.py:   78]: acc % [impulse_noise5]: 70.91%
[25/04/20 16:04:24] [eval.py:   70]: resetting model
[25/04/20 16:05:45] [eval.py:   78]: acc % [impulse_noise4]: 76.63%
[25/04/20 16:05:45] [eval.py:   70]: resetting model
[25/04/20 16:07:07] [eval.py:   78]: acc % [impulse_noise3]: 83.50%
[25/04/20 16:07:07] [eval.py:   70]: resetting model
[25/04/20 16:08:28] [eval.py:   78]: acc % [impulse_noise2]: 86.55%
[25/04/20 16:08:28] [eval.py:   70]: resetting model
[25/04/20 16:09:50] [eval.py:   78]: acc % [impulse_noise1]: 90.31%
[25/04/20 16:09:50] [eval.py:   70]: resetting model
[25/04/20 16:11:11] [eval.py:   78]: acc % [defocus_blur5]: 88.96%
[25/04/20 16:11:11] [eval.py:   70]: resetting model
[25/04/20 16:12:33] [eval.py:   78]: acc % [defocus_blur4]: 92.03%
[25/04/20 16:12:33] [eval.py:   70]: resetting model
[25/04/20 16:13:54] [eval.py:   78]: acc % [defocus_blur3]: 93.74%
[25/04/20 16:13:54] [eval.py:   70]: resetting model
[25/04/20 16:15:16] [eval.py:   78]: acc % [defocus_blur2]: 93.94%
[25/04/20 16:15:16] [eval.py:   70]: resetting model
[25/04/20 16:16:37] [eval.py:   78]: acc % [defocus_blur1]: 94.15%
[25/04/20 16:16:37] [eval.py:   70]: resetting model
[25/04/20 16:17:59] [eval.py:   78]: acc % [glass_blur5]: 71.29%
[25/04/20 16:17:59] [eval.py:   70]: resetting model
[25/04/20 16:19:20] [eval.py:   78]: acc % [glass_blur4]: 71.42%
[25/04/20 16:19:20] [eval.py:   70]: resetting model
[25/04/20 16:20:42] [eval.py:   78]: acc % [glass_blur3]: 80.64%
[25/04/20 16:20:42] [eval.py:   70]: resetting model
[25/04/20 16:22:03] [eval.py:   78]: acc % [glass_blur2]: 80.28%
[25/04/20 16:22:03] [eval.py:   70]: resetting model
[25/04/20 16:23:25] [eval.py:   78]: acc % [glass_blur1]: 81.27%
[25/04/20 16:23:25] [eval.py:   70]: resetting model
[25/04/20 16:24:46] [eval.py:   78]: acc % [motion_blur5]: 87.80%
[25/04/20 16:24:46] [eval.py:   70]: resetting model
[25/04/20 16:26:08] [eval.py:   78]: acc % [motion_blur4]: 89.80%
[25/04/20 16:26:08] [eval.py:   70]: resetting model
[25/04/20 16:27:29] [eval.py:   78]: acc % [motion_blur3]: 89.45%
[25/04/20 16:27:29] [eval.py:   70]: resetting model
[25/04/20 16:28:51] [eval.py:   78]: acc % [motion_blur2]: 90.97%
[25/04/20 16:28:51] [eval.py:   70]: resetting model
[25/04/20 16:30:12] [eval.py:   78]: acc % [motion_blur1]: 92.53%
[25/04/20 16:30:12] [eval.py:   70]: resetting model
[25/04/20 16:31:34] [eval.py:   78]: acc % [zoom_blur5]: 89.72%
[25/04/20 16:31:34] [eval.py:   70]: resetting model
[25/04/20 16:32:55] [eval.py:   78]: acc % [zoom_blur4]: 91.30%
[25/04/20 16:32:55] [eval.py:   70]: resetting model
[25/04/20 16:34:17] [eval.py:   78]: acc % [zoom_blur3]: 92.30%
[25/04/20 16:34:17] [eval.py:   70]: resetting model
[25/04/20 16:35:38] [eval.py:   78]: acc % [zoom_blur2]: 93.06%
[25/04/20 16:35:38] [eval.py:   70]: resetting model
[25/04/20 16:37:00] [eval.py:   78]: acc % [zoom_blur1]: 93.05%
[25/04/20 16:37:00] [eval.py:   70]: resetting model
[25/04/20 16:38:21] [eval.py:   78]: acc % [snow5]: 85.55%
[25/04/20 16:38:21] [eval.py:   70]: resetting model
[25/04/20 16:39:43] [eval.py:   78]: acc % [snow4]: 85.75%
[25/04/20 16:39:43] [eval.py:   70]: resetting model
[25/04/20 16:41:04] [eval.py:   78]: acc % [snow3]: 88.07%
[25/04/20 16:41:04] [eval.py:   70]: resetting model
[25/04/20 16:42:26] [eval.py:   78]: acc % [snow2]: 88.61%
[25/04/20 16:42:26] [eval.py:   70]: resetting model
[25/04/20 16:43:47] [eval.py:   78]: acc % [snow1]: 91.35%
[25/04/20 16:43:47] [eval.py:   70]: resetting model
[25/04/20 16:45:09] [eval.py:   78]: acc % [frost5]: 85.23%
[25/04/20 16:45:09] [eval.py:   70]: resetting model
[25/04/20 16:46:30] [eval.py:   78]: acc % [frost4]: 87.96%
[25/04/20 16:46:30] [eval.py:   70]: resetting model
[25/04/20 16:47:52] [eval.py:   78]: acc % [frost3]: 87.63%
[25/04/20 16:47:52] [eval.py:   70]: resetting model
[25/04/20 16:49:13] [eval.py:   78]: acc % [frost2]: 90.34%
[25/04/20 16:49:13] [eval.py:   70]: resetting model
[25/04/20 16:50:35] [eval.py:   78]: acc % [frost1]: 92.32%
[25/04/20 16:50:35] [eval.py:   70]: resetting model
[25/04/20 16:51:56] [eval.py:   78]: acc % [fog5]: 87.61%
[25/04/20 16:51:56] [eval.py:   70]: resetting model
[25/04/20 16:53:17] [eval.py:   78]: acc % [fog4]: 92.18%
[25/04/20 16:53:17] [eval.py:   70]: resetting model
[25/04/20 16:54:39] [eval.py:   78]: acc % [fog3]: 93.29%
[25/04/20 16:54:39] [eval.py:   70]: resetting model
[25/04/20 16:56:00] [eval.py:   78]: acc % [fog2]: 93.87%
[25/04/20 16:56:00] [eval.py:   70]: resetting model
[25/04/20 16:57:22] [eval.py:   78]: acc % [fog1]: 94.00%
[25/04/20 16:57:22] [eval.py:   70]: resetting model
[25/04/20 16:58:43] [eval.py:   78]: acc % [brightness5]: 92.28%
[25/04/20 16:58:43] [eval.py:   70]: resetting model
[25/04/20 17:00:05] [eval.py:   78]: acc % [brightness4]: 93.46%
[25/04/20 17:00:05] [eval.py:   70]: resetting model
[25/04/20 17:01:26] [eval.py:   78]: acc % [brightness3]: 93.70%
[25/04/20 17:01:26] [eval.py:   70]: resetting model
[25/04/20 17:02:48] [eval.py:   78]: acc % [brightness2]: 93.94%
[25/04/20 17:02:48] [eval.py:   70]: resetting model
[25/04/20 17:04:09] [eval.py:   78]: acc % [brightness1]: 94.10%
[25/04/20 17:04:09] [eval.py:   70]: resetting model
[25/04/20 17:05:31] [eval.py:   78]: acc % [contrast5]: 89.00%
[25/04/20 17:05:31] [eval.py:   70]: resetting model
[25/04/20 17:06:52] [eval.py:   78]: acc % [contrast4]: 92.02%
[25/04/20 17:06:52] [eval.py:   70]: resetting model
[25/04/20 17:08:14] [eval.py:   78]: acc % [contrast3]: 92.80%
[25/04/20 17:08:14] [eval.py:   70]: resetting model
[25/04/20 17:09:35] [eval.py:   78]: acc % [contrast2]: 93.32%
[25/04/20 17:09:35] [eval.py:   70]: resetting model
[25/04/20 17:10:57] [eval.py:   78]: acc % [contrast1]: 93.94%
[25/04/20 17:10:57] [eval.py:   70]: resetting model
[25/04/20 17:12:18] [eval.py:   78]: acc % [elastic_transform5]: 79.41%
[25/04/20 17:12:18] [eval.py:   70]: resetting model
[25/04/20 17:13:40] [eval.py:   78]: acc % [elastic_transform4]: 85.99%
[25/04/20 17:13:40] [eval.py:   70]: resetting model
[25/04/20 17:15:01] [eval.py:   78]: acc % [elastic_transform3]: 90.85%
[25/04/20 17:15:01] [eval.py:   70]: resetting model
[25/04/20 17:16:23] [eval.py:   78]: acc % [elastic_transform2]: 91.94%
[25/04/20 17:16:23] [eval.py:   70]: resetting model
[25/04/20 17:17:44] [eval.py:   78]: acc % [elastic_transform1]: 91.34%
[25/04/20 17:17:44] [eval.py:   70]: resetting model
[25/04/20 17:19:06] [eval.py:   78]: acc % [pixelate5]: 84.91%
[25/04/20 17:19:06] [eval.py:   70]: resetting model
[25/04/20 17:20:27] [eval.py:   78]: acc % [pixelate4]: 88.84%
[25/04/20 17:20:27] [eval.py:   70]: resetting model
[25/04/20 17:21:49] [eval.py:   78]: acc % [pixelate3]: 91.01%
[25/04/20 17:21:49] [eval.py:   70]: resetting model
[25/04/20 17:23:10] [eval.py:   78]: acc % [pixelate2]: 91.81%
[25/04/20 17:23:10] [eval.py:   70]: resetting model
[25/04/20 17:24:32] [eval.py:   78]: acc % [pixelate1]: 92.77%
[25/04/20 17:24:32] [eval.py:   70]: resetting model
[25/04/20 17:25:53] [eval.py:   78]: acc % [jpeg_compression5]: 79.10%
[25/04/20 17:25:53] [eval.py:   70]: resetting model
[25/04/20 17:27:15] [eval.py:   78]: acc % [jpeg_compression4]: 81.26%
[25/04/20 17:27:15] [eval.py:   70]: resetting model
[25/04/20 17:28:36] [eval.py:   78]: acc % [jpeg_compression3]: 83.35%
[25/04/20 17:28:36] [eval.py:   70]: resetting model
[25/04/20 17:29:58] [eval.py:   78]: acc % [jpeg_compression2]: 84.44%
[25/04/20 17:29:58] [eval.py:   70]: resetting model
[25/04/20 17:31:19] [eval.py:   78]: acc % [jpeg_compression1]: 88.40%
[25/04/20 17:31:19] [eval.py:   84]: 
                          1         2         3         4        5       avg
gaussian_noise     0.781100  0.803300  0.825400  0.862600  0.89860  0.834200
shot_noise         0.798700  0.839500  0.852100  0.898200  0.91520  0.860740
impulse_noise      0.709100  0.766300  0.835000  0.865500  0.90310  0.815800
defocus_blur       0.889600  0.920300  0.937400  0.939400  0.94150  0.925640
glass_blur         0.712900  0.714200  0.806400  0.802800  0.81270  0.769800
motion_blur        0.878000  0.898000  0.894500  0.909700  0.92530  0.901100
zoom_blur          0.897200  0.913000  0.923000  0.930600  0.93050  0.918860
snow               0.855500  0.857500  0.880700  0.886100  0.91350  0.878660
frost              0.852300  0.879600  0.876300  0.903400  0.92320  0.886960
fog                0.876100  0.921800  0.932900  0.938700  0.94000  0.921900
brightness         0.922800  0.934600  0.937000  0.939400  0.94100  0.934960
contrast           0.890000  0.920200  0.928000  0.933200  0.93940  0.922160
elastic_transform  0.794100  0.859900  0.908500  0.919400  0.91340  0.879060
pixelate           0.849100  0.888400  0.910100  0.918100  0.92770  0.898680
jpeg_compression   0.791000  0.812600  0.833500  0.844400  0.88400  0.833100
average            0.833167  0.861947  0.885387  0.899433  0.91394  0.878775
[25/04/20 17:31:19] [eval.py:  125]: resetting model
[25/04/20 17:32:43] [eval.py:  137]: Test set Accuracy: 0.942
torch.Size([10000, 3, 32, 32]) 10000
torch.Size([10000, 3, 32, 32]) 10000
torch.Size([10000, 3, 32, 32]) 10000
torch.Size([10000, 3, 32, 32]) 10000
torch.Size([10000, 3, 32, 32]) 10000
torch.Size([10000, 3, 32, 32]) 10000
torch.Size([10000, 3, 32, 32]) 10000
torch.Size([10000, 3, 32, 32]) 10000
torch.Size([10000, 3, 32, 32]) 10000
torch.Size([10000, 3, 32, 32]) 10000
torch.Size([10000, 3, 32, 32]) 10000
torch.Size([10000, 3, 32, 32]) 10000
torch.Size([10000, 3, 32, 32]) 10000
torch.Size([10000, 3, 32, 32]) 10000
torch.Size([10000, 3, 32, 32]) 10000
torch.Size([10000, 3, 32, 32]) 10000
torch.Size([10000, 3, 32, 32]) 10000
torch.Size([10000, 3, 32, 32]) 10000
torch.Size([10000, 3, 32, 32]) 10000
torch.Size([10000, 3, 32, 32]) 10000
torch.Size([10000, 3, 32, 32]) 10000
torch.Size([10000, 3, 32, 32]) 10000
torch.Size([10000, 3, 32, 32]) 10000
torch.Size([10000, 3, 32, 32]) 10000
torch.Size([10000, 3, 32, 32]) 10000
torch.Size([10000, 3, 32, 32]) 10000
torch.Size([10000, 3, 32, 32]) 10000
torch.Size([10000, 3, 32, 32]) 10000
torch.Size([10000, 3, 32, 32]) 10000
torch.Size([10000, 3, 32, 32]) 10000
torch.Size([10000, 3, 32, 32]) 10000
torch.Size([10000, 3, 32, 32]) 10000
torch.Size([10000, 3, 32, 32]) 10000
torch.Size([10000, 3, 32, 32]) 10000
torch.Size([10000, 3, 32, 32]) 10000
torch.Size([10000, 3, 32, 32]) 10000
torch.Size([10000, 3, 32, 32]) 10000
torch.Size([10000, 3, 32, 32]) 10000
torch.Size([10000, 3, 32, 32]) 10000
torch.Size([10000, 3, 32, 32]) 10000
torch.Size([10000, 3, 32, 32]) 10000
torch.Size([10000, 3, 32, 32]) 10000
torch.Size([10000, 3, 32, 32]) 10000
torch.Size([10000, 3, 32, 32]) 10000
torch.Size([10000, 3, 32, 32]) 10000
torch.Size([10000, 3, 32, 32]) 10000
torch.Size([10000, 3, 32, 32]) 10000
torch.Size([10000, 3, 32, 32]) 10000
torch.Size([10000, 3, 32, 32]) 10000
torch.Size([10000, 3, 32, 32]) 10000
torch.Size([10000, 3, 32, 32]) 10000
torch.Size([10000, 3, 32, 32]) 10000
torch.Size([10000, 3, 32, 32]) 10000
torch.Size([10000, 3, 32, 32]) 10000
torch.Size([10000, 3, 32, 32]) 10000
torch.Size([10000, 3, 32, 32]) 10000
torch.Size([10000, 3, 32, 32]) 10000
torch.Size([10000, 3, 32, 32]) 10000
torch.Size([10000, 3, 32, 32]) 10000
torch.Size([10000, 3, 32, 32]) 10000
torch.Size([10000, 3, 32, 32]) 10000
torch.Size([10000, 3, 32, 32]) 10000
torch.Size([10000, 3, 32, 32]) 10000
torch.Size([10000, 3, 32, 32]) 10000
torch.Size([10000, 3, 32, 32]) 10000
torch.Size([10000, 3, 32, 32]) 10000
torch.Size([10000, 3, 32, 32]) 10000
torch.Size([10000, 3, 32, 32]) 10000
torch.Size([10000, 3, 32, 32]) 10000
torch.Size([10000, 3, 32, 32]) 10000
torch.Size([10000, 3, 32, 32]) 10000
torch.Size([10000, 3, 32, 32]) 10000
torch.Size([10000, 3, 32, 32]) 10000
torch.Size([10000, 3, 32, 32]) 10000
torch.Size([10000, 3, 32, 32]) 10000
Files already downloaded and verified
torch.Size([10000, 3, 32, 32]) 10000
