[25/04/20 15:50:08] [utils.py:   37]: PyTorch Version: torch=2.5.0+cu124, cuda=12.4, cudnn=90100
[25/04/20 15:50:08] [utils.py:   39]: BN:
  EPS: 1e-05
  MOM: 0.1
CKPT_DIR: ./ckpt
CORRUPTION:
  DATASET: tin200
  IMG_SIZE: 64
  NUM_CHANNEL: 3
  NUM_CLASSES: 200
  NUM_EX: 10000
  SEVERITY: [5, 4, 3, 2, 1]
  TYPE: ['gaussian_noise', 'shot_noise', 'impulse_noise', 'defocus_blur', 'glass_blur', 'motion_blur', 'zoom_blur', 'snow', 'frost', 'fog', 'brightness', 'contrast', 'elastic_transform', 'pixelate', 'jpeg_compression']
CUDNN:
  BENCHMARK: True
DATA_DIR: ./data/tin200
DESC: 
EATA:
  D_MARGIN: 0.05
  E_MARGIN: 2.763102111592855
  FISHER_ALPHA: 2000.0
  FISHER_SIZE: 2000
  USE_FISHER: False
EBM:
  BUFFER_SIZE: 10000
  REINIT_FREQ: 0.05
  SGLD_LR: 1.0
  SGLD_STD: 0.01
  STEPS: 20
  UNCOND: uncond
LOG_DEST: eta_bn_adam-1-0.001-200_250420-155006.txt
LOG_TIME: 250420-155006
MODEL:
  ADAPTATION: eata
  ADA_PARAM: ['bn']
  ARCH: WRN2810_BN
  EPISODIC: False
OPTIM:
  BATCH_SIZE: 200
  BETA: 0.9
  DAMPENING: 0.0
  LR: 0.001
  METHOD: Adam
  MOMENTUM: 0.9
  NESTEROV: True
  STEPS: 1
  WD: 0.0
PL:
  ALPHA: 0.1
  THRESHOLD: 0.9
RNG_SEED: 36
SAR:
  MARGIN_E0: 2.763102111592855
SAVE_DIR: ./save/tin200/bn-wrn-28-10
SHOT:
  CLF_COEFF: 0.1
  THRESHOLD: 0.9
TEST:
  
/gpfs/home5/scur2578/tea/main.py:33: FutureWarning: You are using `torch.load` with `weights_only=False` (the current default value), which uses the default pickle module implicitly. It is possible to construct malicious pickle data which will execute arbitrary code during unpickling (See https://github.com/pytorch/pytorch/blob/main/SECURITY.md#untrusted-models for more details). In a future release, the default value for `weights_only` will be flipped to `True`. This limits the functions that could be executed during unpickling. Arbitrary objects will no longer be allowed to be loaded via this mode unless they are explicitly allowlisted by the user via `torch.serialization.add_safe_globals`. We recommend you start setting `weights_only=True` for any use case where you don't have full control of the loaded file. Please open an issue on GitHub for any issues related to this experimental feature.
  ckpt = torch.load(os.path.join(cfg.CKPT_DIR ,'{}/{}.pth'.format(cfg.CORRUPTION.DATASET, cfg.MODEL.ARCH)))
[25/04/20 15:50:09] [main.py:   63]: test-time adaptation: EATA
[25/04/20 15:50:09] [param.py:   18]: adapting weights of batch-normalization layer
[25/04/20 15:50:09] [setada.py:  110]: model for adaptation: WideResNet(
  (conv1): Conv2d(3, 16, kernel_size=(3, 3), stride=(1, 1), padding=(1, 1), bias=False)
  (block1): NetworkBlock(
    (layer): Sequential(
      (0): BasicBlock(
        (bn1): BatchNorm2d(16, eps=1e-05, momentum=0.1, affine=True, track_running_stats=False)
        (relu1): ReLU(inplace=True)
        (conv1): Conv2d(16, 160, kernel_size=(3, 3), stride=(1, 1), padding=(1, 1), bias=False)
        (bn2): BatchNorm2d(160, eps=1e-05, momentum=0.1, affine=True, track_running_stats=False)
        (relu2): ReLU(inplace=True)
        (conv2): Conv2d(160, 160, kernel_size=(3, 3), stride=(1, 1), padding=(1, 1), bias=False)
        (convShortcut): Conv2d(16, 160, kernel_size=(1, 1), stride=(1, 1), bias=False)
      )
      (1): BasicBlock(
        (bn1): BatchNorm2d(160, eps=1e-05, momentum=0.1, affine=True, track_running_stats=False)
        (relu1): ReLU(inplace=True)
        (conv1): Conv2d(160, 160, kernel_size=(3, 3), stride=(1, 1), padding=(1, 1), bias=False)
        (bn2): BatchNorm2d(160, eps=1e-05, momentum=0.1, affine=True, track_running_stats=False)
        (relu2): ReLU(inplace=True)
        (conv2): Conv2d(160, 160, kernel_size=(3, 3), stride=(1, 1), padding=(1, 1), bias=False)
      )
      (2): BasicBlock(
        (bn1): BatchNorm2d(160, eps=1e-05, momentum=0.1, affine=True, track_running_stats=False)
        (relu1): ReLU(inplace=True)
        (conv1): Conv2d(160, 160, kernel_size=(3, 3), stride=(1, 1), padding=(1, 1), bias=False)
        (bn2): BatchNorm2d(160, eps=1e-05, momentum=0.1, affine=True, track_running_stats=False)
        (relu2): ReLU(inplace=True)
        (conv2): Conv2d(160, 160, kernel_size=(3, 3), stride=(1, 1), padding=(1, 1), bias=False)
      )
      (3): BasicBlock(
        (bn1): BatchNorm2d(160, eps=1e-05, momentum=0.1, affine=True, track_running_stats=False)
        (relu1): ReLU(inplace=True)
        (conv1): Conv2d(160, 160, kernel_size=(3, 3), stride=(1, 1), padding=(1, 1), bias=False)
        (bn2): BatchNorm2d(160, eps=1e-05, momentum=0.1, affine=True, track_running_stats=False)
        (relu2): ReLU(inplace=True)
        (conv2): Conv2d(160, 160, kernel_size=(3, 3), stride=(1, 1), padding=(1, 1), bias=False)
      )
    )
  )
  (block2): NetworkBlock(
    (layer): Sequential(
      (0): BasicBlock(
        (bn1): BatchNorm2d(160, eps=1e-05, momentum=0.1, affine=True, track_running_stats=False)
        (relu1): ReLU(inplace=True)
        (conv1): Conv2d(160, 320, kernel_size=(3, 3), stride=(2, 2), padding=(1, 1), bias=False)
        (bn2): BatchNorm2d(320, eps=1e-05, momentum=0.1, affine=True, track_running_stats=False)
        (relu2): ReLU(inplace=True)
        (conv2): Conv2d(320, 320, kernel_size=(3, 3), stride=(1, 1), padding=(1, 1), bias=False)
        (convShortcut): Conv2d(160, 320, kernel_size=(1, 1), stride=(2, 2), bias=False)
      )
      (1): BasicBlock(
        (bn1): BatchNorm2d(320, eps=1e-05, momentum=0.1, affine=True, track_running_stats=False)
        (relu1): ReLU(inplace=True)
        (conv1): Conv2d(320, 320, kernel_size=(3, 3), stride=(1, 1), padding=(1, 1), bias=False)
        (bn2): BatchNorm2d(320, eps=1e-05, momentum=0.1, affine=True, track_running_stats=False)
        (relu2): ReLU(inplace=True)
        (conv2): Conv2d(320, 320, kernel_size=(3, 3), stride=(1, 1), padding=(1, 1), bias=False)
      )
      (2): BasicBlock(
        (bn1): BatchNorm2d(320, eps=1e-05, momentum=0.1, affine=True, track_running_stats=False)
        (relu1): ReLU(inplace=True)
        (conv1): Conv2d(320, 320, kernel_size=(3, 3), stride=(1, 1), padding=(1, 1), bias=False)
        (bn2): BatchNorm2d(320, eps=1e-05, momentum=0.1, affine=True, track_running_stats=False)
        (relu2): ReLU(inplace=True)
        (conv2): Conv2d(320, 320, kernel_size=(3, 3), stride=(1, 1), padding=(1, 1), bias=False)
      )
      (3): BasicBlock(
        (bn1): BatchNorm2d(320, eps=1e-05, momentum=0.1, affine=True, track_running_stats=False)
        (relu1): ReLU(inplace=True)
        (conv1): Conv2d(320, 320, kernel_size=(3, 3), stride=(1, 1), padding=(1, 1), bias=False)
        (bn2): BatchNorm2d(320, eps=1e-05, momentum=0.1, affine=True, track_running_stats=False)
        (relu2): ReLU(inplace=True)
        (conv2): Conv2d(320, 320, kernel_size=(3, 3), stride=(1, 1), padding=(1, 1), bias=False)
      )
    )
  )
  (block3): NetworkBlock(
    (layer): Sequential(
      (0): BasicBlock(
        (bn1): BatchNorm2d(320, eps=1e-05, momentum=0.1, affine=True, track_running_stats=False)
        (relu1): ReLU(inplace=True)
        (conv1): Conv2d(320, 640, kernel_size=(3, 3), stride=(2, 2), padding=(1, 1), bias=False)
        (bn2): BatchNorm2d(640, eps=1e-05, momentum=0.1, affine=True, track_running_stats=False)
        (relu2): ReLU(inplace=True)
        (conv2): Conv2d(640, 640, kernel_size=(3, 3), stride=(1, 1), padding=(1, 1), bias=False)
        (convShortcut): Conv2d(320, 640, kernel_size=(1, 1), stride=(2, 2), bias=False)
      )
      (1): BasicBlock(
        (bn1): BatchNorm2d(640, eps=1e-05, momentum=0.1, affine=True, track_running_stats=False)
        (relu1): ReLU(inplace=True)
        (conv1): Conv2d(640, 640, kernel_size=(3, 3), stride=(1, 1), padding=(1, 1), bias=False)
        (bn2): BatchNorm2d(640, eps=1e-05, momentum=0.1, affine=True, track_running_stats=False)
        (relu2): ReLU(inplace=True)
        (conv2): Conv2d(640, 640, kernel_size=(3, 3), stride=(1, 1), padding=(1, 1), bias=False)
      )
      (2): BasicBlock(
        (bn1): BatchNorm2d(640, eps=1e-05, momentum=0.1, affine=True, track_running_stats=False)
        (relu1): ReLU(inplace=True)
        (conv1): Conv2d(640, 640, kernel_size=(3, 3), stride=(1, 1), padding=(1, 1), bias=False)
        (bn2): BatchNorm2d(640, eps=1e-05, momentum=0.1, affine=True, track_running_stats=False)
        (relu2): ReLU(inplace=True)
        (conv2): Conv2d(640, 640, kernel_size=(3, 3), stride=(1, 1), padding=(1, 1), bias=False)
      )
      (3): BasicBlock(
        (bn1): BatchNorm2d(640, eps=1e-05, momentum=0.1, affine=True, track_running_stats=False)
        (relu1): ReLU(inplace=True)
        (conv1): Conv2d(640, 640, kernel_size=(3, 3), stride=(1, 1), padding=(1, 1), bias=False)
        (bn2): BatchNorm2d(640, eps=1e-05, momentum=0.1, affine=True, track_running_stats=False)
        (relu2): ReLU(inplace=True)
        (conv2): Conv2d(640, 640, kernel_size=(3, 3), stride=(1, 1), padding=(1, 1), bias=False)
      )
    )
  )
  (bn1): BatchNorm2d(640, eps=1e-05, momentum=0.1, affine=True, track_running_stats=False)
  (relu): ReLU(inplace=True)
  (fc): Linear(in_features=640, out_features=200, bias=True)
)
[25/04/20 15:50:09] [setada.py:  111]: params for adaptation: ['block1.layer.0.bn1.weight', 'block1.layer.0.bn1.bias', 'block1.layer.0.bn2.weight', 'block1.layer.0.bn2.bias', 'block1.layer.1.bn1.weight', 'block1.layer.1.bn1.bias', 'block1.layer.1.bn2.weight', 'block1.layer.1.bn2.bias', 'block1.layer.2.bn1.weight', 'block1.layer.2.bn1.bias', 'block1.layer.2.bn2.weight', 'block1.layer.2.bn2.bias', 'block1.layer.3.bn1.weight', 'block1.layer.3.bn1.bias', 'block1.layer.3.bn2.weight', 'block1.layer.3.bn2.bias', 'block2.layer.0.bn1.weight', 'block2.layer.0.bn1.bias', 'block2.layer.0.bn2.weight', 'block2.layer.0.bn2.bias', 'block2.layer.1.bn1.weight', 'block2.layer.1.bn1.bias', 'block2.layer.1.bn2.weight', 'block2.layer.1.bn2.bias', 'block2.layer.2.bn1.weight', 'block2.layer.2.bn1.bias', 'block2.layer.2.bn2.weight', 'block2.layer.2.bn2.bias', 'block2.layer.3.bn1.weight', 'block2.layer.3.bn1.bias', 'block2.layer.3.bn2.weight', 'block2.layer.3.bn2.bias', 'block3.layer.0.bn1.weight', 'block3.layer.0.bn1.bias', 'block3.layer.0.bn2.weight', 'block3.layer.0.bn2.bias', 'block3.layer.1.bn1.weight', 'block3.layer.1.bn1.bias', 'block3.layer.1.bn2.weight', 'block3.layer.1.bn2.bias', 'block3.layer.2.bn1.weight', 'block3.layer.2.bn1.bias', 'block3.layer.2.bn2.weight', 'block3.layer.2.bn2.bias', 'block3.layer.3.bn1.weight', 'block3.layer.3.bn1.bias', 'block3.layer.3.bn2.weight', 'block3.layer.3.bn2.bias', 'bn1.weight', 'bn1.bias']
[25/04/20 15:50:09] [setada.py:  112]: optimizer for adaptation: Adam (
Parameter Group 0
    amsgrad: False
    betas: (0.9, 0.999)
    capturable: False
    differentiable: False
    eps: 1e-08
    foreach: None
    fused: None
    lr: 0.001
    maximize: False
    weight_decay: 0.0
)
[25/04/20 15:50:09] [eval.py:   70]: resetting model
Building model...
fishers None
[25/04/20 15:50:17] [eval.py:   78]: acc % [gaussian_noise5]: 6.48%
[25/04/20 15:50:17] [eval.py:   70]: resetting model
torch.Size([10000, 3, 32, 32]) 10000
[25/04/20 15:50:22] [eval.py:   78]: acc % [gaussian_noise4]: 7.05%
[25/04/20 15:50:22] [eval.py:   70]: resetting model
torch.Size([10000, 3, 32, 32]) 10000
[25/04/20 15:50:28] [eval.py:   78]: acc % [gaussian_noise3]: 7.50%
[25/04/20 15:50:28] [eval.py:   70]: resetting model
torch.Size([10000, 3, 32, 32]) 10000
[25/04/20 15:50:34] [eval.py:   78]: acc % [gaussian_noise2]: 8.42%
[25/04/20 15:50:34] [eval.py:   70]: resetting model
torch.Size([10000, 3, 32, 32]) 10000
[25/04/20 15:50:40] [eval.py:   78]: acc % [gaussian_noise1]: 9.24%
[25/04/20 15:50:40] [eval.py:   70]: resetting model
torch.Size([10000, 3, 32, 32]) 10000
[25/04/20 15:50:46] [eval.py:   78]: acc % [shot_noise5]: 6.80%
[25/04/20 15:50:46] [eval.py:   70]: resetting model
torch.Size([10000, 3, 32, 32]) 10000
[25/04/20 15:50:52] [eval.py:   78]: acc % [shot_noise4]: 7.74%
[25/04/20 15:50:52] [eval.py:   70]: resetting model
torch.Size([10000, 3, 32, 32]) 10000
[25/04/20 15:50:58] [eval.py:   78]: acc % [shot_noise3]: 8.28%
[25/04/20 15:50:58] [eval.py:   70]: resetting model
torch.Size([10000, 3, 32, 32]) 10000
[25/04/20 15:51:03] [eval.py:   78]: acc % [shot_noise2]: 8.88%
[25/04/20 15:51:03] [eval.py:   70]: resetting model
torch.Size([10000, 3, 32, 32]) 10000
[25/04/20 15:51:09] [eval.py:   78]: acc % [shot_noise1]: 9.19%
[25/04/20 15:51:09] [eval.py:   70]: resetting model
torch.Size([10000, 3, 32, 32]) 10000
[25/04/20 15:51:15] [eval.py:   78]: acc % [impulse_noise5]: 5.64%
[25/04/20 15:51:15] [eval.py:   70]: resetting model
torch.Size([10000, 3, 32, 32]) 10000
[25/04/20 15:51:21] [eval.py:   78]: acc % [impulse_noise4]: 6.62%
[25/04/20 15:51:21] [eval.py:   70]: resetting model
torch.Size([10000, 3, 32, 32]) 10000
[25/04/20 15:51:27] [eval.py:   78]: acc % [impulse_noise3]: 7.56%
[25/04/20 15:51:27] [eval.py:   70]: resetting model
torch.Size([10000, 3, 32, 32]) 10000
[25/04/20 15:51:33] [eval.py:   78]: acc % [impulse_noise2]: 8.33%
[25/04/20 15:51:33] [eval.py:   70]: resetting model
torch.Size([10000, 3, 32, 32]) 10000
[25/04/20 15:51:39] [eval.py:   78]: acc % [impulse_noise1]: 8.75%
[25/04/20 15:51:39] [eval.py:   70]: resetting model
torch.Size([10000, 3, 32, 32]) 10000
[25/04/20 15:51:44] [eval.py:   78]: acc % [defocus_blur5]: 7.06%
[25/04/20 15:51:44] [eval.py:   70]: resetting model
torch.Size([10000, 3, 32, 32]) 10000
[25/04/20 15:51:50] [eval.py:   78]: acc % [defocus_blur4]: 7.99%
[25/04/20 15:51:50] [eval.py:   70]: resetting model
torch.Size([10000, 3, 32, 32]) 10000
[25/04/20 15:51:56] [eval.py:   78]: acc % [defocus_blur3]: 9.29%
[25/04/20 15:51:56] [eval.py:   70]: resetting model
torch.Size([10000, 3, 32, 32]) 10000
[25/04/20 15:52:02] [eval.py:   78]: acc % [defocus_blur2]: 9.53%
[25/04/20 15:52:02] [eval.py:   70]: resetting model
torch.Size([10000, 3, 32, 32]) 10000
[25/04/20 15:52:07] [eval.py:   78]: acc % [defocus_blur1]: 9.49%
[25/04/20 15:52:07] [eval.py:   70]: resetting model
torch.Size([10000, 3, 32, 32]) 10000
[25/04/20 15:52:13] [eval.py:   78]: acc % [glass_blur5]: 5.62%
[25/04/20 15:52:13] [eval.py:   70]: resetting model
torch.Size([10000, 3, 32, 32]) 10000
[25/04/20 15:52:19] [eval.py:   78]: acc % [glass_blur4]: 7.20%
[25/04/20 15:52:19] [eval.py:   70]: resetting model
torch.Size([10000, 3, 32, 32]) 10000
[25/04/20 15:52:25] [eval.py:   78]: acc % [glass_blur3]: 8.35%
[25/04/20 15:52:25] [eval.py:   70]: resetting model
torch.Size([10000, 3, 32, 32]) 10000
[25/04/20 15:52:31] [eval.py:   78]: acc % [glass_blur2]: 9.22%
[25/04/20 15:52:31] [eval.py:   70]: resetting model
torch.Size([10000, 3, 32, 32]) 10000
[25/04/20 15:52:37] [eval.py:   78]: acc % [glass_blur1]: 9.32%
[25/04/20 15:52:37] [eval.py:   70]: resetting model
torch.Size([10000, 3, 32, 32]) 10000
[25/04/20 15:52:42] [eval.py:   78]: acc % [motion_blur5]: 8.33%
[25/04/20 15:52:42] [eval.py:   70]: resetting model
torch.Size([10000, 3, 32, 32]) 10000
[25/04/20 15:52:49] [eval.py:   78]: acc % [motion_blur4]: 8.43%
[25/04/20 15:52:49] [eval.py:   70]: resetting model
torch.Size([10000, 3, 32, 32]) 10000
[25/04/20 15:52:55] [eval.py:   78]: acc % [motion_blur3]: 8.81%
[25/04/20 15:52:55] [eval.py:   70]: resetting model
torch.Size([10000, 3, 32, 32]) 10000
[25/04/20 15:53:00] [eval.py:   78]: acc % [motion_blur2]: 9.22%
[25/04/20 15:53:00] [eval.py:   70]: resetting model
torch.Size([10000, 3, 32, 32]) 10000
[25/04/20 15:53:06] [eval.py:   78]: acc % [motion_blur1]: 9.62%
[25/04/20 15:53:06] [eval.py:   70]: resetting model
torch.Size([10000, 3, 32, 32]) 10000
[25/04/20 15:53:12] [eval.py:   78]: acc % [zoom_blur5]: 8.78%
[25/04/20 15:53:12] [eval.py:   70]: resetting model
torch.Size([10000, 3, 32, 32]) 10000
[25/04/20 15:53:18] [eval.py:   78]: acc % [zoom_blur4]: 9.16%
[25/04/20 15:53:18] [eval.py:   70]: resetting model
torch.Size([10000, 3, 32, 32]) 10000
[25/04/20 15:53:26] [eval.py:   78]: acc % [zoom_blur3]: 9.40%
[25/04/20 15:53:26] [eval.py:   70]: resetting model
torch.Size([10000, 3, 32, 32]) 10000
[25/04/20 15:53:35] [eval.py:   78]: acc % [zoom_blur2]: 9.56%
[25/04/20 15:53:35] [eval.py:   70]: resetting model
torch.Size([10000, 3, 32, 32]) 10000
[25/04/20 15:53:43] [eval.py:   78]: acc % [zoom_blur1]: 9.84%
[25/04/20 15:53:43] [eval.py:   70]: resetting model
torch.Size([10000, 3, 32, 32]) 10000
[25/04/20 15:53:51] [eval.py:   78]: acc % [snow5]: 7.18%
[25/04/20 15:53:51] [eval.py:   70]: resetting model
torch.Size([10000, 3, 32, 32]) 10000
[25/04/20 15:53:59] [eval.py:   78]: acc % [snow4]: 6.60%
[25/04/20 15:53:59] [eval.py:   70]: resetting model
torch.Size([10000, 3, 32, 32]) 10000
[25/04/20 15:54:07] [eval.py:   78]: acc % [snow3]: 7.68%
[25/04/20 15:54:07] [eval.py:   70]: resetting model
torch.Size([10000, 3, 32, 32]) 10000
[25/04/20 15:54:16] [eval.py:   78]: acc % [snow2]: 8.68%
[25/04/20 15:54:16] [eval.py:   70]: resetting model
torch.Size([10000, 3, 32, 32]) 10000
[25/04/20 15:54:25] [eval.py:   78]: acc % [snow1]: 9.17%
[25/04/20 15:54:25] [eval.py:   70]: resetting model
torch.Size([10000, 3, 32, 32]) 10000
[25/04/20 15:54:33] [eval.py:   78]: acc % [frost5]: 7.30%
[25/04/20 15:54:33] [eval.py:   70]: resetting model
torch.Size([10000, 3, 32, 32]) 10000
[25/04/20 15:54:43] [eval.py:   78]: acc % [frost4]: 7.80%
[25/04/20 15:54:43] [eval.py:   70]: resetting model
torch.Size([10000, 3, 32, 32]) 10000
[25/04/20 15:54:52] [eval.py:   78]: acc % [frost3]: 7.88%
[25/04/20 15:54:52] [eval.py:   70]: resetting model
torch.Size([10000, 3, 32, 32]) 10000
[25/04/20 15:55:00] [eval.py:   78]: acc % [frost2]: 8.46%
[25/04/20 15:55:00] [eval.py:   70]: resetting model
torch.Size([10000, 3, 32, 32]) 10000
[25/04/20 15:55:09] [eval.py:   78]: acc % [frost1]: 8.97%
[25/04/20 15:55:09] [eval.py:   70]: resetting model
torch.Size([10000, 3, 32, 32]) 10000
[25/04/20 15:55:18] [eval.py:   78]: acc % [fog5]: 7.08%
[25/04/20 15:55:18] [eval.py:   70]: resetting model
torch.Size([10000, 3, 32, 32]) 10000
[25/04/20 15:55:27] [eval.py:   78]: acc % [fog4]: 7.86%
[25/04/20 15:55:27] [eval.py:   70]: resetting model
torch.Size([10000, 3, 32, 32]) 10000
[25/04/20 15:55:36] [eval.py:   78]: acc % [fog3]: 8.87%
[25/04/20 15:55:36] [eval.py:   70]: resetting model
torch.Size([10000, 3, 32, 32]) 10000
[25/04/20 15:55:43] [eval.py:   78]: acc % [fog2]: 9.56%
[25/04/20 15:55:43] [eval.py:   70]: resetting model
torch.Size([10000, 3, 32, 32]) 10000
[25/04/20 15:55:52] [eval.py:   78]: acc % [fog1]: 9.68%
[25/04/20 15:55:52] [eval.py:   70]: resetting model
torch.Size([10000, 3, 32, 32]) 10000
[25/04/20 15:56:00] [eval.py:   78]: acc % [brightness5]: 8.73%
[25/04/20 15:56:00] [eval.py:   70]: resetting model
torch.Size([10000, 3, 32, 32]) 10000
[25/04/20 15:56:08] [eval.py:   78]: acc % [brightness4]: 9.19%
[25/04/20 15:56:08] [eval.py:   70]: resetting model
torch.Size([10000, 3, 32, 32]) 10000
[25/04/20 15:56:16] [eval.py:   78]: acc % [brightness3]: 9.25%
[25/04/20 15:56:16] [eval.py:   70]: resetting model
torch.Size([10000, 3, 32, 32]) 10000
[25/04/20 15:56:24] [eval.py:   78]: acc % [brightness2]: 9.64%
[25/04/20 15:56:24] [eval.py:   70]: resetting model
torch.Size([10000, 3, 32, 32]) 10000
[25/04/20 15:56:32] [eval.py:   78]: acc % [brightness1]: 9.79%
[25/04/20 15:56:32] [eval.py:   70]: resetting model
torch.Size([10000, 3, 32, 32]) 10000
[25/04/20 15:56:39] [eval.py:   78]: acc % [contrast5]: 2.88%
[25/04/20 15:56:39] [eval.py:   70]: resetting model
torch.Size([10000, 3, 32, 32]) 10000
[25/04/20 15:56:46] [eval.py:   78]: acc % [contrast4]: 4.99%
[25/04/20 15:56:46] [eval.py:   70]: resetting model
torch.Size([10000, 3, 32, 32]) 10000
[25/04/20 15:56:54] [eval.py:   78]: acc % [contrast3]: 7.08%
[25/04/20 15:56:54] [eval.py:   70]: resetting model
torch.Size([10000, 3, 32, 32]) 10000
[25/04/20 15:57:01] [eval.py:   78]: acc % [contrast2]: 8.10%
[25/04/20 15:57:02] [eval.py:   70]: resetting model
torch.Size([10000, 3, 32, 32]) 10000
[25/04/20 15:57:09] [eval.py:   78]: acc % [contrast1]: 8.81%
[25/04/20 15:57:09] [eval.py:   70]: resetting model
torch.Size([10000, 3, 32, 32]) 10000
[25/04/20 15:57:17] [eval.py:   78]: acc % [elastic_transform5]: 8.23%
[25/04/20 15:57:17] [eval.py:   70]: resetting model
torch.Size([10000, 3, 32, 32]) 10000
[25/04/20 15:57:25] [eval.py:   78]: acc % [elastic_transform4]: 9.09%
[25/04/20 15:57:25] [eval.py:   70]: resetting model
torch.Size([10000, 3, 32, 32]) 10000
[25/04/20 15:57:33] [eval.py:   78]: acc % [elastic_transform3]: 9.37%
[25/04/20 15:57:33] [eval.py:   70]: resetting model
torch.Size([10000, 3, 32, 32]) 10000
[25/04/20 15:57:40] [eval.py:   78]: acc % [elastic_transform2]: 9.22%
[25/04/20 15:57:40] [eval.py:   70]: resetting model
torch.Size([10000, 3, 32, 32]) 10000
[25/04/20 15:57:48] [eval.py:   78]: acc % [elastic_transform1]: 9.05%
[25/04/20 15:57:48] [eval.py:   70]: resetting model
torch.Size([10000, 3, 32, 32]) 10000
[25/04/20 15:57:56] [eval.py:   78]: acc % [pixelate5]: 9.58%
[25/04/20 15:57:56] [eval.py:   70]: resetting model
torch.Size([10000, 3, 32, 32]) 10000
[25/04/20 15:58:03] [eval.py:   78]: acc % [pixelate4]: 9.51%
[25/04/20 15:58:03] [eval.py:   70]: resetting model
torch.Size([10000, 3, 32, 32]) 10000
[25/04/20 15:58:10] [eval.py:   78]: acc % [pixelate3]: 9.53%
[25/04/20 15:58:10] [eval.py:   70]: resetting model
torch.Size([10000, 3, 32, 32]) 10000
[25/04/20 15:58:17] [eval.py:   78]: acc % [pixelate2]: 9.78%
[25/04/20 15:58:17] [eval.py:   70]: resetting model
torch.Size([10000, 3, 32, 32]) 10000
[25/04/20 15:58:23] [eval.py:   78]: acc % [pixelate1]: 9.79%
[25/04/20 15:58:23] [eval.py:   70]: resetting model
torch.Size([10000, 3, 32, 32]) 10000
[25/04/20 15:58:29] [eval.py:   78]: acc % [jpeg_compression5]: 8.82%
[25/04/20 15:58:29] [eval.py:   70]: resetting model
torch.Size([10000, 3, 32, 32]) 10000
[25/04/20 15:58:35] [eval.py:   78]: acc % [jpeg_compression4]: 9.25%
[25/04/20 15:58:35] [eval.py:   70]: resetting model
torch.Size([10000, 3, 32, 32]) 10000
[25/04/20 15:58:41] [eval.py:   78]: acc % [jpeg_compression3]: 9.41%
[25/04/20 15:58:41] [eval.py:   70]: resetting model
torch.Size([10000, 3, 32, 32]) 10000
[25/04/20 15:58:47] [eval.py:   78]: acc % [jpeg_compression2]: 9.47%
[25/04/20 15:58:47] [eval.py:   70]: resetting model
torch.Size([10000, 3, 32, 32]) 10000
[25/04/20 15:58:52] [eval.py:   78]: acc % [jpeg_compression1]: 9.43%
[25/04/20 15:58:52] [eval.py:   84]: 
                         1         2         3         4         5       avg
gaussian_noise     0.06480  0.070500  0.075000  0.084200  0.092400  0.077380
shot_noise         0.06800  0.077400  0.082800  0.088800  0.091900  0.081780
impulse_noise      0.05640  0.066200  0.075600  0.083300  0.087500  0.073800
defocus_blur       0.07060  0.079900  0.092900  0.095300  0.094900  0.086720
glass_blur         0.05620  0.072000  0.083500  0.092200  0.093200  0.079420
motion_blur        0.08330  0.084300  0.088100  0.092200  0.096200  0.088820
zoom_blur          0.08780  0.091600  0.094000  0.095600  0.098400  0.093480
snow               0.07180  0.066000  0.076800  0.086800  0.091700  0.078620
frost              0.07300  0.078000  0.078800  0.084600  0.089700  0.080820
fog                0.07080  0.078600  0.088700  0.095600  0.096800  0.086100
brightness         0.08730  0.091900  0.092500  0.096400  0.097900  0.093200
contrast           0.02880  0.049900  0.070800  0.081000  0.088100  0.063720
elastic_transform  0.08230  0.090900  0.093700  0.092200  0.090500  0.089920
pixelate           0.09580  0.095100  0.095300  0.097800  0.097900  0.096380
jpeg_compression   0.08820  0.092500  0.094100  0.094700  0.094300  0.092760
average            0.07234  0.078987  0.085507  0.090713  0.093427  0.084195
[25/04/20 15:58:52] [eval.py:  125]: resetting model
[25/04/20 15:58:52] [data.py:  150]: using tin200..
torch.Size([10000, 3, 32, 32]) 10000
[25/04/20 15:58:53] [eval.py:   47]: Test Batch Process: 1/50
[25/04/20 15:58:53] [eval.py:   47]: Test Batch Process: 2/50
[25/04/20 15:58:53] [eval.py:   47]: Test Batch Process: 3/50
[25/04/20 15:58:53] [eval.py:   47]: Test Batch Process: 4/50
[25/04/20 15:58:54] [eval.py:   47]: Test Batch Process: 5/50
[25/04/20 15:58:54] [eval.py:   47]: Test Batch Process: 6/50
[25/04/20 15:58:54] [eval.py:   47]: Test Batch Process: 7/50
[25/04/20 15:58:54] [eval.py:   47]: Test Batch Process: 8/50
[25/04/20 15:58:54] [eval.py:   47]: Test Batch Process: 9/50
[25/04/20 15:58:54] [eval.py:   47]: Test Batch Process: 10/50
[25/04/20 15:58:54] [eval.py:   47]: Test Batch Process: 11/50
[25/04/20 15:58:54] [eval.py:   47]: Test Batch Process: 12/50
[25/04/20 15:58:54] [eval.py:   47]: Test Batch Process: 13/50
[25/04/20 15:58:54] [eval.py:   47]: Test Batch Process: 14/50
[25/04/20 15:58:54] [eval.py:   47]: Test Batch Process: 15/50
[25/04/20 15:58:54] [eval.py:   47]: Test Batch Process: 16/50
[25/04/20 15:58:54] [eval.py:   47]: Test Batch Process: 17/50
[25/04/20 15:58:55] [eval.py:   47]: Test Batch Process: 18/50
[25/04/20 15:58:55] [eval.py:   47]: Test Batch Process: 19/50
[25/04/20 15:58:55] [eval.py:   47]: Test Batch Process: 20/50
[25/04/20 15:58:55] [eval.py:   47]: Test Batch Process: 21/50
[25/04/20 15:58:55] [eval.py:   47]: Test Batch Process: 22/50
[25/04/20 15:58:55] [eval.py:   47]: Test Batch Process: 23/50
[25/04/20 15:58:55] [eval.py:   47]: Test Batch Process: 24/50
[25/04/20 15:58:55] [eval.py:   47]: Test Batch Process: 25/50
[25/04/20 15:58:55] [eval.py:   47]: Test Batch Process: 26/50
[25/04/20 15:58:55] [eval.py:   47]: Test Batch Process: 27/50
[25/04/20 15:58:55] [eval.py:   47]: Test Batch Process: 28/50
[25/04/20 15:58:55] [eval.py:   47]: Test Batch Process: 29/50
[25/04/20 15:58:55] [eval.py:   47]: Test Batch Process: 30/50
[25/04/20 15:58:56] [eval.py:   47]: Test Batch Process: 31/50
[25/04/20 15:58:56] [eval.py:   47]: Test Batch Process: 32/50
[25/04/20 15:58:56] [eval.py:   47]: Test Batch Process: 33/50
[25/04/20 15:58:56] [eval.py:   47]: Test Batch Process: 34/50
[25/04/20 15:58:56] [eval.py:   47]: Test Batch Process: 35/50
[25/04/20 15:58:56] [eval.py:   47]: Test Batch Process: 36/50
[25/04/20 15:58:56] [eval.py:   47]: Test Batch Process: 37/50
[25/04/20 15:58:56] [eval.py:   47]: Test Batch Process: 38/50
[25/04/20 15:58:56] [eval.py:   47]: Test Batch Process: 39/50
[25/04/20 15:58:56] [eval.py:   47]: Test Batch Process: 40/50
[25/04/20 15:58:56] [eval.py:   47]: Test Batch Process: 41/50
[25/04/20 15:58:56] [eval.py:   47]: Test Batch Process: 42/50
[25/04/20 15:58:56] [eval.py:   47]: Test Batch Process: 43/50
[25/04/20 15:58:57] [eval.py:   47]: Test Batch Process: 44/50
[25/04/20 15:58:57] [eval.py:   47]: Test Batch Process: 45/50
[25/04/20 15:58:57] [eval.py:   47]: Test Batch Process: 46/50
[25/04/20 15:58:57] [eval.py:   47]: Test Batch Process: 47/50
[25/04/20 15:58:57] [eval.py:   47]: Test Batch Process: 48/50
[25/04/20 15:58:57] [eval.py:   47]: Test Batch Process: 49/50
[25/04/20 15:58:57] [eval.py:   47]: Test Batch Process: 50/50
[25/04/20 15:58:57] [eval.py:  144]: Test set Accuracy: 0.68
