[25/04/20 15:50:11] [utils.py:   37]: PyTorch Version: torch=2.5.0+cu124, cuda=12.4, cudnn=90100
[25/04/20 15:50:11] [utils.py:   39]: BN:
  EPS: 1e-05
  MOM: 0.1
CKPT_DIR: ./ckpt
CORRUPTION:
  DATASET: tin200
  IMG_SIZE: 64
  NUM_CHANNEL: 3
  NUM_CLASSES: 200
  NUM_EX: 10000
  SEVERITY: [5, 4, 3, 2, 1]
  TYPE: ['gaussian_noise', 'shot_noise', 'impulse_noise', 'defocus_blur', 'glass_blur', 'motion_blur', 'zoom_blur', 'snow', 'frost', 'fog', 'brightness', 'contrast', 'elastic_transform', 'pixelate', 'jpeg_compression']
CUDNN:
  BENCHMARK: True
DATA_DIR: ./data/tin200
DESC: 
EATA:
  D_MARGIN: 0.05
  E_MARGIN: 2.763102111592855
  FISHER_ALPHA: 2000.0
  FISHER_SIZE: 2000
  USE_FISHER: False
EBM:
  BUFFER_SIZE: 10000
  REINIT_FREQ: 0.05
  SGLD_LR: 1.0
  SGLD_STD: 0.01
  STEPS: 20
  UNCOND: uncond
LOG_DEST: sar_bn_adam-1-0.01-200_250420-155008.txt
LOG_TIME: 250420-155008
MODEL:
  ADAPTATION: sar
  ADA_PARAM: ['bn']
  ARCH: WRN2810_BN
  EPISODIC: False
OPTIM:
  BATCH_SIZE: 200
  BETA: 0.9
  DAMPENING: 0.0
  LR: 0.01
  METHOD: Adam
  MOMENTUM: 0.9
  NESTEROV: True
  STEPS: 1
  WD: 0.0
PL:
  ALPHA: 0.1
  THRESHOLD: 0.9
RNG_SEED: 36
SAR:
  MARGIN_E0: 2.763102111592855
SAVE_DIR: ./save/tin200/bn-wrn-28-10
SHOT:
  CLF_COEFF: 0.1
  THRESHOLD: 0.9
TEST:
  
/gpfs/home5/scur2578/tea/main.py:33: FutureWarning: You are using `torch.load` with `weights_only=False` (the current default value), which uses the default pickle module implicitly. It is possible to construct malicious pickle data which will execute arbitrary code during unpickling (See https://github.com/pytorch/pytorch/blob/main/SECURITY.md#untrusted-models for more details). In a future release, the default value for `weights_only` will be flipped to `True`. This limits the functions that could be executed during unpickling. Arbitrary objects will no longer be allowed to be loaded via this mode unless they are explicitly allowlisted by the user via `torch.serialization.add_safe_globals`. We recommend you start setting `weights_only=True` for any use case where you don't have full control of the loaded file. Please open an issue on GitHub for any issues related to this experimental feature.
  ckpt = torch.load(os.path.join(cfg.CKPT_DIR ,'{}/{}.pth'.format(cfg.CORRUPTION.DATASET, cfg.MODEL.ARCH)))
[25/04/20 15:50:12] [main.py:   69]: test-time adaptation: SAR
[25/04/20 15:50:12] [sar.py:  151]: adapting weights for SAR
[25/04/20 15:50:12] [setada.py:  155]: model for adaptation: WideResNet(
  (conv1): Conv2d(3, 16, kernel_size=(3, 3), stride=(1, 1), padding=(1, 1), bias=False)
  (block1): NetworkBlock(
    (layer): Sequential(
      (0): BasicBlock(
        (bn1): BatchNorm2d(16, eps=1e-05, momentum=0.1, affine=True, track_running_stats=False)
        (relu1): ReLU(inplace=True)
        (conv1): Conv2d(16, 160, kernel_size=(3, 3), stride=(1, 1), padding=(1, 1), bias=False)
        (bn2): BatchNorm2d(160, eps=1e-05, momentum=0.1, affine=True, track_running_stats=False)
        (relu2): ReLU(inplace=True)
        (conv2): Conv2d(160, 160, kernel_size=(3, 3), stride=(1, 1), padding=(1, 1), bias=False)
        (convShortcut): Conv2d(16, 160, kernel_size=(1, 1), stride=(1, 1), bias=False)
      )
      (1): BasicBlock(
        (bn1): BatchNorm2d(160, eps=1e-05, momentum=0.1, affine=True, track_running_stats=False)
        (relu1): ReLU(inplace=True)
        (conv1): Conv2d(160, 160, kernel_size=(3, 3), stride=(1, 1), padding=(1, 1), bias=False)
        (bn2): BatchNorm2d(160, eps=1e-05, momentum=0.1, affine=True, track_running_stats=False)
        (relu2): ReLU(inplace=True)
        (conv2): Conv2d(160, 160, kernel_size=(3, 3), stride=(1, 1), padding=(1, 1), bias=False)
      )
      (2): BasicBlock(
        (bn1): BatchNorm2d(160, eps=1e-05, momentum=0.1, affine=True, track_running_stats=False)
        (relu1): ReLU(inplace=True)
        (conv1): Conv2d(160, 160, kernel_size=(3, 3), stride=(1, 1), padding=(1, 1), bias=False)
        (bn2): BatchNorm2d(160, eps=1e-05, momentum=0.1, affine=True, track_running_stats=False)
        (relu2): ReLU(inplace=True)
        (conv2): Conv2d(160, 160, kernel_size=(3, 3), stride=(1, 1), padding=(1, 1), bias=False)
      )
      (3): BasicBlock(
        (bn1): BatchNorm2d(160, eps=1e-05, momentum=0.1, affine=True, track_running_stats=False)
        (relu1): ReLU(inplace=True)
        (conv1): Conv2d(160, 160, kernel_size=(3, 3), stride=(1, 1), padding=(1, 1), bias=False)
        (bn2): BatchNorm2d(160, eps=1e-05, momentum=0.1, affine=True, track_running_stats=False)
        (relu2): ReLU(inplace=True)
        (conv2): Conv2d(160, 160, kernel_size=(3, 3), stride=(1, 1), padding=(1, 1), bias=False)
      )
    )
  )
  (block2): NetworkBlock(
    (layer): Sequential(
      (0): BasicBlock(
        (bn1): BatchNorm2d(160, eps=1e-05, momentum=0.1, affine=True, track_running_stats=False)
        (relu1): ReLU(inplace=True)
        (conv1): Conv2d(160, 320, kernel_size=(3, 3), stride=(2, 2), padding=(1, 1), bias=False)
        (bn2): BatchNorm2d(320, eps=1e-05, momentum=0.1, affine=True, track_running_stats=False)
        (relu2): ReLU(inplace=True)
        (conv2): Conv2d(320, 320, kernel_size=(3, 3), stride=(1, 1), padding=(1, 1), bias=False)
        (convShortcut): Conv2d(160, 320, kernel_size=(1, 1), stride=(2, 2), bias=False)
      )
      (1): BasicBlock(
        (bn1): BatchNorm2d(320, eps=1e-05, momentum=0.1, affine=True, track_running_stats=False)
        (relu1): ReLU(inplace=True)
        (conv1): Conv2d(320, 320, kernel_size=(3, 3), stride=(1, 1), padding=(1, 1), bias=False)
        (bn2): BatchNorm2d(320, eps=1e-05, momentum=0.1, affine=True, track_running_stats=False)
        (relu2): ReLU(inplace=True)
        (conv2): Conv2d(320, 320, kernel_size=(3, 3), stride=(1, 1), padding=(1, 1), bias=False)
      )
      (2): BasicBlock(
        (bn1): BatchNorm2d(320, eps=1e-05, momentum=0.1, affine=True, track_running_stats=False)
        (relu1): ReLU(inplace=True)
        (conv1): Conv2d(320, 320, kernel_size=(3, 3), stride=(1, 1), padding=(1, 1), bias=False)
        (bn2): BatchNorm2d(320, eps=1e-05, momentum=0.1, affine=True, track_running_stats=False)
        (relu2): ReLU(inplace=True)
        (conv2): Conv2d(320, 320, kernel_size=(3, 3), stride=(1, 1), padding=(1, 1), bias=False)
      )
      (3): BasicBlock(
        (bn1): BatchNorm2d(320, eps=1e-05, momentum=0.1, affine=True, track_running_stats=False)
        (relu1): ReLU(inplace=True)
        (conv1): Conv2d(320, 320, kernel_size=(3, 3), stride=(1, 1), padding=(1, 1), bias=False)
        (bn2): BatchNorm2d(320, eps=1e-05, momentum=0.1, affine=True, track_running_stats=False)
        (relu2): ReLU(inplace=True)
        (conv2): Conv2d(320, 320, kernel_size=(3, 3), stride=(1, 1), padding=(1, 1), bias=False)
      )
    )
  )
  (block3): NetworkBlock(
    (layer): Sequential(
      (0): BasicBlock(
        (bn1): BatchNorm2d(320, eps=1e-05, momentum=0.1, affine=True, track_running_stats=False)
        (relu1): ReLU(inplace=True)
        (conv1): Conv2d(320, 640, kernel_size=(3, 3), stride=(2, 2), padding=(1, 1), bias=False)
        (bn2): BatchNorm2d(640, eps=1e-05, momentum=0.1, affine=True, track_running_stats=False)
        (relu2): ReLU(inplace=True)
        (conv2): Conv2d(640, 640, kernel_size=(3, 3), stride=(1, 1), padding=(1, 1), bias=False)
        (convShortcut): Conv2d(320, 640, kernel_size=(1, 1), stride=(2, 2), bias=False)
      )
      (1): BasicBlock(
        (bn1): BatchNorm2d(640, eps=1e-05, momentum=0.1, affine=True, track_running_stats=False)
        (relu1): ReLU(inplace=True)
        (conv1): Conv2d(640, 640, kernel_size=(3, 3), stride=(1, 1), padding=(1, 1), bias=False)
        (bn2): BatchNorm2d(640, eps=1e-05, momentum=0.1, affine=True, track_running_stats=False)
        (relu2): ReLU(inplace=True)
        (conv2): Conv2d(640, 640, kernel_size=(3, 3), stride=(1, 1), padding=(1, 1), bias=False)
      )
      (2): BasicBlock(
        (bn1): BatchNorm2d(640, eps=1e-05, momentum=0.1, affine=True, track_running_stats=False)
        (relu1): ReLU(inplace=True)
        (conv1): Conv2d(640, 640, kernel_size=(3, 3), stride=(1, 1), padding=(1, 1), bias=False)
        (bn2): BatchNorm2d(640, eps=1e-05, momentum=0.1, affine=True, track_running_stats=False)
        (relu2): ReLU(inplace=True)
        (conv2): Conv2d(640, 640, kernel_size=(3, 3), stride=(1, 1), padding=(1, 1), bias=False)
      )
      (3): BasicBlock(
        (bn1): BatchNorm2d(640, eps=1e-05, momentum=0.1, affine=True, track_running_stats=False)
        (relu1): ReLU(inplace=True)
        (conv1): Conv2d(640, 640, kernel_size=(3, 3), stride=(1, 1), padding=(1, 1), bias=False)
        (bn2): BatchNorm2d(640, eps=1e-05, momentum=0.1, affine=True, track_running_stats=False)
        (relu2): ReLU(inplace=True)
        (conv2): Conv2d(640, 640, kernel_size=(3, 3), stride=(1, 1), padding=(1, 1), bias=False)
      )
    )
  )
  (bn1): BatchNorm2d(640, eps=1e-05, momentum=0.1, affine=True, track_running_stats=False)
  (relu): ReLU(inplace=True)
  (fc): Linear(in_features=640, out_features=200, bias=True)
)
[25/04/20 15:50:12] [setada.py:  156]: params for adaptation: ['block1.layer.0.bn1.weight', 'block1.layer.0.bn1.bias', 'block1.layer.0.bn2.weight', 'block1.layer.0.bn2.bias', 'block1.layer.1.bn1.weight', 'block1.layer.1.bn1.bias', 'block1.layer.1.bn2.weight', 'block1.layer.1.bn2.bias', 'block1.layer.2.bn1.weight', 'block1.layer.2.bn1.bias', 'block1.layer.2.bn2.weight', 'block1.layer.2.bn2.bias', 'block1.layer.3.bn1.weight', 'block1.layer.3.bn1.bias', 'block1.layer.3.bn2.weight', 'block1.layer.3.bn2.bias', 'block2.layer.0.bn1.weight', 'block2.layer.0.bn1.bias', 'block2.layer.0.bn2.weight', 'block2.layer.0.bn2.bias', 'block2.layer.1.bn1.weight', 'block2.layer.1.bn1.bias', 'block2.layer.1.bn2.weight', 'block2.layer.1.bn2.bias', 'block2.layer.2.bn1.weight', 'block2.layer.2.bn1.bias', 'block2.layer.2.bn2.weight', 'block2.layer.2.bn2.bias', 'block2.layer.3.bn1.weight', 'block2.layer.3.bn1.bias', 'block2.layer.3.bn2.weight', 'block2.layer.3.bn2.bias', 'block3.layer.0.bn1.weight', 'block3.layer.0.bn1.bias', 'block3.layer.0.bn2.weight', 'block3.layer.0.bn2.bias', 'block3.layer.1.bn1.weight', 'block3.layer.1.bn1.bias', 'block3.layer.1.bn2.weight', 'block3.layer.1.bn2.bias', 'block3.layer.2.bn1.weight', 'block3.layer.2.bn1.bias', 'block3.layer.2.bn2.weight', 'block3.layer.2.bn2.bias', 'block3.layer.3.bn1.weight', 'block3.layer.3.bn1.bias', 'block3.layer.3.bn2.weight', 'block3.layer.3.bn2.bias', 'bn1.weight', 'bn1.bias']
[25/04/20 15:50:12] [setada.py:  157]: optimizer for adaptation: SAM (
Parameter Group 0
    adaptive: False
    dampening: 0
    differentiable: False
    foreach: None
    fused: None
    lr: 0.01
    maximize: False
    momentum: 0.9
    nesterov: False
    rho: 0.05
    weight_decay: 0
)
[25/04/20 15:50:12] [eval.py:   70]: resetting model
Building model...
[25/04/20 15:50:23] [eval.py:   78]: acc % [gaussian_noise5]: 6.06%
[25/04/20 15:50:23] [eval.py:   70]: resetting model
torch.Size([10000, 3, 32, 32]) 10000
[25/04/20 15:50:32] [eval.py:   78]: acc % [gaussian_noise4]: 6.28%
[25/04/20 15:50:32] [eval.py:   70]: resetting model
torch.Size([10000, 3, 32, 32]) 10000
[25/04/20 15:50:42] [eval.py:   78]: acc % [gaussian_noise3]: 6.88%
[25/04/20 15:50:42] [eval.py:   70]: resetting model
torch.Size([10000, 3, 32, 32]) 10000
[25/04/20 15:50:51] [eval.py:   78]: acc % [gaussian_noise2]: 7.68%
[25/04/20 15:50:51] [eval.py:   70]: resetting model
torch.Size([10000, 3, 32, 32]) 10000
[25/04/20 15:51:01] [eval.py:   78]: acc % [gaussian_noise1]: 8.55%
[25/04/20 15:51:01] [eval.py:   70]: resetting model
torch.Size([10000, 3, 32, 32]) 10000
[25/04/20 15:51:10] [eval.py:   78]: acc % [shot_noise5]: 6.20%
[25/04/20 15:51:10] [eval.py:   70]: resetting model
torch.Size([10000, 3, 32, 32]) 10000
[25/04/20 15:51:20] [eval.py:   78]: acc % [shot_noise4]: 7.26%
[25/04/20 15:51:20] [eval.py:   70]: resetting model
torch.Size([10000, 3, 32, 32]) 10000
[25/04/20 15:51:29] [eval.py:   78]: acc % [shot_noise3]: 7.78%
[25/04/20 15:51:29] [eval.py:   70]: resetting model
torch.Size([10000, 3, 32, 32]) 10000
[25/04/20 15:51:39] [eval.py:   78]: acc % [shot_noise2]: 8.13%
[25/04/20 15:51:39] [eval.py:   70]: resetting model
torch.Size([10000, 3, 32, 32]) 10000
[25/04/20 15:51:48] [eval.py:   78]: acc % [shot_noise1]: 8.60%
[25/04/20 15:51:48] [eval.py:   70]: resetting model
torch.Size([10000, 3, 32, 32]) 10000
[25/04/20 15:51:58] [eval.py:   78]: acc % [impulse_noise5]: 5.36%
[25/04/20 15:51:58] [eval.py:   70]: resetting model
torch.Size([10000, 3, 32, 32]) 10000
[25/04/20 15:52:08] [eval.py:   78]: acc % [impulse_noise4]: 6.05%
[25/04/20 15:52:08] [eval.py:   70]: resetting model
torch.Size([10000, 3, 32, 32]) 10000
[25/04/20 15:52:19] [eval.py:   78]: acc % [impulse_noise3]: 6.95%
[25/04/20 15:52:19] [eval.py:   70]: resetting model
torch.Size([10000, 3, 32, 32]) 10000
[25/04/20 15:52:31] [eval.py:   78]: acc % [impulse_noise2]: 7.48%
[25/04/20 15:52:31] [eval.py:   70]: resetting model
torch.Size([10000, 3, 32, 32]) 10000
[25/04/20 15:52:42] [eval.py:   78]: acc % [impulse_noise1]: 8.17%
[25/04/20 15:52:42] [eval.py:   70]: resetting model
torch.Size([10000, 3, 32, 32]) 10000
[25/04/20 15:52:54] [eval.py:   78]: acc % [defocus_blur5]: 6.77%
[25/04/20 15:52:54] [eval.py:   70]: resetting model
torch.Size([10000, 3, 32, 32]) 10000
[25/04/20 15:53:05] [eval.py:   78]: acc % [defocus_blur4]: 7.23%
[25/04/20 15:53:05] [eval.py:   70]: resetting model
torch.Size([10000, 3, 32, 32]) 10000
[25/04/20 15:53:16] [eval.py:   78]: acc % [defocus_blur3]: 8.66%
[25/04/20 15:53:16] [eval.py:   70]: resetting model
torch.Size([10000, 3, 32, 32]) 10000
[25/04/20 15:53:27] [eval.py:   78]: acc % [defocus_blur2]: 8.85%
[25/04/20 15:53:27] [eval.py:   70]: resetting model
torch.Size([10000, 3, 32, 32]) 10000
[25/04/20 15:53:39] [eval.py:   78]: acc % [defocus_blur1]: 9.01%
[25/04/20 15:53:39] [eval.py:   70]: resetting model
torch.Size([10000, 3, 32, 32]) 10000
[25/04/20 15:53:50] [eval.py:   78]: acc % [glass_blur5]: 4.86%
[25/04/20 15:53:50] [eval.py:   70]: resetting model
torch.Size([10000, 3, 32, 32]) 10000
[25/04/20 15:54:01] [eval.py:   78]: acc % [glass_blur4]: 6.35%
[25/04/20 15:54:01] [eval.py:   70]: resetting model
torch.Size([10000, 3, 32, 32]) 10000
[25/04/20 15:54:12] [eval.py:   78]: acc % [glass_blur3]: 7.60%
[25/04/20 15:54:12] [eval.py:   70]: resetting model
torch.Size([10000, 3, 32, 32]) 10000
[25/04/20 15:54:23] [eval.py:   78]: acc % [glass_blur2]: 8.40%
[25/04/20 15:54:23] [eval.py:   70]: resetting model
torch.Size([10000, 3, 32, 32]) 10000
[25/04/20 15:54:34] [eval.py:   78]: acc % [glass_blur1]: 8.70%
[25/04/20 15:54:34] [eval.py:   70]: resetting model
torch.Size([10000, 3, 32, 32]) 10000
[25/04/20 15:54:46] [eval.py:   78]: acc % [motion_blur5]: 7.89%
[25/04/20 15:54:46] [eval.py:   70]: resetting model
torch.Size([10000, 3, 32, 32]) 10000
[25/04/20 15:54:56] [eval.py:   78]: acc % [motion_blur4]: 7.98%
[25/04/20 15:54:57] [eval.py:   70]: resetting model
torch.Size([10000, 3, 32, 32]) 10000
[25/04/20 15:55:07] [eval.py:   78]: acc % [motion_blur3]: 8.17%
[25/04/20 15:55:07] [eval.py:   70]: resetting model
torch.Size([10000, 3, 32, 32]) 10000
[25/04/20 15:55:18] [eval.py:   78]: acc % [motion_blur2]: 8.76%
[25/04/20 15:55:18] [eval.py:   70]: resetting model
torch.Size([10000, 3, 32, 32]) 10000
[25/04/20 15:55:30] [eval.py:   78]: acc % [motion_blur1]: 9.08%
[25/04/20 15:55:30] [eval.py:   70]: resetting model
torch.Size([10000, 3, 32, 32]) 10000
[25/04/20 15:55:41] [eval.py:   78]: acc % [zoom_blur5]: 7.93%
[25/04/20 15:55:41] [eval.py:   70]: resetting model
torch.Size([10000, 3, 32, 32]) 10000
[25/04/20 15:55:52] [eval.py:   78]: acc % [zoom_blur4]: 8.19%
[25/04/20 15:55:52] [eval.py:   70]: resetting model
torch.Size([10000, 3, 32, 32]) 10000
[25/04/20 15:56:04] [eval.py:   78]: acc % [zoom_blur3]: 8.65%
[25/04/20 15:56:04] [eval.py:   70]: resetting model
torch.Size([10000, 3, 32, 32]) 10000
[25/04/20 15:56:14] [eval.py:   78]: acc % [zoom_blur2]: 8.91%
[25/04/20 15:56:14] [eval.py:   70]: resetting model
torch.Size([10000, 3, 32, 32]) 10000
[25/04/20 15:56:26] [eval.py:   78]: acc % [zoom_blur1]: 8.95%
[25/04/20 15:56:26] [eval.py:   70]: resetting model
torch.Size([10000, 3, 32, 32]) 10000
[25/04/20 15:56:37] [eval.py:   78]: acc % [snow5]: 6.47%
[25/04/20 15:56:37] [eval.py:   70]: resetting model
torch.Size([10000, 3, 32, 32]) 10000
[25/04/20 15:56:47] [eval.py:   78]: acc % [snow4]: 5.82%
[25/04/20 15:56:47] [eval.py:   70]: resetting model
torch.Size([10000, 3, 32, 32]) 10000
[25/04/20 15:56:58] [eval.py:   78]: acc % [snow3]: 6.89%
[25/04/20 15:56:58] [eval.py:   70]: resetting model
torch.Size([10000, 3, 32, 32]) 10000
[25/04/20 15:57:09] [eval.py:   78]: acc % [snow2]: 7.71%
[25/04/20 15:57:09] [eval.py:   70]: resetting model
torch.Size([10000, 3, 32, 32]) 10000
[25/04/20 15:57:19] [eval.py:   78]: acc % [snow1]: 8.22%
[25/04/20 15:57:19] [eval.py:   70]: resetting model
torch.Size([10000, 3, 32, 32]) 10000
[25/04/20 15:57:30] [eval.py:   78]: acc % [frost5]: 6.50%
[25/04/20 15:57:30] [eval.py:   70]: resetting model
torch.Size([10000, 3, 32, 32]) 10000
[25/04/20 15:57:40] [eval.py:   78]: acc % [frost4]: 6.73%
[25/04/20 15:57:40] [eval.py:   70]: resetting model
torch.Size([10000, 3, 32, 32]) 10000
[25/04/20 15:57:51] [eval.py:   78]: acc % [frost3]: 7.09%
[25/04/20 15:57:51] [eval.py:   70]: resetting model
torch.Size([10000, 3, 32, 32]) 10000
[25/04/20 15:58:01] [eval.py:   78]: acc % [frost2]: 7.34%
[25/04/20 15:58:01] [eval.py:   70]: resetting model
torch.Size([10000, 3, 32, 32]) 10000
[25/04/20 15:58:11] [eval.py:   78]: acc % [frost1]: 7.92%
[25/04/20 15:58:11] [eval.py:   70]: resetting model
torch.Size([10000, 3, 32, 32]) 10000
[25/04/20 15:58:22] [eval.py:   78]: acc % [fog5]: 6.65%
[25/04/20 15:58:22] [eval.py:   70]: resetting model
torch.Size([10000, 3, 32, 32]) 10000
[25/04/20 15:58:32] [eval.py:   78]: acc % [fog4]: 7.28%
[25/04/20 15:58:32] [eval.py:   70]: resetting model
torch.Size([10000, 3, 32, 32]) 10000
[25/04/20 15:58:42] [eval.py:   78]: acc % [fog3]: 8.14%
[25/04/20 15:58:42] [eval.py:   70]: resetting model
torch.Size([10000, 3, 32, 32]) 10000
[25/04/20 15:58:52] [eval.py:   78]: acc % [fog2]: 8.65%
[25/04/20 15:58:52] [eval.py:   70]: resetting model
torch.Size([10000, 3, 32, 32]) 10000
[25/04/20 15:59:02] [eval.py:   78]: acc % [fog1]: 9.03%
[25/04/20 15:59:02] [eval.py:   70]: resetting model
torch.Size([10000, 3, 32, 32]) 10000
[25/04/20 15:59:12] [eval.py:   78]: acc % [brightness5]: 7.84%
[25/04/20 15:59:12] [eval.py:   70]: resetting model
torch.Size([10000, 3, 32, 32]) 10000
[25/04/20 15:59:22] [eval.py:   78]: acc % [brightness4]: 8.45%
[25/04/20 15:59:22] [eval.py:   70]: resetting model
torch.Size([10000, 3, 32, 32]) 10000
[25/04/20 15:59:32] [eval.py:   78]: acc % [brightness3]: 8.64%
[25/04/20 15:59:32] [eval.py:   70]: resetting model
torch.Size([10000, 3, 32, 32]) 10000
[25/04/20 15:59:43] [eval.py:   78]: acc % [brightness2]: 8.89%
[25/04/20 15:59:43] [eval.py:   70]: resetting model
torch.Size([10000, 3, 32, 32]) 10000
[25/04/20 15:59:54] [eval.py:   78]: acc % [brightness1]: 8.89%
[25/04/20 15:59:54] [eval.py:   70]: resetting model
torch.Size([10000, 3, 32, 32]) 10000
[25/04/20 16:00:04] [eval.py:   78]: acc % [contrast5]: 2.31%
[25/04/20 16:00:04] [eval.py:   70]: resetting model
torch.Size([10000, 3, 32, 32]) 10000
[25/04/20 16:00:15] [eval.py:   78]: acc % [contrast4]: 3.77%
[25/04/20 16:00:15] [eval.py:   70]: resetting model
torch.Size([10000, 3, 32, 32]) 10000
[25/04/20 16:00:26] [eval.py:   78]: acc % [contrast3]: 5.67%
[25/04/20 16:00:26] [eval.py:   70]: resetting model
torch.Size([10000, 3, 32, 32]) 10000
[25/04/20 16:00:37] [eval.py:   78]: acc % [contrast2]: 6.48%
[25/04/20 16:00:37] [eval.py:   70]: resetting model
torch.Size([10000, 3, 32, 32]) 10000
[25/04/20 16:00:48] [eval.py:   78]: acc % [contrast1]: 7.36%
[25/04/20 16:00:48] [eval.py:   70]: resetting model
torch.Size([10000, 3, 32, 32]) 10000
[25/04/20 16:00:59] [eval.py:   78]: acc % [elastic_transform5]: 7.52%
[25/04/20 16:00:59] [eval.py:   70]: resetting model
torch.Size([10000, 3, 32, 32]) 10000
[25/04/20 16:01:10] [eval.py:   78]: acc % [elastic_transform4]: 8.38%
[25/04/20 16:01:10] [eval.py:   70]: resetting model
torch.Size([10000, 3, 32, 32]) 10000
[25/04/20 16:01:22] [eval.py:   78]: acc % [elastic_transform3]: 8.55%
[25/04/20 16:01:22] [eval.py:   70]: resetting model
torch.Size([10000, 3, 32, 32]) 10000
[25/04/20 16:01:33] [eval.py:   78]: acc % [elastic_transform2]: 8.58%
[25/04/20 16:01:33] [eval.py:   70]: resetting model
torch.Size([10000, 3, 32, 32]) 10000
[25/04/20 16:01:44] [eval.py:   78]: acc % [elastic_transform1]: 8.48%
[25/04/20 16:01:44] [eval.py:   70]: resetting model
torch.Size([10000, 3, 32, 32]) 10000
[25/04/20 16:01:55] [eval.py:   78]: acc % [pixelate5]: 8.93%
[25/04/20 16:01:55] [eval.py:   70]: resetting model
torch.Size([10000, 3, 32, 32]) 10000
[25/04/20 16:02:05] [eval.py:   78]: acc % [pixelate4]: 8.86%
[25/04/20 16:02:05] [eval.py:   70]: resetting model
torch.Size([10000, 3, 32, 32]) 10000
[25/04/20 16:02:15] [eval.py:   78]: acc % [pixelate3]: 8.93%
[25/04/20 16:02:15] [eval.py:   70]: resetting model
torch.Size([10000, 3, 32, 32]) 10000
[25/04/20 16:02:25] [eval.py:   78]: acc % [pixelate2]: 8.91%
[25/04/20 16:02:25] [eval.py:   70]: resetting model
torch.Size([10000, 3, 32, 32]) 10000
[25/04/20 16:02:35] [eval.py:   78]: acc % [pixelate1]: 9.24%
[25/04/20 16:02:35] [eval.py:   70]: resetting model
torch.Size([10000, 3, 32, 32]) 10000
[25/04/20 16:02:44] [eval.py:   78]: acc % [jpeg_compression5]: 8.20%
[25/04/20 16:02:44] [eval.py:   70]: resetting model
torch.Size([10000, 3, 32, 32]) 10000
[25/04/20 16:02:53] [eval.py:   78]: acc % [jpeg_compression4]: 8.34%
[25/04/20 16:02:53] [eval.py:   70]: resetting model
torch.Size([10000, 3, 32, 32]) 10000
[25/04/20 16:03:03] [eval.py:   78]: acc % [jpeg_compression3]: 8.86%
[25/04/20 16:03:03] [eval.py:   70]: resetting model
torch.Size([10000, 3, 32, 32]) 10000
[25/04/20 16:03:12] [eval.py:   78]: acc % [jpeg_compression2]: 8.66%
[25/04/20 16:03:12] [eval.py:   70]: resetting model
torch.Size([10000, 3, 32, 32]) 10000
[25/04/20 16:03:22] [eval.py:   78]: acc % [jpeg_compression1]: 8.70%
[25/04/20 16:03:22] [eval.py:   84]: 
                          1         2         3         4         5       avg
gaussian_noise     0.060600  0.062800  0.068800  0.076800  0.085500  0.070900
shot_noise         0.062000  0.072600  0.077800  0.081300  0.086000  0.075940
impulse_noise      0.053600  0.060500  0.069500  0.074800  0.081700  0.068020
defocus_blur       0.067700  0.072300  0.086600  0.088500  0.090100  0.081040
glass_blur         0.048600  0.063500  0.076000  0.084000  0.087000  0.071820
motion_blur        0.078900  0.079800  0.081700  0.087600  0.090800  0.083760
zoom_blur          0.079300  0.081900  0.086500  0.089100  0.089500  0.085260
snow               0.064700  0.058200  0.068900  0.077100  0.082200  0.070220
frost              0.065000  0.067300  0.070900  0.073400  0.079200  0.071160
fog                0.066500  0.072800  0.081400  0.086500  0.090300  0.079500
brightness         0.078400  0.084500  0.086400  0.088900  0.088900  0.085420
contrast           0.023100  0.037700  0.056700  0.064800  0.073600  0.051180
elastic_transform  0.075200  0.083800  0.085500  0.085800  0.084800  0.083020
pixelate           0.089300  0.088600  0.089300  0.089100  0.092400  0.089740
jpeg_compression   0.082000  0.083400  0.088600  0.086600  0.087000  0.085520
average            0.066327  0.071313  0.078307  0.082287  0.085933  0.076833
[25/04/20 16:03:22] [eval.py:  125]: resetting model
[25/04/20 16:03:22] [data.py:  150]: using tin200..
torch.Size([10000, 3, 32, 32]) 10000
[25/04/20 16:03:23] [eval.py:   47]: Test Batch Process: 1/50
[25/04/20 16:03:23] [eval.py:   47]: Test Batch Process: 2/50
[25/04/20 16:03:23] [eval.py:   47]: Test Batch Process: 3/50
[25/04/20 16:03:23] [eval.py:   47]: Test Batch Process: 4/50
[25/04/20 16:03:23] [eval.py:   47]: Test Batch Process: 5/50
[25/04/20 16:03:23] [eval.py:   47]: Test Batch Process: 6/50
[25/04/20 16:03:23] [eval.py:   47]: Test Batch Process: 7/50
[25/04/20 16:03:24] [eval.py:   47]: Test Batch Process: 8/50
[25/04/20 16:03:24] [eval.py:   47]: Test Batch Process: 9/50
[25/04/20 16:03:24] [eval.py:   47]: Test Batch Process: 10/50
[25/04/20 16:03:24] [eval.py:   47]: Test Batch Process: 11/50
[25/04/20 16:03:24] [eval.py:   47]: Test Batch Process: 12/50
[25/04/20 16:03:24] [eval.py:   47]: Test Batch Process: 13/50
[25/04/20 16:03:25] [eval.py:   47]: Test Batch Process: 14/50
[25/04/20 16:03:25] [eval.py:   47]: Test Batch Process: 15/50
[25/04/20 16:03:25] [eval.py:   47]: Test Batch Process: 16/50
[25/04/20 16:03:25] [eval.py:   47]: Test Batch Process: 17/50
[25/04/20 16:03:25] [eval.py:   47]: Test Batch Process: 18/50
[25/04/20 16:03:25] [eval.py:   47]: Test Batch Process: 19/50
[25/04/20 16:03:25] [eval.py:   47]: Test Batch Process: 20/50
[25/04/20 16:03:26] [eval.py:   47]: Test Batch Process: 21/50
[25/04/20 16:03:26] [eval.py:   47]: Test Batch Process: 22/50
[25/04/20 16:03:26] [eval.py:   47]: Test Batch Process: 23/50
[25/04/20 16:03:26] [eval.py:   47]: Test Batch Process: 24/50
[25/04/20 16:03:26] [eval.py:   47]: Test Batch Process: 25/50
[25/04/20 16:03:26] [eval.py:   47]: Test Batch Process: 26/50
[25/04/20 16:03:26] [eval.py:   47]: Test Batch Process: 27/50
[25/04/20 16:03:27] [eval.py:   47]: Test Batch Process: 28/50
[25/04/20 16:03:27] [eval.py:   47]: Test Batch Process: 29/50
[25/04/20 16:03:27] [eval.py:   47]: Test Batch Process: 30/50
[25/04/20 16:03:27] [eval.py:   47]: Test Batch Process: 31/50
[25/04/20 16:03:27] [eval.py:   47]: Test Batch Process: 32/50
[25/04/20 16:03:27] [eval.py:   47]: Test Batch Process: 33/50
[25/04/20 16:03:28] [eval.py:   47]: Test Batch Process: 34/50
[25/04/20 16:03:28] [eval.py:   47]: Test Batch Process: 35/50
[25/04/20 16:03:28] [eval.py:   47]: Test Batch Process: 36/50
[25/04/20 16:03:28] [eval.py:   47]: Test Batch Process: 37/50
[25/04/20 16:03:28] [eval.py:   47]: Test Batch Process: 38/50
[25/04/20 16:03:28] [eval.py:   47]: Test Batch Process: 39/50
[25/04/20 16:03:28] [eval.py:   47]: Test Batch Process: 40/50
[25/04/20 16:03:29] [eval.py:   47]: Test Batch Process: 41/50
[25/04/20 16:03:29] [eval.py:   47]: Test Batch Process: 42/50
[25/04/20 16:03:29] [eval.py:   47]: Test Batch Process: 43/50
[25/04/20 16:03:29] [eval.py:   47]: Test Batch Process: 44/50
[25/04/20 16:03:29] [eval.py:   47]: Test Batch Process: 45/50
[25/04/20 16:03:29] [eval.py:   47]: Test Batch Process: 46/50
[25/04/20 16:03:29] [eval.py:   47]: Test Batch Process: 47/50
[25/04/20 16:03:30] [eval.py:   47]: Test Batch Process: 48/50
[25/04/20 16:03:30] [eval.py:   47]: Test Batch Process: 49/50
[25/04/20 16:03:30] [eval.py:   47]: Test Batch Process: 50/50
[25/04/20 16:03:30] [eval.py:  144]: Test set Accuracy: 0.7
