[25/05/19 23:06:04] [utils.py:   82]: PyTorch Version: torch=2.5.0+cu124, cuda=12.4, cudnn=90100
[25/05/19 23:06:04] [utils.py:   83]: BN:
  EPS: 1e-05
  MOM: 0.1
CKPT_DIR: ./ckpt
CORRUPTION:
  DATASET: cifar10
  IMG_SIZE: 32
  NUM_CHANNEL: 3
  NUM_CLASSES: 10
  NUM_EX: 10000
  SEVERITY: [5, 4, 3, 2, 1]
  TYPE: ['gaussian_noise', 'shot_noise', 'impulse_noise', 'defocus_blur', 'glass_blur', 'motion_blur', 'zoom_blur', 'snow', 'frost', 'fog', 'brightness', 'contrast', 'elastic_transform', 'pixelate', 'jpeg_compression']
CUDNN:
  BENCHMARK: True
DATA_DIR: /scratch-shared/tea2/cifar10
DESC: 
EARLY_STOP_BEGIN: 70
EARLY_STOP_PATIENCE: 30
EATA:
  D_MARGIN: 0.05
  E_MARGIN: 2.763102111592855
  FISHER_ALPHA: 2000.0
  FISHER_SIZE: 2000
  USE_FISHER: False
EBM:
  BUFFER_SIZE: 10000
  REINIT_FREQ: 0.05
  SGLD_LR: 0.1
  SGLD_STD: 0.01
  STEPS: 10
  UNCOND: uncond
LOG_DEST: pretrain_TET_bn_sgd-1-0.3-1024_250519-230604.txt
LOG_TIME: 250519-230604
MODEL:
  ADAPTATION: source
  ADA_PARAM: ['bn']
  ARCH: WRN2810_TET
  EPISODIC: False
OPTIM:
  BATCH_SIZE: 1024
  BETA: 0.9
  CLIP_NORM: False
  DAMPENING: 0.0
  LAMBDA_CLS: 1.0
  LAMBDA_ENERGY: 1.0
  LR: 0.3
  METHOD: sgd
  MOMENTUM: 0.9
  NESTEROV: True
  N_EPOCHS: 200
  SCHEDULER_GAMMA: 0.2
  SCHEDULER_MILESTONES: [60, 120, 160]
  STEPS: 1
  TEST_BATCH_SIZE: 128
  WD: 0.0005
OPTIM_ENERGY:
  BATCH_SIZE: 128
  BETA: 0.9
  CLIP_NORM: False
  DAMPENING: 0.0
  LR: 0.001
  METHOD: Adam
  MOMENTUM: 0.9
  NESTEROV: True
  STEPS: 1
  WD: 0.0
PL:
  ALPHA: 0.1
  THRESHOLD: 0.9
RNG_SEED: 1
SAR:
  MARGIN_E0: 2.763102111592855
SAVE_DIR: ./save/cifar10/bn-wrn-28-10-tet
SHOT:
  CLF_COEFF: 0.1
  THRESHOLD: 0.9
TEST:
  
[25/05/19 23:06:08] [param.py:   18]: adapting weights of batch-normalization layer
[25/05/19 23:06:08] [setada.py:  138]: model for adaptation: WideResNet(
  (conv1): Conv2d(3, 16, kernel_size=(3, 3), stride=(1, 1), padding=(1, 1), bias=False)
  (block1): NetworkBlock(
    (layer): Sequential(
      (0): BasicBlock(
        (bn1): BatchNorm2d(16, eps=1e-05, momentum=0.1, affine=True, track_running_stats=False)
        (relu1): ReLU(inplace=True)
        (conv1): Conv2d(16, 160, kernel_size=(3, 3), stride=(1, 1), padding=(1, 1), bias=False)
        (bn2): BatchNorm2d(160, eps=1e-05, momentum=0.1, affine=True, track_running_stats=False)
        (relu2): ReLU(inplace=True)
        (conv2): Conv2d(160, 160, kernel_size=(3, 3), stride=(1, 1), padding=(1, 1), bias=False)
        (convShortcut): Conv2d(16, 160, kernel_size=(1, 1), stride=(1, 1), bias=False)
      )
      (1): BasicBlock(
        (bn1): BatchNorm2d(160, eps=1e-05, momentum=0.1, affine=True, track_running_stats=False)
        (relu1): ReLU(inplace=True)
        (conv1): Conv2d(160, 160, kernel_size=(3, 3), stride=(1, 1), padding=(1, 1), bias=False)
        (bn2): BatchNorm2d(160, eps=1e-05, momentum=0.1, affine=True, track_running_stats=False)
        (relu2): ReLU(inplace=True)
        (conv2): Conv2d(160, 160, kernel_size=(3, 3), stride=(1, 1), padding=(1, 1), bias=False)
      )
      (2): BasicBlock(
        (bn1): BatchNorm2d(160, eps=1e-05, momentum=0.1, affine=True, track_running_stats=False)
        (relu1): ReLU(inplace=True)
        (conv1): Conv2d(160, 160, kernel_size=(3, 3), stride=(1, 1), padding=(1, 1), bias=False)
        (bn2): BatchNorm2d(160, eps=1e-05, momentum=0.1, affine=True, track_running_stats=False)
        (relu2): ReLU(inplace=True)
        (conv2): Conv2d(160, 160, kernel_size=(3, 3), stride=(1, 1), padding=(1, 1), bias=False)
      )
      (3): BasicBlock(
        (bn1): BatchNorm2d(160, eps=1e-05, momentum=0.1, affine=True, track_running_stats=False)
        (relu1): ReLU(inplace=True)
        (conv1): Conv2d(160, 160, kernel_size=(3, 3), stride=(1, 1), padding=(1, 1), bias=False)
        (bn2): BatchNorm2d(160, eps=1e-05, momentum=0.1, affine=True, track_running_stats=False)
        (relu2): ReLU(inplace=True)
        (conv2): Conv2d(160, 160, kernel_size=(3, 3), stride=(1, 1), padding=(1, 1), bias=False)
      )
    )
  )
  (block2): NetworkBlock(
    (layer): Sequential(
      (0): BasicBlock(
        (bn1): BatchNorm2d(160, eps=1e-05, momentum=0.1, affine=True, track_running_stats=False)
        (relu1): ReLU(inplace=True)
        (conv1): Conv2d(160, 320, kernel_size=(3, 3), stride=(2, 2), padding=(1, 1), bias=False)
        (bn2): BatchNorm2d(320, eps=1e-05, momentum=0.1, affine=True, track_running_stats=False)
        (relu2): ReLU(inplace=True)
        (conv2): Conv2d(320, 320, kernel_size=(3, 3), stride=(1, 1), padding=(1, 1), bias=False)
        (convShortcut): Conv2d(160, 320, kernel_size=(1, 1), stride=(2, 2), bias=False)
      )
      (1): BasicBlock(
        (bn1): BatchNorm2d(320, eps=1e-05, momentum=0.1, affine=True, track_running_stats=False)
        (relu1): ReLU(inplace=True)
        (conv1): Conv2d(320, 320, kernel_size=(3, 3), stride=(1, 1), padding=(1, 1), bias=False)
        (bn2): BatchNorm2d(320, eps=1e-05, momentum=0.1, affine=True, track_running_stats=False)
        (relu2): ReLU(inplace=True)
        (conv2): Conv2d(320, 320, kernel_size=(3, 3), stride=(1, 1), padding=(1, 1), bias=False)
      )
      (2): BasicBlock(
        (bn1): BatchNorm2d(320, eps=1e-05, momentum=0.1, affine=True, track_running_stats=False)
        (relu1): ReLU(inplace=True)
        (conv1): Conv2d(320, 320, kernel_size=(3, 3), stride=(1, 1), padding=(1, 1), bias=False)
        (bn2): BatchNorm2d(320, eps=1e-05, momentum=0.1, affine=True, track_running_stats=False)
        (relu2): ReLU(inplace=True)
        (conv2): Conv2d(320, 320, kernel_size=(3, 3), stride=(1, 1), padding=(1, 1), bias=False)
      )
      (3): BasicBlock(
        (bn1): BatchNorm2d(320, eps=1e-05, momentum=0.1, affine=True, track_running_stats=False)
        (relu1): ReLU(inplace=True)
        (conv1): Conv2d(320, 320, kernel_size=(3, 3), stride=(1, 1), padding=(1, 1), bias=False)
        (bn2): BatchNorm2d(320, eps=1e-05, momentum=0.1, affine=True, track_running_stats=False)
        (relu2): ReLU(inplace=True)
        (conv2): Conv2d(320, 320, kernel_size=(3, 3), stride=(1, 1), padding=(1, 1), bias=False)
      )
    )
  )
  (block3): NetworkBlock(
    (layer): Sequential(
      (0): BasicBlock(
        (bn1): BatchNorm2d(320, eps=1e-05, momentum=0.1, affine=True, track_running_stats=False)
        (relu1): ReLU(inplace=True)
        (conv1): Conv2d(320, 640, kernel_size=(3, 3), stride=(2, 2), padding=(1, 1), bias=False)
        (bn2): BatchNorm2d(640, eps=1e-05, momentum=0.1, affine=True, track_running_stats=False)
        (relu2): ReLU(inplace=True)
        (conv2): Conv2d(640, 640, kernel_size=(3, 3), stride=(1, 1), padding=(1, 1), bias=False)
        (convShortcut): Conv2d(320, 640, kernel_size=(1, 1), stride=(2, 2), bias=False)
      )
      (1): BasicBlock(
        (bn1): BatchNorm2d(640, eps=1e-05, momentum=0.1, affine=True, track_running_stats=False)
        (relu1): ReLU(inplace=True)
        (conv1): Conv2d(640, 640, kernel_size=(3, 3), stride=(1, 1), padding=(1, 1), bias=False)
        (bn2): BatchNorm2d(640, eps=1e-05, momentum=0.1, affine=True, track_running_stats=False)
        (relu2): ReLU(inplace=True)
        (conv2): Conv2d(640, 640, kernel_size=(3, 3), stride=(1, 1), padding=(1, 1), bias=False)
      )
      (2): BasicBlock(
        (bn1): BatchNorm2d(640, eps=1e-05, momentum=0.1, affine=True, track_running_stats=False)
        (relu1): ReLU(inplace=True)
        (conv1): Conv2d(640, 640, kernel_size=(3, 3), stride=(1, 1), padding=(1, 1), bias=False)
        (bn2): BatchNorm2d(640, eps=1e-05, momentum=0.1, affine=True, track_running_stats=False)
        (relu2): ReLU(inplace=True)
        (conv2): Conv2d(640, 640, kernel_size=(3, 3), stride=(1, 1), padding=(1, 1), bias=False)
      )
      (3): BasicBlock(
        (bn1): BatchNorm2d(640, eps=1e-05, momentum=0.1, affine=True, track_running_stats=False)
        (relu1): ReLU(inplace=True)
        (conv1): Conv2d(640, 640, kernel_size=(3, 3), stride=(1, 1), padding=(1, 1), bias=False)
        (bn2): BatchNorm2d(640, eps=1e-05, momentum=0.1, affine=True, track_running_stats=False)
        (relu2): ReLU(inplace=True)
        (conv2): Conv2d(640, 640, kernel_size=(3, 3), stride=(1, 1), padding=(1, 1), bias=False)
      )
    )
  )
  (bn1): BatchNorm2d(640, eps=1e-05, momentum=0.1, affine=True, track_running_stats=False)
  (relu): ReLU(inplace=True)
  (fc): Linear(in_features=640, out_features=10, bias=True)
)
[25/05/19 23:06:08] [setada.py:  139]: params for adaptation: ['block1.layer.0.bn1.weight', 'block1.layer.0.bn1.bias', 'block1.layer.0.bn2.weight', 'block1.layer.0.bn2.bias', 'block1.layer.1.bn1.weight', 'block1.layer.1.bn1.bias', 'block1.layer.1.bn2.weight', 'block1.layer.1.bn2.bias', 'block1.layer.2.bn1.weight', 'block1.layer.2.bn1.bias', 'block1.layer.2.bn2.weight', 'block1.layer.2.bn2.bias', 'block1.layer.3.bn1.weight', 'block1.layer.3.bn1.bias', 'block1.layer.3.bn2.weight', 'block1.layer.3.bn2.bias', 'block2.layer.0.bn1.weight', 'block2.layer.0.bn1.bias', 'block2.layer.0.bn2.weight', 'block2.layer.0.bn2.bias', 'block2.layer.1.bn1.weight', 'block2.layer.1.bn1.bias', 'block2.layer.1.bn2.weight', 'block2.layer.1.bn2.bias', 'block2.layer.2.bn1.weight', 'block2.layer.2.bn1.bias', 'block2.layer.2.bn2.weight', 'block2.layer.2.bn2.bias', 'block2.layer.3.bn1.weight', 'block2.layer.3.bn1.bias', 'block2.layer.3.bn2.weight', 'block2.layer.3.bn2.bias', 'block3.layer.0.bn1.weight', 'block3.layer.0.bn1.bias', 'block3.layer.0.bn2.weight', 'block3.layer.0.bn2.bias', 'block3.layer.1.bn1.weight', 'block3.layer.1.bn1.bias', 'block3.layer.1.bn2.weight', 'block3.layer.1.bn2.bias', 'block3.layer.2.bn1.weight', 'block3.layer.2.bn1.bias', 'block3.layer.2.bn2.weight', 'block3.layer.2.bn2.bias', 'block3.layer.3.bn1.weight', 'block3.layer.3.bn1.bias', 'block3.layer.3.bn2.weight', 'block3.layer.3.bn2.bias', 'bn1.weight', 'bn1.bias']
[25/05/19 23:06:08] [setada.py:  140]: optimizer for adaptation: Adam (
Parameter Group 0
    amsgrad: False
    betas: (0.9, 0.999)
    capturable: False
    differentiable: False
    eps: 1e-08
    foreach: None
    fused: None
    lr: 0.001
    maximize: False
    weight_decay: 0.0
)
Building model...
Files already downloaded and verified
Files already downloaded and verified
Training:   0%|          | 0/200 [00:00<?, ?epoch/s]Training:   0%|          | 1/200 [03:38<12:06:03, 218.91s/epoch]slurmstepd: error: *** JOB 11929313 ON gcn14 CANCELLED AT 2025-05-19T23:10:22 ***

JOB STATISTICS
==============
Job ID: 11929313
Cluster: snellius
User/Group: jhutter/jhutter
State: CANCELLED (exit code 0)
Nodes: 1
Cores per node: 18
CPU Utilized: 00:00:12
CPU Efficiency: 0.25% of 01:21:36 core-walltime
Job Wall-clock time: 00:04:32
Memory Utilized: 1.89 GB
Memory Efficiency: 1.58% of 120.00 GB (120.00 GB/node)
