[25/05/25 10:42:16] [utils.py:   82]: PyTorch Version: torch=2.5.0+cu124, cuda=12.4, cudnn=90100
[25/05/25 10:42:16] [utils.py:   83]: BN:
  EPS: 1e-05
  MOM: 0.1
CKPT_DIR: ./ckpt
CORRUPTION:
  DATASET: cifar10
  IMG_SIZE: 32
  NUM_CHANNEL: 3
  NUM_CLASSES: 10
  NUM_EX: 10000
  SEVERITY: [5, 4, 3, 2, 1]
  TYPE: ['gaussian_noise', 'shot_noise', 'impulse_noise', 'defocus_blur', 'glass_blur', 'motion_blur', 'zoom_blur', 'snow', 'frost', 'fog', 'brightness', 'contrast', 'elastic_transform', 'pixelate', 'jpeg_compression']
CUDNN:
  BENCHMARK: True
DATA_DIR: /scratch-shared/tea2/cifar10
DESC: 
EARLY_STOP_BEGIN: 70
EARLY_STOP_PATIENCE: 30
EATA:
  D_MARGIN: 0.05
  E_MARGIN: 2.763102111592855
  FISHER_ALPHA: 2000.0
  FISHER_SIZE: 2000
  USE_FISHER: False
EBM:
  BUFFER_SIZE: 10000
  REINIT_FREQ: 0.05
  SGLD_LR: 0.1
  SGLD_STD: 0.01
  STEPS: 20
  UNCOND: uncond
LOG_DEST: energy_tet_bn_sgd-1-0.01-200_uncond-20-0.1-0.01-10000-0.05_250525-104216.txt
LOG_TIME: 250525-104216
MODEL:
  ADAPTATION: energy
  ADA_PARAM: ['bn']
  ARCH: WRN2810_TET_3
  CHECKPOINT_PTH: None
  EPISODIC: False
OPTIM:
  BATCH_SIZE: 200
  BETA: 0.9
  CLIP_NORM: False
  DAMPENING: 0.0
  LAMBDA_CLS: 1.0
  LAMBDA_ENERGY: 1.0
  LR: 0.01
  METHOD: SGD
  MOMENTUM: 0.9
  NESTEROV: True
  N_EPOCHS: 200
  SCHEDULER_GAMMA: 0.2
  SCHEDULER_MILESTONES: [60, 120, 160]
  STEPS: 1
  TEST_BATCH_SIZE: 128
  WARMUP_START_LR: 1e-06
  WARMUP_STEPS: 1000
  WD: 0.0
OPTIM_ENERGY:
  BATCH_SIZE: 128
  BETA: 0.9
  CLIP_NORM: False
  DAMPENING: 0.0
  LR: 0.001
  METHOD: Adam
  MOMENTUM: 0.9
  NESTEROV: True
  STEPS: 1
  WD: 0.0
PL:
  ALPHA: 0.1
  THRESHOLD: 0.9
RNG_SEED: 1
SAR:
  MARGIN_E0: 2.763102111592855
SAVE_DIR: ./save/cifar10/bn-wrn-28-10-tet
SHOT:
  CLF_COEFF: 0.1
  THRESHOLD: 0.9
TEST:
  
[25/05/25 10:42:17] [main.py:   75]: test-time adaptation: TET
[25/05/25 10:42:17] [param.py:   18]: adapting weights of batch-normalization layer
[25/05/25 10:42:17] [setada.py:  138]: model for adaptation: WideResNet(
  (conv1): Conv2d(3, 16, kernel_size=(3, 3), stride=(1, 1), padding=(1, 1), bias=False)
  (block1): NetworkBlock(
    (layer): Sequential(
      (0): BasicBlock(
        (bn1): BatchNorm2d(16, eps=1e-05, momentum=0.1, affine=True, track_running_stats=False)
        (relu1): ReLU(inplace=True)
        (conv1): Conv2d(16, 160, kernel_size=(3, 3), stride=(1, 1), padding=(1, 1), bias=False)
        (bn2): BatchNorm2d(160, eps=1e-05, momentum=0.1, affine=True, track_running_stats=False)
        (relu2): ReLU(inplace=True)
        (conv2): Conv2d(160, 160, kernel_size=(3, 3), stride=(1, 1), padding=(1, 1), bias=False)
        (convShortcut): Conv2d(16, 160, kernel_size=(1, 1), stride=(1, 1), bias=False)
      )
      (1): BasicBlock(
        (bn1): BatchNorm2d(160, eps=1e-05, momentum=0.1, affine=True, track_running_stats=False)
        (relu1): ReLU(inplace=True)
        (conv1): Conv2d(160, 160, kernel_size=(3, 3), stride=(1, 1), padding=(1, 1), bias=False)
        (bn2): BatchNorm2d(160, eps=1e-05, momentum=0.1, affine=True, track_running_stats=False)
        (relu2): ReLU(inplace=True)
        (conv2): Conv2d(160, 160, kernel_size=(3, 3), stride=(1, 1), padding=(1, 1), bias=False)
      )
      (2): BasicBlock(
        (bn1): BatchNorm2d(160, eps=1e-05, momentum=0.1, affine=True, track_running_stats=False)
        (relu1): ReLU(inplace=True)
        (conv1): Conv2d(160, 160, kernel_size=(3, 3), stride=(1, 1), padding=(1, 1), bias=False)
        (bn2): BatchNorm2d(160, eps=1e-05, momentum=0.1, affine=True, track_running_stats=False)
        (relu2): ReLU(inplace=True)
        (conv2): Conv2d(160, 160, kernel_size=(3, 3), stride=(1, 1), padding=(1, 1), bias=False)
      )
      (3): BasicBlock(
        (bn1): BatchNorm2d(160, eps=1e-05, momentum=0.1, affine=True, track_running_stats=False)
        (relu1): ReLU(inplace=True)
        (conv1): Conv2d(160, 160, kernel_size=(3, 3), stride=(1, 1), padding=(1, 1), bias=False)
        (bn2): BatchNorm2d(160, eps=1e-05, momentum=0.1, affine=True, track_running_stats=False)
        (relu2): ReLU(inplace=True)
        (conv2): Conv2d(160, 160, kernel_size=(3, 3), stride=(1, 1), padding=(1, 1), bias=False)
      )
    )
  )
  (block2): NetworkBlock(
    (layer): Sequential(
      (0): BasicBlock(
        (bn1): BatchNorm2d(160, eps=1e-05, momentum=0.1, affine=True, track_running_stats=False)
        (relu1): ReLU(inplace=True)
        (conv1): Conv2d(160, 320, kernel_size=(3, 3), stride=(2, 2), padding=(1, 1), bias=False)
        (bn2): BatchNorm2d(320, eps=1e-05, momentum=0.1, affine=True, track_running_stats=False)
        (relu2): ReLU(inplace=True)
        (conv2): Conv2d(320, 320, kernel_size=(3, 3), stride=(1, 1), padding=(1, 1), bias=False)
        (convShortcut): Conv2d(160, 320, kernel_size=(1, 1), stride=(2, 2), bias=False)
      )
      (1): BasicBlock(
        (bn1): BatchNorm2d(320, eps=1e-05, momentum=0.1, affine=True, track_running_stats=False)
        (relu1): ReLU(inplace=True)
        (conv1): Conv2d(320, 320, kernel_size=(3, 3), stride=(1, 1), padding=(1, 1), bias=False)
        (bn2): BatchNorm2d(320, eps=1e-05, momentum=0.1, affine=True, track_running_stats=False)
        (relu2): ReLU(inplace=True)
        (conv2): Conv2d(320, 320, kernel_size=(3, 3), stride=(1, 1), padding=(1, 1), bias=False)
      )
      (2): BasicBlock(
        (bn1): BatchNorm2d(320, eps=1e-05, momentum=0.1, affine=True, track_running_stats=False)
        (relu1): ReLU(inplace=True)
        (conv1): Conv2d(320, 320, kernel_size=(3, 3), stride=(1, 1), padding=(1, 1), bias=False)
        (bn2): BatchNorm2d(320, eps=1e-05, momentum=0.1, affine=True, track_running_stats=False)
        (relu2): ReLU(inplace=True)
        (conv2): Conv2d(320, 320, kernel_size=(3, 3), stride=(1, 1), padding=(1, 1), bias=False)
      )
      (3): BasicBlock(
        (bn1): BatchNorm2d(320, eps=1e-05, momentum=0.1, affine=True, track_running_stats=False)
        (relu1): ReLU(inplace=True)
        (conv1): Conv2d(320, 320, kernel_size=(3, 3), stride=(1, 1), padding=(1, 1), bias=False)
        (bn2): BatchNorm2d(320, eps=1e-05, momentum=0.1, affine=True, track_running_stats=False)
        (relu2): ReLU(inplace=True)
        (conv2): Conv2d(320, 320, kernel_size=(3, 3), stride=(1, 1), padding=(1, 1), bias=False)
      )
    )
  )
  (block3): NetworkBlock(
    (layer): Sequential(
      (0): BasicBlock(
        (bn1): BatchNorm2d(320, eps=1e-05, momentum=0.1, affine=True, track_running_stats=False)
        (relu1): ReLU(inplace=True)
        (conv1): Conv2d(320, 640, kernel_size=(3, 3), stride=(2, 2), padding=(1, 1), bias=False)
        (bn2): BatchNorm2d(640, eps=1e-05, momentum=0.1, affine=True, track_running_stats=False)
        (relu2): ReLU(inplace=True)
        (conv2): Conv2d(640, 640, kernel_size=(3, 3), stride=(1, 1), padding=(1, 1), bias=False)
        (convShortcut): Conv2d(320, 640, kernel_size=(1, 1), stride=(2, 2), bias=False)
      )
      (1): BasicBlock(
        (bn1): BatchNorm2d(640, eps=1e-05, momentum=0.1, affine=True, track_running_stats=False)
        (relu1): ReLU(inplace=True)
        (conv1): Conv2d(640, 640, kernel_size=(3, 3), stride=(1, 1), padding=(1, 1), bias=False)
        (bn2): BatchNorm2d(640, eps=1e-05, momentum=0.1, affine=True, track_running_stats=False)
        (relu2): ReLU(inplace=True)
        (conv2): Conv2d(640, 640, kernel_size=(3, 3), stride=(1, 1), padding=(1, 1), bias=False)
      )
      (2): BasicBlock(
        (bn1): BatchNorm2d(640, eps=1e-05, momentum=0.1, affine=True, track_running_stats=False)
        (relu1): ReLU(inplace=True)
        (conv1): Conv2d(640, 640, kernel_size=(3, 3), stride=(1, 1), padding=(1, 1), bias=False)
        (bn2): BatchNorm2d(640, eps=1e-05, momentum=0.1, affine=True, track_running_stats=False)
        (relu2): ReLU(inplace=True)
        (conv2): Conv2d(640, 640, kernel_size=(3, 3), stride=(1, 1), padding=(1, 1), bias=False)
      )
      (3): BasicBlock(
        (bn1): BatchNorm2d(640, eps=1e-05, momentum=0.1, affine=True, track_running_stats=False)
        (relu1): ReLU(inplace=True)
        (conv1): Conv2d(640, 640, kernel_size=(3, 3), stride=(1, 1), padding=(1, 1), bias=False)
        (bn2): BatchNorm2d(640, eps=1e-05, momentum=0.1, affine=True, track_running_stats=False)
        (relu2): ReLU(inplace=True)
        (conv2): Conv2d(640, 640, kernel_size=(3, 3), stride=(1, 1), padding=(1, 1), bias=False)
      )
    )
  )
  (bn1): BatchNorm2d(640, eps=1e-05, momentum=0.1, affine=True, track_running_stats=False)
  (relu): ReLU(inplace=True)
  (fc): Linear(in_features=640, out_features=10, bias=True)
)
[25/05/25 10:42:17] [setada.py:  139]: params for adaptation: ['block1.layer.0.bn1.weight', 'block1.layer.0.bn1.bias', 'block1.layer.0.bn2.weight', 'block1.layer.0.bn2.bias', 'block1.layer.1.bn1.weight', 'block1.layer.1.bn1.bias', 'block1.layer.1.bn2.weight', 'block1.layer.1.bn2.bias', 'block1.layer.2.bn1.weight', 'block1.layer.2.bn1.bias', 'block1.layer.2.bn2.weight', 'block1.layer.2.bn2.bias', 'block1.layer.3.bn1.weight', 'block1.layer.3.bn1.bias', 'block1.layer.3.bn2.weight', 'block1.layer.3.bn2.bias', 'block2.layer.0.bn1.weight', 'block2.layer.0.bn1.bias', 'block2.layer.0.bn2.weight', 'block2.layer.0.bn2.bias', 'block2.layer.1.bn1.weight', 'block2.layer.1.bn1.bias', 'block2.layer.1.bn2.weight', 'block2.layer.1.bn2.bias', 'block2.layer.2.bn1.weight', 'block2.layer.2.bn1.bias', 'block2.layer.2.bn2.weight', 'block2.layer.2.bn2.bias', 'block2.layer.3.bn1.weight', 'block2.layer.3.bn1.bias', 'block2.layer.3.bn2.weight', 'block2.layer.3.bn2.bias', 'block3.layer.0.bn1.weight', 'block3.layer.0.bn1.bias', 'block3.layer.0.bn2.weight', 'block3.layer.0.bn2.bias', 'block3.layer.1.bn1.weight', 'block3.layer.1.bn1.bias', 'block3.layer.1.bn2.weight', 'block3.layer.1.bn2.bias', 'block3.layer.2.bn1.weight', 'block3.layer.2.bn1.bias', 'block3.layer.2.bn2.weight', 'block3.layer.2.bn2.bias', 'block3.layer.3.bn1.weight', 'block3.layer.3.bn1.bias', 'block3.layer.3.bn2.weight', 'block3.layer.3.bn2.bias', 'bn1.weight', 'bn1.bias']
[25/05/25 10:42:17] [setada.py:  140]: optimizer for adaptation: SGD (
Parameter Group 0
    dampening: 0.0
    differentiable: False
    foreach: None
    fused: None
    lr: 0.01
    maximize: False
    momentum: 0.9
    nesterov: True
    weight_decay: 0.0
)
[25/05/25 10:42:17] [eval.py:   67]: resetting model
[25/05/25 10:43:41] [eval.py:   75]: acc % [gaussian_noise5]: 78.54%
[25/05/25 10:43:41] [eval.py:   67]: resetting model
[25/05/25 10:45:04] [eval.py:   75]: acc % [gaussian_noise4]: 81.16%
[25/05/25 10:45:04] [eval.py:   67]: resetting model
[25/05/25 10:46:27] [eval.py:   75]: acc % [gaussian_noise3]: 82.30%
[25/05/25 10:46:27] [eval.py:   67]: resetting model
[25/05/25 10:47:51] [eval.py:   75]: acc % [gaussian_noise2]: 86.64%
[25/05/25 10:47:51] [eval.py:   67]: resetting model
[25/05/25 10:49:14] [eval.py:   75]: acc % [gaussian_noise1]: 90.01%
[25/05/25 10:49:14] [eval.py:   67]: resetting model
[25/05/25 10:50:37] [eval.py:   75]: acc % [shot_noise5]: 80.27%
[25/05/25 10:50:37] [eval.py:   67]: resetting model
[25/05/25 10:52:00] [eval.py:   75]: acc % [shot_noise4]: 83.43%
[25/05/25 10:52:00] [eval.py:   67]: resetting model
[25/05/25 10:53:24] [eval.py:   75]: acc % [shot_noise3]: 85.49%
[25/05/25 10:53:24] [eval.py:   67]: resetting model
[25/05/25 10:54:47] [eval.py:   75]: acc % [shot_noise2]: 89.56%
[25/05/25 10:54:47] [eval.py:   67]: resetting model
[25/05/25 10:56:10] [eval.py:   75]: acc % [shot_noise1]: 91.48%
[25/05/25 10:56:10] [eval.py:   67]: resetting model
[25/05/25 10:57:33] [eval.py:   75]: acc % [impulse_noise5]: 71.58%
[25/05/25 10:57:33] [eval.py:   67]: resetting model
[25/05/25 10:58:57] [eval.py:   75]: acc % [impulse_noise4]: 76.52%
[25/05/25 10:58:57] [eval.py:   67]: resetting model
[25/05/25 11:00:20] [eval.py:   75]: acc % [impulse_noise3]: 82.94%
[25/05/25 11:00:20] [eval.py:   67]: resetting model
[25/05/25 11:01:43] [eval.py:   75]: acc % [impulse_noise2]: 86.48%
[25/05/25 11:01:43] [eval.py:   67]: resetting model
[25/05/25 11:03:06] [eval.py:   75]: acc % [impulse_noise1]: 89.44%
[25/05/25 11:03:06] [eval.py:   67]: resetting model
[25/05/25 11:04:30] [eval.py:   75]: acc % [defocus_blur5]: 88.71%
[25/05/25 11:04:30] [eval.py:   67]: resetting model
[25/05/25 11:05:53] [eval.py:   75]: acc % [defocus_blur4]: 91.89%
[25/05/25 11:05:53] [eval.py:   67]: resetting model
[25/05/25 11:07:16] [eval.py:   75]: acc % [defocus_blur3]: 93.03%
[25/05/25 11:07:16] [eval.py:   67]: resetting model
[25/05/25 11:08:39] [eval.py:   75]: acc % [defocus_blur2]: 93.51%
[25/05/25 11:08:39] [eval.py:   67]: resetting model
[25/05/25 11:10:03] [eval.py:   75]: acc % [defocus_blur1]: 93.48%
[25/05/25 11:10:03] [eval.py:   67]: resetting model
[25/05/25 11:11:26] [eval.py:   75]: acc % [glass_blur5]: 71.60%
[25/05/25 11:11:26] [eval.py:   67]: resetting model
[25/05/25 11:12:49] [eval.py:   75]: acc % [glass_blur4]: 72.31%
[25/05/25 11:12:49] [eval.py:   67]: resetting model
[25/05/25 11:14:12] [eval.py:   75]: acc % [glass_blur3]: 80.91%
[25/05/25 11:14:12] [eval.py:   67]: resetting model
[25/05/25 11:15:36] [eval.py:   75]: acc % [glass_blur2]: 80.34%
[25/05/25 11:15:36] [eval.py:   67]: resetting model
[25/05/25 11:16:59] [eval.py:   75]: acc % [glass_blur1]: 80.48%
[25/05/25 11:16:59] [eval.py:   67]: resetting model
[25/05/25 11:18:22] [eval.py:   75]: acc % [motion_blur5]: 87.31%
[25/05/25 11:18:22] [eval.py:   67]: resetting model
[25/05/25 11:19:45] [eval.py:   75]: acc % [motion_blur4]: 89.29%
[25/05/25 11:19:45] [eval.py:   67]: resetting model
[25/05/25 11:21:09] [eval.py:   75]: acc % [motion_blur3]: 89.41%
[25/05/25 11:21:09] [eval.py:   67]: resetting model
[25/05/25 11:22:32] [eval.py:   75]: acc % [motion_blur2]: 90.74%
[25/05/25 11:22:32] [eval.py:   67]: resetting model
[25/05/25 11:23:55] [eval.py:   75]: acc % [motion_blur1]: 92.28%
[25/05/25 11:23:55] [eval.py:   67]: resetting model
[25/05/25 11:25:18] [eval.py:   75]: acc % [zoom_blur5]: 89.13%
[25/05/25 11:25:18] [eval.py:   67]: resetting model
[25/05/25 11:26:42] [eval.py:   75]: acc % [zoom_blur4]: 90.74%
[25/05/25 11:26:42] [eval.py:   67]: resetting model
[25/05/25 11:28:05] [eval.py:   75]: acc % [zoom_blur3]: 91.53%
[25/05/25 11:28:05] [eval.py:   67]: resetting model
[25/05/25 11:29:28] [eval.py:   75]: acc % [zoom_blur2]: 92.14%
[25/05/25 11:29:28] [eval.py:   67]: resetting model
[25/05/25 11:30:51] [eval.py:   75]: acc % [zoom_blur1]: 92.17%
[25/05/25 11:30:51] [eval.py:   67]: resetting model
[25/05/25 11:32:14] [eval.py:   75]: acc % [snow5]: 84.77%
[25/05/25 11:32:14] [eval.py:   67]: resetting model
[25/05/25 11:33:38] [eval.py:   75]: acc % [snow4]: 85.34%
[25/05/25 11:33:38] [eval.py:   67]: resetting model
[25/05/25 11:35:01] [eval.py:   75]: acc % [snow3]: 87.49%
[25/05/25 11:35:01] [eval.py:   67]: resetting model
[25/05/25 11:36:24] [eval.py:   75]: acc % [snow2]: 87.52%
[25/05/25 11:36:24] [eval.py:   67]: resetting model
[25/05/25 11:37:47] [eval.py:   75]: acc % [snow1]: 90.60%
[25/05/25 11:37:47] [eval.py:   67]: resetting model
[25/05/25 11:39:11] [eval.py:   75]: acc % [frost5]: 84.27%
[25/05/25 11:39:11] [eval.py:   67]: resetting model
[25/05/25 11:40:34] [eval.py:   75]: acc % [frost4]: 87.56%
[25/05/25 11:40:34] [eval.py:   67]: resetting model
[25/05/25 11:41:57] [eval.py:   75]: acc % [frost3]: 87.21%
[25/05/25 11:41:57] [eval.py:   67]: resetting model
[25/05/25 11:43:20] [eval.py:   75]: acc % [frost2]: 89.73%
[25/05/25 11:43:20] [eval.py:   67]: resetting model
[25/05/25 11:44:43] [eval.py:   75]: acc % [frost1]: 91.79%
[25/05/25 11:44:43] [eval.py:   67]: resetting model
[25/05/25 11:46:06] [eval.py:   75]: acc % [fog5]: 87.34%
[25/05/25 11:46:06] [eval.py:   67]: resetting model
[25/05/25 11:47:30] [eval.py:   75]: acc % [fog4]: 91.13%
[25/05/25 11:47:30] [eval.py:   67]: resetting model
[25/05/25 11:48:53] [eval.py:   75]: acc % [fog3]: 92.73%
[25/05/25 11:48:53] [eval.py:   67]: resetting model
[25/05/25 11:50:16] [eval.py:   75]: acc % [fog2]: 93.12%
[25/05/25 11:50:16] [eval.py:   67]: resetting model
[25/05/25 11:51:39] [eval.py:   75]: acc % [fog1]: 93.43%
[25/05/25 11:51:39] [eval.py:   67]: resetting model
[25/05/25 11:53:02] [eval.py:   75]: acc % [brightness5]: 91.75%
[25/05/25 11:53:02] [eval.py:   67]: resetting model
[25/05/25 11:54:25] [eval.py:   75]: acc % [brightness4]: 92.89%
[25/05/25 11:54:25] [eval.py:   67]: resetting model
[25/05/25 11:55:48] [eval.py:   75]: acc % [brightness3]: 93.25%
[25/05/25 11:55:48] [eval.py:   67]: resetting model
[25/05/25 11:57:11] [eval.py:   75]: acc % [brightness2]: 93.55%
[25/05/25 11:57:11] [eval.py:   67]: resetting model
[25/05/25 11:58:35] [eval.py:   75]: acc % [brightness1]: 93.53%
[25/05/25 11:58:35] [eval.py:   67]: resetting model
[25/05/25 11:59:58] [eval.py:   75]: acc % [contrast5]: 89.42%
[25/05/25 11:59:58] [eval.py:   67]: resetting model
[25/05/25 12:01:21] [eval.py:   75]: acc % [contrast4]: 91.78%
[25/05/25 12:01:21] [eval.py:   67]: resetting model
[25/05/25 12:02:44] [eval.py:   75]: acc % [contrast3]: 92.52%
[25/05/25 12:02:44] [eval.py:   67]: resetting model
[25/05/25 12:04:07] [eval.py:   75]: acc % [contrast2]: 93.19%
[25/05/25 12:04:07] [eval.py:   67]: resetting model
[25/05/25 12:05:30] [eval.py:   75]: acc % [contrast1]: 93.15%
[25/05/25 12:05:30] [eval.py:   67]: resetting model
[25/05/25 12:06:54] [eval.py:   75]: acc % [elastic_transform5]: 79.71%
[25/05/25 12:06:54] [eval.py:   67]: resetting model
[25/05/25 12:08:17] [eval.py:   75]: acc % [elastic_transform4]: 86.10%
[25/05/25 12:08:17] [eval.py:   67]: resetting model
[25/05/25 12:09:40] [eval.py:   75]: acc % [elastic_transform3]: 90.11%
[25/05/25 12:09:40] [eval.py:   67]: resetting model
[25/05/25 12:11:04] [eval.py:   75]: acc % [elastic_transform2]: 90.76%
[25/05/25 12:11:04] [eval.py:   67]: resetting model
[25/05/25 12:12:27] [eval.py:   75]: acc % [elastic_transform1]: 90.46%
[25/05/25 12:12:27] [eval.py:   67]: resetting model
[25/05/25 12:13:50] [eval.py:   75]: acc % [pixelate5]: 84.42%
[25/05/25 12:13:50] [eval.py:   67]: resetting model
[25/05/25 12:15:13] [eval.py:   75]: acc % [pixelate4]: 88.62%
[25/05/25 12:15:13] [eval.py:   67]: resetting model
[25/05/25 12:16:36] [eval.py:   75]: acc % [pixelate3]: 90.36%
[25/05/25 12:16:36] [eval.py:   67]: resetting model
[25/05/25 12:17:59] [eval.py:   75]: acc % [pixelate2]: 91.05%
[25/05/25 12:17:59] [eval.py:   67]: resetting model
[25/05/25 12:19:23] [eval.py:   75]: acc % [pixelate1]: 91.93%
[25/05/25 12:19:23] [eval.py:   67]: resetting model
[25/05/25 12:20:46] [eval.py:   75]: acc % [jpeg_compression5]: 79.66%
[25/05/25 12:20:46] [eval.py:   67]: resetting model
[25/05/25 12:22:09] [eval.py:   75]: acc % [jpeg_compression4]: 82.19%
[25/05/25 12:22:09] [eval.py:   67]: resetting model
[25/05/25 12:23:32] [eval.py:   75]: acc % [jpeg_compression3]: 83.73%
[25/05/25 12:23:32] [eval.py:   67]: resetting model
[25/05/25 12:24:56] [eval.py:   75]: acc % [jpeg_compression2]: 84.87%
[25/05/25 12:24:56] [eval.py:   67]: resetting model
[25/05/25 12:26:19] [eval.py:   75]: acc % [jpeg_compression1]: 88.69%
[25/05/25 12:26:19] [eval.py:   81]: 
                         1         2         3         4         5       avg
gaussian_noise     0.78540  0.811600  0.823000  0.866400  0.900100  0.837300
shot_noise         0.80270  0.834300  0.854900  0.895600  0.914800  0.860460
impulse_noise      0.71580  0.765200  0.829400  0.864800  0.894400  0.813920
defocus_blur       0.88710  0.918900  0.930300  0.935100  0.934800  0.921240
glass_blur         0.71600  0.723100  0.809100  0.803400  0.804800  0.771280
motion_blur        0.87310  0.892900  0.894100  0.907400  0.922800  0.898060
zoom_blur          0.89130  0.907400  0.915300  0.921400  0.921700  0.911420
snow               0.84770  0.853400  0.874900  0.875200  0.906000  0.871440
frost              0.84270  0.875600  0.872100  0.897300  0.917900  0.881120
fog                0.87340  0.911300  0.927300  0.931200  0.934300  0.915500
brightness         0.91750  0.928900  0.932500  0.935500  0.935300  0.929940
contrast           0.89420  0.917800  0.925200  0.931900  0.931500  0.920120
elastic_transform  0.79710  0.861000  0.901100  0.907600  0.904600  0.874280
pixelate           0.84420  0.886200  0.903600  0.910500  0.919300  0.892760
jpeg_compression   0.79660  0.821900  0.837300  0.848700  0.886900  0.838280
average            0.83232  0.860633  0.882007  0.895467  0.908613  0.875808
[25/05/25 12:26:19] [eval.py:  122]: resetting model
[25/05/25 12:27:43] [eval.py:  134]: Test set Accuracy: 0.9362
Building model...
Files already downloaded and verified
