[25/05/26 11:37:15] [utils.py:   82]: PyTorch Version: torch=2.5.0+cu124, cuda=12.4, cudnn=90100
[25/05/26 11:37:15] [utils.py:   83]: BN:
  EPS: 1e-05
  MOM: 0.1
CKPT_DIR: ./ckpt
CORRUPTION:
  DATASET: cifar100
  IMG_SIZE: 32
  NUM_CHANNEL: 3
  NUM_CLASSES: 100
  NUM_EX: 10000
  SEVERITY: [5, 4, 3, 2, 1]
  TYPE: ['gaussian_noise', 'shot_noise', 'impulse_noise', 'defocus_blur', 'glass_blur', 'motion_blur', 'zoom_blur', 'snow', 'frost', 'fog', 'brightness', 'contrast', 'elastic_transform', 'pixelate', 'jpeg_compression']
CUDNN:
  BENCHMARK: True
DATA_DIR: /scratch-shared/tea2/cifar100
DESC: 
EARLY_STOP_BEGIN: 70
EARLY_STOP_PATIENCE: 30
EATA:
  D_MARGIN: 0.05
  E_MARGIN: 2.763102111592855
  FISHER_ALPHA: 2000.0
  FISHER_SIZE: 2000
  USE_FISHER: False
EBM:
  BUFFER_SIZE: 10000
  REINIT_FREQ: 0.05
  SGLD_LR: 0.1
  SGLD_STD: 0.01
  STEPS: 20
  UNCOND: uncond
LOG_DEST: energy_tet_bn_sgd-1-0.01-200_uncond-20-0.1-0.01-10000-0.05_250526-113715.txt
LOG_TIME: 250526-113715
MODEL:
  ADAPTATION: energy
  ADA_PARAM: ['bn']
  ARCH: WRN2810_TET_3
  CHECKPOINT_PTH: None
  EPISODIC: False
OPTIM:
  BATCH_SIZE: 200
  BETA: 0.9
  CLIP_NORM: False
  DAMPENING: 0.0
  LAMBDA_CLS: 1.0
  LAMBDA_ENERGY: 1.0
  LR: 0.01
  METHOD: SGD
  MOMENTUM: 0.9
  NESTEROV: True
  N_EPOCHS: 200
  SCHEDULER_GAMMA: 0.2
  SCHEDULER_MILESTONES: [60, 120, 160]
  STEPS: 1
  TEST_BATCH_SIZE: 128
  WARMUP_START_LR: 1e-06
  WARMUP_STEPS: 1000
  WD: 0.0
OPTIM_ENERGY:
  BATCH_SIZE: 128
  BETA: 0.9
  CLIP_NORM: False
  DAMPENING: 0.0
  LR: 0.001
  METHOD: Adam
  MOMENTUM: 0.9
  NESTEROV: True
  STEPS: 1
  WD: 0.0
PL:
  ALPHA: 0.1
  THRESHOLD: 0.9
RNG_SEED: 91
SAR:
  MARGIN_E0: 2.763102111592855
SAVE_DIR: ./save/cifar10/bn-wrn-28-10-tet
SHOT:
  CLF_COEFF: 0.1
  THRESHOLD: 0.9
TEST:
  
[25/05/26 11:37:17] [main.py:   75]: test-time adaptation: TET
[25/05/26 11:37:17] [param.py:   18]: adapting weights of batch-normalization layer
[25/05/26 11:37:17] [setada.py:  138]: model for adaptation: WideResNet(
  (conv1): Conv2d(3, 16, kernel_size=(3, 3), stride=(1, 1), padding=(1, 1), bias=False)
  (block1): NetworkBlock(
    (layer): Sequential(
      (0): BasicBlock(
        (bn1): BatchNorm2d(16, eps=1e-05, momentum=0.1, affine=True, track_running_stats=False)
        (relu1): ReLU(inplace=True)
        (conv1): Conv2d(16, 160, kernel_size=(3, 3), stride=(1, 1), padding=(1, 1), bias=False)
        (bn2): BatchNorm2d(160, eps=1e-05, momentum=0.1, affine=True, track_running_stats=False)
        (relu2): ReLU(inplace=True)
        (conv2): Conv2d(160, 160, kernel_size=(3, 3), stride=(1, 1), padding=(1, 1), bias=False)
        (convShortcut): Conv2d(16, 160, kernel_size=(1, 1), stride=(1, 1), bias=False)
      )
      (1): BasicBlock(
        (bn1): BatchNorm2d(160, eps=1e-05, momentum=0.1, affine=True, track_running_stats=False)
        (relu1): ReLU(inplace=True)
        (conv1): Conv2d(160, 160, kernel_size=(3, 3), stride=(1, 1), padding=(1, 1), bias=False)
        (bn2): BatchNorm2d(160, eps=1e-05, momentum=0.1, affine=True, track_running_stats=False)
        (relu2): ReLU(inplace=True)
        (conv2): Conv2d(160, 160, kernel_size=(3, 3), stride=(1, 1), padding=(1, 1), bias=False)
      )
      (2): BasicBlock(
        (bn1): BatchNorm2d(160, eps=1e-05, momentum=0.1, affine=True, track_running_stats=False)
        (relu1): ReLU(inplace=True)
        (conv1): Conv2d(160, 160, kernel_size=(3, 3), stride=(1, 1), padding=(1, 1), bias=False)
        (bn2): BatchNorm2d(160, eps=1e-05, momentum=0.1, affine=True, track_running_stats=False)
        (relu2): ReLU(inplace=True)
        (conv2): Conv2d(160, 160, kernel_size=(3, 3), stride=(1, 1), padding=(1, 1), bias=False)
      )
      (3): BasicBlock(
        (bn1): BatchNorm2d(160, eps=1e-05, momentum=0.1, affine=True, track_running_stats=False)
        (relu1): ReLU(inplace=True)
        (conv1): Conv2d(160, 160, kernel_size=(3, 3), stride=(1, 1), padding=(1, 1), bias=False)
        (bn2): BatchNorm2d(160, eps=1e-05, momentum=0.1, affine=True, track_running_stats=False)
        (relu2): ReLU(inplace=True)
        (conv2): Conv2d(160, 160, kernel_size=(3, 3), stride=(1, 1), padding=(1, 1), bias=False)
      )
    )
  )
  (block2): NetworkBlock(
    (layer): Sequential(
      (0): BasicBlock(
        (bn1): BatchNorm2d(160, eps=1e-05, momentum=0.1, affine=True, track_running_stats=False)
        (relu1): ReLU(inplace=True)
        (conv1): Conv2d(160, 320, kernel_size=(3, 3), stride=(2, 2), padding=(1, 1), bias=False)
        (bn2): BatchNorm2d(320, eps=1e-05, momentum=0.1, affine=True, track_running_stats=False)
        (relu2): ReLU(inplace=True)
        (conv2): Conv2d(320, 320, kernel_size=(3, 3), stride=(1, 1), padding=(1, 1), bias=False)
        (convShortcut): Conv2d(160, 320, kernel_size=(1, 1), stride=(2, 2), bias=False)
      )
      (1): BasicBlock(
        (bn1): BatchNorm2d(320, eps=1e-05, momentum=0.1, affine=True, track_running_stats=False)
        (relu1): ReLU(inplace=True)
        (conv1): Conv2d(320, 320, kernel_size=(3, 3), stride=(1, 1), padding=(1, 1), bias=False)
        (bn2): BatchNorm2d(320, eps=1e-05, momentum=0.1, affine=True, track_running_stats=False)
        (relu2): ReLU(inplace=True)
        (conv2): Conv2d(320, 320, kernel_size=(3, 3), stride=(1, 1), padding=(1, 1), bias=False)
      )
      (2): BasicBlock(
        (bn1): BatchNorm2d(320, eps=1e-05, momentum=0.1, affine=True, track_running_stats=False)
        (relu1): ReLU(inplace=True)
        (conv1): Conv2d(320, 320, kernel_size=(3, 3), stride=(1, 1), padding=(1, 1), bias=False)
        (bn2): BatchNorm2d(320, eps=1e-05, momentum=0.1, affine=True, track_running_stats=False)
        (relu2): ReLU(inplace=True)
        (conv2): Conv2d(320, 320, kernel_size=(3, 3), stride=(1, 1), padding=(1, 1), bias=False)
      )
      (3): BasicBlock(
        (bn1): BatchNorm2d(320, eps=1e-05, momentum=0.1, affine=True, track_running_stats=False)
        (relu1): ReLU(inplace=True)
        (conv1): Conv2d(320, 320, kernel_size=(3, 3), stride=(1, 1), padding=(1, 1), bias=False)
        (bn2): BatchNorm2d(320, eps=1e-05, momentum=0.1, affine=True, track_running_stats=False)
        (relu2): ReLU(inplace=True)
        (conv2): Conv2d(320, 320, kernel_size=(3, 3), stride=(1, 1), padding=(1, 1), bias=False)
      )
    )
  )
  (block3): NetworkBlock(
    (layer): Sequential(
      (0): BasicBlock(
        (bn1): BatchNorm2d(320, eps=1e-05, momentum=0.1, affine=True, track_running_stats=False)
        (relu1): ReLU(inplace=True)
        (conv1): Conv2d(320, 640, kernel_size=(3, 3), stride=(2, 2), padding=(1, 1), bias=False)
        (bn2): BatchNorm2d(640, eps=1e-05, momentum=0.1, affine=True, track_running_stats=False)
        (relu2): ReLU(inplace=True)
        (conv2): Conv2d(640, 640, kernel_size=(3, 3), stride=(1, 1), padding=(1, 1), bias=False)
        (convShortcut): Conv2d(320, 640, kernel_size=(1, 1), stride=(2, 2), bias=False)
      )
      (1): BasicBlock(
        (bn1): BatchNorm2d(640, eps=1e-05, momentum=0.1, affine=True, track_running_stats=False)
        (relu1): ReLU(inplace=True)
        (conv1): Conv2d(640, 640, kernel_size=(3, 3), stride=(1, 1), padding=(1, 1), bias=False)
        (bn2): BatchNorm2d(640, eps=1e-05, momentum=0.1, affine=True, track_running_stats=False)
        (relu2): ReLU(inplace=True)
        (conv2): Conv2d(640, 640, kernel_size=(3, 3), stride=(1, 1), padding=(1, 1), bias=False)
      )
      (2): BasicBlock(
        (bn1): BatchNorm2d(640, eps=1e-05, momentum=0.1, affine=True, track_running_stats=False)
        (relu1): ReLU(inplace=True)
        (conv1): Conv2d(640, 640, kernel_size=(3, 3), stride=(1, 1), padding=(1, 1), bias=False)
        (bn2): BatchNorm2d(640, eps=1e-05, momentum=0.1, affine=True, track_running_stats=False)
        (relu2): ReLU(inplace=True)
        (conv2): Conv2d(640, 640, kernel_size=(3, 3), stride=(1, 1), padding=(1, 1), bias=False)
      )
      (3): BasicBlock(
        (bn1): BatchNorm2d(640, eps=1e-05, momentum=0.1, affine=True, track_running_stats=False)
        (relu1): ReLU(inplace=True)
        (conv1): Conv2d(640, 640, kernel_size=(3, 3), stride=(1, 1), padding=(1, 1), bias=False)
        (bn2): BatchNorm2d(640, eps=1e-05, momentum=0.1, affine=True, track_running_stats=False)
        (relu2): ReLU(inplace=True)
        (conv2): Conv2d(640, 640, kernel_size=(3, 3), stride=(1, 1), padding=(1, 1), bias=False)
      )
    )
  )
  (bn1): BatchNorm2d(640, eps=1e-05, momentum=0.1, affine=True, track_running_stats=False)
  (relu): ReLU(inplace=True)
  (fc): Linear(in_features=640, out_features=100, bias=True)
)
[25/05/26 11:37:17] [setada.py:  139]: params for adaptation: ['block1.layer.0.bn1.weight', 'block1.layer.0.bn1.bias', 'block1.layer.0.bn2.weight', 'block1.layer.0.bn2.bias', 'block1.layer.1.bn1.weight', 'block1.layer.1.bn1.bias', 'block1.layer.1.bn2.weight', 'block1.layer.1.bn2.bias', 'block1.layer.2.bn1.weight', 'block1.layer.2.bn1.bias', 'block1.layer.2.bn2.weight', 'block1.layer.2.bn2.bias', 'block1.layer.3.bn1.weight', 'block1.layer.3.bn1.bias', 'block1.layer.3.bn2.weight', 'block1.layer.3.bn2.bias', 'block2.layer.0.bn1.weight', 'block2.layer.0.bn1.bias', 'block2.layer.0.bn2.weight', 'block2.layer.0.bn2.bias', 'block2.layer.1.bn1.weight', 'block2.layer.1.bn1.bias', 'block2.layer.1.bn2.weight', 'block2.layer.1.bn2.bias', 'block2.layer.2.bn1.weight', 'block2.layer.2.bn1.bias', 'block2.layer.2.bn2.weight', 'block2.layer.2.bn2.bias', 'block2.layer.3.bn1.weight', 'block2.layer.3.bn1.bias', 'block2.layer.3.bn2.weight', 'block2.layer.3.bn2.bias', 'block3.layer.0.bn1.weight', 'block3.layer.0.bn1.bias', 'block3.layer.0.bn2.weight', 'block3.layer.0.bn2.bias', 'block3.layer.1.bn1.weight', 'block3.layer.1.bn1.bias', 'block3.layer.1.bn2.weight', 'block3.layer.1.bn2.bias', 'block3.layer.2.bn1.weight', 'block3.layer.2.bn1.bias', 'block3.layer.2.bn2.weight', 'block3.layer.2.bn2.bias', 'block3.layer.3.bn1.weight', 'block3.layer.3.bn1.bias', 'block3.layer.3.bn2.weight', 'block3.layer.3.bn2.bias', 'bn1.weight', 'bn1.bias']
[25/05/26 11:37:17] [setada.py:  140]: optimizer for adaptation: SGD (
Parameter Group 0
    dampening: 0.0
    differentiable: False
    foreach: None
    fused: None
    lr: 0.01
    maximize: False
    momentum: 0.9
    nesterov: True
    weight_decay: 0.0
)
[25/05/26 11:37:17] [eval.py:   67]: resetting model
[25/05/26 11:38:41] [eval.py:   75]: acc % [gaussian_noise5]: 47.33%
[25/05/26 11:38:41] [eval.py:   67]: resetting model
[25/05/26 11:40:03] [eval.py:   75]: acc % [gaussian_noise4]: 49.69%
[25/05/26 11:40:03] [eval.py:   67]: resetting model
[25/05/26 11:41:26] [eval.py:   75]: acc % [gaussian_noise3]: 53.14%
[25/05/26 11:41:26] [eval.py:   67]: resetting model
[25/05/26 11:42:49] [eval.py:   75]: acc % [gaussian_noise2]: 59.19%
[25/05/26 11:42:49] [eval.py:   67]: resetting model
[25/05/26 11:44:12] [eval.py:   75]: acc % [gaussian_noise1]: 65.80%
[25/05/26 11:44:12] [eval.py:   67]: resetting model
[25/05/26 11:45:34] [eval.py:   75]: acc % [shot_noise5]: 48.47%
[25/05/26 11:45:34] [eval.py:   67]: resetting model
[25/05/26 11:46:57] [eval.py:   75]: acc % [shot_noise4]: 53.70%
[25/05/26 11:46:57] [eval.py:   67]: resetting model
[25/05/26 11:48:20] [eval.py:   75]: acc % [shot_noise3]: 57.81%
[25/05/26 11:48:20] [eval.py:   67]: resetting model
[25/05/26 11:49:43] [eval.py:   75]: acc % [shot_noise2]: 64.98%
[25/05/26 11:49:43] [eval.py:   67]: resetting model
[25/05/26 11:51:05] [eval.py:   75]: acc % [shot_noise1]: 68.55%
[25/05/26 11:51:05] [eval.py:   67]: resetting model
[25/05/26 11:52:28] [eval.py:   75]: acc % [impulse_noise5]: 38.00%
[25/05/26 11:52:28] [eval.py:   67]: resetting model
[25/05/26 11:53:51] [eval.py:   75]: acc % [impulse_noise4]: 46.66%
[25/05/26 11:53:51] [eval.py:   67]: resetting model
[25/05/26 11:55:13] [eval.py:   75]: acc % [impulse_noise3]: 55.81%
[25/05/26 11:55:13] [eval.py:   67]: resetting model
[25/05/26 11:56:36] [eval.py:   75]: acc % [impulse_noise2]: 60.86%
[25/05/26 11:56:36] [eval.py:   67]: resetting model
[25/05/26 11:57:59] [eval.py:   75]: acc % [impulse_noise1]: 67.16%
[25/05/26 11:57:59] [eval.py:   67]: resetting model
[25/05/26 11:59:22] [eval.py:   75]: acc % [defocus_blur5]: 66.03%
[25/05/26 11:59:22] [eval.py:   67]: resetting model
[25/05/26 12:00:45] [eval.py:   75]: acc % [defocus_blur4]: 70.86%
[25/05/26 12:00:45] [eval.py:   67]: resetting model
[25/05/26 12:02:07] [eval.py:   75]: acc % [defocus_blur3]: 73.12%
[25/05/26 12:02:07] [eval.py:   67]: resetting model
[25/05/26 12:03:30] [eval.py:   75]: acc % [defocus_blur2]: 73.87%
[25/05/26 12:03:30] [eval.py:   67]: resetting model
[25/05/26 12:04:53] [eval.py:   75]: acc % [defocus_blur1]: 74.11%
[25/05/26 12:04:53] [eval.py:   67]: resetting model
[25/05/26 12:06:15] [eval.py:   75]: acc % [glass_blur5]: 45.58%
[25/05/26 12:06:15] [eval.py:   67]: resetting model
[25/05/26 12:07:38] [eval.py:   75]: acc % [glass_blur4]: 45.70%
[25/05/26 12:07:38] [eval.py:   67]: resetting model
[25/05/26 12:09:01] [eval.py:   75]: acc % [glass_blur3]: 56.45%
[25/05/26 12:09:01] [eval.py:   67]: resetting model
[25/05/26 12:10:24] [eval.py:   75]: acc % [glass_blur2]: 57.23%
[25/05/26 12:10:24] [eval.py:   67]: resetting model
[25/05/26 12:11:47] [eval.py:   75]: acc % [glass_blur1]: 56.92%
[25/05/26 12:11:47] [eval.py:   67]: resetting model
[25/05/26 12:13:09] [eval.py:   75]: acc % [motion_blur5]: 63.75%
[25/05/26 12:13:09] [eval.py:   67]: resetting model
[25/05/26 12:14:32] [eval.py:   75]: acc % [motion_blur4]: 66.85%
[25/05/26 12:14:32] [eval.py:   67]: resetting model
[25/05/26 12:15:55] [eval.py:   75]: acc % [motion_blur3]: 66.39%
[25/05/26 12:15:55] [eval.py:   67]: resetting model
[25/05/26 12:17:17] [eval.py:   75]: acc % [motion_blur2]: 69.55%
[25/05/26 12:17:17] [eval.py:   67]: resetting model
[25/05/26 12:18:40] [eval.py:   75]: acc % [motion_blur1]: 71.74%
[25/05/26 12:18:40] [eval.py:   67]: resetting model
[25/05/26 12:20:03] [eval.py:   75]: acc % [zoom_blur5]: 66.01%
[25/05/26 12:20:03] [eval.py:   67]: resetting model
[25/05/26 12:21:26] [eval.py:   75]: acc % [zoom_blur4]: 69.29%
[25/05/26 12:21:26] [eval.py:   67]: resetting model
[25/05/26 12:22:48] [eval.py:   75]: acc % [zoom_blur3]: 70.28%
[25/05/26 12:22:48] [eval.py:   67]: resetting model
[25/05/26 12:24:11] [eval.py:   75]: acc % [zoom_blur2]: 71.27%
[25/05/26 12:24:11] [eval.py:   67]: resetting model
[25/05/26 12:25:34] [eval.py:   75]: acc % [zoom_blur1]: 71.73%
[25/05/26 12:25:34] [eval.py:   67]: resetting model
[25/05/26 12:26:56] [eval.py:   75]: acc % [snow5]: 58.39%
[25/05/26 12:26:56] [eval.py:   67]: resetting model
[25/05/26 12:28:19] [eval.py:   75]: acc % [snow4]: 60.21%
[25/05/26 12:28:19] [eval.py:   67]: resetting model
[25/05/26 12:29:42] [eval.py:   75]: acc % [snow3]: 63.38%
[25/05/26 12:29:42] [eval.py:   67]: resetting model
[25/05/26 12:31:04] [eval.py:   75]: acc % [snow2]: 63.87%
[25/05/26 12:31:04] [eval.py:   67]: resetting model
[25/05/26 12:32:27] [eval.py:   75]: acc % [snow1]: 69.36%
[25/05/26 12:32:27] [eval.py:   67]: resetting model
[25/05/26 12:33:50] [eval.py:   75]: acc % [frost5]: 57.37%
[25/05/26 12:33:50] [eval.py:   67]: resetting model
[25/05/26 12:35:13] [eval.py:   75]: acc % [frost4]: 61.71%
[25/05/26 12:35:13] [eval.py:   67]: resetting model
[25/05/26 12:36:36] [eval.py:   75]: acc % [frost3]: 62.10%
[25/05/26 12:36:36] [eval.py:   67]: resetting model
[25/05/26 12:37:58] [eval.py:   75]: acc % [frost2]: 66.22%
[25/05/26 12:37:58] [eval.py:   67]: resetting model
[25/05/26 12:39:21] [eval.py:   75]: acc % [frost1]: 69.43%
[25/05/26 12:39:21] [eval.py:   67]: resetting model
