[25/05/25 13:11:41] [utils.py:   82]: PyTorch Version: torch=2.5.0+cu124, cuda=12.4, cudnn=90100
[25/05/25 13:11:41] [utils.py:   83]: BN:
  EPS: 1e-05
  MOM: 0.1
CKPT_DIR: ./ckpt
CORRUPTION:
  DATASET: cifar10
  IMG_SIZE: 32
  NUM_CHANNEL: 3
  NUM_CLASSES: 10
  NUM_EX: 10000
  SEVERITY: [5, 4, 3, 2, 1]
  TYPE: ['gaussian_noise', 'shot_noise', 'impulse_noise', 'defocus_blur', 'glass_blur', 'motion_blur', 'zoom_blur', 'snow', 'frost', 'fog', 'brightness', 'contrast', 'elastic_transform', 'pixelate', 'jpeg_compression']
CUDNN:
  BENCHMARK: True
DATA_DIR: /scratch-shared/tea2/cifar10
DESC: 
EARLY_STOP_BEGIN: 70
EARLY_STOP_PATIENCE: 30
EATA:
  D_MARGIN: 0.05
  E_MARGIN: 2.763102111592855
  FISHER_ALPHA: 2000.0
  FISHER_SIZE: 2000
  USE_FISHER: False
EBM:
  BUFFER_SIZE: 10000
  REINIT_FREQ: 0.05
  SGLD_LR: 0.1
  SGLD_STD: 0.01
  STEPS: 20
  UNCOND: uncond
LOG_DEST: energy_tet_bn_sgd-1-0.01-200_uncond-20-0.1-0.01-10000-0.05_250525-131141.txt
LOG_TIME: 250525-131141
MODEL:
  ADAPTATION: energy
  ADA_PARAM: ['bn']
  ARCH: WRN2810_TET_3
  CHECKPOINT_PTH: None
  EPISODIC: False
OPTIM:
  BATCH_SIZE: 200
  BETA: 0.9
  CLIP_NORM: False
  DAMPENING: 0.0
  LAMBDA_CLS: 1.0
  LAMBDA_ENERGY: 1.0
  LR: 0.01
  METHOD: SGD
  MOMENTUM: 0.9
  NESTEROV: True
  N_EPOCHS: 200
  SCHEDULER_GAMMA: 0.2
  SCHEDULER_MILESTONES: [60, 120, 160]
  STEPS: 1
  TEST_BATCH_SIZE: 128
  WARMUP_START_LR: 1e-06
  WARMUP_STEPS: 1000
  WD: 0.0
OPTIM_ENERGY:
  BATCH_SIZE: 128
  BETA: 0.9
  CLIP_NORM: False
  DAMPENING: 0.0
  LR: 0.001
  METHOD: Adam
  MOMENTUM: 0.9
  NESTEROV: True
  STEPS: 1
  WD: 0.0
PL:
  ALPHA: 0.1
  THRESHOLD: 0.9
RNG_SEED: 17
SAR:
  MARGIN_E0: 2.763102111592855
SAVE_DIR: ./save/cifar10/bn-wrn-28-10-tet
SHOT:
  CLF_COEFF: 0.1
  THRESHOLD: 0.9
TEST:
  
[25/05/25 13:11:42] [main.py:   75]: test-time adaptation: TET
[25/05/25 13:11:42] [param.py:   18]: adapting weights of batch-normalization layer
[25/05/25 13:11:42] [setada.py:  138]: model for adaptation: WideResNet(
  (conv1): Conv2d(3, 16, kernel_size=(3, 3), stride=(1, 1), padding=(1, 1), bias=False)
  (block1): NetworkBlock(
    (layer): Sequential(
      (0): BasicBlock(
        (bn1): BatchNorm2d(16, eps=1e-05, momentum=0.1, affine=True, track_running_stats=False)
        (relu1): ReLU(inplace=True)
        (conv1): Conv2d(16, 160, kernel_size=(3, 3), stride=(1, 1), padding=(1, 1), bias=False)
        (bn2): BatchNorm2d(160, eps=1e-05, momentum=0.1, affine=True, track_running_stats=False)
        (relu2): ReLU(inplace=True)
        (conv2): Conv2d(160, 160, kernel_size=(3, 3), stride=(1, 1), padding=(1, 1), bias=False)
        (convShortcut): Conv2d(16, 160, kernel_size=(1, 1), stride=(1, 1), bias=False)
      )
      (1): BasicBlock(
        (bn1): BatchNorm2d(160, eps=1e-05, momentum=0.1, affine=True, track_running_stats=False)
        (relu1): ReLU(inplace=True)
        (conv1): Conv2d(160, 160, kernel_size=(3, 3), stride=(1, 1), padding=(1, 1), bias=False)
        (bn2): BatchNorm2d(160, eps=1e-05, momentum=0.1, affine=True, track_running_stats=False)
        (relu2): ReLU(inplace=True)
        (conv2): Conv2d(160, 160, kernel_size=(3, 3), stride=(1, 1), padding=(1, 1), bias=False)
      )
      (2): BasicBlock(
        (bn1): BatchNorm2d(160, eps=1e-05, momentum=0.1, affine=True, track_running_stats=False)
        (relu1): ReLU(inplace=True)
        (conv1): Conv2d(160, 160, kernel_size=(3, 3), stride=(1, 1), padding=(1, 1), bias=False)
        (bn2): BatchNorm2d(160, eps=1e-05, momentum=0.1, affine=True, track_running_stats=False)
        (relu2): ReLU(inplace=True)
        (conv2): Conv2d(160, 160, kernel_size=(3, 3), stride=(1, 1), padding=(1, 1), bias=False)
      )
      (3): BasicBlock(
        (bn1): BatchNorm2d(160, eps=1e-05, momentum=0.1, affine=True, track_running_stats=False)
        (relu1): ReLU(inplace=True)
        (conv1): Conv2d(160, 160, kernel_size=(3, 3), stride=(1, 1), padding=(1, 1), bias=False)
        (bn2): BatchNorm2d(160, eps=1e-05, momentum=0.1, affine=True, track_running_stats=False)
        (relu2): ReLU(inplace=True)
        (conv2): Conv2d(160, 160, kernel_size=(3, 3), stride=(1, 1), padding=(1, 1), bias=False)
      )
    )
  )
  (block2): NetworkBlock(
    (layer): Sequential(
      (0): BasicBlock(
        (bn1): BatchNorm2d(160, eps=1e-05, momentum=0.1, affine=True, track_running_stats=False)
        (relu1): ReLU(inplace=True)
        (conv1): Conv2d(160, 320, kernel_size=(3, 3), stride=(2, 2), padding=(1, 1), bias=False)
        (bn2): BatchNorm2d(320, eps=1e-05, momentum=0.1, affine=True, track_running_stats=False)
        (relu2): ReLU(inplace=True)
        (conv2): Conv2d(320, 320, kernel_size=(3, 3), stride=(1, 1), padding=(1, 1), bias=False)
        (convShortcut): Conv2d(160, 320, kernel_size=(1, 1), stride=(2, 2), bias=False)
      )
      (1): BasicBlock(
        (bn1): BatchNorm2d(320, eps=1e-05, momentum=0.1, affine=True, track_running_stats=False)
        (relu1): ReLU(inplace=True)
        (conv1): Conv2d(320, 320, kernel_size=(3, 3), stride=(1, 1), padding=(1, 1), bias=False)
        (bn2): BatchNorm2d(320, eps=1e-05, momentum=0.1, affine=True, track_running_stats=False)
        (relu2): ReLU(inplace=True)
        (conv2): Conv2d(320, 320, kernel_size=(3, 3), stride=(1, 1), padding=(1, 1), bias=False)
      )
      (2): BasicBlock(
        (bn1): BatchNorm2d(320, eps=1e-05, momentum=0.1, affine=True, track_running_stats=False)
        (relu1): ReLU(inplace=True)
        (conv1): Conv2d(320, 320, kernel_size=(3, 3), stride=(1, 1), padding=(1, 1), bias=False)
        (bn2): BatchNorm2d(320, eps=1e-05, momentum=0.1, affine=True, track_running_stats=False)
        (relu2): ReLU(inplace=True)
        (conv2): Conv2d(320, 320, kernel_size=(3, 3), stride=(1, 1), padding=(1, 1), bias=False)
      )
      (3): BasicBlock(
        (bn1): BatchNorm2d(320, eps=1e-05, momentum=0.1, affine=True, track_running_stats=False)
        (relu1): ReLU(inplace=True)
        (conv1): Conv2d(320, 320, kernel_size=(3, 3), stride=(1, 1), padding=(1, 1), bias=False)
        (bn2): BatchNorm2d(320, eps=1e-05, momentum=0.1, affine=True, track_running_stats=False)
        (relu2): ReLU(inplace=True)
        (conv2): Conv2d(320, 320, kernel_size=(3, 3), stride=(1, 1), padding=(1, 1), bias=False)
      )
    )
  )
  (block3): NetworkBlock(
    (layer): Sequential(
      (0): BasicBlock(
        (bn1): BatchNorm2d(320, eps=1e-05, momentum=0.1, affine=True, track_running_stats=False)
        (relu1): ReLU(inplace=True)
        (conv1): Conv2d(320, 640, kernel_size=(3, 3), stride=(2, 2), padding=(1, 1), bias=False)
        (bn2): BatchNorm2d(640, eps=1e-05, momentum=0.1, affine=True, track_running_stats=False)
        (relu2): ReLU(inplace=True)
        (conv2): Conv2d(640, 640, kernel_size=(3, 3), stride=(1, 1), padding=(1, 1), bias=False)
        (convShortcut): Conv2d(320, 640, kernel_size=(1, 1), stride=(2, 2), bias=False)
      )
      (1): BasicBlock(
        (bn1): BatchNorm2d(640, eps=1e-05, momentum=0.1, affine=True, track_running_stats=False)
        (relu1): ReLU(inplace=True)
        (conv1): Conv2d(640, 640, kernel_size=(3, 3), stride=(1, 1), padding=(1, 1), bias=False)
        (bn2): BatchNorm2d(640, eps=1e-05, momentum=0.1, affine=True, track_running_stats=False)
        (relu2): ReLU(inplace=True)
        (conv2): Conv2d(640, 640, kernel_size=(3, 3), stride=(1, 1), padding=(1, 1), bias=False)
      )
      (2): BasicBlock(
        (bn1): BatchNorm2d(640, eps=1e-05, momentum=0.1, affine=True, track_running_stats=False)
        (relu1): ReLU(inplace=True)
        (conv1): Conv2d(640, 640, kernel_size=(3, 3), stride=(1, 1), padding=(1, 1), bias=False)
        (bn2): BatchNorm2d(640, eps=1e-05, momentum=0.1, affine=True, track_running_stats=False)
        (relu2): ReLU(inplace=True)
        (conv2): Conv2d(640, 640, kernel_size=(3, 3), stride=(1, 1), padding=(1, 1), bias=False)
      )
      (3): BasicBlock(
        (bn1): BatchNorm2d(640, eps=1e-05, momentum=0.1, affine=True, track_running_stats=False)
        (relu1): ReLU(inplace=True)
        (conv1): Conv2d(640, 640, kernel_size=(3, 3), stride=(1, 1), padding=(1, 1), bias=False)
        (bn2): BatchNorm2d(640, eps=1e-05, momentum=0.1, affine=True, track_running_stats=False)
        (relu2): ReLU(inplace=True)
        (conv2): Conv2d(640, 640, kernel_size=(3, 3), stride=(1, 1), padding=(1, 1), bias=False)
      )
    )
  )
  (bn1): BatchNorm2d(640, eps=1e-05, momentum=0.1, affine=True, track_running_stats=False)
  (relu): ReLU(inplace=True)
  (fc): Linear(in_features=640, out_features=10, bias=True)
)
[25/05/25 13:11:42] [setada.py:  139]: params for adaptation: ['block1.layer.0.bn1.weight', 'block1.layer.0.bn1.bias', 'block1.layer.0.bn2.weight', 'block1.layer.0.bn2.bias', 'block1.layer.1.bn1.weight', 'block1.layer.1.bn1.bias', 'block1.layer.1.bn2.weight', 'block1.layer.1.bn2.bias', 'block1.layer.2.bn1.weight', 'block1.layer.2.bn1.bias', 'block1.layer.2.bn2.weight', 'block1.layer.2.bn2.bias', 'block1.layer.3.bn1.weight', 'block1.layer.3.bn1.bias', 'block1.layer.3.bn2.weight', 'block1.layer.3.bn2.bias', 'block2.layer.0.bn1.weight', 'block2.layer.0.bn1.bias', 'block2.layer.0.bn2.weight', 'block2.layer.0.bn2.bias', 'block2.layer.1.bn1.weight', 'block2.layer.1.bn1.bias', 'block2.layer.1.bn2.weight', 'block2.layer.1.bn2.bias', 'block2.layer.2.bn1.weight', 'block2.layer.2.bn1.bias', 'block2.layer.2.bn2.weight', 'block2.layer.2.bn2.bias', 'block2.layer.3.bn1.weight', 'block2.layer.3.bn1.bias', 'block2.layer.3.bn2.weight', 'block2.layer.3.bn2.bias', 'block3.layer.0.bn1.weight', 'block3.layer.0.bn1.bias', 'block3.layer.0.bn2.weight', 'block3.layer.0.bn2.bias', 'block3.layer.1.bn1.weight', 'block3.layer.1.bn1.bias', 'block3.layer.1.bn2.weight', 'block3.layer.1.bn2.bias', 'block3.layer.2.bn1.weight', 'block3.layer.2.bn1.bias', 'block3.layer.2.bn2.weight', 'block3.layer.2.bn2.bias', 'block3.layer.3.bn1.weight', 'block3.layer.3.bn1.bias', 'block3.layer.3.bn2.weight', 'block3.layer.3.bn2.bias', 'bn1.weight', 'bn1.bias']
[25/05/25 13:11:42] [setada.py:  140]: optimizer for adaptation: SGD (
Parameter Group 0
    dampening: 0.0
    differentiable: False
    foreach: None
    fused: None
    lr: 0.01
    maximize: False
    momentum: 0.9
    nesterov: True
    weight_decay: 0.0
)
[25/05/25 13:11:42] [eval.py:   67]: resetting model
[25/05/25 13:13:06] [eval.py:   75]: acc % [gaussian_noise5]: 78.43%
[25/05/25 13:13:06] [eval.py:   67]: resetting model
[25/05/25 13:14:29] [eval.py:   75]: acc % [gaussian_noise4]: 81.13%
[25/05/25 13:14:29] [eval.py:   67]: resetting model
[25/05/25 13:15:52] [eval.py:   75]: acc % [gaussian_noise3]: 82.88%
[25/05/25 13:15:52] [eval.py:   67]: resetting model
[25/05/25 13:17:14] [eval.py:   75]: acc % [gaussian_noise2]: 86.65%
[25/05/25 13:17:14] [eval.py:   67]: resetting model
[25/05/25 13:18:37] [eval.py:   75]: acc % [gaussian_noise1]: 90.05%
[25/05/25 13:18:37] [eval.py:   67]: resetting model
[25/05/25 13:20:00] [eval.py:   75]: acc % [shot_noise5]: 80.67%
[25/05/25 13:20:00] [eval.py:   67]: resetting model
[25/05/25 13:21:23] [eval.py:   75]: acc % [shot_noise4]: 83.49%
[25/05/25 13:21:23] [eval.py:   67]: resetting model
[25/05/25 13:22:46] [eval.py:   75]: acc % [shot_noise3]: 85.41%
[25/05/25 13:22:46] [eval.py:   67]: resetting model
[25/05/25 13:24:08] [eval.py:   75]: acc % [shot_noise2]: 89.51%
[25/05/25 13:24:09] [eval.py:   67]: resetting model
[25/05/25 13:25:31] [eval.py:   75]: acc % [shot_noise1]: 91.32%
[25/05/25 13:25:31] [eval.py:   67]: resetting model
[25/05/25 13:26:54] [eval.py:   75]: acc % [impulse_noise5]: 71.18%
[25/05/25 13:26:54] [eval.py:   67]: resetting model
[25/05/25 13:28:17] [eval.py:   75]: acc % [impulse_noise4]: 76.68%
[25/05/25 13:28:17] [eval.py:   67]: resetting model
[25/05/25 13:29:40] [eval.py:   75]: acc % [impulse_noise3]: 83.61%
[25/05/25 13:29:40] [eval.py:   67]: resetting model
[25/05/25 13:31:03] [eval.py:   75]: acc % [impulse_noise2]: 85.87%
[25/05/25 13:31:03] [eval.py:   67]: resetting model
[25/05/25 13:32:25] [eval.py:   75]: acc % [impulse_noise1]: 89.60%
[25/05/25 13:32:25] [eval.py:   67]: resetting model
[25/05/25 13:33:48] [eval.py:   75]: acc % [defocus_blur5]: 88.36%
[25/05/25 13:33:48] [eval.py:   67]: resetting model
[25/05/25 13:35:11] [eval.py:   75]: acc % [defocus_blur4]: 92.08%
[25/05/25 13:35:11] [eval.py:   67]: resetting model
[25/05/25 13:36:34] [eval.py:   75]: acc % [defocus_blur3]: 93.13%
[25/05/25 13:36:34] [eval.py:   67]: resetting model
[25/05/25 13:37:57] [eval.py:   75]: acc % [defocus_blur2]: 93.41%
[25/05/25 13:37:57] [eval.py:   67]: resetting model
[25/05/25 13:39:19] [eval.py:   75]: acc % [defocus_blur1]: 93.86%
[25/05/25 13:39:19] [eval.py:   67]: resetting model
[25/05/25 13:40:42] [eval.py:   75]: acc % [glass_blur5]: 71.75%
[25/05/25 13:40:42] [eval.py:   67]: resetting model
[25/05/25 13:42:05] [eval.py:   75]: acc % [glass_blur4]: 72.18%
[25/05/25 13:42:05] [eval.py:   67]: resetting model
[25/05/25 13:43:28] [eval.py:   75]: acc % [glass_blur3]: 80.73%
[25/05/25 13:43:28] [eval.py:   67]: resetting model
[25/05/25 13:44:51] [eval.py:   75]: acc % [glass_blur2]: 80.02%
[25/05/25 13:44:51] [eval.py:   67]: resetting model
[25/05/25 13:46:13] [eval.py:   75]: acc % [glass_blur1]: 80.69%
[25/05/25 13:46:13] [eval.py:   67]: resetting model
[25/05/25 13:47:36] [eval.py:   75]: acc % [motion_blur5]: 87.41%
[25/05/25 13:47:36] [eval.py:   67]: resetting model
[25/05/25 13:48:59] [eval.py:   75]: acc % [motion_blur4]: 89.20%
[25/05/25 13:48:59] [eval.py:   67]: resetting model
[25/05/25 13:50:22] [eval.py:   75]: acc % [motion_blur3]: 89.20%
[25/05/25 13:50:22] [eval.py:   67]: resetting model
[25/05/25 13:51:44] [eval.py:   75]: acc % [motion_blur2]: 90.59%
[25/05/25 13:51:44] [eval.py:   67]: resetting model
[25/05/25 13:53:07] [eval.py:   75]: acc % [motion_blur1]: 92.46%
[25/05/25 13:53:07] [eval.py:   67]: resetting model
[25/05/25 13:54:30] [eval.py:   75]: acc % [zoom_blur5]: 89.23%
[25/05/25 13:54:30] [eval.py:   67]: resetting model
[25/05/25 13:55:53] [eval.py:   75]: acc % [zoom_blur4]: 90.84%
[25/05/25 13:55:53] [eval.py:   67]: resetting model
[25/05/25 13:57:15] [eval.py:   75]: acc % [zoom_blur3]: 91.56%
[25/05/25 13:57:15] [eval.py:   67]: resetting model
[25/05/25 13:58:38] [eval.py:   75]: acc % [zoom_blur2]: 91.83%
[25/05/25 13:58:38] [eval.py:   67]: resetting model
[25/05/25 14:00:01] [eval.py:   75]: acc % [zoom_blur1]: 92.09%
[25/05/25 14:00:01] [eval.py:   67]: resetting model
[25/05/25 14:01:24] [eval.py:   75]: acc % [snow5]: 85.37%
[25/05/25 14:01:24] [eval.py:   67]: resetting model
[25/05/25 14:02:46] [eval.py:   75]: acc % [snow4]: 84.97%
[25/05/25 14:02:46] [eval.py:   67]: resetting model
[25/05/25 14:04:09] [eval.py:   75]: acc % [snow3]: 87.20%
[25/05/25 14:04:09] [eval.py:   67]: resetting model
[25/05/25 14:05:32] [eval.py:   75]: acc % [snow2]: 87.57%
[25/05/25 14:05:32] [eval.py:   67]: resetting model
[25/05/25 14:06:55] [eval.py:   75]: acc % [snow1]: 90.80%
[25/05/25 14:06:55] [eval.py:   67]: resetting model
[25/05/25 14:08:18] [eval.py:   75]: acc % [frost5]: 84.80%
[25/05/25 14:08:18] [eval.py:   67]: resetting model
[25/05/25 14:09:41] [eval.py:   75]: acc % [frost4]: 86.92%
[25/05/25 14:09:41] [eval.py:   67]: resetting model
[25/05/25 14:11:03] [eval.py:   75]: acc % [frost3]: 87.07%
[25/05/25 14:11:03] [eval.py:   67]: resetting model
[25/05/25 14:12:26] [eval.py:   75]: acc % [frost2]: 89.92%
[25/05/25 14:12:26] [eval.py:   67]: resetting model
[25/05/25 14:13:49] [eval.py:   75]: acc % [frost1]: 91.84%
[25/05/25 14:13:49] [eval.py:   67]: resetting model
[25/05/25 14:15:12] [eval.py:   75]: acc % [fog5]: 87.50%
[25/05/25 14:15:12] [eval.py:   67]: resetting model
[25/05/25 14:16:35] [eval.py:   75]: acc % [fog4]: 91.75%
[25/05/25 14:16:35] [eval.py:   67]: resetting model
[25/05/25 14:17:58] [eval.py:   75]: acc % [fog3]: 92.50%
[25/05/25 14:17:58] [eval.py:   67]: resetting model
[25/05/25 14:19:20] [eval.py:   75]: acc % [fog2]: 93.41%
[25/05/25 14:19:20] [eval.py:   67]: resetting model
[25/05/25 14:20:43] [eval.py:   75]: acc % [fog1]: 93.53%
[25/05/25 14:20:43] [eval.py:   67]: resetting model
[25/05/25 14:22:06] [eval.py:   75]: acc % [brightness5]: 91.88%
[25/05/25 14:22:06] [eval.py:   67]: resetting model
[25/05/25 14:23:29] [eval.py:   75]: acc % [brightness4]: 92.74%
[25/05/25 14:23:29] [eval.py:   67]: resetting model
[25/05/25 14:24:52] [eval.py:   75]: acc % [brightness3]: 93.33%
[25/05/25 14:24:52] [eval.py:   67]: resetting model
[25/05/25 14:26:14] [eval.py:   75]: acc % [brightness2]: 93.39%
[25/05/25 14:26:14] [eval.py:   67]: resetting model
[25/05/25 14:27:37] [eval.py:   75]: acc % [brightness1]: 93.74%
[25/05/25 14:27:37] [eval.py:   67]: resetting model
[25/05/25 14:29:00] [eval.py:   75]: acc % [contrast5]: 89.42%
[25/05/25 14:29:00] [eval.py:   67]: resetting model
[25/05/25 14:30:23] [eval.py:   75]: acc % [contrast4]: 92.21%
[25/05/25 14:30:23] [eval.py:   67]: resetting model
[25/05/25 14:31:46] [eval.py:   75]: acc % [contrast3]: 92.50%
[25/05/25 14:31:46] [eval.py:   67]: resetting model
[25/05/25 14:33:09] [eval.py:   75]: acc % [contrast2]: 92.85%
[25/05/25 14:33:09] [eval.py:   67]: resetting model
[25/05/25 14:34:31] [eval.py:   75]: acc % [contrast1]: 93.46%
[25/05/25 14:34:31] [eval.py:   67]: resetting model
[25/05/25 14:35:54] [eval.py:   75]: acc % [elastic_transform5]: 79.45%
[25/05/25 14:35:54] [eval.py:   67]: resetting model
[25/05/25 14:37:17] [eval.py:   75]: acc % [elastic_transform4]: 85.78%
[25/05/25 14:37:17] [eval.py:   67]: resetting model
[25/05/25 14:38:40] [eval.py:   75]: acc % [elastic_transform3]: 90.22%
[25/05/25 14:38:40] [eval.py:   67]: resetting model
[25/05/25 14:40:03] [eval.py:   75]: acc % [elastic_transform2]: 90.60%
[25/05/25 14:40:03] [eval.py:   67]: resetting model
[25/05/25 14:41:25] [eval.py:   75]: acc % [elastic_transform1]: 90.86%
[25/05/25 14:41:25] [eval.py:   67]: resetting model
[25/05/25 14:42:48] [eval.py:   75]: acc % [pixelate5]: 84.46%
[25/05/25 14:42:48] [eval.py:   67]: resetting model
[25/05/25 14:44:11] [eval.py:   75]: acc % [pixelate4]: 88.34%
[25/05/25 14:44:11] [eval.py:   67]: resetting model
[25/05/25 14:45:34] [eval.py:   75]: acc % [pixelate3]: 90.32%
[25/05/25 14:45:34] [eval.py:   67]: resetting model
[25/05/25 14:46:57] [eval.py:   75]: acc % [pixelate2]: 91.05%
[25/05/25 14:46:57] [eval.py:   67]: resetting model
[25/05/25 14:48:19] [eval.py:   75]: acc % [pixelate1]: 92.00%
[25/05/25 14:48:19] [eval.py:   67]: resetting model
[25/05/25 14:49:42] [eval.py:   75]: acc % [jpeg_compression5]: 79.64%
[25/05/25 14:49:42] [eval.py:   67]: resetting model
[25/05/25 14:51:05] [eval.py:   75]: acc % [jpeg_compression4]: 82.62%
[25/05/25 14:51:05] [eval.py:   67]: resetting model
[25/05/25 14:52:28] [eval.py:   75]: acc % [jpeg_compression3]: 83.95%
[25/05/25 14:52:28] [eval.py:   67]: resetting model
[25/05/25 14:53:51] [eval.py:   75]: acc % [jpeg_compression2]: 84.86%
[25/05/25 14:53:51] [eval.py:   67]: resetting model
[25/05/25 14:55:14] [eval.py:   75]: acc % [jpeg_compression1]: 88.82%
[25/05/25 14:55:14] [eval.py:   81]: 
                          1        2         3         4        5       avg
gaussian_noise     0.784300  0.81130  0.828800  0.866500  0.90050  0.838280
shot_noise         0.806700  0.83490  0.854100  0.895100  0.91320  0.860800
impulse_noise      0.711800  0.76680  0.836100  0.858700  0.89600  0.813880
defocus_blur       0.883600  0.92080  0.931300  0.934100  0.93860  0.921680
glass_blur         0.717500  0.72180  0.807300  0.800200  0.80690  0.770740
motion_blur        0.874100  0.89200  0.892000  0.905900  0.92460  0.897720
zoom_blur          0.892300  0.90840  0.915600  0.918300  0.92090  0.911100
snow               0.853700  0.84970  0.872000  0.875700  0.90800  0.871820
frost              0.848000  0.86920  0.870700  0.899200  0.91840  0.881100
fog                0.875000  0.91750  0.925000  0.934100  0.93530  0.917380
brightness         0.918800  0.92740  0.933300  0.933900  0.93740  0.930160
contrast           0.894200  0.92210  0.925000  0.928500  0.93460  0.920880
elastic_transform  0.794500  0.85780  0.902200  0.906000  0.90860  0.873820
pixelate           0.844600  0.88340  0.903200  0.910500  0.92000  0.892340
jpeg_compression   0.796400  0.82620  0.839500  0.848600  0.88820  0.839780
average            0.833033  0.86062  0.882407  0.894353  0.91008  0.876099
[25/05/25 14:55:14] [eval.py:  122]: resetting model
[25/05/25 14:56:38] [eval.py:  134]: Test set Accuracy: 0.9356
Building model...
Files already downloaded and verified
