[25/05/25 13:11:40] [utils.py:   82]: PyTorch Version: torch=2.5.0+cu124, cuda=12.4, cudnn=90100
[25/05/25 13:11:40] [utils.py:   83]: BN:
  EPS: 1e-05
  MOM: 0.1
CKPT_DIR: ./ckpt
CORRUPTION:
  DATASET: cifar10
  IMG_SIZE: 32
  NUM_CHANNEL: 3
  NUM_CLASSES: 10
  NUM_EX: 10000
  SEVERITY: [5, 4, 3, 2, 1]
  TYPE: ['gaussian_noise', 'shot_noise', 'impulse_noise', 'defocus_blur', 'glass_blur', 'motion_blur', 'zoom_blur', 'snow', 'frost', 'fog', 'brightness', 'contrast', 'elastic_transform', 'pixelate', 'jpeg_compression']
CUDNN:
  BENCHMARK: True
DATA_DIR: /scratch-shared/tea2/cifar10
DESC: 
EARLY_STOP_BEGIN: 70
EARLY_STOP_PATIENCE: 30
EATA:
  D_MARGIN: 0.05
  E_MARGIN: 2.763102111592855
  FISHER_ALPHA: 2000.0
  FISHER_SIZE: 2000
  USE_FISHER: False
EBM:
  BUFFER_SIZE: 10000
  REINIT_FREQ: 0.05
  SGLD_LR: 0.1
  SGLD_STD: 0.01
  STEPS: 20
  UNCOND: uncond
LOG_DEST: energy_tet_bn_sgd-1-0.01-200_uncond-20-0.1-0.01-10000-0.05_250525-131140.txt
LOG_TIME: 250525-131140
MODEL:
  ADAPTATION: energy
  ADA_PARAM: ['bn']
  ARCH: WRN2810_TET_3
  CHECKPOINT_PTH: None
  EPISODIC: False
OPTIM:
  BATCH_SIZE: 200
  BETA: 0.9
  CLIP_NORM: False
  DAMPENING: 0.0
  LAMBDA_CLS: 1.0
  LAMBDA_ENERGY: 1.0
  LR: 0.01
  METHOD: SGD
  MOMENTUM: 0.9
  NESTEROV: True
  N_EPOCHS: 200
  SCHEDULER_GAMMA: 0.2
  SCHEDULER_MILESTONES: [60, 120, 160]
  STEPS: 1
  TEST_BATCH_SIZE: 128
  WARMUP_START_LR: 1e-06
  WARMUP_STEPS: 1000
  WD: 0.0
OPTIM_ENERGY:
  BATCH_SIZE: 128
  BETA: 0.9
  CLIP_NORM: False
  DAMPENING: 0.0
  LR: 0.001
  METHOD: Adam
  MOMENTUM: 0.9
  NESTEROV: True
  STEPS: 1
  WD: 0.0
PL:
  ALPHA: 0.1
  THRESHOLD: 0.9
RNG_SEED: 36
SAR:
  MARGIN_E0: 2.763102111592855
SAVE_DIR: ./save/cifar10/bn-wrn-28-10-tet
SHOT:
  CLF_COEFF: 0.1
  THRESHOLD: 0.9
TEST:
  
[25/05/25 13:11:41] [main.py:   75]: test-time adaptation: TET
[25/05/25 13:11:41] [param.py:   18]: adapting weights of batch-normalization layer
[25/05/25 13:11:41] [setada.py:  138]: model for adaptation: WideResNet(
  (conv1): Conv2d(3, 16, kernel_size=(3, 3), stride=(1, 1), padding=(1, 1), bias=False)
  (block1): NetworkBlock(
    (layer): Sequential(
      (0): BasicBlock(
        (bn1): BatchNorm2d(16, eps=1e-05, momentum=0.1, affine=True, track_running_stats=False)
        (relu1): ReLU(inplace=True)
        (conv1): Conv2d(16, 160, kernel_size=(3, 3), stride=(1, 1), padding=(1, 1), bias=False)
        (bn2): BatchNorm2d(160, eps=1e-05, momentum=0.1, affine=True, track_running_stats=False)
        (relu2): ReLU(inplace=True)
        (conv2): Conv2d(160, 160, kernel_size=(3, 3), stride=(1, 1), padding=(1, 1), bias=False)
        (convShortcut): Conv2d(16, 160, kernel_size=(1, 1), stride=(1, 1), bias=False)
      )
      (1): BasicBlock(
        (bn1): BatchNorm2d(160, eps=1e-05, momentum=0.1, affine=True, track_running_stats=False)
        (relu1): ReLU(inplace=True)
        (conv1): Conv2d(160, 160, kernel_size=(3, 3), stride=(1, 1), padding=(1, 1), bias=False)
        (bn2): BatchNorm2d(160, eps=1e-05, momentum=0.1, affine=True, track_running_stats=False)
        (relu2): ReLU(inplace=True)
        (conv2): Conv2d(160, 160, kernel_size=(3, 3), stride=(1, 1), padding=(1, 1), bias=False)
      )
      (2): BasicBlock(
        (bn1): BatchNorm2d(160, eps=1e-05, momentum=0.1, affine=True, track_running_stats=False)
        (relu1): ReLU(inplace=True)
        (conv1): Conv2d(160, 160, kernel_size=(3, 3), stride=(1, 1), padding=(1, 1), bias=False)
        (bn2): BatchNorm2d(160, eps=1e-05, momentum=0.1, affine=True, track_running_stats=False)
        (relu2): ReLU(inplace=True)
        (conv2): Conv2d(160, 160, kernel_size=(3, 3), stride=(1, 1), padding=(1, 1), bias=False)
      )
      (3): BasicBlock(
        (bn1): BatchNorm2d(160, eps=1e-05, momentum=0.1, affine=True, track_running_stats=False)
        (relu1): ReLU(inplace=True)
        (conv1): Conv2d(160, 160, kernel_size=(3, 3), stride=(1, 1), padding=(1, 1), bias=False)
        (bn2): BatchNorm2d(160, eps=1e-05, momentum=0.1, affine=True, track_running_stats=False)
        (relu2): ReLU(inplace=True)
        (conv2): Conv2d(160, 160, kernel_size=(3, 3), stride=(1, 1), padding=(1, 1), bias=False)
      )
    )
  )
  (block2): NetworkBlock(
    (layer): Sequential(
      (0): BasicBlock(
        (bn1): BatchNorm2d(160, eps=1e-05, momentum=0.1, affine=True, track_running_stats=False)
        (relu1): ReLU(inplace=True)
        (conv1): Conv2d(160, 320, kernel_size=(3, 3), stride=(2, 2), padding=(1, 1), bias=False)
        (bn2): BatchNorm2d(320, eps=1e-05, momentum=0.1, affine=True, track_running_stats=False)
        (relu2): ReLU(inplace=True)
        (conv2): Conv2d(320, 320, kernel_size=(3, 3), stride=(1, 1), padding=(1, 1), bias=False)
        (convShortcut): Conv2d(160, 320, kernel_size=(1, 1), stride=(2, 2), bias=False)
      )
      (1): BasicBlock(
        (bn1): BatchNorm2d(320, eps=1e-05, momentum=0.1, affine=True, track_running_stats=False)
        (relu1): ReLU(inplace=True)
        (conv1): Conv2d(320, 320, kernel_size=(3, 3), stride=(1, 1), padding=(1, 1), bias=False)
        (bn2): BatchNorm2d(320, eps=1e-05, momentum=0.1, affine=True, track_running_stats=False)
        (relu2): ReLU(inplace=True)
        (conv2): Conv2d(320, 320, kernel_size=(3, 3), stride=(1, 1), padding=(1, 1), bias=False)
      )
      (2): BasicBlock(
        (bn1): BatchNorm2d(320, eps=1e-05, momentum=0.1, affine=True, track_running_stats=False)
        (relu1): ReLU(inplace=True)
        (conv1): Conv2d(320, 320, kernel_size=(3, 3), stride=(1, 1), padding=(1, 1), bias=False)
        (bn2): BatchNorm2d(320, eps=1e-05, momentum=0.1, affine=True, track_running_stats=False)
        (relu2): ReLU(inplace=True)
        (conv2): Conv2d(320, 320, kernel_size=(3, 3), stride=(1, 1), padding=(1, 1), bias=False)
      )
      (3): BasicBlock(
        (bn1): BatchNorm2d(320, eps=1e-05, momentum=0.1, affine=True, track_running_stats=False)
        (relu1): ReLU(inplace=True)
        (conv1): Conv2d(320, 320, kernel_size=(3, 3), stride=(1, 1), padding=(1, 1), bias=False)
        (bn2): BatchNorm2d(320, eps=1e-05, momentum=0.1, affine=True, track_running_stats=False)
        (relu2): ReLU(inplace=True)
        (conv2): Conv2d(320, 320, kernel_size=(3, 3), stride=(1, 1), padding=(1, 1), bias=False)
      )
    )
  )
  (block3): NetworkBlock(
    (layer): Sequential(
      (0): BasicBlock(
        (bn1): BatchNorm2d(320, eps=1e-05, momentum=0.1, affine=True, track_running_stats=False)
        (relu1): ReLU(inplace=True)
        (conv1): Conv2d(320, 640, kernel_size=(3, 3), stride=(2, 2), padding=(1, 1), bias=False)
        (bn2): BatchNorm2d(640, eps=1e-05, momentum=0.1, affine=True, track_running_stats=False)
        (relu2): ReLU(inplace=True)
        (conv2): Conv2d(640, 640, kernel_size=(3, 3), stride=(1, 1), padding=(1, 1), bias=False)
        (convShortcut): Conv2d(320, 640, kernel_size=(1, 1), stride=(2, 2), bias=False)
      )
      (1): BasicBlock(
        (bn1): BatchNorm2d(640, eps=1e-05, momentum=0.1, affine=True, track_running_stats=False)
        (relu1): ReLU(inplace=True)
        (conv1): Conv2d(640, 640, kernel_size=(3, 3), stride=(1, 1), padding=(1, 1), bias=False)
        (bn2): BatchNorm2d(640, eps=1e-05, momentum=0.1, affine=True, track_running_stats=False)
        (relu2): ReLU(inplace=True)
        (conv2): Conv2d(640, 640, kernel_size=(3, 3), stride=(1, 1), padding=(1, 1), bias=False)
      )
      (2): BasicBlock(
        (bn1): BatchNorm2d(640, eps=1e-05, momentum=0.1, affine=True, track_running_stats=False)
        (relu1): ReLU(inplace=True)
        (conv1): Conv2d(640, 640, kernel_size=(3, 3), stride=(1, 1), padding=(1, 1), bias=False)
        (bn2): BatchNorm2d(640, eps=1e-05, momentum=0.1, affine=True, track_running_stats=False)
        (relu2): ReLU(inplace=True)
        (conv2): Conv2d(640, 640, kernel_size=(3, 3), stride=(1, 1), padding=(1, 1), bias=False)
      )
      (3): BasicBlock(
        (bn1): BatchNorm2d(640, eps=1e-05, momentum=0.1, affine=True, track_running_stats=False)
        (relu1): ReLU(inplace=True)
        (conv1): Conv2d(640, 640, kernel_size=(3, 3), stride=(1, 1), padding=(1, 1), bias=False)
        (bn2): BatchNorm2d(640, eps=1e-05, momentum=0.1, affine=True, track_running_stats=False)
        (relu2): ReLU(inplace=True)
        (conv2): Conv2d(640, 640, kernel_size=(3, 3), stride=(1, 1), padding=(1, 1), bias=False)
      )
    )
  )
  (bn1): BatchNorm2d(640, eps=1e-05, momentum=0.1, affine=True, track_running_stats=False)
  (relu): ReLU(inplace=True)
  (fc): Linear(in_features=640, out_features=10, bias=True)
)
[25/05/25 13:11:41] [setada.py:  139]: params for adaptation: ['block1.layer.0.bn1.weight', 'block1.layer.0.bn1.bias', 'block1.layer.0.bn2.weight', 'block1.layer.0.bn2.bias', 'block1.layer.1.bn1.weight', 'block1.layer.1.bn1.bias', 'block1.layer.1.bn2.weight', 'block1.layer.1.bn2.bias', 'block1.layer.2.bn1.weight', 'block1.layer.2.bn1.bias', 'block1.layer.2.bn2.weight', 'block1.layer.2.bn2.bias', 'block1.layer.3.bn1.weight', 'block1.layer.3.bn1.bias', 'block1.layer.3.bn2.weight', 'block1.layer.3.bn2.bias', 'block2.layer.0.bn1.weight', 'block2.layer.0.bn1.bias', 'block2.layer.0.bn2.weight', 'block2.layer.0.bn2.bias', 'block2.layer.1.bn1.weight', 'block2.layer.1.bn1.bias', 'block2.layer.1.bn2.weight', 'block2.layer.1.bn2.bias', 'block2.layer.2.bn1.weight', 'block2.layer.2.bn1.bias', 'block2.layer.2.bn2.weight', 'block2.layer.2.bn2.bias', 'block2.layer.3.bn1.weight', 'block2.layer.3.bn1.bias', 'block2.layer.3.bn2.weight', 'block2.layer.3.bn2.bias', 'block3.layer.0.bn1.weight', 'block3.layer.0.bn1.bias', 'block3.layer.0.bn2.weight', 'block3.layer.0.bn2.bias', 'block3.layer.1.bn1.weight', 'block3.layer.1.bn1.bias', 'block3.layer.1.bn2.weight', 'block3.layer.1.bn2.bias', 'block3.layer.2.bn1.weight', 'block3.layer.2.bn1.bias', 'block3.layer.2.bn2.weight', 'block3.layer.2.bn2.bias', 'block3.layer.3.bn1.weight', 'block3.layer.3.bn1.bias', 'block3.layer.3.bn2.weight', 'block3.layer.3.bn2.bias', 'bn1.weight', 'bn1.bias']
[25/05/25 13:11:41] [setada.py:  140]: optimizer for adaptation: SGD (
Parameter Group 0
    dampening: 0.0
    differentiable: False
    foreach: None
    fused: None
    lr: 0.01
    maximize: False
    momentum: 0.9
    nesterov: True
    weight_decay: 0.0
)
[25/05/25 13:11:41] [eval.py:   67]: resetting model
[25/05/25 13:13:05] [eval.py:   75]: acc % [gaussian_noise5]: 78.46%
[25/05/25 13:13:05] [eval.py:   67]: resetting model
[25/05/25 13:14:28] [eval.py:   75]: acc % [gaussian_noise4]: 81.23%
[25/05/25 13:14:28] [eval.py:   67]: resetting model
[25/05/25 13:15:51] [eval.py:   75]: acc % [gaussian_noise3]: 82.16%
[25/05/25 13:15:51] [eval.py:   67]: resetting model
[25/05/25 13:17:14] [eval.py:   75]: acc % [gaussian_noise2]: 86.51%
[25/05/25 13:17:14] [eval.py:   67]: resetting model
[25/05/25 13:18:37] [eval.py:   75]: acc % [gaussian_noise1]: 89.99%
[25/05/25 13:18:37] [eval.py:   67]: resetting model
[25/05/25 13:20:00] [eval.py:   75]: acc % [shot_noise5]: 80.79%
[25/05/25 13:20:00] [eval.py:   67]: resetting model
[25/05/25 13:21:23] [eval.py:   75]: acc % [shot_noise4]: 83.45%
[25/05/25 13:21:23] [eval.py:   67]: resetting model
[25/05/25 13:22:46] [eval.py:   75]: acc % [shot_noise3]: 85.75%
[25/05/25 13:22:46] [eval.py:   67]: resetting model
[25/05/25 13:24:09] [eval.py:   75]: acc % [shot_noise2]: 89.49%
[25/05/25 13:24:09] [eval.py:   67]: resetting model
[25/05/25 13:25:31] [eval.py:   75]: acc % [shot_noise1]: 91.21%
[25/05/25 13:25:31] [eval.py:   67]: resetting model
[25/05/25 13:26:54] [eval.py:   75]: acc % [impulse_noise5]: 71.43%
[25/05/25 13:26:54] [eval.py:   67]: resetting model
[25/05/25 13:28:17] [eval.py:   75]: acc % [impulse_noise4]: 76.44%
[25/05/25 13:28:17] [eval.py:   67]: resetting model
[25/05/25 13:29:40] [eval.py:   75]: acc % [impulse_noise3]: 83.53%
[25/05/25 13:29:40] [eval.py:   67]: resetting model
[25/05/25 13:31:02] [eval.py:   75]: acc % [impulse_noise2]: 86.28%
[25/05/25 13:31:02] [eval.py:   67]: resetting model
[25/05/25 13:32:25] [eval.py:   75]: acc % [impulse_noise1]: 89.47%
[25/05/25 13:32:25] [eval.py:   67]: resetting model
[25/05/25 13:33:48] [eval.py:   75]: acc % [defocus_blur5]: 88.62%
[25/05/25 13:33:48] [eval.py:   67]: resetting model
[25/05/25 13:35:11] [eval.py:   75]: acc % [defocus_blur4]: 91.68%
[25/05/25 13:35:11] [eval.py:   67]: resetting model
[25/05/25 13:36:34] [eval.py:   75]: acc % [defocus_blur3]: 93.20%
[25/05/25 13:36:34] [eval.py:   67]: resetting model
[25/05/25 13:37:57] [eval.py:   75]: acc % [defocus_blur2]: 93.50%
[25/05/25 13:37:57] [eval.py:   67]: resetting model
[25/05/25 13:39:19] [eval.py:   75]: acc % [defocus_blur1]: 93.83%
[25/05/25 13:39:19] [eval.py:   67]: resetting model
[25/05/25 13:40:42] [eval.py:   75]: acc % [glass_blur5]: 72.02%
[25/05/25 13:40:42] [eval.py:   67]: resetting model
[25/05/25 13:42:05] [eval.py:   75]: acc % [glass_blur4]: 72.43%
[25/05/25 13:42:05] [eval.py:   67]: resetting model
[25/05/25 13:43:28] [eval.py:   75]: acc % [glass_blur3]: 80.68%
[25/05/25 13:43:28] [eval.py:   67]: resetting model
[25/05/25 13:44:51] [eval.py:   75]: acc % [glass_blur2]: 80.97%
[25/05/25 13:44:51] [eval.py:   67]: resetting model
[25/05/25 13:46:13] [eval.py:   75]: acc % [glass_blur1]: 80.32%
[25/05/25 13:46:13] [eval.py:   67]: resetting model
[25/05/25 13:47:36] [eval.py:   75]: acc % [motion_blur5]: 87.38%
[25/05/25 13:47:36] [eval.py:   67]: resetting model
[25/05/25 13:48:59] [eval.py:   75]: acc % [motion_blur4]: 89.35%
[25/05/25 13:48:59] [eval.py:   67]: resetting model
[25/05/25 13:50:22] [eval.py:   75]: acc % [motion_blur3]: 89.21%
[25/05/25 13:50:22] [eval.py:   67]: resetting model
[25/05/25 13:51:45] [eval.py:   75]: acc % [motion_blur2]: 90.74%
[25/05/25 13:51:45] [eval.py:   67]: resetting model
[25/05/25 13:53:07] [eval.py:   75]: acc % [motion_blur1]: 92.21%
[25/05/25 13:53:07] [eval.py:   67]: resetting model
[25/05/25 13:54:30] [eval.py:   75]: acc % [zoom_blur5]: 89.17%
[25/05/25 13:54:30] [eval.py:   67]: resetting model
[25/05/25 13:55:53] [eval.py:   75]: acc % [zoom_blur4]: 90.63%
[25/05/25 13:55:53] [eval.py:   67]: resetting model
[25/05/25 13:57:16] [eval.py:   75]: acc % [zoom_blur3]: 91.67%
[25/05/25 13:57:16] [eval.py:   67]: resetting model
[25/05/25 13:58:39] [eval.py:   75]: acc % [zoom_blur2]: 91.93%
[25/05/25 13:58:39] [eval.py:   67]: resetting model
[25/05/25 14:00:01] [eval.py:   75]: acc % [zoom_blur1]: 92.28%
[25/05/25 14:00:01] [eval.py:   67]: resetting model
[25/05/25 14:01:24] [eval.py:   75]: acc % [snow5]: 85.19%
[25/05/25 14:01:24] [eval.py:   67]: resetting model
[25/05/25 14:02:47] [eval.py:   75]: acc % [snow4]: 85.36%
[25/05/25 14:02:47] [eval.py:   67]: resetting model
[25/05/25 14:04:10] [eval.py:   75]: acc % [snow3]: 87.54%
[25/05/25 14:04:10] [eval.py:   67]: resetting model
[25/05/25 14:05:32] [eval.py:   75]: acc % [snow2]: 87.64%
[25/05/25 14:05:32] [eval.py:   67]: resetting model
[25/05/25 14:06:55] [eval.py:   75]: acc % [snow1]: 90.66%
[25/05/25 14:06:55] [eval.py:   67]: resetting model
[25/05/25 14:08:18] [eval.py:   75]: acc % [frost5]: 84.24%
[25/05/25 14:08:18] [eval.py:   67]: resetting model
[25/05/25 14:09:41] [eval.py:   75]: acc % [frost4]: 87.54%
[25/05/25 14:09:41] [eval.py:   67]: resetting model
[25/05/25 14:11:04] [eval.py:   75]: acc % [frost3]: 86.98%
[25/05/25 14:11:04] [eval.py:   67]: resetting model
[25/05/25 14:12:27] [eval.py:   75]: acc % [frost2]: 89.55%
[25/05/25 14:12:27] [eval.py:   67]: resetting model
[25/05/25 14:13:49] [eval.py:   75]: acc % [frost1]: 91.56%
[25/05/25 14:13:50] [eval.py:   67]: resetting model
[25/05/25 14:15:12] [eval.py:   75]: acc % [fog5]: 87.51%
[25/05/25 14:15:12] [eval.py:   67]: resetting model
[25/05/25 14:16:35] [eval.py:   75]: acc % [fog4]: 91.71%
[25/05/25 14:16:35] [eval.py:   67]: resetting model
[25/05/25 14:17:58] [eval.py:   75]: acc % [fog3]: 92.64%
[25/05/25 14:17:58] [eval.py:   67]: resetting model
[25/05/25 14:19:21] [eval.py:   75]: acc % [fog2]: 93.31%
[25/05/25 14:19:21] [eval.py:   67]: resetting model
[25/05/25 14:20:44] [eval.py:   75]: acc % [fog1]: 93.50%
[25/05/25 14:20:44] [eval.py:   67]: resetting model
[25/05/25 14:22:06] [eval.py:   75]: acc % [brightness5]: 91.66%
[25/05/25 14:22:06] [eval.py:   67]: resetting model
[25/05/25 14:23:29] [eval.py:   75]: acc % [brightness4]: 93.00%
[25/05/25 14:23:29] [eval.py:   67]: resetting model
[25/05/25 14:24:52] [eval.py:   75]: acc % [brightness3]: 92.88%
[25/05/25 14:24:52] [eval.py:   67]: resetting model
[25/05/25 14:26:15] [eval.py:   75]: acc % [brightness2]: 93.57%
[25/05/25 14:26:15] [eval.py:   67]: resetting model
[25/05/25 14:27:38] [eval.py:   75]: acc % [brightness1]: 93.67%
[25/05/25 14:27:38] [eval.py:   67]: resetting model
[25/05/25 14:29:00] [eval.py:   75]: acc % [contrast5]: 89.84%
[25/05/25 14:29:00] [eval.py:   67]: resetting model
[25/05/25 14:30:23] [eval.py:   75]: acc % [contrast4]: 91.99%
[25/05/25 14:30:23] [eval.py:   67]: resetting model
[25/05/25 14:31:46] [eval.py:   75]: acc % [contrast3]: 92.59%
[25/05/25 14:31:46] [eval.py:   67]: resetting model
[25/05/25 14:33:09] [eval.py:   75]: acc % [contrast2]: 92.90%
[25/05/25 14:33:09] [eval.py:   67]: resetting model
[25/05/25 14:34:31] [eval.py:   75]: acc % [contrast1]: 93.39%
[25/05/25 14:34:31] [eval.py:   67]: resetting model
[25/05/25 14:35:54] [eval.py:   75]: acc % [elastic_transform5]: 79.65%
[25/05/25 14:35:54] [eval.py:   67]: resetting model
[25/05/25 14:37:17] [eval.py:   75]: acc % [elastic_transform4]: 85.79%
[25/05/25 14:37:17] [eval.py:   67]: resetting model
[25/05/25 14:38:40] [eval.py:   75]: acc % [elastic_transform3]: 90.37%
[25/05/25 14:38:40] [eval.py:   67]: resetting model
[25/05/25 14:40:03] [eval.py:   75]: acc % [elastic_transform2]: 90.66%
[25/05/25 14:40:03] [eval.py:   67]: resetting model
[25/05/25 14:41:26] [eval.py:   75]: acc % [elastic_transform1]: 90.72%
[25/05/25 14:41:26] [eval.py:   67]: resetting model
[25/05/25 14:42:48] [eval.py:   75]: acc % [pixelate5]: 84.01%
[25/05/25 14:42:48] [eval.py:   67]: resetting model
[25/05/25 14:44:11] [eval.py:   75]: acc % [pixelate4]: 88.36%
[25/05/25 14:44:11] [eval.py:   67]: resetting model
[25/05/25 14:45:34] [eval.py:   75]: acc % [pixelate3]: 90.25%
[25/05/25 14:45:34] [eval.py:   67]: resetting model
[25/05/25 14:46:57] [eval.py:   75]: acc % [pixelate2]: 91.21%
[25/05/25 14:46:57] [eval.py:   67]: resetting model
[25/05/25 14:48:19] [eval.py:   75]: acc % [pixelate1]: 91.88%
[25/05/25 14:48:19] [eval.py:   67]: resetting model
[25/05/25 14:49:42] [eval.py:   75]: acc % [jpeg_compression5]: 79.52%
[25/05/25 14:49:42] [eval.py:   67]: resetting model
[25/05/25 14:51:05] [eval.py:   75]: acc % [jpeg_compression4]: 81.95%
[25/05/25 14:51:05] [eval.py:   67]: resetting model
[25/05/25 14:52:28] [eval.py:   75]: acc % [jpeg_compression3]: 84.34%
[25/05/25 14:52:28] [eval.py:   67]: resetting model
[25/05/25 14:53:51] [eval.py:   75]: acc % [jpeg_compression2]: 84.80%
[25/05/25 14:53:51] [eval.py:   67]: resetting model
[25/05/25 14:55:14] [eval.py:   75]: acc % [jpeg_compression1]: 88.83%
[25/05/25 14:55:14] [eval.py:   81]: 
                          1         2         3         4         5       avg
gaussian_noise     0.784600  0.812300  0.821600  0.865100  0.899900  0.836700
shot_noise         0.807900  0.834500  0.857500  0.894900  0.912100  0.861380
impulse_noise      0.714300  0.764400  0.835300  0.862800  0.894700  0.814300
defocus_blur       0.886200  0.916800  0.932000  0.935000  0.938300  0.921660
glass_blur         0.720200  0.724300  0.806800  0.809700  0.803200  0.772840
motion_blur        0.873800  0.893500  0.892100  0.907400  0.922100  0.897780
zoom_blur          0.891700  0.906300  0.916700  0.919300  0.922800  0.911360
snow               0.851900  0.853600  0.875400  0.876400  0.906600  0.872780
frost              0.842400  0.875400  0.869800  0.895500  0.915600  0.879740
fog                0.875100  0.917100  0.926400  0.933100  0.935000  0.917340
brightness         0.916600  0.930000  0.928800  0.935700  0.936700  0.929560
contrast           0.898400  0.919900  0.925900  0.929000  0.933900  0.921420
elastic_transform  0.796500  0.857900  0.903700  0.906600  0.907200  0.874380
pixelate           0.840100  0.883600  0.902500  0.912100  0.918800  0.891420
jpeg_compression   0.795200  0.819500  0.843400  0.848000  0.888300  0.838880
average            0.832993  0.860607  0.882527  0.895373  0.909013  0.876103
[25/05/25 14:55:14] [eval.py:  122]: resetting model
[25/05/25 14:56:38] [eval.py:  134]: Test set Accuracy: 0.9355
Building model...
Files already downloaded and verified
