[25/05/25 13:11:34] [utils.py:   82]: PyTorch Version: torch=2.5.0+cu124, cuda=12.4, cudnn=90100
[25/05/25 13:11:34] [utils.py:   83]: BN:
  EPS: 1e-05
  MOM: 0.1
CKPT_DIR: ./ckpt
CORRUPTION:
  DATASET: cifar10
  IMG_SIZE: 32
  NUM_CHANNEL: 3
  NUM_CLASSES: 10
  NUM_EX: 10000
  SEVERITY: [5, 4, 3, 2, 1]
  TYPE: ['gaussian_noise', 'shot_noise', 'impulse_noise', 'defocus_blur', 'glass_blur', 'motion_blur', 'zoom_blur', 'snow', 'frost', 'fog', 'brightness', 'contrast', 'elastic_transform', 'pixelate', 'jpeg_compression']
CUDNN:
  BENCHMARK: True
DATA_DIR: /scratch-shared/tea2/cifar10
DESC: 
EARLY_STOP_BEGIN: 70
EARLY_STOP_PATIENCE: 30
EATA:
  D_MARGIN: 0.05
  E_MARGIN: 2.763102111592855
  FISHER_ALPHA: 2000.0
  FISHER_SIZE: 2000
  USE_FISHER: False
EBM:
  BUFFER_SIZE: 10000
  REINIT_FREQ: 0.05
  SGLD_LR: 0.1
  SGLD_STD: 0.01
  STEPS: 20
  UNCOND: uncond
LOG_DEST: energy_tet_bn_sgd-1-0.01-200_uncond-20-0.1-0.01-10000-0.05_250525-131134.txt
LOG_TIME: 250525-131134
MODEL:
  ADAPTATION: energy
  ADA_PARAM: ['bn']
  ARCH: WRN2810_TET_3
  CHECKPOINT_PTH: None
  EPISODIC: False
OPTIM:
  BATCH_SIZE: 200
  BETA: 0.9
  CLIP_NORM: False
  DAMPENING: 0.0
  LAMBDA_CLS: 1.0
  LAMBDA_ENERGY: 1.0
  LR: 0.01
  METHOD: SGD
  MOMENTUM: 0.9
  NESTEROV: True
  N_EPOCHS: 200
  SCHEDULER_GAMMA: 0.2
  SCHEDULER_MILESTONES: [60, 120, 160]
  STEPS: 1
  TEST_BATCH_SIZE: 128
  WARMUP_START_LR: 1e-06
  WARMUP_STEPS: 1000
  WD: 0.0
OPTIM_ENERGY:
  BATCH_SIZE: 128
  BETA: 0.9
  CLIP_NORM: False
  DAMPENING: 0.0
  LR: 0.001
  METHOD: Adam
  MOMENTUM: 0.9
  NESTEROV: True
  STEPS: 1
  WD: 0.0
PL:
  ALPHA: 0.1
  THRESHOLD: 0.9
RNG_SEED: 511
SAR:
  MARGIN_E0: 2.763102111592855
SAVE_DIR: ./save/cifar10/bn-wrn-28-10-tet
SHOT:
  CLF_COEFF: 0.1
  THRESHOLD: 0.9
TEST:
  
[25/05/25 13:11:35] [main.py:   75]: test-time adaptation: TET
[25/05/25 13:11:35] [param.py:   18]: adapting weights of batch-normalization layer
[25/05/25 13:11:35] [setada.py:  138]: model for adaptation: WideResNet(
  (conv1): Conv2d(3, 16, kernel_size=(3, 3), stride=(1, 1), padding=(1, 1), bias=False)
  (block1): NetworkBlock(
    (layer): Sequential(
      (0): BasicBlock(
        (bn1): BatchNorm2d(16, eps=1e-05, momentum=0.1, affine=True, track_running_stats=False)
        (relu1): ReLU(inplace=True)
        (conv1): Conv2d(16, 160, kernel_size=(3, 3), stride=(1, 1), padding=(1, 1), bias=False)
        (bn2): BatchNorm2d(160, eps=1e-05, momentum=0.1, affine=True, track_running_stats=False)
        (relu2): ReLU(inplace=True)
        (conv2): Conv2d(160, 160, kernel_size=(3, 3), stride=(1, 1), padding=(1, 1), bias=False)
        (convShortcut): Conv2d(16, 160, kernel_size=(1, 1), stride=(1, 1), bias=False)
      )
      (1): BasicBlock(
        (bn1): BatchNorm2d(160, eps=1e-05, momentum=0.1, affine=True, track_running_stats=False)
        (relu1): ReLU(inplace=True)
        (conv1): Conv2d(160, 160, kernel_size=(3, 3), stride=(1, 1), padding=(1, 1), bias=False)
        (bn2): BatchNorm2d(160, eps=1e-05, momentum=0.1, affine=True, track_running_stats=False)
        (relu2): ReLU(inplace=True)
        (conv2): Conv2d(160, 160, kernel_size=(3, 3), stride=(1, 1), padding=(1, 1), bias=False)
      )
      (2): BasicBlock(
        (bn1): BatchNorm2d(160, eps=1e-05, momentum=0.1, affine=True, track_running_stats=False)
        (relu1): ReLU(inplace=True)
        (conv1): Conv2d(160, 160, kernel_size=(3, 3), stride=(1, 1), padding=(1, 1), bias=False)
        (bn2): BatchNorm2d(160, eps=1e-05, momentum=0.1, affine=True, track_running_stats=False)
        (relu2): ReLU(inplace=True)
        (conv2): Conv2d(160, 160, kernel_size=(3, 3), stride=(1, 1), padding=(1, 1), bias=False)
      )
      (3): BasicBlock(
        (bn1): BatchNorm2d(160, eps=1e-05, momentum=0.1, affine=True, track_running_stats=False)
        (relu1): ReLU(inplace=True)
        (conv1): Conv2d(160, 160, kernel_size=(3, 3), stride=(1, 1), padding=(1, 1), bias=False)
        (bn2): BatchNorm2d(160, eps=1e-05, momentum=0.1, affine=True, track_running_stats=False)
        (relu2): ReLU(inplace=True)
        (conv2): Conv2d(160, 160, kernel_size=(3, 3), stride=(1, 1), padding=(1, 1), bias=False)
      )
    )
  )
  (block2): NetworkBlock(
    (layer): Sequential(
      (0): BasicBlock(
        (bn1): BatchNorm2d(160, eps=1e-05, momentum=0.1, affine=True, track_running_stats=False)
        (relu1): ReLU(inplace=True)
        (conv1): Conv2d(160, 320, kernel_size=(3, 3), stride=(2, 2), padding=(1, 1), bias=False)
        (bn2): BatchNorm2d(320, eps=1e-05, momentum=0.1, affine=True, track_running_stats=False)
        (relu2): ReLU(inplace=True)
        (conv2): Conv2d(320, 320, kernel_size=(3, 3), stride=(1, 1), padding=(1, 1), bias=False)
        (convShortcut): Conv2d(160, 320, kernel_size=(1, 1), stride=(2, 2), bias=False)
      )
      (1): BasicBlock(
        (bn1): BatchNorm2d(320, eps=1e-05, momentum=0.1, affine=True, track_running_stats=False)
        (relu1): ReLU(inplace=True)
        (conv1): Conv2d(320, 320, kernel_size=(3, 3), stride=(1, 1), padding=(1, 1), bias=False)
        (bn2): BatchNorm2d(320, eps=1e-05, momentum=0.1, affine=True, track_running_stats=False)
        (relu2): ReLU(inplace=True)
        (conv2): Conv2d(320, 320, kernel_size=(3, 3), stride=(1, 1), padding=(1, 1), bias=False)
      )
      (2): BasicBlock(
        (bn1): BatchNorm2d(320, eps=1e-05, momentum=0.1, affine=True, track_running_stats=False)
        (relu1): ReLU(inplace=True)
        (conv1): Conv2d(320, 320, kernel_size=(3, 3), stride=(1, 1), padding=(1, 1), bias=False)
        (bn2): BatchNorm2d(320, eps=1e-05, momentum=0.1, affine=True, track_running_stats=False)
        (relu2): ReLU(inplace=True)
        (conv2): Conv2d(320, 320, kernel_size=(3, 3), stride=(1, 1), padding=(1, 1), bias=False)
      )
      (3): BasicBlock(
        (bn1): BatchNorm2d(320, eps=1e-05, momentum=0.1, affine=True, track_running_stats=False)
        (relu1): ReLU(inplace=True)
        (conv1): Conv2d(320, 320, kernel_size=(3, 3), stride=(1, 1), padding=(1, 1), bias=False)
        (bn2): BatchNorm2d(320, eps=1e-05, momentum=0.1, affine=True, track_running_stats=False)
        (relu2): ReLU(inplace=True)
        (conv2): Conv2d(320, 320, kernel_size=(3, 3), stride=(1, 1), padding=(1, 1), bias=False)
      )
    )
  )
  (block3): NetworkBlock(
    (layer): Sequential(
      (0): BasicBlock(
        (bn1): BatchNorm2d(320, eps=1e-05, momentum=0.1, affine=True, track_running_stats=False)
        (relu1): ReLU(inplace=True)
        (conv1): Conv2d(320, 640, kernel_size=(3, 3), stride=(2, 2), padding=(1, 1), bias=False)
        (bn2): BatchNorm2d(640, eps=1e-05, momentum=0.1, affine=True, track_running_stats=False)
        (relu2): ReLU(inplace=True)
        (conv2): Conv2d(640, 640, kernel_size=(3, 3), stride=(1, 1), padding=(1, 1), bias=False)
        (convShortcut): Conv2d(320, 640, kernel_size=(1, 1), stride=(2, 2), bias=False)
      )
      (1): BasicBlock(
        (bn1): BatchNorm2d(640, eps=1e-05, momentum=0.1, affine=True, track_running_stats=False)
        (relu1): ReLU(inplace=True)
        (conv1): Conv2d(640, 640, kernel_size=(3, 3), stride=(1, 1), padding=(1, 1), bias=False)
        (bn2): BatchNorm2d(640, eps=1e-05, momentum=0.1, affine=True, track_running_stats=False)
        (relu2): ReLU(inplace=True)
        (conv2): Conv2d(640, 640, kernel_size=(3, 3), stride=(1, 1), padding=(1, 1), bias=False)
      )
      (2): BasicBlock(
        (bn1): BatchNorm2d(640, eps=1e-05, momentum=0.1, affine=True, track_running_stats=False)
        (relu1): ReLU(inplace=True)
        (conv1): Conv2d(640, 640, kernel_size=(3, 3), stride=(1, 1), padding=(1, 1), bias=False)
        (bn2): BatchNorm2d(640, eps=1e-05, momentum=0.1, affine=True, track_running_stats=False)
        (relu2): ReLU(inplace=True)
        (conv2): Conv2d(640, 640, kernel_size=(3, 3), stride=(1, 1), padding=(1, 1), bias=False)
      )
      (3): BasicBlock(
        (bn1): BatchNorm2d(640, eps=1e-05, momentum=0.1, affine=True, track_running_stats=False)
        (relu1): ReLU(inplace=True)
        (conv1): Conv2d(640, 640, kernel_size=(3, 3), stride=(1, 1), padding=(1, 1), bias=False)
        (bn2): BatchNorm2d(640, eps=1e-05, momentum=0.1, affine=True, track_running_stats=False)
        (relu2): ReLU(inplace=True)
        (conv2): Conv2d(640, 640, kernel_size=(3, 3), stride=(1, 1), padding=(1, 1), bias=False)
      )
    )
  )
  (bn1): BatchNorm2d(640, eps=1e-05, momentum=0.1, affine=True, track_running_stats=False)
  (relu): ReLU(inplace=True)
  (fc): Linear(in_features=640, out_features=10, bias=True)
)
[25/05/25 13:11:35] [setada.py:  139]: params for adaptation: ['block1.layer.0.bn1.weight', 'block1.layer.0.bn1.bias', 'block1.layer.0.bn2.weight', 'block1.layer.0.bn2.bias', 'block1.layer.1.bn1.weight', 'block1.layer.1.bn1.bias', 'block1.layer.1.bn2.weight', 'block1.layer.1.bn2.bias', 'block1.layer.2.bn1.weight', 'block1.layer.2.bn1.bias', 'block1.layer.2.bn2.weight', 'block1.layer.2.bn2.bias', 'block1.layer.3.bn1.weight', 'block1.layer.3.bn1.bias', 'block1.layer.3.bn2.weight', 'block1.layer.3.bn2.bias', 'block2.layer.0.bn1.weight', 'block2.layer.0.bn1.bias', 'block2.layer.0.bn2.weight', 'block2.layer.0.bn2.bias', 'block2.layer.1.bn1.weight', 'block2.layer.1.bn1.bias', 'block2.layer.1.bn2.weight', 'block2.layer.1.bn2.bias', 'block2.layer.2.bn1.weight', 'block2.layer.2.bn1.bias', 'block2.layer.2.bn2.weight', 'block2.layer.2.bn2.bias', 'block2.layer.3.bn1.weight', 'block2.layer.3.bn1.bias', 'block2.layer.3.bn2.weight', 'block2.layer.3.bn2.bias', 'block3.layer.0.bn1.weight', 'block3.layer.0.bn1.bias', 'block3.layer.0.bn2.weight', 'block3.layer.0.bn2.bias', 'block3.layer.1.bn1.weight', 'block3.layer.1.bn1.bias', 'block3.layer.1.bn2.weight', 'block3.layer.1.bn2.bias', 'block3.layer.2.bn1.weight', 'block3.layer.2.bn1.bias', 'block3.layer.2.bn2.weight', 'block3.layer.2.bn2.bias', 'block3.layer.3.bn1.weight', 'block3.layer.3.bn1.bias', 'block3.layer.3.bn2.weight', 'block3.layer.3.bn2.bias', 'bn1.weight', 'bn1.bias']
[25/05/25 13:11:35] [setada.py:  140]: optimizer for adaptation: SGD (
Parameter Group 0
    dampening: 0.0
    differentiable: False
    foreach: None
    fused: None
    lr: 0.01
    maximize: False
    momentum: 0.9
    nesterov: True
    weight_decay: 0.0
)
[25/05/25 13:11:35] [eval.py:   67]: resetting model
[25/05/25 13:12:59] [eval.py:   75]: acc % [gaussian_noise5]: 78.51%
[25/05/25 13:12:59] [eval.py:   67]: resetting model
[25/05/25 13:14:22] [eval.py:   75]: acc % [gaussian_noise4]: 80.95%
[25/05/25 13:14:22] [eval.py:   67]: resetting model
[25/05/25 13:15:45] [eval.py:   75]: acc % [gaussian_noise3]: 82.62%
[25/05/25 13:15:45] [eval.py:   67]: resetting model
[25/05/25 13:17:08] [eval.py:   75]: acc % [gaussian_noise2]: 86.51%
[25/05/25 13:17:08] [eval.py:   67]: resetting model
[25/05/25 13:18:30] [eval.py:   75]: acc % [gaussian_noise1]: 90.05%
[25/05/25 13:18:30] [eval.py:   67]: resetting model
[25/05/25 13:19:53] [eval.py:   75]: acc % [shot_noise5]: 79.95%
[25/05/25 13:19:53] [eval.py:   67]: resetting model
[25/05/25 13:21:16] [eval.py:   75]: acc % [shot_noise4]: 84.05%
[25/05/25 13:21:16] [eval.py:   67]: resetting model
[25/05/25 13:22:39] [eval.py:   75]: acc % [shot_noise3]: 85.11%
[25/05/25 13:22:39] [eval.py:   67]: resetting model
[25/05/25 13:24:02] [eval.py:   75]: acc % [shot_noise2]: 89.85%
[25/05/25 13:24:02] [eval.py:   67]: resetting model
[25/05/25 13:25:24] [eval.py:   75]: acc % [shot_noise1]: 91.21%
[25/05/25 13:25:24] [eval.py:   67]: resetting model
[25/05/25 13:26:47] [eval.py:   75]: acc % [impulse_noise5]: 71.36%
[25/05/25 13:26:47] [eval.py:   67]: resetting model
[25/05/25 13:28:10] [eval.py:   75]: acc % [impulse_noise4]: 76.78%
[25/05/25 13:28:10] [eval.py:   67]: resetting model
[25/05/25 13:29:33] [eval.py:   75]: acc % [impulse_noise3]: 83.31%
[25/05/25 13:29:33] [eval.py:   67]: resetting model
[25/05/25 13:30:56] [eval.py:   75]: acc % [impulse_noise2]: 86.48%
[25/05/25 13:30:56] [eval.py:   67]: resetting model
[25/05/25 13:32:18] [eval.py:   75]: acc % [impulse_noise1]: 89.37%
[25/05/25 13:32:18] [eval.py:   67]: resetting model
[25/05/25 13:33:42] [eval.py:   75]: acc % [defocus_blur5]: 88.73%
[25/05/25 13:33:42] [eval.py:   67]: resetting model
[25/05/25 13:35:04] [eval.py:   75]: acc % [defocus_blur4]: 91.73%
[25/05/25 13:35:04] [eval.py:   67]: resetting model
[25/05/25 13:36:27] [eval.py:   75]: acc % [defocus_blur3]: 93.11%
[25/05/25 13:36:27] [eval.py:   67]: resetting model
[25/05/25 13:37:50] [eval.py:   75]: acc % [defocus_blur2]: 93.73%
[25/05/25 13:37:50] [eval.py:   67]: resetting model
[25/05/25 13:39:13] [eval.py:   75]: acc % [defocus_blur1]: 93.52%
[25/05/25 13:39:13] [eval.py:   67]: resetting model
[25/05/25 13:40:36] [eval.py:   75]: acc % [glass_blur5]: 71.73%
[25/05/25 13:40:36] [eval.py:   67]: resetting model
[25/05/25 13:41:58] [eval.py:   75]: acc % [glass_blur4]: 72.71%
[25/05/25 13:41:58] [eval.py:   67]: resetting model
[25/05/25 13:43:21] [eval.py:   75]: acc % [glass_blur3]: 80.35%
[25/05/25 13:43:21] [eval.py:   67]: resetting model
[25/05/25 13:44:44] [eval.py:   75]: acc % [glass_blur2]: 80.20%
[25/05/25 13:44:44] [eval.py:   67]: resetting model
[25/05/25 13:46:07] [eval.py:   75]: acc % [glass_blur1]: 80.52%
[25/05/25 13:46:07] [eval.py:   67]: resetting model
[25/05/25 13:47:30] [eval.py:   75]: acc % [motion_blur5]: 87.37%
[25/05/25 13:47:30] [eval.py:   67]: resetting model
[25/05/25 13:48:53] [eval.py:   75]: acc % [motion_blur4]: 89.10%
[25/05/25 13:48:53] [eval.py:   67]: resetting model
[25/05/25 13:50:15] [eval.py:   75]: acc % [motion_blur3]: 89.14%
[25/05/25 13:50:15] [eval.py:   67]: resetting model
[25/05/25 13:51:38] [eval.py:   75]: acc % [motion_blur2]: 90.57%
[25/05/25 13:51:38] [eval.py:   67]: resetting model
[25/05/25 13:53:01] [eval.py:   75]: acc % [motion_blur1]: 92.22%
[25/05/25 13:53:01] [eval.py:   67]: resetting model
[25/05/25 13:54:24] [eval.py:   75]: acc % [zoom_blur5]: 88.87%
[25/05/25 13:54:24] [eval.py:   67]: resetting model
[25/05/25 13:55:47] [eval.py:   75]: acc % [zoom_blur4]: 90.57%
[25/05/25 13:55:47] [eval.py:   67]: resetting model
[25/05/25 13:57:10] [eval.py:   75]: acc % [zoom_blur3]: 91.32%
[25/05/25 13:57:10] [eval.py:   67]: resetting model
[25/05/25 13:58:32] [eval.py:   75]: acc % [zoom_blur2]: 92.17%
[25/05/25 13:58:32] [eval.py:   67]: resetting model
[25/05/25 13:59:55] [eval.py:   75]: acc % [zoom_blur1]: 91.90%
[25/05/25 13:59:55] [eval.py:   67]: resetting model
[25/05/25 14:01:18] [eval.py:   75]: acc % [snow5]: 85.06%
[25/05/25 14:01:18] [eval.py:   67]: resetting model
[25/05/25 14:02:41] [eval.py:   75]: acc % [snow4]: 85.54%
[25/05/25 14:02:41] [eval.py:   67]: resetting model
[25/05/25 14:04:04] [eval.py:   75]: acc % [snow3]: 87.23%
[25/05/25 14:04:04] [eval.py:   67]: resetting model
[25/05/25 14:05:26] [eval.py:   75]: acc % [snow2]: 87.97%
[25/05/25 14:05:26] [eval.py:   67]: resetting model
[25/05/25 14:06:49] [eval.py:   75]: acc % [snow1]: 90.87%
[25/05/25 14:06:49] [eval.py:   67]: resetting model
[25/05/25 14:08:12] [eval.py:   75]: acc % [frost5]: 84.64%
[25/05/25 14:08:12] [eval.py:   67]: resetting model
[25/05/25 14:09:35] [eval.py:   75]: acc % [frost4]: 87.09%
[25/05/25 14:09:35] [eval.py:   67]: resetting model
[25/05/25 14:10:58] [eval.py:   75]: acc % [frost3]: 86.95%
[25/05/25 14:10:58] [eval.py:   67]: resetting model
[25/05/25 14:12:21] [eval.py:   75]: acc % [frost2]: 89.86%
[25/05/25 14:12:21] [eval.py:   67]: resetting model
[25/05/25 14:13:43] [eval.py:   75]: acc % [frost1]: 92.04%
[25/05/25 14:13:43] [eval.py:   67]: resetting model
[25/05/25 14:15:06] [eval.py:   75]: acc % [fog5]: 87.53%
[25/05/25 14:15:06] [eval.py:   67]: resetting model
[25/05/25 14:16:29] [eval.py:   75]: acc % [fog4]: 91.62%
[25/05/25 14:16:29] [eval.py:   67]: resetting model
[25/05/25 14:17:52] [eval.py:   75]: acc % [fog3]: 92.60%
[25/05/25 14:17:52] [eval.py:   67]: resetting model
[25/05/25 14:19:15] [eval.py:   75]: acc % [fog2]: 93.26%
[25/05/25 14:19:15] [eval.py:   67]: resetting model
[25/05/25 14:20:38] [eval.py:   75]: acc % [fog1]: 93.41%
[25/05/25 14:20:38] [eval.py:   67]: resetting model
[25/05/25 14:22:01] [eval.py:   75]: acc % [brightness5]: 91.95%
[25/05/25 14:22:01] [eval.py:   67]: resetting model
[25/05/25 14:23:23] [eval.py:   75]: acc % [brightness4]: 92.94%
[25/05/25 14:23:23] [eval.py:   67]: resetting model
[25/05/25 14:24:46] [eval.py:   75]: acc % [brightness3]: 93.00%
[25/05/25 14:24:46] [eval.py:   67]: resetting model
[25/05/25 14:26:09] [eval.py:   75]: acc % [brightness2]: 93.49%
[25/05/25 14:26:09] [eval.py:   67]: resetting model
[25/05/25 14:27:32] [eval.py:   75]: acc % [brightness1]: 93.71%
[25/05/25 14:27:32] [eval.py:   67]: resetting model
[25/05/25 14:28:55] [eval.py:   75]: acc % [contrast5]: 89.76%
[25/05/25 14:28:55] [eval.py:   67]: resetting model
[25/05/25 14:30:17] [eval.py:   75]: acc % [contrast4]: 92.24%
[25/05/25 14:30:17] [eval.py:   67]: resetting model
[25/05/25 14:31:40] [eval.py:   75]: acc % [contrast3]: 92.58%
[25/05/25 14:31:40] [eval.py:   67]: resetting model
[25/05/25 14:33:03] [eval.py:   75]: acc % [contrast2]: 92.74%
[25/05/25 14:33:03] [eval.py:   67]: resetting model
[25/05/25 14:34:26] [eval.py:   75]: acc % [contrast1]: 93.32%
[25/05/25 14:34:26] [eval.py:   67]: resetting model
[25/05/25 14:35:49] [eval.py:   75]: acc % [elastic_transform5]: 79.71%
[25/05/25 14:35:49] [eval.py:   67]: resetting model
[25/05/25 14:37:11] [eval.py:   75]: acc % [elastic_transform4]: 85.53%
[25/05/25 14:37:11] [eval.py:   67]: resetting model
[25/05/25 14:38:34] [eval.py:   75]: acc % [elastic_transform3]: 90.07%
[25/05/25 14:38:34] [eval.py:   67]: resetting model
[25/05/25 14:39:57] [eval.py:   75]: acc % [elastic_transform2]: 90.80%
[25/05/25 14:39:57] [eval.py:   67]: resetting model
[25/05/25 14:41:20] [eval.py:   75]: acc % [elastic_transform1]: 90.54%
[25/05/25 14:41:20] [eval.py:   67]: resetting model
[25/05/25 14:42:43] [eval.py:   75]: acc % [pixelate5]: 84.22%
[25/05/25 14:42:43] [eval.py:   67]: resetting model
[25/05/25 14:44:06] [eval.py:   75]: acc % [pixelate4]: 88.69%
[25/05/25 14:44:06] [eval.py:   67]: resetting model
[25/05/25 14:45:28] [eval.py:   75]: acc % [pixelate3]: 90.12%
[25/05/25 14:45:28] [eval.py:   67]: resetting model
[25/05/25 14:46:51] [eval.py:   75]: acc % [pixelate2]: 90.98%
[25/05/25 14:46:51] [eval.py:   67]: resetting model
[25/05/25 14:48:14] [eval.py:   75]: acc % [pixelate1]: 92.02%
[25/05/25 14:48:14] [eval.py:   67]: resetting model
[25/05/25 14:49:37] [eval.py:   75]: acc % [jpeg_compression5]: 80.30%
[25/05/25 14:49:37] [eval.py:   67]: resetting model
[25/05/25 14:51:00] [eval.py:   75]: acc % [jpeg_compression4]: 82.29%
[25/05/25 14:51:00] [eval.py:   67]: resetting model
[25/05/25 14:52:22] [eval.py:   75]: acc % [jpeg_compression3]: 83.82%
[25/05/25 14:52:23] [eval.py:   67]: resetting model
[25/05/25 14:53:45] [eval.py:   75]: acc % [jpeg_compression2]: 85.20%
[25/05/25 14:53:45] [eval.py:   67]: resetting model
[25/05/25 14:55:08] [eval.py:   75]: acc % [jpeg_compression1]: 88.44%
[25/05/25 14:55:08] [eval.py:   81]: 
                          1        2         3         4        5       avg
gaussian_noise     0.785100  0.80950  0.826200  0.865100  0.90050  0.837280
shot_noise         0.799500  0.84050  0.851100  0.898500  0.91210  0.860340
impulse_noise      0.713600  0.76780  0.833100  0.864800  0.89370  0.814600
defocus_blur       0.887300  0.91730  0.931100  0.937300  0.93520  0.921640
glass_blur         0.717300  0.72710  0.803500  0.802000  0.80520  0.771020
motion_blur        0.873700  0.89100  0.891400  0.905700  0.92220  0.896800
zoom_blur          0.888700  0.90570  0.913200  0.921700  0.91900  0.909660
snow               0.850600  0.85540  0.872300  0.879700  0.90870  0.873340
frost              0.846400  0.87090  0.869500  0.898600  0.92040  0.881160
fog                0.875300  0.91620  0.926000  0.932600  0.93410  0.916840
brightness         0.919500  0.92940  0.930000  0.934900  0.93710  0.930180
contrast           0.897600  0.92240  0.925800  0.927400  0.93320  0.921280
elastic_transform  0.797100  0.85530  0.900700  0.908000  0.90540  0.873300
pixelate           0.842200  0.88690  0.901200  0.909800  0.92020  0.892060
jpeg_compression   0.803000  0.82290  0.838200  0.852000  0.88440  0.840100
average            0.833127  0.86122  0.880887  0.895873  0.90876  0.875973
[25/05/25 14:55:08] [eval.py:  122]: resetting model
[25/05/25 14:56:32] [eval.py:  134]: Test set Accuracy: 0.9361
Building model...
Files already downloaded and verified
