[25/05/25 13:11:34] [utils.py:   82]: PyTorch Version: torch=2.5.0+cu124, cuda=12.4, cudnn=90100
[25/05/25 13:11:34] [utils.py:   83]: BN:
  EPS: 1e-05
  MOM: 0.1
CKPT_DIR: ./ckpt
CORRUPTION:
  DATASET: cifar10
  IMG_SIZE: 32
  NUM_CHANNEL: 3
  NUM_CLASSES: 10
  NUM_EX: 10000
  SEVERITY: [5, 4, 3, 2, 1]
  TYPE: ['gaussian_noise', 'shot_noise', 'impulse_noise', 'defocus_blur', 'glass_blur', 'motion_blur', 'zoom_blur', 'snow', 'frost', 'fog', 'brightness', 'contrast', 'elastic_transform', 'pixelate', 'jpeg_compression']
CUDNN:
  BENCHMARK: True
DATA_DIR: /scratch-shared/tea2/cifar10
DESC: 
EARLY_STOP_BEGIN: 70
EARLY_STOP_PATIENCE: 30
EATA:
  D_MARGIN: 0.05
  E_MARGIN: 2.763102111592855
  FISHER_ALPHA: 2000.0
  FISHER_SIZE: 2000
  USE_FISHER: False
EBM:
  BUFFER_SIZE: 10000
  REINIT_FREQ: 0.05
  SGLD_LR: 0.1
  SGLD_STD: 0.01
  STEPS: 20
  UNCOND: uncond
LOG_DEST: energy_tet_bn_sgd-1-0.01-200_uncond-20-0.1-0.01-10000-0.05_250525-131134.txt
LOG_TIME: 250525-131134
MODEL:
  ADAPTATION: energy
  ADA_PARAM: ['bn']
  ARCH: WRN2810_TET_3
  CHECKPOINT_PTH: None
  EPISODIC: False
OPTIM:
  BATCH_SIZE: 200
  BETA: 0.9
  CLIP_NORM: False
  DAMPENING: 0.0
  LAMBDA_CLS: 1.0
  LAMBDA_ENERGY: 1.0
  LR: 0.01
  METHOD: SGD
  MOMENTUM: 0.9
  NESTEROV: True
  N_EPOCHS: 200
  SCHEDULER_GAMMA: 0.2
  SCHEDULER_MILESTONES: [60, 120, 160]
  STEPS: 1
  TEST_BATCH_SIZE: 128
  WARMUP_START_LR: 1e-06
  WARMUP_STEPS: 1000
  WD: 0.0
OPTIM_ENERGY:
  BATCH_SIZE: 128
  BETA: 0.9
  CLIP_NORM: False
  DAMPENING: 0.0
  LR: 0.001
  METHOD: Adam
  MOMENTUM: 0.9
  NESTEROV: True
  STEPS: 1
  WD: 0.0
PL:
  ALPHA: 0.1
  THRESHOLD: 0.9
RNG_SEED: 91
SAR:
  MARGIN_E0: 2.763102111592855
SAVE_DIR: ./save/cifar10/bn-wrn-28-10-tet
SHOT:
  CLF_COEFF: 0.1
  THRESHOLD: 0.9
TEST:
  
[25/05/25 13:11:35] [main.py:   75]: test-time adaptation: TET
[25/05/25 13:11:35] [param.py:   18]: adapting weights of batch-normalization layer
[25/05/25 13:11:35] [setada.py:  138]: model for adaptation: WideResNet(
  (conv1): Conv2d(3, 16, kernel_size=(3, 3), stride=(1, 1), padding=(1, 1), bias=False)
  (block1): NetworkBlock(
    (layer): Sequential(
      (0): BasicBlock(
        (bn1): BatchNorm2d(16, eps=1e-05, momentum=0.1, affine=True, track_running_stats=False)
        (relu1): ReLU(inplace=True)
        (conv1): Conv2d(16, 160, kernel_size=(3, 3), stride=(1, 1), padding=(1, 1), bias=False)
        (bn2): BatchNorm2d(160, eps=1e-05, momentum=0.1, affine=True, track_running_stats=False)
        (relu2): ReLU(inplace=True)
        (conv2): Conv2d(160, 160, kernel_size=(3, 3), stride=(1, 1), padding=(1, 1), bias=False)
        (convShortcut): Conv2d(16, 160, kernel_size=(1, 1), stride=(1, 1), bias=False)
      )
      (1): BasicBlock(
        (bn1): BatchNorm2d(160, eps=1e-05, momentum=0.1, affine=True, track_running_stats=False)
        (relu1): ReLU(inplace=True)
        (conv1): Conv2d(160, 160, kernel_size=(3, 3), stride=(1, 1), padding=(1, 1), bias=False)
        (bn2): BatchNorm2d(160, eps=1e-05, momentum=0.1, affine=True, track_running_stats=False)
        (relu2): ReLU(inplace=True)
        (conv2): Conv2d(160, 160, kernel_size=(3, 3), stride=(1, 1), padding=(1, 1), bias=False)
      )
      (2): BasicBlock(
        (bn1): BatchNorm2d(160, eps=1e-05, momentum=0.1, affine=True, track_running_stats=False)
        (relu1): ReLU(inplace=True)
        (conv1): Conv2d(160, 160, kernel_size=(3, 3), stride=(1, 1), padding=(1, 1), bias=False)
        (bn2): BatchNorm2d(160, eps=1e-05, momentum=0.1, affine=True, track_running_stats=False)
        (relu2): ReLU(inplace=True)
        (conv2): Conv2d(160, 160, kernel_size=(3, 3), stride=(1, 1), padding=(1, 1), bias=False)
      )
      (3): BasicBlock(
        (bn1): BatchNorm2d(160, eps=1e-05, momentum=0.1, affine=True, track_running_stats=False)
        (relu1): ReLU(inplace=True)
        (conv1): Conv2d(160, 160, kernel_size=(3, 3), stride=(1, 1), padding=(1, 1), bias=False)
        (bn2): BatchNorm2d(160, eps=1e-05, momentum=0.1, affine=True, track_running_stats=False)
        (relu2): ReLU(inplace=True)
        (conv2): Conv2d(160, 160, kernel_size=(3, 3), stride=(1, 1), padding=(1, 1), bias=False)
      )
    )
  )
  (block2): NetworkBlock(
    (layer): Sequential(
      (0): BasicBlock(
        (bn1): BatchNorm2d(160, eps=1e-05, momentum=0.1, affine=True, track_running_stats=False)
        (relu1): ReLU(inplace=True)
        (conv1): Conv2d(160, 320, kernel_size=(3, 3), stride=(2, 2), padding=(1, 1), bias=False)
        (bn2): BatchNorm2d(320, eps=1e-05, momentum=0.1, affine=True, track_running_stats=False)
        (relu2): ReLU(inplace=True)
        (conv2): Conv2d(320, 320, kernel_size=(3, 3), stride=(1, 1), padding=(1, 1), bias=False)
        (convShortcut): Conv2d(160, 320, kernel_size=(1, 1), stride=(2, 2), bias=False)
      )
      (1): BasicBlock(
        (bn1): BatchNorm2d(320, eps=1e-05, momentum=0.1, affine=True, track_running_stats=False)
        (relu1): ReLU(inplace=True)
        (conv1): Conv2d(320, 320, kernel_size=(3, 3), stride=(1, 1), padding=(1, 1), bias=False)
        (bn2): BatchNorm2d(320, eps=1e-05, momentum=0.1, affine=True, track_running_stats=False)
        (relu2): ReLU(inplace=True)
        (conv2): Conv2d(320, 320, kernel_size=(3, 3), stride=(1, 1), padding=(1, 1), bias=False)
      )
      (2): BasicBlock(
        (bn1): BatchNorm2d(320, eps=1e-05, momentum=0.1, affine=True, track_running_stats=False)
        (relu1): ReLU(inplace=True)
        (conv1): Conv2d(320, 320, kernel_size=(3, 3), stride=(1, 1), padding=(1, 1), bias=False)
        (bn2): BatchNorm2d(320, eps=1e-05, momentum=0.1, affine=True, track_running_stats=False)
        (relu2): ReLU(inplace=True)
        (conv2): Conv2d(320, 320, kernel_size=(3, 3), stride=(1, 1), padding=(1, 1), bias=False)
      )
      (3): BasicBlock(
        (bn1): BatchNorm2d(320, eps=1e-05, momentum=0.1, affine=True, track_running_stats=False)
        (relu1): ReLU(inplace=True)
        (conv1): Conv2d(320, 320, kernel_size=(3, 3), stride=(1, 1), padding=(1, 1), bias=False)
        (bn2): BatchNorm2d(320, eps=1e-05, momentum=0.1, affine=True, track_running_stats=False)
        (relu2): ReLU(inplace=True)
        (conv2): Conv2d(320, 320, kernel_size=(3, 3), stride=(1, 1), padding=(1, 1), bias=False)
      )
    )
  )
  (block3): NetworkBlock(
    (layer): Sequential(
      (0): BasicBlock(
        (bn1): BatchNorm2d(320, eps=1e-05, momentum=0.1, affine=True, track_running_stats=False)
        (relu1): ReLU(inplace=True)
        (conv1): Conv2d(320, 640, kernel_size=(3, 3), stride=(2, 2), padding=(1, 1), bias=False)
        (bn2): BatchNorm2d(640, eps=1e-05, momentum=0.1, affine=True, track_running_stats=False)
        (relu2): ReLU(inplace=True)
        (conv2): Conv2d(640, 640, kernel_size=(3, 3), stride=(1, 1), padding=(1, 1), bias=False)
        (convShortcut): Conv2d(320, 640, kernel_size=(1, 1), stride=(2, 2), bias=False)
      )
      (1): BasicBlock(
        (bn1): BatchNorm2d(640, eps=1e-05, momentum=0.1, affine=True, track_running_stats=False)
        (relu1): ReLU(inplace=True)
        (conv1): Conv2d(640, 640, kernel_size=(3, 3), stride=(1, 1), padding=(1, 1), bias=False)
        (bn2): BatchNorm2d(640, eps=1e-05, momentum=0.1, affine=True, track_running_stats=False)
        (relu2): ReLU(inplace=True)
        (conv2): Conv2d(640, 640, kernel_size=(3, 3), stride=(1, 1), padding=(1, 1), bias=False)
      )
      (2): BasicBlock(
        (bn1): BatchNorm2d(640, eps=1e-05, momentum=0.1, affine=True, track_running_stats=False)
        (relu1): ReLU(inplace=True)
        (conv1): Conv2d(640, 640, kernel_size=(3, 3), stride=(1, 1), padding=(1, 1), bias=False)
        (bn2): BatchNorm2d(640, eps=1e-05, momentum=0.1, affine=True, track_running_stats=False)
        (relu2): ReLU(inplace=True)
        (conv2): Conv2d(640, 640, kernel_size=(3, 3), stride=(1, 1), padding=(1, 1), bias=False)
      )
      (3): BasicBlock(
        (bn1): BatchNorm2d(640, eps=1e-05, momentum=0.1, affine=True, track_running_stats=False)
        (relu1): ReLU(inplace=True)
        (conv1): Conv2d(640, 640, kernel_size=(3, 3), stride=(1, 1), padding=(1, 1), bias=False)
        (bn2): BatchNorm2d(640, eps=1e-05, momentum=0.1, affine=True, track_running_stats=False)
        (relu2): ReLU(inplace=True)
        (conv2): Conv2d(640, 640, kernel_size=(3, 3), stride=(1, 1), padding=(1, 1), bias=False)
      )
    )
  )
  (bn1): BatchNorm2d(640, eps=1e-05, momentum=0.1, affine=True, track_running_stats=False)
  (relu): ReLU(inplace=True)
  (fc): Linear(in_features=640, out_features=10, bias=True)
)
[25/05/25 13:11:35] [setada.py:  139]: params for adaptation: ['block1.layer.0.bn1.weight', 'block1.layer.0.bn1.bias', 'block1.layer.0.bn2.weight', 'block1.layer.0.bn2.bias', 'block1.layer.1.bn1.weight', 'block1.layer.1.bn1.bias', 'block1.layer.1.bn2.weight', 'block1.layer.1.bn2.bias', 'block1.layer.2.bn1.weight', 'block1.layer.2.bn1.bias', 'block1.layer.2.bn2.weight', 'block1.layer.2.bn2.bias', 'block1.layer.3.bn1.weight', 'block1.layer.3.bn1.bias', 'block1.layer.3.bn2.weight', 'block1.layer.3.bn2.bias', 'block2.layer.0.bn1.weight', 'block2.layer.0.bn1.bias', 'block2.layer.0.bn2.weight', 'block2.layer.0.bn2.bias', 'block2.layer.1.bn1.weight', 'block2.layer.1.bn1.bias', 'block2.layer.1.bn2.weight', 'block2.layer.1.bn2.bias', 'block2.layer.2.bn1.weight', 'block2.layer.2.bn1.bias', 'block2.layer.2.bn2.weight', 'block2.layer.2.bn2.bias', 'block2.layer.3.bn1.weight', 'block2.layer.3.bn1.bias', 'block2.layer.3.bn2.weight', 'block2.layer.3.bn2.bias', 'block3.layer.0.bn1.weight', 'block3.layer.0.bn1.bias', 'block3.layer.0.bn2.weight', 'block3.layer.0.bn2.bias', 'block3.layer.1.bn1.weight', 'block3.layer.1.bn1.bias', 'block3.layer.1.bn2.weight', 'block3.layer.1.bn2.bias', 'block3.layer.2.bn1.weight', 'block3.layer.2.bn1.bias', 'block3.layer.2.bn2.weight', 'block3.layer.2.bn2.bias', 'block3.layer.3.bn1.weight', 'block3.layer.3.bn1.bias', 'block3.layer.3.bn2.weight', 'block3.layer.3.bn2.bias', 'bn1.weight', 'bn1.bias']
[25/05/25 13:11:35] [setada.py:  140]: optimizer for adaptation: SGD (
Parameter Group 0
    dampening: 0.0
    differentiable: False
    foreach: None
    fused: None
    lr: 0.01
    maximize: False
    momentum: 0.9
    nesterov: True
    weight_decay: 0.0
)
[25/05/25 13:11:35] [eval.py:   67]: resetting model
[25/05/25 13:12:59] [eval.py:   75]: acc % [gaussian_noise5]: 78.56%
[25/05/25 13:12:59] [eval.py:   67]: resetting model
[25/05/25 13:14:22] [eval.py:   75]: acc % [gaussian_noise4]: 81.49%
[25/05/25 13:14:22] [eval.py:   67]: resetting model
[25/05/25 13:15:45] [eval.py:   75]: acc % [gaussian_noise3]: 82.23%
[25/05/25 13:15:45] [eval.py:   67]: resetting model
[25/05/25 13:17:08] [eval.py:   75]: acc % [gaussian_noise2]: 86.76%
[25/05/25 13:17:08] [eval.py:   67]: resetting model
[25/05/25 13:18:31] [eval.py:   75]: acc % [gaussian_noise1]: 89.99%
[25/05/25 13:18:31] [eval.py:   67]: resetting model
[25/05/25 13:19:54] [eval.py:   75]: acc % [shot_noise5]: 79.91%
[25/05/25 13:19:54] [eval.py:   67]: resetting model
[25/05/25 13:21:16] [eval.py:   75]: acc % [shot_noise4]: 83.78%
[25/05/25 13:21:16] [eval.py:   67]: resetting model
[25/05/25 13:22:39] [eval.py:   75]: acc % [shot_noise3]: 85.25%
[25/05/25 13:22:39] [eval.py:   67]: resetting model
[25/05/25 13:24:02] [eval.py:   75]: acc % [shot_noise2]: 89.77%
[25/05/25 13:24:02] [eval.py:   67]: resetting model
[25/05/25 13:25:25] [eval.py:   75]: acc % [shot_noise1]: 91.50%
[25/05/25 13:25:25] [eval.py:   67]: resetting model
[25/05/25 13:26:48] [eval.py:   75]: acc % [impulse_noise5]: 71.84%
[25/05/25 13:26:48] [eval.py:   67]: resetting model
[25/05/25 13:28:10] [eval.py:   75]: acc % [impulse_noise4]: 76.55%
[25/05/25 13:28:10] [eval.py:   67]: resetting model
[25/05/25 13:29:33] [eval.py:   75]: acc % [impulse_noise3]: 83.16%
[25/05/25 13:29:33] [eval.py:   67]: resetting model
[25/05/25 13:30:56] [eval.py:   75]: acc % [impulse_noise2]: 86.30%
[25/05/25 13:30:56] [eval.py:   67]: resetting model
[25/05/25 13:32:19] [eval.py:   75]: acc % [impulse_noise1]: 89.34%
[25/05/25 13:32:19] [eval.py:   67]: resetting model
[25/05/25 13:33:42] [eval.py:   75]: acc % [defocus_blur5]: 88.45%
[25/05/25 13:33:42] [eval.py:   67]: resetting model
[25/05/25 13:35:05] [eval.py:   75]: acc % [defocus_blur4]: 91.63%
[25/05/25 13:35:05] [eval.py:   67]: resetting model
[25/05/25 13:36:28] [eval.py:   75]: acc % [defocus_blur3]: 93.29%
[25/05/25 13:36:28] [eval.py:   67]: resetting model
[25/05/25 13:37:50] [eval.py:   75]: acc % [defocus_blur2]: 93.46%
[25/05/25 13:37:50] [eval.py:   67]: resetting model
[25/05/25 13:39:13] [eval.py:   75]: acc % [defocus_blur1]: 93.77%
[25/05/25 13:39:13] [eval.py:   67]: resetting model
[25/05/25 13:40:36] [eval.py:   75]: acc % [glass_blur5]: 72.09%
[25/05/25 13:40:36] [eval.py:   67]: resetting model
[25/05/25 13:41:59] [eval.py:   75]: acc % [glass_blur4]: 72.89%
[25/05/25 13:41:59] [eval.py:   67]: resetting model
[25/05/25 13:43:22] [eval.py:   75]: acc % [glass_blur3]: 80.98%
[25/05/25 13:43:22] [eval.py:   67]: resetting model
[25/05/25 13:44:45] [eval.py:   75]: acc % [glass_blur2]: 80.57%
[25/05/25 13:44:45] [eval.py:   67]: resetting model
[25/05/25 13:46:07] [eval.py:   75]: acc % [glass_blur1]: 80.77%
[25/05/25 13:46:07] [eval.py:   67]: resetting model
[25/05/25 13:47:30] [eval.py:   75]: acc % [motion_blur5]: 87.22%
[25/05/25 13:47:30] [eval.py:   67]: resetting model
[25/05/25 13:48:53] [eval.py:   75]: acc % [motion_blur4]: 89.08%
[25/05/25 13:48:53] [eval.py:   67]: resetting model
[25/05/25 13:50:16] [eval.py:   75]: acc % [motion_blur3]: 89.44%
[25/05/25 13:50:16] [eval.py:   67]: resetting model
[25/05/25 13:51:39] [eval.py:   75]: acc % [motion_blur2]: 90.46%
[25/05/25 13:51:39] [eval.py:   67]: resetting model
[25/05/25 13:53:02] [eval.py:   75]: acc % [motion_blur1]: 92.18%
[25/05/25 13:53:02] [eval.py:   67]: resetting model
[25/05/25 13:54:24] [eval.py:   75]: acc % [zoom_blur5]: 89.36%
[25/05/25 13:54:24] [eval.py:   67]: resetting model
[25/05/25 13:55:47] [eval.py:   75]: acc % [zoom_blur4]: 90.55%
[25/05/25 13:55:47] [eval.py:   67]: resetting model
[25/05/25 13:57:10] [eval.py:   75]: acc % [zoom_blur3]: 91.52%
[25/05/25 13:57:10] [eval.py:   67]: resetting model
[25/05/25 13:58:33] [eval.py:   75]: acc % [zoom_blur2]: 92.22%
[25/05/25 13:58:33] [eval.py:   67]: resetting model
[25/05/25 13:59:56] [eval.py:   75]: acc % [zoom_blur1]: 92.33%
[25/05/25 13:59:56] [eval.py:   67]: resetting model
[25/05/25 14:01:19] [eval.py:   75]: acc % [snow5]: 84.90%
[25/05/25 14:01:19] [eval.py:   67]: resetting model
[25/05/25 14:02:41] [eval.py:   75]: acc % [snow4]: 85.38%
[25/05/25 14:02:41] [eval.py:   67]: resetting model
[25/05/25 14:04:04] [eval.py:   75]: acc % [snow3]: 87.03%
[25/05/25 14:04:04] [eval.py:   67]: resetting model
[25/05/25 14:05:27] [eval.py:   75]: acc % [snow2]: 87.56%
[25/05/25 14:05:27] [eval.py:   67]: resetting model
[25/05/25 14:06:50] [eval.py:   75]: acc % [snow1]: 90.67%
[25/05/25 14:06:50] [eval.py:   67]: resetting model
[25/05/25 14:08:13] [eval.py:   75]: acc % [frost5]: 84.14%
[25/05/25 14:08:13] [eval.py:   67]: resetting model
[25/05/25 14:09:36] [eval.py:   75]: acc % [frost4]: 87.31%
[25/05/25 14:09:36] [eval.py:   67]: resetting model
[25/05/25 14:10:58] [eval.py:   75]: acc % [frost3]: 87.24%
[25/05/25 14:10:58] [eval.py:   67]: resetting model
[25/05/25 14:12:21] [eval.py:   75]: acc % [frost2]: 89.63%
[25/05/25 14:12:21] [eval.py:   67]: resetting model
[25/05/25 14:13:44] [eval.py:   75]: acc % [frost1]: 91.53%
[25/05/25 14:13:44] [eval.py:   67]: resetting model
[25/05/25 14:15:07] [eval.py:   75]: acc % [fog5]: 87.65%
[25/05/25 14:15:07] [eval.py:   67]: resetting model
[25/05/25 14:16:30] [eval.py:   75]: acc % [fog4]: 91.37%
[25/05/25 14:16:30] [eval.py:   67]: resetting model
[25/05/25 14:17:53] [eval.py:   75]: acc % [fog3]: 92.38%
[25/05/25 14:17:53] [eval.py:   67]: resetting model
[25/05/25 14:19:16] [eval.py:   75]: acc % [fog2]: 93.15%
[25/05/25 14:19:16] [eval.py:   67]: resetting model
[25/05/25 14:20:38] [eval.py:   75]: acc % [fog1]: 93.35%
[25/05/25 14:20:38] [eval.py:   67]: resetting model
[25/05/25 14:22:01] [eval.py:   75]: acc % [brightness5]: 91.67%
[25/05/25 14:22:01] [eval.py:   67]: resetting model
[25/05/25 14:23:24] [eval.py:   75]: acc % [brightness4]: 92.61%
[25/05/25 14:23:24] [eval.py:   67]: resetting model
[25/05/25 14:24:47] [eval.py:   75]: acc % [brightness3]: 93.14%
[25/05/25 14:24:47] [eval.py:   67]: resetting model
[25/05/25 14:26:10] [eval.py:   75]: acc % [brightness2]: 93.42%
[25/05/25 14:26:10] [eval.py:   67]: resetting model
[25/05/25 14:27:32] [eval.py:   75]: acc % [brightness1]: 93.49%
[25/05/25 14:27:32] [eval.py:   67]: resetting model
[25/05/25 14:28:55] [eval.py:   75]: acc % [contrast5]: 89.57%
[25/05/25 14:28:55] [eval.py:   67]: resetting model
[25/05/25 14:30:18] [eval.py:   75]: acc % [contrast4]: 91.83%
[25/05/25 14:30:18] [eval.py:   67]: resetting model
[25/05/25 14:31:41] [eval.py:   75]: acc % [contrast3]: 92.83%
[25/05/25 14:31:41] [eval.py:   67]: resetting model
[25/05/25 14:33:04] [eval.py:   75]: acc % [contrast2]: 92.54%
[25/05/25 14:33:04] [eval.py:   67]: resetting model
[25/05/25 14:34:27] [eval.py:   75]: acc % [contrast1]: 93.33%
[25/05/25 14:34:27] [eval.py:   67]: resetting model
[25/05/25 14:35:49] [eval.py:   75]: acc % [elastic_transform5]: 79.49%
[25/05/25 14:35:49] [eval.py:   67]: resetting model
[25/05/25 14:37:12] [eval.py:   75]: acc % [elastic_transform4]: 85.44%
[25/05/25 14:37:12] [eval.py:   67]: resetting model
[25/05/25 14:38:35] [eval.py:   75]: acc % [elastic_transform3]: 90.16%
[25/05/25 14:38:35] [eval.py:   67]: resetting model
[25/05/25 14:39:58] [eval.py:   75]: acc % [elastic_transform2]: 90.89%
[25/05/25 14:39:58] [eval.py:   67]: resetting model
[25/05/25 14:41:21] [eval.py:   75]: acc % [elastic_transform1]: 90.72%
[25/05/25 14:41:21] [eval.py:   67]: resetting model
[25/05/25 14:42:43] [eval.py:   75]: acc % [pixelate5]: 84.79%
[25/05/25 14:42:43] [eval.py:   67]: resetting model
[25/05/25 14:44:06] [eval.py:   75]: acc % [pixelate4]: 88.86%
[25/05/25 14:44:06] [eval.py:   67]: resetting model
[25/05/25 14:45:29] [eval.py:   75]: acc % [pixelate3]: 90.70%
[25/05/25 14:45:29] [eval.py:   67]: resetting model
[25/05/25 14:46:52] [eval.py:   75]: acc % [pixelate2]: 90.91%
[25/05/25 14:46:52] [eval.py:   67]: resetting model
[25/05/25 14:48:15] [eval.py:   75]: acc % [pixelate1]: 92.42%
[25/05/25 14:48:15] [eval.py:   67]: resetting model
[25/05/25 14:49:37] [eval.py:   75]: acc % [jpeg_compression5]: 79.89%
[25/05/25 14:49:37] [eval.py:   67]: resetting model
[25/05/25 14:51:00] [eval.py:   75]: acc % [jpeg_compression4]: 81.72%
[25/05/25 14:51:00] [eval.py:   67]: resetting model
[25/05/25 14:52:23] [eval.py:   75]: acc % [jpeg_compression3]: 83.40%
[25/05/25 14:52:23] [eval.py:   67]: resetting model
[25/05/25 14:53:46] [eval.py:   75]: acc % [jpeg_compression2]: 84.88%
[25/05/25 14:53:46] [eval.py:   67]: resetting model
[25/05/25 14:55:09] [eval.py:   75]: acc % [jpeg_compression1]: 88.67%
[25/05/25 14:55:09] [eval.py:   81]: 
                         1         2         3         4         5       avg
gaussian_noise     0.78560  0.814900  0.822300  0.867600  0.899900  0.838060
shot_noise         0.79910  0.837800  0.852500  0.897700  0.915000  0.860420
impulse_noise      0.71840  0.765500  0.831600  0.863000  0.893400  0.814380
defocus_blur       0.88450  0.916300  0.932900  0.934600  0.937700  0.921200
glass_blur         0.72090  0.728900  0.809800  0.805700  0.807700  0.774600
motion_blur        0.87220  0.890800  0.894400  0.904600  0.921800  0.896760
zoom_blur          0.89360  0.905500  0.915200  0.922200  0.923300  0.911960
snow               0.84900  0.853800  0.870300  0.875600  0.906700  0.871080
frost              0.84140  0.873100  0.872400  0.896300  0.915300  0.879700
fog                0.87650  0.913700  0.923800  0.931500  0.933500  0.915800
brightness         0.91670  0.926100  0.931400  0.934200  0.934900  0.928660
contrast           0.89570  0.918300  0.928300  0.925400  0.933300  0.920200
elastic_transform  0.79490  0.854400  0.901600  0.908900  0.907200  0.873400
pixelate           0.84790  0.888600  0.907000  0.909100  0.924200  0.895360
jpeg_compression   0.79890  0.817200  0.834000  0.848800  0.886700  0.837120
average            0.83302  0.860327  0.881833  0.895013  0.909373  0.875913
[25/05/25 14:55:09] [eval.py:  122]: resetting model
[25/05/25 14:56:32] [eval.py:  134]: Test set Accuracy: 0.9363
Building model...
Files already downloaded and verified
