Collecting git+https://github.com/fra31/auto-attack (from -r requirements.txt (line 16))
  Cloning https://github.com/fra31/auto-attack to /gpfs/scratch1/nodespecific/gcn2/jbibo.12034240/pip-req-build-viz6jt_u
  Running command git clone --filter=blob:none --quiet https://github.com/fra31/auto-attack /gpfs/scratch1/nodespecific/gcn2/jbibo.12034240/pip-req-build-viz6jt_u
  Resolved https://github.com/fra31/auto-attack to commit a39220048b3c9f2cca9a4d3a54604793c68eca7e
  Preparing metadata (setup.py): started
  Preparing metadata (setup.py): finished with status 'done'
Collecting numpy
  Downloading numpy-2.0.2-cp39-cp39-manylinux_2_17_x86_64.manylinux2014_x86_64.whl (19.5 MB)
     ━━━━━━━━━━━━━━━━━━━━━━━━━━━━━━━━━━━━━━━━ 19.5/19.5 MB 59.4 MB/s eta 0:00:00
Collecting torch==2.5.0
  Downloading torch-2.5.0-cp39-cp39-manylinux1_x86_64.whl (906.5 MB)
     ━━━━━━━━━━━━━━━━━━━━━━━━━━━━━━━━━━━━━━━ 906.5/906.5 MB 4.7 MB/s eta 0:00:00
Collecting torchvision
  Downloading torchvision-0.22.0-cp39-cp39-manylinux_2_28_x86_64.whl (7.4 MB)
     ━━━━━━━━━━━━━━━━━━━━━━━━━━━━━━━━━━━━━━━━ 7.4/7.4 MB 131.8 MB/s eta 0:00:00
Collecting matplotlib
  Downloading matplotlib-3.9.4-cp39-cp39-manylinux_2_17_x86_64.manylinux2014_x86_64.whl (8.3 MB)
     ━━━━━━━━━━━━━━━━━━━━━━━━━━━━━━━━━━━━━━━━ 8.3/8.3 MB 184.8 MB/s eta 0:00:00
Collecting torchmetrics
  Downloading torchmetrics-1.7.1-py3-none-any.whl (961 kB)
     ━━━━━━━━━━━━━━━━━━━━━━━━━━━━━━━━━━━━━━ 961.5/961.5 KB 96.7 MB/s eta 0:00:00
Collecting packaging
  Downloading packaging-25.0-py3-none-any.whl (66 kB)
     ━━━━━━━━━━━━━━━━━━━━━━━━━━━━━━━━━━━━━━━━ 66.5/66.5 KB 15.0 MB/s eta 0:00:00
Collecting iopath
  Downloading iopath-0.1.10.tar.gz (42 kB)
     ━━━━━━━━━━━━━━━━━━━━━━━━━━━━━━━━━━━━━━━━ 42.2/42.2 KB 8.3 MB/s eta 0:00:00
  Preparing metadata (setup.py): started
  Preparing metadata (setup.py): finished with status 'done'
Collecting yacs
  Downloading yacs-0.1.8-py3-none-any.whl (14 kB)
Collecting tqdm
  Downloading tqdm-4.67.1-py3-none-any.whl (78 kB)
     ━━━━━━━━━━━━━━━━━━━━━━━━━━━━━━━━━━━━━━━━ 78.5/78.5 KB 18.0 MB/s eta 0:00:00
Collecting google-cloud-storage
  Downloading google_cloud_storage-3.1.0-py2.py3-none-any.whl (174 kB)
     ━━━━━━━━━━━━━━━━━━━━━━━━━━━━━━━━━━━━━━ 174.9/174.9 KB 37.5 MB/s eta 0:00:00
Collecting transformers
  Downloading transformers-4.52.3-py3-none-any.whl (10.5 MB)
     ━━━━━━━━━━━━━━━━━━━━━━━━━━━━━━━━━━━━━━━ 10.5/10.5 MB 174.2 MB/s eta 0:00:00
Collecting robustbench
  Downloading robustbench-1.1.1-py3-none-any.whl (194 kB)
     ━━━━━━━━━━━━━━━━━━━━━━━━━━━━━━━━━━━━━━ 194.4/194.4 KB 34.4 MB/s eta 0:00:00
Collecting sympy==1.13.1
  Using cached sympy-1.13.1-py3-none-any.whl (6.2 MB)
Collecting nvidia-cudnn-cu12==9.1.0.70
  Using cached nvidia_cudnn_cu12-9.1.0.70-py3-none-manylinux2014_x86_64.whl (664.8 MB)
Collecting triton==3.1.0
  Downloading triton-3.1.0-cp39-cp39-manylinux_2_17_x86_64.manylinux2014_x86_64.whl (209.5 MB)
     ━━━━━━━━━━━━━━━━━━━━━━━━━━━━━━━━━━━━━━ 209.5/209.5 MB 18.4 MB/s eta 0:00:00
Collecting nvidia-cufft-cu12==11.2.1.3
  Using cached nvidia_cufft_cu12-11.2.1.3-py3-none-manylinux2014_x86_64.whl (211.5 MB)
Collecting nvidia-cuda-nvrtc-cu12==12.4.127
  Using cached nvidia_cuda_nvrtc_cu12-12.4.127-py3-none-manylinux2014_x86_64.whl (24.6 MB)
Collecting nvidia-nccl-cu12==2.21.5
  Using cached nvidia_nccl_cu12-2.21.5-py3-none-manylinux2014_x86_64.whl (188.7 MB)
Collecting fsspec
  Downloading fsspec-2025.5.1-py3-none-any.whl (199 kB)
     ━━━━━━━━━━━━━━━━━━━━━━━━━━━━━━━━━━━━━━ 199.1/199.1 KB 33.1 MB/s eta 0:00:00
Collecting nvidia-cusolver-cu12==11.6.1.9
  Using cached nvidia_cusolver_cu12-11.6.1.9-py3-none-manylinux2014_x86_64.whl (127.9 MB)
Collecting nvidia-curand-cu12==10.3.5.147
  Using cached nvidia_curand_cu12-10.3.5.147-py3-none-manylinux2014_x86_64.whl (56.3 MB)
Collecting jinja2
  Downloading jinja2-3.1.6-py3-none-any.whl (134 kB)
     ━━━━━━━━━━━━━━━━━━━━━━━━━━━━━━━━━━━━━━ 134.9/134.9 KB 28.3 MB/s eta 0:00:00
Collecting nvidia-cublas-cu12==12.4.5.8
  Using cached nvidia_cublas_cu12-12.4.5.8-py3-none-manylinux2014_x86_64.whl (363.4 MB)
Collecting nvidia-nvtx-cu12==12.4.127
  Using cached nvidia_nvtx_cu12-12.4.127-py3-none-manylinux2014_x86_64.whl (99 kB)
Collecting nvidia-cusparse-cu12==12.3.1.170
  Using cached nvidia_cusparse_cu12-12.3.1.170-py3-none-manylinux2014_x86_64.whl (207.5 MB)
Collecting typing-extensions>=4.8.0
  Downloading typing_extensions-4.13.2-py3-none-any.whl (45 kB)
     ━━━━━━━━━━━━━━━━━━━━━━━━━━━━━━━━━━━━━━━━ 45.8/45.8 KB 4.8 MB/s eta 0:00:00
Collecting nvidia-cuda-cupti-cu12==12.4.127
  Using cached nvidia_cuda_cupti_cu12-12.4.127-py3-none-manylinux2014_x86_64.whl (13.8 MB)
Collecting networkx
  Using cached networkx-3.2.1-py3-none-any.whl (1.6 MB)
Collecting nvidia-cuda-runtime-cu12==12.4.127
  Using cached nvidia_cuda_runtime_cu12-12.4.127-py3-none-manylinux2014_x86_64.whl (883 kB)
Collecting nvidia-nvjitlink-cu12==12.4.127
  Using cached nvidia_nvjitlink_cu12-12.4.127-py3-none-manylinux2014_x86_64.whl (21.1 MB)
Collecting filelock
  Downloading filelock-3.18.0-py3-none-any.whl (16 kB)
Collecting mpmath<1.4,>=1.1.0
  Using cached mpmath-1.3.0-py3-none-any.whl (536 kB)
Collecting pillow!=8.3.*,>=5.3.0
  Downloading pillow-11.2.1-cp39-cp39-manylinux_2_28_x86_64.whl (4.6 MB)
     ━━━━━━━━━━━━━━━━━━━━━━━━━━━━━━━━━━━━━━━━ 4.6/4.6 MB 128.4 MB/s eta 0:00:00
Collecting torchvision
  Downloading torchvision-0.21.0-cp39-cp39-manylinux1_x86_64.whl (7.2 MB)
     ━━━━━━━━━━━━━━━━━━━━━━━━━━━━━━━━━━━━━━━━ 7.2/7.2 MB 126.3 MB/s eta 0:00:00
  Downloading torchvision-0.20.1-cp39-cp39-manylinux1_x86_64.whl (7.2 MB)
     ━━━━━━━━━━━━━━━━━━━━━━━━━━━━━━━━━━━━━━━━ 7.2/7.2 MB 184.3 MB/s eta 0:00:00
  Downloading torchvision-0.20.0-cp39-cp39-manylinux1_x86_64.whl (7.2 MB)
     ━━━━━━━━━━━━━━━━━━━━━━━━━━━━━━━━━━━━━━━━ 7.2/7.2 MB 114.4 MB/s eta 0:00:00
Collecting importlib-resources>=3.2.0
  Downloading importlib_resources-6.5.2-py3-none-any.whl (37 kB)
Collecting fonttools>=4.22.0
  Downloading fonttools-4.58.0-cp39-cp39-manylinux_2_17_x86_64.manylinux2014_x86_64.whl (4.7 MB)
     ━━━━━━━━━━━━━━━━━━━━━━━━━━━━━━━━━━━━━━━━ 4.7/4.7 MB 172.9 MB/s eta 0:00:00
Collecting python-dateutil>=2.7
  Using cached python_dateutil-2.9.0.post0-py2.py3-none-any.whl (229 kB)
Collecting cycler>=0.10
  Using cached cycler-0.12.1-py3-none-any.whl (8.3 kB)
Collecting contourpy>=1.0.1
  Downloading contourpy-1.3.0-cp39-cp39-manylinux_2_17_x86_64.manylinux2014_x86_64.whl (321 kB)
     ━━━━━━━━━━━━━━━━━━━━━━━━━━━━━━━━━━━━━━ 321.9/321.9 KB 53.6 MB/s eta 0:00:00
Collecting pyparsing>=2.3.1
  Downloading pyparsing-3.2.3-py3-none-any.whl (111 kB)
     ━━━━━━━━━━━━━━━━━━━━━━━━━━━━━━━━━━━━━━ 111.1/111.1 KB 28.9 MB/s eta 0:00:00
Collecting kiwisolver>=1.3.1
  Downloading kiwisolver-1.4.7-cp39-cp39-manylinux_2_12_x86_64.manylinux2010_x86_64.whl (1.6 MB)
     ━━━━━━━━━━━━━━━━━━━━━━━━━━━━━━━━━━━━━━━━ 1.6/1.6 MB 137.7 MB/s eta 0:00:00
Collecting lightning-utilities>=0.8.0
  Downloading lightning_utilities-0.14.3-py3-none-any.whl (28 kB)
Collecting portalocker
  Downloading portalocker-3.1.1-py3-none-any.whl (19 kB)
Collecting PyYAML
  Downloading PyYAML-6.0.2-cp39-cp39-manylinux_2_17_x86_64.manylinux2014_x86_64.whl (737 kB)
     ━━━━━━━━━━━━━━━━━━━━━━━━━━━━━━━━━━━━━ 737.4/737.4 KB 102.0 MB/s eta 0:00:00
Collecting google-auth<3.0dev,>=2.26.1
  Downloading google_auth-2.40.2-py2.py3-none-any.whl (216 kB)
     ━━━━━━━━━━━━━━━━━━━━━━━━━━━━━━━━━━━━━━ 216.1/216.1 KB 43.3 MB/s eta 0:00:00
Collecting google-api-core<3.0.0dev,>=2.15.0
  Downloading google_api_core-2.24.2-py3-none-any.whl (160 kB)
     ━━━━━━━━━━━━━━━━━━━━━━━━━━━━━━━━━━━━━━ 160.1/160.1 KB 34.2 MB/s eta 0:00:00
Collecting google-cloud-core<3.0dev,>=2.4.2
  Downloading google_cloud_core-2.4.3-py2.py3-none-any.whl (29 kB)
Collecting google-resumable-media>=2.7.2
  Downloading google_resumable_media-2.7.2-py2.py3-none-any.whl (81 kB)
     ━━━━━━━━━━━━━━━━━━━━━━━━━━━━━━━━━━━━━━━━ 81.3/81.3 KB 19.0 MB/s eta 0:00:00
Collecting requests<3.0.0dev,>=2.18.0
  Using cached requests-2.32.3-py3-none-any.whl (64 kB)
Collecting google-crc32c<2.0dev,>=1.0
  Downloading google_crc32c-1.7.1-cp39-cp39-manylinux_2_17_x86_64.manylinux2014_x86_64.whl (37 kB)
Collecting safetensors>=0.4.3
  Downloading safetensors-0.5.3-cp38-abi3-manylinux_2_17_x86_64.manylinux2014_x86_64.whl (471 kB)
     ━━━━━━━━━━━━━━━━━━━━━━━━━━━━━━━━━━━━━━ 471.6/471.6 KB 78.2 MB/s eta 0:00:00
Collecting tokenizers<0.22,>=0.21
  Downloading tokenizers-0.21.1-cp39-abi3-manylinux_2_17_x86_64.manylinux2014_x86_64.whl (3.0 MB)
     ━━━━━━━━━━━━━━━━━━━━━━━━━━━━━━━━━━━━━━━━ 3.0/3.0 MB 168.1 MB/s eta 0:00:00
Collecting regex!=2019.12.17
  Downloading regex-2024.11.6-cp39-cp39-manylinux_2_17_x86_64.manylinux2014_x86_64.whl (780 kB)
     ━━━━━━━━━━━━━━━━━━━━━━━━━━━━━━━━━━━━━━ 780.9/780.9 KB 89.0 MB/s eta 0:00:00
Collecting huggingface-hub<1.0,>=0.30.0
  Downloading huggingface_hub-0.32.1-py3-none-any.whl (509 kB)
     ━━━━━━━━━━━━━━━━━━━━━━━━━━━━━━━━━━━━━━ 509.4/509.4 KB 77.4 MB/s eta 0:00:00
Collecting gdown==5.1.0
  Downloading gdown-5.1.0-py3-none-any.whl (17 kB)
Collecting torchdiffeq
  Downloading torchdiffeq-0.2.5-py3-none-any.whl (32 kB)
Collecting pandas>=1.3.5
  Downloading pandas-2.2.3-cp39-cp39-manylinux_2_17_x86_64.manylinux2014_x86_64.whl (13.1 MB)
     ━━━━━━━━━━━━━━━━━━━━━━━━━━━━━━━━━━━━━━━ 13.1/13.1 MB 119.2 MB/s eta 0:00:00
Collecting pyautoattack>=0.2.0
  Downloading pyautoattack-0.2.0-py3-none-any.whl (42.4 MB)
     ━━━━━━━━━━━━━━━━━━━━━━━━━━━━━━━━━━━━━━━━ 42.4/42.4 MB 22.2 MB/s eta 0:00:00
Collecting geotorch
  Downloading geotorch-0.3.0-py3-none-any.whl (54 kB)
     ━━━━━━━━━━━━━━━━━━━━━━━━━━━━━━━━━━━━━━━━ 54.8/54.8 KB 13.7 MB/s eta 0:00:00
Collecting timm==1.0.9
  Downloading timm-1.0.9-py3-none-any.whl (2.3 MB)
     ━━━━━━━━━━━━━━━━━━━━━━━━━━━━━━━━━━━━━━━━ 2.3/2.3 MB 133.0 MB/s eta 0:00:00
Collecting beautifulsoup4
  Downloading beautifulsoup4-4.13.4-py3-none-any.whl (187 kB)
     ━━━━━━━━━━━━━━━━━━━━━━━━━━━━━━━━━━━━━━ 187.3/187.3 KB 45.9 MB/s eta 0:00:00
Collecting protobuf!=3.20.0,!=3.20.1,!=4.21.0,!=4.21.1,!=4.21.2,!=4.21.3,!=4.21.4,!=4.21.5,<7.0.0,>=3.19.5
  Downloading protobuf-6.31.0-cp39-abi3-manylinux2014_x86_64.whl (320 kB)
     ━━━━━━━━━━━━━━━━━━━━━━━━━━━━━━━━━━━━━━ 320.9/320.9 KB 58.6 MB/s eta 0:00:00
Collecting googleapis-common-protos<2.0.0,>=1.56.2
  Downloading googleapis_common_protos-1.70.0-py3-none-any.whl (294 kB)
     ━━━━━━━━━━━━━━━━━━━━━━━━━━━━━━━━━━━━━━ 294.5/294.5 KB 58.1 MB/s eta 0:00:00
Collecting proto-plus<2.0.0,>=1.22.3
  Downloading proto_plus-1.26.1-py3-none-any.whl (50 kB)
     ━━━━━━━━━━━━━━━━━━━━━━━━━━━━━━━━━━━━━━━━ 50.2/50.2 KB 12.2 MB/s eta 0:00:00
Collecting pyasn1-modules>=0.2.1
  Downloading pyasn1_modules-0.4.2-py3-none-any.whl (181 kB)
     ━━━━━━━━━━━━━━━━━━━━━━━━━━━━━━━━━━━━━━ 181.3/181.3 KB 40.1 MB/s eta 0:00:00
Collecting rsa<5,>=3.1.4
  Downloading rsa-4.9.1-py3-none-any.whl (34 kB)
Collecting cachetools<6.0,>=2.0.0
  Downloading cachetools-5.5.2-py3-none-any.whl (10 kB)
Collecting hf-xet<2.0.0,>=1.1.2
  Downloading hf_xet-1.1.2-cp37-abi3-manylinux_2_17_x86_64.manylinux2014_x86_64.whl (5.2 MB)
     ━━━━━━━━━━━━━━━━━━━━━━━━━━━━━━━━━━━━━━━━ 5.2/5.2 MB 116.7 MB/s eta 0:00:00
Collecting zipp>=3.1.0
  Downloading zipp-3.21.0-py3-none-any.whl (9.6 kB)
Collecting MarkupSafe>=2.0
  Downloading MarkupSafe-3.0.2-cp39-cp39-manylinux_2_17_x86_64.manylinux2014_x86_64.whl (20 kB)
Requirement already satisfied: setuptools in ./.venv/lib/python3.9/site-packages (from lightning-utilities>=0.8.0->torchmetrics->-r requirements.txt (line 11)) (58.1.0)
Collecting pytz>=2020.1
  Downloading pytz-2025.2-py2.py3-none-any.whl (509 kB)
     ━━━━━━━━━━━━━━━━━━━━━━━━━━━━━━━━━━━━━━ 509.2/509.2 KB 89.5 MB/s eta 0:00:00
Collecting tzdata>=2022.7
  Downloading tzdata-2025.2-py2.py3-none-any.whl (347 kB)
     ━━━━━━━━━━━━━━━━━━━━━━━━━━━━━━━━━━━━━━ 347.8/347.8 KB 62.6 MB/s eta 0:00:00
Collecting six>=1.5
  Downloading six-1.17.0-py2.py3-none-any.whl (11 kB)
Collecting idna<4,>=2.5
  Downloading idna-3.10-py3-none-any.whl (70 kB)
     ━━━━━━━━━━━━━━━━━━━━━━━━━━━━━━━━━━━━━━━━ 70.4/70.4 KB 21.5 MB/s eta 0:00:00
Collecting urllib3<3,>=1.21.1
  Downloading urllib3-2.4.0-py3-none-any.whl (128 kB)
     ━━━━━━━━━━━━━━━━━━━━━━━━━━━━━━━━━━━━━━ 128.7/128.7 KB 29.4 MB/s eta 0:00:00
Collecting certifi>=2017.4.17
  Downloading certifi-2025.4.26-py3-none-any.whl (159 kB)
     ━━━━━━━━━━━━━━━━━━━━━━━━━━━━━━━━━━━━━━ 159.6/159.6 KB 42.3 MB/s eta 0:00:00
Collecting charset-normalizer<4,>=2
  Downloading charset_normalizer-3.4.2-cp39-cp39-manylinux_2_17_x86_64.manylinux2014_x86_64.whl (149 kB)
     ━━━━━━━━━━━━━━━━━━━━━━━━━━━━━━━━━━━━━━ 149.5/149.5 KB 29.0 MB/s eta 0:00:00
Collecting scipy>=1.4.0
  Using cached scipy-1.13.1-cp39-cp39-manylinux_2_17_x86_64.manylinux2014_x86_64.whl (38.6 MB)
Collecting pyasn1<0.7.0,>=0.6.1
  Downloading pyasn1-0.6.1-py3-none-any.whl (83 kB)
     ━━━━━━━━━━━━━━━━━━━━━━━━━━━━━━━━━━━━━━━━ 83.1/83.1 KB 17.6 MB/s eta 0:00:00
Collecting soupsieve>1.2
  Downloading soupsieve-2.7-py3-none-any.whl (36 kB)
Collecting PySocks!=1.5.7,>=1.5.6
  Downloading PySocks-1.7.1-py3-none-any.whl (16 kB)
Using legacy 'setup.py install' for iopath, since package 'wheel' is not installed.
Using legacy 'setup.py install' for autoattack, since package 'wheel' is not installed.
Installing collected packages: pytz, mpmath, autoattack, zipp, urllib3, tzdata, typing-extensions, tqdm, sympy, soupsieve, six, safetensors, regex, PyYAML, PySocks, pyparsing, pyautoattack, pyasn1, protobuf, portalocker, pillow, packaging, nvidia-nvtx-cu12, nvidia-nvjitlink-cu12, nvidia-nccl-cu12, nvidia-curand-cu12, nvidia-cufft-cu12, nvidia-cuda-runtime-cu12, nvidia-cuda-nvrtc-cu12, nvidia-cuda-cupti-cu12, nvidia-cublas-cu12, numpy, networkx, MarkupSafe, kiwisolver, idna, hf-xet, google-crc32c, fsspec, fonttools, filelock, cycler, charset-normalizer, certifi, cachetools, yacs, triton, scipy, rsa, requests, python-dateutil, pyasn1-modules, proto-plus, nvidia-cusparse-cu12, nvidia-cudnn-cu12, lightning-utilities, jinja2, iopath, importlib-resources, googleapis-common-protos, google-resumable-media, contourpy, beautifulsoup4, pandas, nvidia-cusolver-cu12, matplotlib, huggingface-hub, google-auth, torch, tokenizers, google-api-core, gdown, transformers, torchvision, torchmetrics, torchdiffeq, google-cloud-core, geotorch, timm, google-cloud-storage, robustbench
  Running setup.py install for autoattack: started
  Running setup.py install for autoattack: finished with status 'done'
  Running setup.py install for iopath: started
  Running setup.py install for iopath: finished with status 'done'
Successfully installed MarkupSafe-3.0.2 PySocks-1.7.1 PyYAML-6.0.2 autoattack-0.1 beautifulsoup4-4.13.4 cachetools-5.5.2 certifi-2025.4.26 charset-normalizer-3.4.2 contourpy-1.3.0 cycler-0.12.1 filelock-3.18.0 fonttools-4.58.0 fsspec-2025.5.1 gdown-5.1.0 geotorch-0.3.0 google-api-core-2.24.2 google-auth-2.40.2 google-cloud-core-2.4.3 google-cloud-storage-3.1.0 google-crc32c-1.7.1 google-resumable-media-2.7.2 googleapis-common-protos-1.70.0 hf-xet-1.1.2 huggingface-hub-0.32.1 idna-3.10 importlib-resources-6.5.2 iopath-0.1.10 jinja2-3.1.6 kiwisolver-1.4.7 lightning-utilities-0.14.3 matplotlib-3.9.4 mpmath-1.3.0 networkx-3.2.1 numpy-2.0.2 nvidia-cublas-cu12-12.4.5.8 nvidia-cuda-cupti-cu12-12.4.127 nvidia-cuda-nvrtc-cu12-12.4.127 nvidia-cuda-runtime-cu12-12.4.127 nvidia-cudnn-cu12-9.1.0.70 nvidia-cufft-cu12-11.2.1.3 nvidia-curand-cu12-10.3.5.147 nvidia-cusolver-cu12-11.6.1.9 nvidia-cusparse-cu12-12.3.1.170 nvidia-nccl-cu12-2.21.5 nvidia-nvjitlink-cu12-12.4.127 nvidia-nvtx-cu12-12.4.127 packaging-25.0 pandas-2.2.3 pillow-11.2.1 portalocker-3.1.1 proto-plus-1.26.1 protobuf-6.31.0 pyasn1-0.6.1 pyasn1-modules-0.4.2 pyautoattack-0.2.0 pyparsing-3.2.3 python-dateutil-2.9.0.post0 pytz-2025.2 regex-2024.11.6 requests-2.32.3 robustbench-1.1.1 rsa-4.9.1 safetensors-0.5.3 scipy-1.13.1 six-1.17.0 soupsieve-2.7 sympy-1.13.1 timm-1.0.9 tokenizers-0.21.1 torch-2.5.0 torchdiffeq-0.2.5 torchmetrics-1.7.1 torchvision-0.20.0 tqdm-4.67.1 transformers-4.52.3 triton-3.1.0 typing-extensions-4.13.2 tzdata-2025.2 urllib3-2.4.0 yacs-0.1.8 zipp-3.21.0
WARNING: You are using pip version 22.0.4; however, version 25.1.1 is available.
You should consider upgrading via the '/gpfs/home2/jbibo/dl2/.venv/bin/python -m pip install --upgrade pip' command.

JOB STATISTICS
==============
Job ID: 12034240
Cluster: snellius
User/Group: jbibo/jbibo
State: RUNNING
Nodes: 1
Cores per node: 9
CPU Utilized: 00:00:00
CPU Efficiency: 0.00% of 00:21:18 core-walltime
Job Wall-clock time: 00:02:22
Memory Utilized: 0.00 MB
Memory Efficiency: 0.00% of 60.00 GB (60.00 GB/node)
WARNING: Efficiency statistics can only be obtained after the job has ended as seff tool is based on the accounting database data.
